86.54
28.93
90.26
71.14
63.48
183.25
94.17
132.07
161.12
15.97
26.62
51.24
50.25
82.29
41.04
196.40
199.07
57.75
368.45
81.13
111.32
90.55
134.31
18.38
65.68
101.68
143.18
192.94
65.67
17.16
59.52
82.21
722.40
603.19
160.83
32.83
20.18
17.99
54.11
38.40
13.92
29.25
120.16
143.05
36.31
25.72
194.51
39.76
131.34
83.11
75.86
94.32
160.96
17.66
94.48
123.80
115.26
186.87
92.20
90.81
356.74
41.07
123.13
214.12
76.47
84.73
97.69
237.74
132.84
64.93
155.63
164.62
486.63
23.67
56.09
88.73
64.97
46.27
669.70
81.15
501.72
68.04
82.09
60.90
35.42
140.11
15.38
145.97
29.74
38.93
113.66
37.06
62.87
203.68
78.62
40.26
45.88
117.71
177.34
50.98
