70.33
155.59
37.65
78.82
96.15
132.78
44.60
62.03
73.92
16.98
273.33
99.95
20.45
79.86
63.48
250.39
91.14
43.42
126.44
26.57
113.58
309.05
89.31
35.35
22.81
106.52
88.54
75.69
33.62
134.90
228.76
148.97
178.20
126.97
45.27
69.16
18.42
43.04
146.46
188.32
17.91
117.00
144.12
22.15
36.15
14.60
186.67
28.15
31.53
888.53
254.48
125.61
23.52
26.02
19.59
94.93
63.64
62.69
95.32
238.26
220.37
35.17
223.24
158.30
51.84
151.24
100.49
50.39
116.51
47.89
118.41
82.31
80.55
44.27
68.94
421.34
88.60
137.94
96.58
47.20
36.87
188.59
22.17
51.63
49.30
41.55
14.17
19.34
45.43
68.82
101.51
39.95
29.72
75.87
98.57
103.47
491.99
667.71
114.08
157.11
395.09
131.53
56.24
63.56
192.03
91.43
86.25
159.13
277.01
194.03
85.28
57.52
67.81
72.17
42.15
263.60
97.85
172.45
102.08
51.41
18.23
104.55
49.63
18.53
31.87
98.19
237.94
82.49
97.32
197.29
57.76
39.12
92.51
176.06
148.53
18.53
71.86
64.99
59.13
62.09
78.15
53.90
114.62
50.24
156.04
118.53
91.69
332.11
135.97
80.70
332.55
96.43
339.61
206.21
77.79
295.11
372.81
87.09
151.60
107.33
183.09
182.23
61.15
649.69
113.22
127.12
39.06
180.75
90.36
165.93
78.60
32.15
37.82
49.46
152.07
36.59
76.01
30.28
126.01
48.24
71.22
40.57
70.59
114.62
26.39
181.04
356.11
131.89
391.90
326.84
39.80
302.27
336.90
92.02
84.86
63.92
91.34
71.14
470.96
138.99
116.43
50.17
215.42
75.19
73.50
111.34
51.63
65.66
263.59
246.60
41.49
248.13
115.83
215.25
193.06
633.76
517.64
200.20
78.56
80.00
55.01
70.23
25.79
81.80
148.33
130.63
68.32
79.59
180.56
53.07
223.94
161.03
18.74
97.96
162.03
47.78
93.36
159.64
157.18
343.33
44.13
390.64
75.80
15.37
270.21
88.26
65.83
102.89
48.74
319.77
89.85
456.09
64.22
171.15
118.11
59.77
47.18
76.54
53.59
251.75
225.09
222.37
21.92
88.34
204.90
56.68
61.09
210.03
98.52
43.83
55.57
386.17
89.01
382.46
120.35
48.89
130.51
237.20
91.45
108.88
63.65
426.54
38.78
321.29
47.17
59.74
139.95
41.26
161.77
57.80
185.89
109.05
407.17
349.33
30.34
103.07
275.60
77.12
59.35
148.31
127.71
23.96
103.46
177.32
48.60
99.99
223.81
44.25
18.40
451.07
519.69
41.69
21.37
106.54
136.23
121.48
105.90
617.56
41.19
32.92
171.74
129.27
61.08
41.36
43.08
114.70
78.60
96.78
14.10
18.08
144.47
85.99
112.02
159.48
345.85
75.33
29.35
236.16
52.86
91.37
463.38
100.67
65.45
325.52
47.59
60.51
121.14
79.65
104.40
87.62
65.19
14.87
42.39
147.62
33.42
90.45
116.91
107.05
84.38
24.95
65.86
51.21
213.18
187.13
89.56
141.42
470.17
200.01
416.25
23.99
172.76
43.67
144.25
57.99
78.66
88.31
384.79
31.58
170.31
52.52
81.53
176.47
89.41
68.76
66.50
42.66
200.52
559.51
181.21
65.87
167.67
65.70
49.54
36.09
105.04
171.23
91.20
78.45
137.67
125.19
37.08
13.60
120.87
24.78
31.06
52.88
801.49
128.92
239.53
55.02
112.31
286.11
69.78
93.78
95.39
79.02
443.83
137.35
81.19
56.73
20.99
78.86
100.03
657.39
93.69
189.62
62.05
94.66
58.58
114.45
79.08
177.93
24.63
37.77
100.10
199.26
240.90
44.50
34.41
173.63
71.37
480.62
91.87
333.19
128.17
66.14
58.61
293.14
218.60
86.20
25.95
61.70
65.36
183.74
40.69
490.11
56.63
47.22
86.52
401.25
116.30
117.76
86.03
15.59
93.72
68.88
165.19
59.76
240.10
213.85
50.82
136.44
275.37
157.72
169.91
351.60
635.19
162.33
40.42
103.50
36.12
80.57
39.35
119.85
144.46
212.86
70.26
531.60
396.50
60.50
58.65
101.06
154.01
71.62
90.58
202.20
88.06
86.23
334.99
61.61
488.05
79.67
386.00
51.03
166.02
33.13
45.64
40.68
174.63
46.83
313.55
24.22
150.11
28.13
36.82
164.23
55.67
179.75
250.90
66.37
30.95
147.58
103.38
27.62
134.66
105.06
85.38
699.09
95.26
56.42
52.21
270.34
87.80
163.57
72.02
31.08
207.22
46.53
75.08
165.82
66.01
179.66
13.27
83.40
95.71
46.43
12.66
43.66
43.92
407.75
92.15
86.13
274.52
85.56
34.87
68.69
74.16
80.97
32.75
85.08
121.45
176.23
130.77
44.84
72.79
33.72
81.39
110.64
403.35
147.09
20.42
114.92
130.48
85.06
75.60
286.56
119.99
223.11
86.24
95.87
181.86
46.06
106.45
270.57
288.31
172.50
90.10
78.13
67.06
143.97
37.40
537.66
83.05
89.86
41.84
187.10
769.57
139.64
123.16
277.67
345.18
117.54
34.99
55.27
195.50
26.06
253.64
61.10
29.94
99.12
192.21
47.66
67.74
145.19
13.67
122.45
206.89
105.83
109.53
45.51
148.70
668.84
125.46
215.58
89.06
254.78
126.77
27.03
194.16
118.51
130.43
90.78
158.66
113.93
285.16
109.94
102.53
41.60
95.88
99.31
107.08
129.39
81.81
52.05
162.74
260.55
231.88
90.99
44.32
197.68
108.89
183.46
134.65
147.58
96.67
99.16
433.18
28.88
90.30
237.28
240.08
45.79
67.69
85.89
306.96
793.97
67.98
180.43
119.53
94.42
88.49
119.97
120.18
240.01
208.03
37.84
172.87
74.18
28.22
74.82
106.83
262.12
59.93
39.11
482.22
105.20
392.85
86.86
28.54
128.11
45.55
91.46
34.96
104.07
225.95
194.25
139.78
142.58
117.56
571.39
72.36
254.41
86.37
145.47
79.55
58.36
51.15
30.35
129.57
53.33
81.21
31.04
110.98
123.33
216.18
22.98
268.77
31.33
124.09
100.36
39.54
41.25
106.08
234.16
201.30
128.70
79.60
160.91
78.44
129.36
149.65
375.75
129.51
35.97
25.89
45.49
129.78
130.71
96.04
159.14
62.03
19.63
48.05
16.70
33.76
91.07
106.90
62.96
134.72
69.96
97.18
71.92
340.15
108.54
64.10
61.10
111.50
48.94
83.77
239.80
94.44
353.76
47.85
30.27
393.25
50.32
93.87
286.58
251.35
123.10
166.38
438.19
49.94
90.58
274.15
87.78
54.30
60.02
42.85
109.16
478.17
102.98
438.55
113.49
117.84
408.11
149.35
353.52
137.63
103.09
124.83
54.23
19.22
76.98
229.03
44.26
129.13
46.32
163.08
103.20
77.70
89.33
30.78
39.42
21.54
74.36
32.32
95.24
296.20
87.39
91.10
115.74
56.45
62.69
98.68
24.03
495.81
591.67
238.89
131.59
75.85
42.13
144.48
124.27
219.12
94.13
156.68
162.32
63.58
54.92
38.49
224.52
73.96
41.52
35.03
81.89
520.61
71.83
151.20
98.51
89.40
133.95
220.22
79.10
184.52
40.12
333.43
26.19
29.09
81.41
90.81
24.51
43.70
45.48
204.28
82.57
70.92
129.40
48.71
51.80
53.48
92.05
37.21
109.72
93.88
43.51
39.06
225.70
214.01
27.27
104.50
88.95
101.14
232.56
152.76
551.53
44.73
63.74
31.12
84.96
42.02
70.30
448.58
143.93
212.13
72.88
191.11
89.16
97.26
106.10
63.22
49.19
80.43
16.20
102.62
153.03
35.85
327.86
117.49
135.21
108.78
806.77
107.10
101.53
170.41
20.89
132.30
176.96
191.15
70.73
51.02
57.89
55.83
146.09
199.36
80.33
79.76
60.01
279.72
105.62
25.12
143.27
155.92
90.86
50.58
63.25
30.07
96.13
409.64
28.64
62.91
129.20
122.47
88.10
73.77
81.81
139.98
649.81
95.29
119.23
278.39
46.30
121.89
49.89
113.14
81.50
277.44
80.49
18.74
57.85
48.15
119.79
87.74
62.01
45.56
48.98
166.12
82.14
71.86
23.90
40.25
43.57
364.29
723.98
149.59
223.72
27.52
80.30
54.10
171.96
131.94
136.38
36.28
198.50
125.26
89.17
481.75
50.88
187.33
81.11
222.41
132.81
146.33
226.08
29.55
113.08
43.53
46.51
183.27
188.71
129.52
233.84
143.64
91.90
57.60
248.22
94.36
118.14
70.29
75.68
