1178
-232
766
-198
-44
-1206
-16
64
-521
727
327
127
610
61
-29
-274
-1029
564
1191
-480
167
-387
802
-1242
-1040
-539
989
-286
-64
121
-1091
-303
1251
288
-327
483
271
-962
-197
406
262
186
-46
196
-701
-486
-1091
-255
-84
0
902
575
-1384
-1229
488
-521
274
-411
-819
-185
-286
718
302
517
732
-744
712
-113
-1040
-1282
0
-366
-309
-80
890
227
1416
-520
-77
-598
1124
468
402
24
1162
-207
-511
691
-114
-272
130
-22
-266
290
-700
1191
486
-161
296
1304
-1304
1313
-453
-194
-145
-1137
1022
-1055
83
-489
-608
1029
0
712
-188
-212
525
549
539
-767
-1322
576
-1158
-17
-785
128
200
1238
34
-676
-115
302
-713
1108
-1039
-1177
-279
423
566
157
-432
62
198
1137
-207
-3
-674
0
-1250
-575
1204
42
372
393
-205
1265
989
195
-185
247
304
-18
-265
1117
-827
421
303
213
96
-160
790
134
-945
-23
0
-277
-616
1022
1168
-173
328
65
-536
156
-273
-423
293
-123
185
425
-681
-372
-1012
233
70
44
142
0
-1091
88
-591
-84
-348
-1416
-883
-162
0
-734
-1134
0
-367
640
-147
148
218
264
-222
798
-412
-363
114
-164
121
-67
92
-1053
-18
233
-316
1384
-553
563
0
1
-12
484
62
-606
-1187
-920
96
239
0
1064
242
-793
741
-461
-22
373
0
-320
-153
0
404
75
-250
-1097
-800
-112
-730
172
0
679
-108
0
115
547
0
-750
-131
-492
140
-645
234
37
190
188
101
-29
346
190
270
-632
501
-228
-144
-279
-1371
685
-1090
465
409
-1283
802
163
-539
-2
-841
-1171
-6
709
112
763
-49
-160
396
-66
-903
-528
591
0
-162
-535
-289
767
354
1177
777
845
197
303
392
-955
218
-1133
-1117
-819
575
513
184
230
-363
-1253
-816
363
-779
356
-129
441
-32
250
118
-1082
-43
635
195
223
165
506
34
649
-430
347
-295
-373
-173
-308
992
0
155
-21
199
1047
-44
-826
98
-659
-25
78
990
836
-1006
-171
-228
-764
191
-85
648
-437
590
966
-488
-92
908
-213
1222
-589
-1072
1278
-1222
-1
-246
-104
764
222
874
-336
-255
447
-290
791
-71
-1092
276
1227
-163
-1420
-515
260
722
698
690
1177
-499
-494
-364
-521
690
126
-771
1381
-1061
-184
505
-487
78
693
-474
-1025
-6
462
-863
380
-127
1012
-288
122
429
-515
102
62
-115
909
405
119
795
471
-773
-528
-467
-232
-295
-386
-184
-746
-1031
0
1394
544
-821
1106
-723
0
1083
1135
0
-203
162
492
140
91
-1322
225
-99
217
90
-335
453
-302
-155
979
0
0
-343
428
1304
-1007
930
-1210
0
777
145
-444
1168
560
297
23
-61
329
-1099
-1
-1117
-1191
-261
-236
746
-1079
318
152
-90
12
-1322
-425
1046
49
-1168
103
0
334
-336
-180
37
322
944
62
663
209
-1077
-1347
-747
0
205
379
-796
-127
-511
-702
693
-30
1168
200
-341
-515
-203
628
-1381
-1092
632
1072
-559
-296
23
259
-517
-549
1281
-700
362
890
-522
575
-111
427
342
-465
-89
-76
0
117
-166
-660
-65
-521
-78
552
-336
698
339
-89
1195
-18
-966
-292
-232
16
212
-118
-278
-1108
-1345
913
765
1227
490
-607
772
7
398
788
59
-421
1205
-239
196
-136
-688
-122
1204
-655
-695
8
963
-1052
-502
241
35
-911
442
-1013
698
1178
0
157
59
337
640
-201
165
169
482
153
-685
936
-5
0
1099
331
-111
44
-566
-730
10
386
505
-432
-430
0
105
0
1189
567
633
-177
-51
-349
49
1
36
373
-313
896
679
-1147
911
-945
163
324
0
159
215
-245
370
142
-631
-1013
-75
0
-447
337
-236
-402
0
-284
56
97
838
-126
471
0
731
-86
-696
238
200
-288
-902
637
37
398
1187
-336
245
969
101
-1205
932
111
383
272
915
379
0
878
-660
408
-321
-47
220
498
357
325
348
-309
760
151
1110
626
865
-676
116
-349
-121
1187
245
1135
194
-1367
689
232
-48
-660
227
804
765
-770
-332
1127
-568
0
1153
-58
-461
32
-109
-814
100
1040
577
-356
623
-1416
-281
-965
36
10
768
376
-545
-1084
260
434
917
184
568
-737
661
49
0
-172
67
-416
-320
-579
799
607
-1083
-108
-1088
68
-652
-409
199
0
-980
413
-1459
-137
-379
438
339
0
866
269
-208
-466
-1239
532
1138
18
437
513
-1092
-1149
0
-33
-122
-255
1096
857
-236
-883
-369
82
152
-847
-1070
-228
-233
0
617
667
-488
-638
291
-1035
-133
-1191
423
-129
1079
-887
-965
132
-363
819
204
-303
566
420
479
-125
-472
260
1415
210
-495
300
-117
682
-348
-65
582
0
485
0
1127
8
-866
-911
-645
-785
-199
744
803
240
317
0
-699
1399
-498
236
833
-1112
-108
-44
0
313
-696
286
280
-146
-395
713
1248
-530
174
0
611
-950
838
-176
-388
102
-456
-653
-97
217
411
463
0
41
577
88
-1096
20
752
922
111
187
-198
528
940
464
162
-679
-186
491
-1054
-322
-133
-525
35
140
11
-170
253
1119
634
273
1191
273
203
244
691
493
1203
485
-196
300
430
-33
187
1091
80
-291
17
-713
0
287
-208
729
246
-300
486
-31
840
1015
-776
-84
-1108
1236
-559
0
-486
545
-301
-613
0
-413
-1280
-1399
1182
583
-1128
1010
385
-398
-321
-1103
770
0
766
389
200
632
-76
-519
420
166
63
-1336
217
-296
60
1047
-40
0
-188
-404
57
254
342
932
-118
448
-1225
-1264
-246
83
-1342
-271
-95
8
-1003
-580
1150
0
-472
0
343
-154
-605
-195
1236
-685
-319
379
219
-310
-253
211
279
-384
179
-749
-764
1358
343
-167
1293
-155
1001
-836
367
-161
-354
7
342
62
765
-356
611
-703
-164
-157
0
-1187
-1322
469
-66
-520
-945
-763
365
-1138
1052
51
505
-1133
-344
20
-1055
826
0
200
219
-676
-197
371
-922
-118
-34
-243
238
899
-949
-676
824
99
149
838
148
0
303
-362
0
-964
547
145
-51
443
-522
-674
0
-721
-197
-1169
-434
-273
279
0
599
-828
33
419
-540
-54
366
-1367
-747
0
-154
-20
698
635
-824
0
-1447
0
0
239
-144
-640
-71
1178
-732
1294
623
-140
189
-505
-1331
72
-233
-369
214
-242
771
1227
-24
230
236
204
170
739
965
119
95
341
-453
-949
1000
-43
106
1162
48
-914
-882
624
-146
-488
-502
330
-1137
-560
339
-1250
-1415
58
1147
-634
-63
1347
-473
402
387
110
-994
-762
142
800
599
-509
149
733
226
-109
-456
-1102
416
-346
-969
36
874
105
734
-1303
-860
-129
461
705
-108
-755
134
-470
1010
0
721
-599
-254
188
0
83
415
-391
-723
992
0
-825
-264
-1301
354
-310
0
-190
-861
-61
-424
-579
471
1283
485
-872
0
808
431
941
223
104
96
-415
-589
258
500
320
4
-64
585
-302
268
844
-214
1191
-803
-817
193
1091
701
38
-965
883
0
352
217
-747
-130
-1061
463
408
115
-44
-287
0
1165
0
-701
116
155
124
-243
113
-689
-810
-566
0
-1206
0
296
-736
-589
-257
137
1153
553
406
-20
324
1125
-679
705
0
-693
-59
926
306
1029
1020
40
-1191
351
361
585
-758
-723
-444
-115
956
-674
-120
1047
749
-33
-1127
798
670
-977
639
894
-78
298
446
1198
-1051
1043
-1083
-803
0
-445
989
1099
-388
-393
827
-341
-800
1012
-897
-186
-90
1034
-1155
-800
1016
699
691
42
136
0
-789
390
1119
0
-99
105
-975
-158
-991
-310
482
0
-998
-376
1384
1271
-1303
359
107
-420
79
316
6
202
183
163
784
378
282
914
-917
77
564
516
-1158
-62
-1533
-1165
-351
418
-1168
145
-826
-961
-860
617
208
1038
-1079
-582
325
-599
808
541
72
-185
-771
-444
260
627
-891
-1177
-1136
-887
-50
166
-146
-699
134
267
359
839
268
-570
88
1089
212
-639
746
86
-631
133
694
698
589
-80
676
455
391
1079
-185
-9
-207
-76
-339
-215
243
0
-49
434
-194
-258
693
491
-338
-1098
228
-721
-518
-887
-94
698
-404
-669
-403
-458
156
281
68
-477
412
989
-277
0
-8
-926
-286
-13
-223
51
0
215
901
-1069
-402
0
406
1145
633
19
-503
-505
-812
701
1020
-628
459
1233
970
129
-594
-822
-468
-685
833
260
-97
0
-295
-1187
567
1271
529
-347
221
174
0
0
-431
312
-744
-266
0
-711
-43
-1133
-513
-134
-32
-160
-1090
-404
491
307
-413
642
-324
777
149
436
-302
-209
229
-801
-431
909
-367
175
361
239
14
415
0
-1233
850
-572
-258
765
-501
-354
118
-284
-489
65
1147
812
23
660
-71
639
-343
-1121
253
-1127
-616
166
267
-989
-917
1184
28
-778
57
-904
-100
0
314
794
0
115
-238
855
656
265
-307
603
389
-497
686
730
-28
0
302
-64
-492
68
-130
822
-4
-485
49
-105
-917
1054
-1244
1225
484
-268
28
-180
1177
95
-280
-101
200
538
320
998
107
-1298
-15
304
-581
214
-1245
-131
-70
-49
1191
208
-1338
0
329
140
-465
-227
-555
-670
1203
826
-1138
815
423
1364
-1109
161
48
46
-151
521
-331
-44
26
541
1050
-617
1132
-290
-93
-402
92
788
-485
365
-1202
914
-93
-36
462
-878
37
-116
310
434
46
-744
273
-655
535
-352
-161
74
126
-141
-73
623
471
-436
-72
238
-763
-653
122
-377
428
49
-119
522
-491
-107
193
-189
-1016
1083
-169
-415
480
350
-233
419
855
-234
692
69
-609
43
424
-959
-422
-69
-947
-70
97
257
-1293
-446
-224
-5
-1267
-271
-1194
-308
1056
370
956
763
-145
701
-1206
728
14
52
-544
375
0
174
991
-432
144
495
-1021
-580
864
-305
222
-31
-489
0
-1236
694
644
-728
-282
747
1118
731
9
48
-72
1141
308
-202
-465
1374
-459
-207
-698
-975
718
1248
801
530
1227
428
-278
193
661
-1120
-672
-192
1098
151
0
-747
94
-224
-721
125
-519
-50
-551
1254
-185
1195
822
-946
712
316
220
-777
0
738
1144
-455
134
-15
187
1225
-95
671
0
1355
-524
316
-1075
530
-864
202
-20
-1128
-921
-514
94
-419
363
199
-1056
685
281
-38
163
410
953
1100
-169
0
-850
-538
-154
-528
0
-12
969
-1093
-5
-61
616
-861
222
83
-618
0
-441
-279
-530
-1264
31
-349
-613
-547
631
-624
801
1345
-671
0
-272
359
216
292
-154
-146
776
-941
-223
-508
-529
-533
86
-640
-183
-921
0
-127
-230
129
-353
-478
-1194
1050
589
-42
107
-293
576
-82
898
1287
0
-259
-391
698
-392
183
-21
-710
-1188
596
399
829
0
-337
409
-553
-1239
711
97
722
-838
-679
-456
-634
-269
-425
-781
-901
-11
-870
-882
-403
-1249
193
1
-39
1060
193
777
-571
302
-977
57
1158
735
-376
0
-231
156
-833
86
1043
1204
120
-115
668
-157
410
-862
-442
106
-795
-1158
-1275
422
210
-736
0
4
55
1030
-926
490
300
-16
500
-164
-826
-924
-643
-1303
79
-805
761
113
166
-1125
-1013
-398
-2
840
372
-32
-575
-698
700
1021
-473
1121
411
-689
175
0
399
-62
-564
162
-1029
1263
1079
748
312
-1374
79
575
-1006
-426
966
-533
516
0
-1020
354
217
418
-863
202
-1238
493
-236
-966
-351
-133
-831
-812
747
550
-4
1075
722
-215
-185
176
-454
-1055
-332
211
72
0
262
325
912
242
693
-250
-520
-1251
292
596
237
-1245
-127
0
-262
-126
967
-1171
-1218
-642
-607
295
-515
139
715
631
1054
385
-393
4
409
97
626
-482
1203
-1163
0
0
-807
814
878
-1030
655
-909
203
0
999
-896
500
83
-167
126
1271
-160
-649
404
303
577
70
1331
156
414
-83
617
888
39
482
0
0
-670
213
-1297
-991
0
-640
857
0
-45
355
-811
-53
877
-963
844
1480
-1340
-142
-693
1426
248
-172
144
0
1024
-525
891
960
667
-1214
-706
-633
253
310
1042
1030
1052
-237
0
626
0
65
878
-802
-578
-1104
-709
53
-251
-880
272
-282
896
710
367
-85
-530
1145
166
682
-362
-336
717
0
119
-799
-183
47
-946
-134
26
-122
-743
0
-550
318
474
-187
268
1247
-1097
-701
-50
-448
-485
-112
892
301
-107
326
-126
571
-33
-200
17
-1259
-288
-216
952
598
761
-171
24
549
-24
1138
24
443
750
-1171
299
-111
-910
-784
-412
587
506
-337
-625
150
505
-134
290
-185
-91
778
640
-1145
-368
483
1249
-185
-450
-1113
-1177
166
1202
170
-135
198
-343
-764
90
238
-569
728
1218
0
233
-222
30
-763
-685
-795
-657
239
541
944
768
-1193
303
387
1169
-436
693
-681
993
1265
0
12
-480
-124
572
299
-111
-437
-509
-44
312
-1117
627
-304
2
1158
534
-645
388
488
363
-96
-393
-629
-1013
1182
1086
-166
682
1013
58
-508
-581
727
41
-827
1293
-186
-937
488
137
145
35
433
420
-578
3
-14
607
-46
-588
-1127
-153
-874
58
-991
1280
-971
679
-404
531
-44
-161
-1203
693
394
-367
-34
93
1256
-392
-921
393
0
-437
541
551
-101
-185
-1051
203
20
-308
837
0
723
1138
559
577
466
523
81
221
-1445
12
304
-1
-634
127
-850
-579
-255
-517
447
213
-134
-249
0
157
-826
-116
1132
-998
811
-769
1162
463
-781
-363
1035
1128
-522
-571
-814
-161
93
1071
1157
-844
-529
-149
502
0
1090
-843
608
78
696
-270
-65
381
-179
0
-1075
120
-1251
765
183
1083
-545
134
-909
752
374
-990
-1096
419
-913
1029
-605
450
-70
-293
1229
-1158
253
283
-419
750
-22
-1241
-589
-209
-679
-296
-327
-950
-129
1265
-1043
-144
191
0
418
375
-284
1168
85
1365
531
292
272
-3
1203
471
-1050
690
-1047
1127
1135
-901
475
-420
405
687
-199
-508
-283
437
542
693
-167
-128
0
504
-466
-691
225
-263
1176
-386
1423
-607
-608
-572
593
-684
-340
-1114
387
-66
595
158
-801
-350
279
-1145
-749
-1077
225
270
38
79
-571
647
-1278
-208
171
-612
170
-765
-335
-44
132
-41
900
-1
-504
1597
-272
0
-564
-84
-656
-910
-713
-813
-418
-200
-420
326
404
-116
0
-1121
-1120
-826
-1384
129
-35
-91
-255
-725
-539
-954
215
-1188
423
334
-921
519
-720
-320
397
-499
1010
1049
-1222
-386
81
-182
-699
151
-1415
-253
-418
265
182
0
0
-982
-1050
-292
-698
-137
-967
1237
66
697
343
95
-777
-350
-102
52
770
102
-305
-744
1181
638
31
75
105
511
77
567
464
1003
165
-319
1480
-273
-1029
-1133
947
-114
0
761
460
-108
27
-464
-775
169
-596
-318
-742
-891
502
-161
86
-292
-996
-1267
-721
883
-1152
43
-71
1127
428
76
679
-999
-595
-334
-147
183
861
-555
1075
-969
-1047
-471
1171
-268
-838
-833
274
-1133
-1169
713
219
-347
-880
639
699
769
-1075
286
-551
-257
790
-92
-404
-76
970
-234
842
179
-781
1022
448
-125
0
641
706
-2
-380
428
301
1249
0
-1251
572
66
-715
1304
-933
-513
-996
-1153
-656
213
474
0
-370
-473
-1031
0
169
397
-467
-87
-1208
733
-1290
966
333
-428
0
187
259
-34
-577
-1278
52
-611
-3
-526
-731
912
-252
-568
596
-205
700
-269
2
-324
-633
-1371
278
251
-655
481
-838
-93
594
-20
218
728
1088
632
0
685
69
-102
761
-1141
167
-346
-576
-108
-1
-115
438
963
-698
-606
-636
-1290
347
-790
-81
-516
-111
-848
-574
649
287
48
-444
656
784
163
51
-653
-56
552
-218
527
423
1233
-1247
-795
1381
235
-841
-1205
-236
1137
-829
788
-94
0
390
1243
-202
-8
-394
-1161
1099
-674
136
-533
-676
-369
-159
456
-29
-52
43
-1056
-482
678
393
0
-187
241
1121
-157
0
-712
96
903
-350
280
-709
-1169
356
-253
-804
73
294
1102
781
252
1141
361
-107
1100
-292
-604
1283
1345
167
-476
-1205
-207
676
-296
1176
903
91
1250
-427
84
765
-89
17
-710
-290
1
1031
-37
-45
357
262
-290
-656
735
964
-474
-173
512
-233
254
599
-676
-1187
-814
354
1480
-1089
888
444
-454
0
-425
-223
1158
29
-1094
723
-254
-635
-192
-284
-113
-47
-717
-1256
-1070
172
91
-28
-553
171
862
0
1158
-405
248
831
-174
338
-155
-1352
-238
0
-342
524
190
499
473
0
-517
617
947
-560
-418
-1100
529
-589
1245
-277
-232
183
-103
598
-794
560
169
-4
598
-92
-363
-998
55
-580
136
-455
785
455
187
589
334
1287
14
257
838
40
-581
-888
-348
-477
0
120
768
1159
-54
212
-992
54
179
656
-1061
-1220
-3
883
-402
-894
-691
26
-1075
-557
190
-746
-147
685
-1566
438
-220
-116
1218
-1091
174
390
250
739
791
-89
-24
132
-489
557
428
-807
0
-121
-340
162
1015
1027
-133
-87
665
21
-766
-991
-31
-535
0
-204
652
1204
-609
27
574
-1144
-1079
611
186
998
-587
-292
223
-139
-1267
-115
-648
117
-77
892
-215
-50
519
1187
-28
0
18
23
393
609
-366
631
235
733
1190
-334
-344
149
548
-340
374
657
78
-963
-969
705
488
311
-175
-302
549
-209
-887
102
-1267
-37
238
-12
-216
941
-1070
-713
1295
-612
435
-489
201
-479
422
-208
-989
-801
401
1369
824
-647
-1158
263
-1
-701
252
73
-71
-170
-225
-979
-789
552
-221
694
-244
-1479
-247
396
438
1006
-1199
1090
821
-752
-13
6
-451
0
-949
-545
845
904
-4
492
380
1049
-151
-248
-718
-1223
424
-784
-693
235
-974
1293
495
-28
538
247
192
-65
-520
695
514
-1113
223
-822
1040
-696
526
1384
286
-35
768
-602
-128
-46
-502
-126
-123
-1057
-72
-166
-52
98
320
142
887
358
1286
-418
-441
112
-398
142
723
-137
-1096
35
762
-5
434
17
-638
-238
-703
-13
0
577
-518
367
1083
-169
-1135
-303
-199
-35
-530
-444
599
-293
586
138
-991
0
54
171
-379
244
39
739
207
314
371
-604
-1112
-1423
-1076
0
-723
-874
-444
-353
-216
116
1154
1426
-1135
614
-244
1052
41
-421
-611
485
382
990
597
-72
428
-874
-1040
-829
-154
-328
970
346
442
-594
229
1001
200
-1166
821
187
899
-1345
70
-1133
194
1135
-163
29
-46
180
-748
-222
-386
-236
-337
807
902
537
61
571
360
1145
-952
-177
967
-114
0
-351
-874
-727
439
1052
962
-713
305
701
434
201
1127
-945
1006
-1047
1301
157
-1099
-581
0
500
-351
-256
-700
-999
-560
133
-1279
-25
0
836
629
1052
68
-402
-661
1206
-346
-46
34
477
-136
-407
861
338
-60
-22
-438
191
71
209
903
-975
1061
-788
608
78
-549
-1178
265
263
-1171
125
-41
-220
658
34
0
-239
667
-968
1204
102
-786
481
-965
1364
1210
0
200
-111
314
-36
-1149
1143
1144
438
0
-219
2
912
389
-265
0
608
640
-1035
640
-1031
762
368
-229
-767
754
-640
-1261
-487
48
-281
-370
1124
-945
-411
-189
311
0
419
1184
-485
33
320
-294
-327
192
732
-609
-638
81
971
855
126
-604
1143
150
-1202
-959
-114
26
590
556
1203
-15
30
12
275
442
1066
638
-304
-26
358
375
73
-1205
-130
-994
-160
-464
-212
294
-1040
-1384
126
53
475
-1075
-1171
333
0
-117
-1030
789
311
731
496
-48
236
142
442
-264
0
-149
-914
-361
1153
-568
119
375
0
-882
-268
-68
-1347
66
-1121
-543
-201
396
-156
-175
291
635
826
-353
326
-132
-355
-44
685
-415
0
-963
106
-852
-1127
-710
998
107
-425
5
594
-600
-931
390
1037
764
-77
-670
-437
-176
-436
341
1188
558
-181
-272
156
-37
-594
437
-307
168
-266
-380
826
-1096
-846
1079
-97
-1011
1114
-1095
478
163
241
182
690
-654
-19
-492
79
-130
160
109
-647
229
485
-114
216
14
1345
621
654
-658
472
-295
-376
880
-1244
91
1052
300
-1287
355
0
963
-285
283
0
494
302
-417
748
-504
-1127
125
-338
103
955
-899
-926
55
-37
824
-804
61
-1231
262
485
254
-8
402
660
242
-195
0
0
-303
485
381
864
-836
491
-169
-214
-17
-184
0
-317
370
-1083
-268
368
882
8
-291
-742
249
-1084
1055
1156
-746
-195
252
351
608
-1352
452
166
-1313
-1047
962
-970
-917
-131
-1106
-225
74
661
23
192
938
-700
-539
105
-779
768
73
360
240
-940
365
-202
-502
317
560
-1115
-127
0
735
-371
461
57
-861
131
-256
711
294
-277
513
349
-699
-51
-412
166
-541
-966
261
-543
-1447
-901
246
-864
391
215
564
395
74
-229
-740
-239
-829
-5
303
-507
1080
-1077
779
0
544
-268
0
223
918
447
1322
0
-770
-37
965
-124
509
-137
0
-1187
731
-608
-483
0
-437
-1002
205
-1190
-1011
-130
1168
863
-863
-540
85
-325
-276
-560
-1070
1099
-405
105
-212
79
632
-392
-420
1016
-1075
-1077
570
54
-785
-379
34
-132
-1097
-278
530
157
317
0
292
483
332
-301
0
222
-1299
167
-693
436
-151
0
0
-1131
178
183
406
431
469
-106
37
-3
779
814
283
-446
230
-1114
0
-1482
718
-235
-701
268
1098
595
-573
-781
-376
1143
362
-497
-599
-655
-236
1115
-231
-394
-268
979
355
149
-878
964
0
593
-64
23
-57
0
-875
68
723
-766
-46
1076
874
-1011
-119
-773
523
-1057
-1040
-1158
992
-530
-549
-457
-882
-303
145
126
-670
-902
567
-789
383
-826
0
261
-418
-520
447
420
696
700
273
710
528
-321
0
-439
119
-1031
-989
-168
-550
738
-1259
-398
-656
701
601
-365
356
731
-124
1127
905
-430
-1229
-921
102
-306
-154
-294
-1043
-590
-20
-233
-216
0
-1220
684
-201
348
827
-1044
714
833
679
-1095
541
-188
129
-165
232
130
96
-1077
-296
-369
1052
158
1236
489
-216
548
-1173
632
319
-236
-719
-1084
861
376
44
114
-147
-1113
1283
-1190
600
-481
-264
404
502
-55
-239
-509
-836
519
-1031
-444
-259
631
-408
785
0
765
979
511
-713
1169
-185
-121
-905
83
113
-437
446
572
-1172
-1149
-434
495
-62
154
-167
-335
-489
74
577
712
-321
596
0
319
742
852
-99
-1090
-79
-682
-691
762
420
-44
1202
0
1121
427
710
286
345
1190
1227
0
-655
-351
84
664
-127
-16
-230
1064
-241
967
-464
530
-251
0
955
-55
977
-290
243
582
-1384
1056
-344
501
-294
363
-447
-770
-196
-907
1158
212
-901
696
811
-262
693
1426
1189
11
697
526
1151
52
-720
-70
-262
-195
-1138
-1204
-1127
-372
5
-783
979
456
-736
88
713
734
-765
-343
1
613
1137
1144
-1121
0
310
-74
1146
-628
-103
-212
685
84
614
-605
-50
-158
-1066
525
354
38
1052
-214
184
339
736
-994
1240
1054
-382
998
178
627
559
-573
914
-1280
0
947
-316
-225
-1024
-367
-436
-378
-367
0
836
827
-633
1149
54
-363
-132
-672
-573
283
166
-861
1006
415
-1188
0
298
1096
-102
755
266
-395
931
-633
-307
-255
194
-159
-860
672
104
-313
1010
-158
-377
1030
-269
277
-79
121
895
-441
53
1138
317
7
857
-225
412
-896
857
-153
718
464
-34
-1052
180
0
-76
1022
370
523
858
1168
83
12
-62
-41
0
1027
126
-15
0
-952
-510
-612
-384
1264
539
-1115
485
13
-1022
109
-1120
-75
-99
1189
-530
121
-608
-281
0
-347
-238
-61
-651
197
945
791
0
-1158
-996
-117
-962
-230
-1265
-497
-351
-280
-508
-180
1158
-552
0
-36
-1416
640
392
-238
826
-343
1301
368
-1157
467
-574
274
72
-64
-477
216
-326
161
611
-1153
1134
489
0
887
-1176
-393
3
70
-1191
-697
485
1180
-909
-434
-243
730
81
706
-979
-422
388
-1155
466
-244
1043
877
-1419
-63
-378
347
-335
462
133
-190
-113
330
-1254
310
-146
1141
894
0
0
-394
-120
1167
62
-1283
1317
19
-13
128
-228
-25
1124
1024
47
252
31
-863
-157
56
-103
485
-904
921
-640
157
586
-111
20
1141
-351
-519
160
0
-1155
1295
1447
126
350
-125
275
-698
298
276
-405
-802
0
-883
-1132
-33
-964
63
-156
-1238
-386
-30
-1029
-340
-720
296
-681
910
1145
-75
-1237
-205
519
1013
367
90
1136
271
-861
940
-284
-673
419
1189
429
1380
894
-115
129
1115
474
-177
380
-258
41
102
1225
-152
376
-1033
-669
-1125
1447
-64
0
-311
224
-904
-1108
-946
-998
582
-307
33
380
144
1208
255
-633
242
186
687
0
53
480
16
-14
-335
315
-275
-121
537
-149
-1013
-135
243
-390
31
-783
-13
-1287
-234
945
-1096
1191
1249
1202
-237
-713
360
-459
-415
-513
-18
213
-522
-639
-773
904
-15
455
404
-239
-612
385
0
303
658
712
320
-918
376
773
0
-1064
-295
-590
771
158
-472
-485
1337
1156
-188
-351
1415
446
-795
857
340
684
810
-1145
714
692
-72
-1130
-1176
149
478
170
-379
-1203
1042
-1024
400
-213
0
16
172
0
-1040
825
-175
220
51
-1117
267
-170
744
459
386
-16
835
-542
-663
191
244
324
531
507
-187
-348
894
337
1047
-574
576
-720
1110
0
-267
-2
-996
-371
-678
-700
-85
-56
-292
575
-941
0
0
-181
-747
-21
854
250
-28
35
-75
-627
-704
699
1082
0
0
-162
-1124
957
1459
-725
1158
-770
-874
-912
-373
-623
242
454
-163
-1148
216
-679
66
-202
1033
229
0
348
-179
-513
317
-262
698
548
544
-1145
-761
-44
634
0
-233
-1079
-595
409
-157
-104
271
-1047
183
-1083
633
924
-1149
595
180
561
72
1075
996
68
0
-1263
921
-37
314
-413
-326
202
-1054
202
428
-967
243
-732
-1156
244
-1117
193
-96
-16
-1419
-1127
678
-172
-374
943
1023
52
1188
-1162
-273
-482
1028
-207
227
-854
0
-348
-1237
-194
1132
124
-30
-1254
-632
-131
-829
-264
561
442
-9
991
0
289
0
1025
-111
137
240
-141
952
531
585
-469
924
411
226
-238
64
-533
-783
-636
123
-663
-54
-30
-1083
-134
-543
4
474
142
-865
-501
1203
-642
-779
379
88
92
484
-235
-256
663
-284
-800
252
220
677
-405
155
466
863
526
604
-1033
544
-317
-1259
369
-170
623
855
218
681
-1020
358
-814
-658
312
-557
-700
-711
-242
948
-200
-901
-723
892
-581
-1092
74
330
17
139
-142
-154
-434
399
-70
965
-194
-918
506
-679
226
-297
404
-304
-288
-962
23
-350
-66
290
-1302
262
187
-806
381
-723
664
-286
238
-235
-435
1064
54
1049
684
473
-330
826
88
-1345
-1280
453
194
-182
-253
628
-220
1205
-635
1415
-492
-30
111
-597
209
253
213
-640
-557
27
101
-1022
-1098
107
466
-762
1096
-322
-836
-34
-309
-493
589
444
555
1117
-1175
310
772
-96
-297
-819
-108
-183
150
0
120
131
-1028
373
839
367
31
43
-696
391
10
-671
-1075
-82
176
-1158
1010
-209
-547
808
1203
64
513
-351
0
-399
-148
-71
325
231
772
4
-74
699
98
507
454
-341
-905
0
154
842
25
-1229
240
-199
-1251
62
1102
-204
154
17
-790
803
1038
1203
-564
-1364
259
-441
-155
867
-221
-864
213
1168
826
346
131
262
-265
521
156
992
213
4
-143
978
-56
572
-81
-1332
-129
453
912
208
-333
1188
0
130
-1029
-347
974
65
-372
0
-705
423
-386
-1071
-866
220
49
1043
1191
737
199
-331
-296
-918
269
-817
297
285
-180
-278
1061
987
-550
848
-1136
310
658
419
420
-817
491
-412
152
-126
262
798
0
-496
-139
-1285
0
545
160
127
708
251
-121
905
-465
-347
852
-182
406
418
-1168
327
0
0
366
-703
40
478
0
831
831
-207
-213
0
797
737
21
-832
100
-34
533
175
-1132
-194
-419
338
0
0
1208
-353
1070
149
512
-506
66
1114
0
213
1191
212
365
410
-795
1206
276
31
467
-1188
325
-372
-292
-69
-43
1096
0
0
169
366
1345
196
30
-585
-622
19
-84
-286
-193
210
-355
1006
165
-749
-385
-763
23
566
-229
-749
1384
118
181
-1239
-468
-78
1113
115
-920
-456
849
260
444
-413
901
-166
-542
-290
576
0
-67
-729
218
539
353
-761
-1010
857
0
-250
596
478
321
1167
-353
116
-1155
-330
1097
-97
438
883
-92
-1218
-44
-791
392
-339
163
33
150
-230
-640
-95
394
0
232
267
410
1024
52
444
8
-753
-715
163
701
0
173
280
1020
924
0
-529
-573
-931
793
426
56
-43
308
-965
-114
222
-403
866
630
6
-832
-338
1322
-396
783
179
514
817
904
149
696
314
-405
698
272
37
-585
1187
-709
-296
-1135
650
273
645
-28
88
191
676
657
170
-467
-693
65
-90
139
-106
613
-777
365
1128
767
-1150
-335
848
605
-395
-215
-1108
594
713
-465
731
452
-91
-150
1047
149
122
832
-736
676
-564
-599
311
-315
-1279
-581
-475
-812
0
1433
-595
-798
-1254
-1171
-152
199
-941
-1221
991
-491
-771
383
-612
1264
1290
1297
267
137
-102
-1158
-615
1061
-960
720
43
-247
-570
174
258
-150
695
-1239
14
709
164
28
-25
275
-207
257
0
647
224
1336
25
-549
1231
152
-1191
26
-1166
532
1177
-275
11
-583
-1124
-435
357
110
-126
-4
852
-976
-391
-1077
-9
-94
333
766
167
-698
679
486
-426
841
-474
-1203
255
-1622
85
723
545
422
1206
195
535
0
-466
-1031
243
-530
112
-1158
64
998
-1243
272
687
-953
526
1168
838
154
1128
-902
-1204
-240
744
1423
231
-378
-307
-640
-544
236
-422
921
922
1178
54
-79
481
1016
-106
-29
-819
706
793
-801
0
733
0
0
325
14
698
1158
-136
-1138
95
0
-162
259
-363
-706
899
-910
1085
-159
-225
-307
1195
-585
51
-383
86
325
33
34
692
-488
-157
1384
36
-176
902
338
0
-114
552
170
0
1167
-407
167
1384
-14
0
484
-674
-57
-912
-1082
-194
-132
681
363
1205
1149
-410
-67
826
-242
0
13
169
-989
341
262
-188
376
-260
832
-90
-454
-363
759
-800
650
-182
-297
-653
614
-748
-611
-663
240
238
-180
-54
-219
30
130
165
-502
1257
629
656
770
369
676
-478
572
168
969
-655
-61
-1027
1417
-11
-1187
-51
-1120
1322
114
-878
-467
-44
486
731
-97
-790
-1133
708
-1342
-139
755
-77
959
-77
-1302
-280
-219
0
-203
-1109
1030
864
272
28
1092
-268
21
-154
-696
182
-581
-387
540
-1416
313
-1250
-1245
608
206
-124
-310
219
-72
52
604
-720
-193
-962
478
-338
-696
-1055
248
207
52
329
386
-267
157
-693
-218
1241
-1044
-649
-1213
272
34
479
0
1049
-1203
-343
424
-215
201
0
336
-388
-773
-95
-71
187
562
1171
1245
-1250
-728
974
388
-33
-685
-413
257
436
94
-94
1054
93
435
-1
-855
4
59
-1083
30
-164
788
113
-1249
62
1084
789
105
-863
1205
363
316
-725
-1162
-1069
-550
-913
241
-33
-784
-332
-54
0
330
726
-873
0
1352
178
-1124
696
-278
194
-545
-696
225
-1022
32
275
241
205
-368
-731
134
1012
-398
272
27
-696
-720
1206
583
-22
-1149
-1339
-1251
473
-1278
-228
1253
678
59
-731
-102
521
280
-204
558
103
681
-550
-579
1073
321
348
456
890
-350
-953
1364
-799
-301
-721
94
-134
-1416
274
471
1218
174
-626
84
-97
-861
-464
413
-86
109
-127
587
-1112
371
-442
-979
-426
-1066
509
0
-7
-945
87
175
752
68
-356
1010
-1052
-452
-1138
-560
29
-690
63
3
328
507
-1033
505
-1308
198
-731
788
476
367
467
-797
-53
-350
530
-1283
1
926
-191
0
-739
-94
1089
-231
-1345
-74
-182
983
695
-83
-800
832
-177
-807
825
569
-1191
1024
640
848
783
-1132
510
-302
-866
610
73
-256
-1426
0
910
-328
-382
-856
-298
-132
-927
697
-153
-49
303
-241
447
-220
-372
-246
434
-243
-432
-477
-14
911
5
483
63
5
-106
-18
0
116
-1033
-313
-827
485
220
-309
633
1394
-860
527
-109
1166
-243
263
-468
1336
-788
153
-185
1143
-1049
-970
-595
-1206
793
65
-736
286
-1322
165
-212
-35
476
444
-54
864
768
105
1001
357
676
-188
-34
402
999
675
-1313
763
-1167
1135
-614
-1079
-282
-1120
-421
661
-97
1153
-408
584
-581
230
64
599
676
-421
0
6
228
-153
1090
-302
1047
-772
-14
-312
-471
877
541
457
911
-731
932
-829
-434
102
454
209
-1287
-1020
126
1033
92
-186
0
674
-379
-11
-623
90
-346
-640
0
-1012
-323
-135
551
-485
-685
337
-260
687
42
-261
-62
-1336
-1251
219
-649
-69
-10
-616
599
-140
-109
352
-868
-694
949
713
1076
-441
852
398
783
-76
-420
544
-1149
-623
174
691
107
171
78
560
-213
492
1033
632
0
126
-246
-4
-1143
-998
218
-252
730
-320
-591
969
-1075
354
542
409
189
355
-909
-263
427
250
-1253
284
279
-24
722
720
-801
826
384
1176
-324
777
-890
-465
-49
0
89
-298
359
667
-927
-1227
-903
17
-518
899
1070
833
298
473
384
819
-27
-34
343
-64
-466
655
857
-574
0
0
406
-1023
-872
1149
393
-303
263
-425
456
325
-105
-104
904
219
-2
-1040
1145
678
-81
108
-719
-93
848
-542
197
-1254
1229
-132
86
1399
-1070
-450
326
1365
387
-627
1061
-1115
-193
-1420
952
0
239
402
222
-807
34
-857
-714
-848
621
848
203
1143
-471
-248
142
182
-627
510
-855
-277
658
-311
1112
-514
-676
-647
-1187
67
1145
216
-932
187
-467
824
-244
175
31
-520
-640
-614
-338
-1043
-523
-765
108
-433
261
0
-257
-41
-264
-777
-777
-250
84
-1100
993
700
-983
-379
493
585
0
-1308
97
-1066
-250
-286
-940
1013
-1138
434
-700
354
118
47
-104
-237
392
-1220
748
360
1125
70
0
-905
144
627
-458
-258
599
144
157
0
-909
349
529
-374
635
623
-635
-179
-477
414
-703
-367
488
-89
-821
236
-203
26
542
-44
-608
-1024
-226
-96
302
-440
167
303
85
-227
-636
-575
-519
-601
314
-121
-540
637
34
-574
527
173
0
1394
-217
-1526
-336
271
-697
-857
-839
275
-193
-967
1210
257
0
798
-162
-1091
-112
-323
-1027
45
233
-298
1084
0
-202
-513
-891
-70
270
-292
1149
171
836
76
-628
-958
436
-197
196
37
-126
44
630
-662
659
725
-577
-427
750
394
-99
660
1091
-399
0
31
32
-1267
-194
-773
-68
-190
758
-205
-682
-598
-535
-1082
777
-1308
-67
-230
850
139
727
-777
396
150
-427
-746
-1120
37
119
607
-31
-294
737
23
-785
-420
711
1166
-500
145
-173
-649
16
-800
-1038
0
415
13
1394
-594
-306
-108
-718
-253
265
-28
-691
-371
-829
1279
-460
119
593
547
85
338
-44
239
-974
291
214
0
-446
60
0
0
-1121
388
-131
-320
-133
0
715
623
-1144
899
242
-1152
0
5
202
343
-638
-436
161
-435
370
-218
0
-160
-349
-810
55
1079
-131
-5
323
55
32
-202
816
989
-588
570
160
16
39
-65
-367
153
582
-918
1102
646
32
0
-116
-159
1057
693
1052
415
-67
-369
18
401
-215
-1012
-17
-703
591
690
860
-949
91
1055
372
-93
89
1066
-1322
940
-202
-616
411
32
1064
-310
-373
-187
265
-224
427
0
-343
-370
267
0
-405
150
147
-114
1031
-759
-428
977
44
1447
-641
-913
-1171
1127
1040
-351
-577
-1447
488
1122
513
-362
-131
1352
470
-4
1135
2
418
-228
0
618
206
1136
-350
1298
137
-1271
-20
249
736
0
-1158
-305
293
100
375
-325
-46
333
-206
67
-1190
940
953
1016
509
0
-78
73
1182
705
0
-525
579
930
170
-260
-480
-393
-165
444
219
1066
-277
-439
770
54
-475
1156
-824
-333
-857
98
-679
0
-155
679
128
-16
-178
-1229
936
450
-247
-532
892
0
395
59
-701
-442
-193
218
-34
67
-845
131
-350
1243
-1109
-31
-962
625
-169
-572
-655
321
595
-1040
439
79
283
12
430
-253
101
-1033
0
353
-1290
-350
0
-1114
-378
-426
287
-265
763
-474
98
-783
1071
-555
377
-336
127
465
244
602
-424
-242
-953
-1384
-634
502
994
-1290
827
79
969
-953
236
-1140
-46
330
-50
676
547
334
367
-579
-301
132
245
831
54
-25
832
812
122
55
234
180
-244
-703
-39
-1264
-393
-398
634
-294
1113
0
305
216
354
-623
517
176
-319
-146
75
-1135
-854
607
933
354
979
-1085
857
251
258
308
-696
-285
15
1167
24
108
-476
155
-484
609
123
310
0
-115
-33
265
-1029
0
-511
-52
585
544
904
115
-536
-200
-465
-637
-56
944
-1135
193
589
1458
68
-1101
1206
-1263
-351
-348
-498
-281
23
-599
127
-30
0
-180
-1222
326
-133
455
-1384
764
106
-891
-824
530
-47
1031
0
14
-131
-567
-1166
1130
-924
-327
218
-783
394
-208
80
566
-793
918
-685
470
1064
-111
15
323
-272
-320
418
-668
381
-175
-226
976
235
-599
-136
-431
419
-238
295
-525
-202
634
-336
-547
-685
-310
252
-284
883
965
-448
-583
0
-1005
-480
0
-98
666
-430
633
-47
190
-763
-392
-315
81
-521
-645
-261
801
-1220
-845
179
-131
-733
-48
-1312
880
0
1052
38
-861
47
303
-281
0
-963
36
698
-563
-68
-698
1152
-386
-319
-395
0
160
-718
-369
0
-93
0
-410
843
520
32
-422
88
0
41
-175
871
1052
106
-483
-268
321
1083
-560
-326
1038
-953
0
-794
-113
746
9
-663
210
382
533
0
-911
-1218
-1244
-668
-393
-748
-144
13
-713
481
370
-767
784
-246
855
-110
283
356
0
770
195
-1415
91
-909
1091
-89
-836
-496
-619
-239
-1026
233
-39
-1084
-1336
255
11
427
0
19
450
80
-83
-1052
-184
292
-469
-289
-1049
27
690
293
-454
420
-339
-162
482
-359
424
-175
0
1075
22
-722
-946
532
-1031
-412
129
-368
-121
603
-1070
-421
-1030
23
1297
-319
509
800
-1039
-883
-1239
645
75
-622
1138
-687
353
-137
-681
-1149
68
739
-177
90
557
-345
1171
-480
0
787
696
177
34
1204
0
70
-181
1231
1055
-1459
448
0
23
-522
-423
-1191
415
1227
-406
-914
-334
338
321
-366
1161
-136
-273
617
-111
-326
-114
807
-360
0
266
-949
-282
-505
1399
18
1242
-99
-498
-337
422
575
-1047
979
-219
158
-1022
-955
0
646
378
-168
-211
37
-685
1251
-549
-694
-1114
-963
-377
1206
-1204
294
715
1136
0
1380
-376
126
-69
399
-645
-235
-415
0
-67
-270
-191
1091
121
326
-430
-1301
-96
-322
-1352
619
70
-207
-557
1024
0
673
-56
-1236
-224
-361
641
-1049
332
-504
-679
-1024
-643
-1098
-819
445
918
-728
-1218
-233
-1050
-854
-231
1168
762
-33
1132
-516
-686
199
694
-1066
96
-1121
-102
0
1399
766
462
334
-770
-1137
482
200
-713
0
1250
240
-395
40
1132
1244
855
-140
34
-879
-46
-788
-116
-34
701
-273
209
-153
572
-1271
-69
-21
-1189
-1295
0
-453
559
790
737
-1059
1205
905
382
44
-222
348
-84
-359
52
-585
115
0
-555
346
266
-1108
0
-44
-279
-1257
-395
-151
-55
-1075
-827
-1009
-272
-424
1243
760
-1158
465
465
-1162
-123
1029
-948
-220
-167
48
-861
-911
678
1208
46
-66
0
1120
-1153
1006
-43
-14
314
902
-141
-263
1052
-338
269
175
1145
1325
-525
292
973
-514
-587
-701
655
60
240
-337
259
-110
-504
239
133
791
0
-701
95
-440
-275
0
-58
-74
-453
5
754
-119
-185
-1141
100
1300
341
366
115
1225
-1162
-1399
817
-351
710
-1128
-10
-985
-991
418
161
-1030
449
458
-165
196
1365
1153
-750
-792
-222
-449
1161
-512
-768
-31
227
-263
-695
392
338
1423
-184
489
1208
817
194
-168
-737
-88
-698
-414
-339
193
0
0
-660
349
-159
149
-758
-12
-910
-564
686
-326
352
781
65
-368
-647
-191
-1124
654
1075
485
237
125
-354
-1030
777
-123
277
-1095
-1162
1166
1279
-640
1480
-728
-240
850
-145
-41
-362
966
288
-26
645
1030
1330
439
-553
1168
461
764
-448
1
481
114
-176
-44
-402
-552
310
718
0
785
0
568
635
-209
63
141
-367
1066
503
0
157
-619
32
-417
373
-355
-22
90
793
118
134
576
501
714
79
730
-507
679
-359
748
1052
-226
239
-998
155
71
1145
-1029
458
-701
-106
-64
-375
962
137
16
-1194
1143
-123
-498
-690
917
916
-134
396
83
-182
-741
423
-97
580
488
209
-608
-326
712
-645
229
887
876
-334
655
910
-158
-812
9
-699
790
380
-1054
831
-60
67
-9
-1187
-422
403
255
-341
-861
-575
541
785
-568
-55
685
1171
0
0
373
386
1031
134
-225
290
-426
-1096
1332
660
248
201
-5
-583
210
-190
-608
-215
-1029
-243
0
-425
134
750
-758
87
-945
-274
-773
-296
-433
-360
276
855
-226
-210
-557
480
-1416
-977
783
522
-614
-105
-703
40
-456
-320
-1033
0
-80
253
678
-1158
742
640
-133
-777
1133
855
-220
-412
130
194
-15
795
-156
-861
-218
-1138
857
-557
-720
-930
685
-352
343
-977
0
319
-199
409
-1270
-1120
161
1238
104
78
-1426
341
-298
-1208
1096
28
-112
518
-293
-205
-304
618
-272
402
-699
-1187
-1121
-156
442
505
-841
1049
-342
-149
-892
0
162
-348
0
442
0
53
0
-72
1075
-1040
778
187
482
224
-1208
44
363
-68
-476
397
-694
604
773
848
-856
770
-50
1352
-1097
-184
0
299
149
-289
38
1100
-1037
379
-577
-723
955
1283
-236
-792
-293
-990
955
-3
-1004
-350
-314
-1079
-704
927
117
612
-735
-246
-599
983
-54
963
655
-1
-517
689
-121
-45
-521
-443
-1141
-1417
-643
668
-17
-22
114
1251
-566
349
129
365
-276
-340
0
-609
-320
-98
-597
-73
-26
1178
81
167
1145
-377
-628
-87
-579
1138
-1162
676
91
-250
257
-545
691
1168
605
480
-480
-701
158
1162
-195
660
-257
-1010
-1172
89
1043
-106
-487
-648
-71
485
-213
648
-845
-161
255
-613
-351
-770
466
-530
-573
0
404
257
203
54
707
-736
1038
-90
-969
-833
-44
-34
-905
1278
-343
-304
931
-326
901
-556
-390
-1206
-657
90
969
363
-728
157
-240
550
1029
297
701
990
-264
0
-187
-1283
381
-287
1085
-1240
1040
341
-736
-419
-29
-124
-964
-157
-489
773
-425
-1020
742
617
1072
-356
-902
-320
-302
290
-209
237
1161
301
460
-402
502
-50
1262
370
215
-247
-43
-201
-97
1285
-96
393
73
-1076
279
-1370
0
322
110
948
-696
-525
-271
850
-683
1345
-633
969
-80
1229
701
-777
-1251
429
836
-326
-686
30
638
-704
690
-332
40
-94
-400
-975
-611
412
297
35
543
-244
150
-66
-1285
1010
1157
1247
932
1096
-1141
-94
-486
0
60
466
115
131
883
0
307
0
0
-798
910
-914
-395
-614
784
-437
1212
37
-578
0
-266
-62
-170
-261
-370
-302
-1220
-207
-162
106
188
1239
47
307
0
453
-989
-52
-1384
-362
475
915
326
-1104
-779
105
-622
14
-685
32
-244
970
240
227
1
0
-51
453
-873
281
506
-832
-212
1188
310
-1091
-1257
182
-801
-894
883
-147
-13
0
616
-424
572
-1121
-1077
10
-486
-408
21
187
423
1109
-28
-258
-370
149
-373
-1210
889
-351
308
282
248
-1158
-695
0
507
-144
0
1083
1130
-301
-911
0
-398
-353
-152
-169
0
138
-733
-101
337
119
0
-302
965
-238
602
130
887
-536
-1011
-182
415
-736
-991
-511
905
-724
22
685
846
-817
-1420
970
242
720
625
-1191
-43
1203
1040
-551
-226
-13
-896
538
905
557
881
-735
-89
56
784
-139
909
76
643
745
0
-20
-645
777
337
91
-723
199
-476
430
-236
310
-30
259
342
-71
193
-718
933
862
22
479
1202
-559
733
-248
770
-547
-1016
187
-267
-188
366
14
1364
-110
677
-492
991
-73
287
270
-53
-151
-917
1039
-953
-608
-160
174
-539
827
33
-542
-931
382
-516
-373
1077
-8
-51
967
-425
-201
-709
-159
-395
-289
95
420
109
41
720
-42
-618
625
136
-119
-440
1070
194
228
-770
7
-4
-817
-460
-134
-639
1332
479
-1097
965
-329
-1157
431
-240
53
450
-203
847
-213
541
-736
0
101
-523
-1308
127
-701
-74
-77
-649
22
-849
45
1204
-282
8
284
379
641
21
-56
-39
87
153
366
-255
-329
-197
-450
232
1169
392
-931
766
-406
730
162
-685
-126
-1136
0
-708
1394
41
-611
-137
-810
65
-844
814
-142
-17
-1089
-66
640
-674
-1317
-127
-163
-1114
118
-784
382
142
1150
-379
425
852
-556
0
-744
343
-368
448
-645
-202
1093
161
-41
-1227
101
1054
39
959
832
-523
367
-1136
-955
-27
-270
-122
0
932
-297
336
410
367
-76
980
-223
310
654
-1050
-627
-1130
-15
406
287
-407
109
249
-285
-619
-635
1177
-904
-924
-70
1000
-20
-353
107
-1447
97
254
-31
1137
-414
0
-662
485
159
8
-179
32
-1082
-203
784
-699
-223
-261
185
728
1107
1114
257
-225
817
334
-1096
-487
236
-1047
-74
80
246
-838
-55
-759
-196
-109
-55
409
-797
1303
-24
209
-829
-1012
-779
125
-675
159
255
-410
308
-1095
-111
-547
-271
521
-119
-110
404
-601
243
302
1029
-324
718
-136
637
384
-746
161
894
-653
716
368
-752
-415
330
-1345
-339
1227
-760
-802
-410
-575
1206
483
-140
789
321
444
-561
0
-993
73
-575
1056
849
0
917
1140
197
-960
250
-556
-215
-1297
-619
81
1030
192
629
135
7
0
-363
795
-395
-496
339
-463
190
-173
-720
52
271
-560
264
1144
-861
836
-1381
266
-132
14
-45
-152
-1010
-382
-532
136
-275
1381
-342
-419
1012
45
248
-350
-392
-492
-1015
-296
175
-1051
955
337
1308
219
1093
-1416
48
258
874
0
-1223
709
-731
-795
0
-918
336
1009
719
1147
522
335
737
0
-701
422
125
104
-722
-575
221
-353
74
-748
106
1187
-1235
-1220
238
-629
706
-983
181
1127
148
-233
-292
-817
351
-1083
-292
1027
-42
-430
413
-522
3
530
-65
25
-190
1208
-63
-8
-537
-43
-436
788
-1447
-476
-208
764
-1024
-66
50
-144
0
-716
651
-88
17
-482
-748
-1050
154
1166
-244
-1047
-572
-146
1281
510
-212
-1206
-71
-1191
121
1091
-515
-1168
167
1088
33
0
1031
0
-779
1054
-1399
-712
57
-1050
-979
65
-492
269
-175
-45
282
-101
-282
1146
-1257
568
-969
-470
769
208
-95
-36
825
-401
1152
-351
510
-326
197
-320
58
-1001
-468
-189
-1195
-196
-700
-362
98
82
493
1248
-462
-338
-353
643
154
-240
-1202
-177
-485
0
-517
-358
-749
192
-398
-303
-679
-521
-58
279
-639
-248
-437
-376
-904
320
480
-1127
-660
98
304
-39
574
357
0
-42
479
320
-296
1124
1158
822
-746
-469
-1013
1167
-231
351
452
962
-1056
-139
810
-508
51
-268
161
157
278
19
-566
341
-261
-48
198
627
-725
966
98
-711
679
-496
-994
-767
85
-1135
706
159
116
-451
905
-24
712
103
-365
-412
0
514
-703
-307
480
-1161
-660
80
261
-34
112
-58
-676
-261
0
-492
-721
1202
0
-2
222
-302
-801
1144
-102
442
1290
-763
-467
-720
-39
-281
890
0
-1071
-941
460
-1245
455
-151
856
836
346
283
26
-273
-81
-393
236
-971
-56
-679
-683
-234
-786
643
607
0
716
495
59
-327
190
-1115
-489
102
-649
367
-845
-623
1304
457
781
-231
983
543
102
-47
-350
-1214
-698
-202
322
-320
-957
-1187
-188
1349
73
-248
2
-53
272
-1098
-210
585
-1090
485
-640
225
519
38
-119
-411
898
0
-696
-539
335
432
204
539
398
1162
-795
159
0
-709
0
48
0
-1371
1024
-20
209
-914
351
-498
-459
-200
-379
700
-272
621
-66
-1042
29
78
-63
-773
-1345
-712
-1012
-595
-1133
281
520
45
-1176
0
647
1134
-849
1010
-37
-34
-127
-425
-930
-242
338
-617
-297
626
836
-359
-388
1029
-1191
746
437
-693
367
-84
-256
861
-673
176
789
-589
-146
449
-177
700
-340
-583
0
788
-56
23
-1012
258
-313
-980
-910
-842
-435
186
-685
-233
-253
-23
638
-341
404
1051
29
18
1201
382
-438
-575
-842
541
-182
-434
-788
385
925
1184
267
-962
349
-521
-1399
-1336
92
838
502
274
273
-711
-1149
-1244
857
323
390
-329
317
-169
371
-454
553
-519
-909
1132
0
-1191
470
-232
87
362
0
785
182
181
0
1071
-635
455
44
308
-175
878
694
-449
172
-552
-64
439
0
-587
209
-1154
-489
100
1161
-268
459
1031
-114
-402
-1023
-522
372
-802
632
511
1189
-223
202
321
-345
179
-1132
817
325
850
-784
-579
927
822
175
-272
712
-126
839
-145
-847
55
-831
174
28
368
713
-910
0
-201
409
-825
-1362
312
-1347
-213
700
392
0
-624
-11
-459
-629
713
-300
822
-141
810
388
-382
0
-181
204
-990
-152
-679
1114
-473
-417
1260
130
-459
-325
-17
271
-946
126
1064
-990
680
-96
-1187
0
64
-176
91
101
-158
314
-474
-264
-750
1051
260
-694
502
-1150
-1415
172
905
52
49
-465
-137
-226
681
752
-85
-953
789
744
-848
-59
276
-933
130
1156
377
-208
-1336
-375
-343
-291
0
-336
-970
595
390
605
-393
676
-225
1043
-311
857
-645
102
0
-304
-945
185
-48
-1042
-539
1371
363
0
1138
962
2
798
471
581
-7
-26
177
588
698
746
70
-61
-112
-1115
-640
-420
-844
164
-81
56
-96
-159
-384
1191
190
0
465
563
0
92
-676
0
-83
149
-911
0
94
-932
-608
-801
57
275
-316
910
-1168
883
-851
351
187
-266
819
-767
188
913
-253
-596
127
-379
0
-528
72
1227
-425
-243
1055
-1223
-1052
-340
-448
-607
233
-356
560
899
326
1345
-534
180
698
801
-382
-258
-730
-303
-1090
-30
1034
-895
589
394
-472
910
-386
-10
-577
-384
1154
-841
-124
-629
100
-42
497
-122
-626
420
-651
136
-193
-528
221
-603
-215
-681
1374
723
-1381
-640
-1374
1040
80
-172
-681
-1416
679
729
0
971
1206
898
-16
-590
-590
1201
-180
-1208
-139
188
-524
891
-641
-154
-170
-254
854
0
37
-1138
-311
-309
-608
-800
742
945
-419
0
-173
0
480
841
905
-147
560
-317
641
-249
-1199
370
-57
0
1264
728
586
-131
648
-54
-103
-946
589
160
-61
-608
1022
-350
189
-513
-1066
351
-580
-1037
-55
-34
-1263
-301
701
-73
482
-408
-69
-1075
-142
-1298
-747
834
-649
-1023
-22
-75
339
1047
0
-315
-173
1253
26
952
0
-226
-941
-989
-1203
1176
-1064
-222
0
273
-1075
603
1114
575
-314
167
154
185
354
-23
-121
-100
494
304
-29
62
-821
189
5
134
-577
-19
390
-564
912
409
-120
-747
1439
339
-1145
861
-157
480
1191
-919
945
109
529
-921
237
960
-466
-148
-910
-182
-360
-1083
-510
800
138
-1223
-485
-589
-647
0
645
552
1115
-203
-281
-201
-236
648
-901
1100
0
-883
0
998
0
-517
561
-306
1158
-168
81
396
-461
9
1251
-39
401
38
325
1080
894
-202
-607
-43
0
-912
969
-472
-592
0
-232
326
414
441
23
1128
-766
341
-425
205
-1024
-695
354
-153
-443
-700
410
701
1236
44
-790
298
94
576
-176
193
0
-1251
128
542
184
-1089
634
564
-1089
-404
153
145
-119
1043
612
-917
441
60
-425
749
698
-1092
530
-79
269
921
201
691
133
-1047
-69
-1162
-1237
134
-1061
101
-579
-253
-367
-641
-408
0
335
-1072
-461
0
370
-378
0
-172
-1127
145
204
-1119
-271
139
-128
-318
698
-92
1143
445
0
-882
-658
-2
617
-793
-384
-252
-508
1117
-731
103
676
-229
-637
-535
-637
-566
15
-82
-448
202
656
-248
-344
-494
1052
-1079
0
-1077
0
-280
0
-529
-555
-1098
-1189
0
890
-32
-1177
-216
294
715
-705
87
-177
-30
-242
277
1
953
-1383
-1187
-227
-33
681
1074
421
254
-991
-564
-1019
-598
899
1172
80
752
424
-575
-197
-155
-770
-195
-857
735
678
-874
-187
-201
683
354
-1154
-325
0
-256
-5
471
-231
1040
-466
685
-205
443
1332
-168
21
795
-770
-372
942
857
-140
79
367
-226
1420
272
28
386
104
688
-955
176
210
65
-1115
35
1043
-436
-52
-298
-1024
-414
-117
103
-36
-312
-338
1113
-727
114
35
471
1212
-1001
1420
562
-824
-575
640
-918
342
969
-489
-930
410
-1152
0
0
0
-493
483
-328
-79
0
768
-1257
-301
-365
-789
1265
354
-55
199
-1010
252
992
-97
189
-1121
0
-909
276
790
765
240
-581
-74
571
-186
264
-817
-763
-123
-383
-782
-741
-742
932
981
975
-67
-929
0
-380
-560
-1090
-163
-344
-423
-480
-225
-496
-966
-1
488
-770
-145
744
50
327
-589
1317
170
-182
-264
788
0
402
-1092
-43
281
282
374
253
413
0
648
353
-1124
854
-114
298
-154
-776
-502
-54
-490
867
-26
-197
-712
-521
744
1149
186
-538
214
-265
-1047
116
169
-65
326
-547
-345
-979
998
-607
-185
-892
-193
0
0
61
-147
-1
1024
911
-1153
-628
723
1098
0
37
690
-615
-299
682
-268
-509
-13
-188
-202
53
211
-207
-285
-1027
-193
441
441
-918
21
-1009
0
199
514
1
-440
914
-4
713
-178
1317
-864
-950
1006
-485
1187
-1166
0
-1220
248
452
-1052
326
1083
111
-326
446
1127
336
442
-163
49
-362
-1064
476
-443
858
1336
-276
122
-186
829
-647
-817
-322
276
443
292
261
-825
-690
-449
75
-58
258
831
1283
0
437
-732
164
974
-385
155
541
-999
22
-647
-281
225
38
-289
338
-789
1053
-257
-257
1
-1102
660
283
-1114
212
533
378
-55
43
-305
-433
-213
108
-901
-843
80
351
0
633
0
267
-338
698
-234
-441
-236
529
-404
1121
575
301
-248
524
-137
-400
1095
-182
485
-614
356
-591
-288
-122
-1143
245
-1096
-6
-134
-1251
471
-271
1162
-766
-848
1243
307
-1271
1204
1204
-1064
-1096
374
1161
730
-1245
77
-411
-4
-629
425
-297
615
414
466
281
-250
-687
2
-1042
317
639
48
-892
-139
283
-197
-691
1130
-672
-285
-346
739
1367
1336
370
331
86
-607
388
-902
-914
394
313
-480
213
0
0
0
-43
21
-146
-204
-228
713
-265
72
-542
-991
722
551
-182
1205
-502
656
-648
-1287
-1027
1090
-635
932
655
-1204
-955
825
371
94
-1415
-1364
-989
235
980
-472
763
-168
0
-260
-742
0
847
467
426
-227
1280
-23
426
628
0
-427
521
-840
-1002
0
1227
645
253
328
1054
1016
99
-485
-227
