-155
94
-26
30
-169
-10
-127
104
-172
0
6
57
-81
56
8
35
-88
-56
0
106
289
40
-82
-118
0
57
-47
10
-97
-209
0
93
154
53
62
271
12
138
65
18
82
127
181
12
-164
93
-14
-85
126
-33
93
0
59
140
-86
10
-38
12
130
-66
153
-169
94
-27
-2
96
-8
-130
-44
10
85
-225
-108
-127
-169
18
-98
0
-139
140
122
-12
-86
-172
-4
-157
-139
-56
0
-189
93
0
6
0
-10
-157
-29
97
182
-37
-36
0
0
92
38
19
12
-38
24
-83
88
-65
102
-81
-83
-169
89
18
186
-12
-35
9
6
0
0
-117
-86
63
127
170
-37
-186
0
-8
10
60
0
81
-18
-216
-89
182
-169
-26
-18
4
-195
-30
-17
29
-56
197
166
11
-59
-38
-144
38
98
228
85
-156
87
59
-6
-4
-32
0
-138
-93
82
-97
6
-115
-45
169
172
182
0
172
30
89
0
0
57
-104
341
-66
-78
69
-48
0
0
182
-201
66
0
204
169
-172
-182
130
28
0
131
0
51
105
88
169
12
-97
66
-29
-158
-228
-134
20
-182
-38
45
-81
81
-41
0
-169
0
0
-153
182
0
82
0
-82
-56
71
-20
83
0
-95
-147
-68
116
-59
-56
0
0
55
-148
88
66
81
-29
-169
-59
42
85
-57
194
-98
85
172
174
-38
-116
-182
26
139
35
56
-248
30
65
84
-38
-10
-127
56
-239
-47
183
182
-18
37
95
-138
98
65
172
0
-38
56
127
-63
-169
51
-18
12
-65
65
0
-69
94
56
-85
59
-166
31
10
0
0
-75
169
-201
57
-85
56
0
-175
95
-130
-83
84
-158
186
35
176
227
0
-45
-65
44
10
154
186
52
118
127
-127
104
-122
-26
57
-195
-158
37
-169
130
-145
-71
53
81
-169
-25
77
164
186
227
-4
-169
70
201
-201
-109
175
-82
-169
4
-39
0
-56
0
-93
-93
76
-69
-35
41
373
-235
81
0
-85
26
0
-29
-38
33
201
-61
138
-127
-42
-127
182
-201
-258
310
32
-88
0
-103
-182
81
81
153
-28
2
2
18
-201
-65
-35
6
12
-26
53
0
-182
0
-66
-64
0
144
-4
-54
170
-63
81
-228
218
-35
-69
152
29
-184
181
-194
39
-138
-41
91
3
55
85
0
38
-98
290
-172
6
-56
-53
-1
-1
-8
-169
0
-38
152
-82
66
-118
89
0
164
124
-65
171
-94
-48
-78
-98
125
169
-123
-204
-120
-27
119
89
18
-88
-144
-138
10
30
-219
-104
66
-56
-35
-1
0
82
-59
-101
-65
0
88
-39
83
20
0
-173
73
85
-42
-18
75
-127
115
-103
-158
-132
-139
-94
182
-141
35
12
-48
2
-61
138
-37
130
88
12
169
158
158
-65
-97
-169
0
202
-84
-30
201
93
35
-138
93
-270
-28
-84
-70
-138
-69
207
-36
0
-127
6
258
10
12
189
0
127
235
194
-59
56
-37
18
30
-18
57
-169
0
-30
32
176
11
-7
144
0
29
271
0
11
-59
42
0
-184
0
59
-44
103
98
4
85
-64
-140
-30
-207
172
-162
-12
0
-18
-30
-38
38
-37
148
6
45
56
239
83
71
37
-35
98
-226
0
-12
-46
-2
10
76
71
-201
-181
-56
1
-75
-49
-12
-98
-246
-201
4
0
71
-45
-83
8
169
118
-81
-159
98
20
-68
-12
-117
157
182
-4
-37
169
59
-18
28
-201
44
-84
-89
-64
44
62
-120
0
37
-169
176
138
91
-69
172
0
-130
0
12
83
2
-30
-11
-71
166
81
91
-65
-3
0
128
81
0
-30
-59
-57
47
17
-130
46
-29
169
169
87
-169
-83
182
55
4
-170
0
57
99
-126
12
-55
0
82
69
-88
-152
57
0
117
30
182
-82
191
140
6
0
-119
-54
-87
-127
56
-30
-138
-138
0
88
182
6
55
0
201
201
0
-37
38
59
-85
29
0
-66
255
0
0
-8
-187
-140
83
140
127
0
-93
169
127
-103
-257
228
-36
28
81
127
0
22
182
-38
175
83
0
0
-93
57
56
-158
-127
12
1
-65
81
-87
-14
-43
30
-38
-152
148
-18
81
-290
-1
0
35
0
-66
-56
0
-40
98
-64
26
6
-18
83
-10
43
-89
93
169
-195
130
-182
182
270
65
213
-182
-89
69
-26
108
-8
0
-98
-4
82
71
-201
151
93
-11
0
69
0
12
-81
66
-98
-119
-201
0
158
187
85
29
45
-19
-166
-138
182
202
38
4
120
-98
126
-37
-11
0
-88
-76
22
30
87
186
-59
-85
37
130
-66
130
89
169
-4
82
-18
201
-18
66
0
-16
47
37
169
81
-6
57
-83
-201
-3
10
-28
0
18
-201
66
27
18
-12
83
107
166
18
0
153
-89
0
0
-170
186
12
171
41
-46
93
-68
98
-89
-182
0
12
-169
172
-158
-108
44
-130
49
-6
128
-159
-89
8
89
148
0
164
0
89
83
-26
-81
116
65
-201
-126
-83
-33
83
-93
53
-18
-89
100
-182
81
0
182
-44
37
-59
-140
226
0
-182
-138
-2
-124
-127
-134
10
41
119
0
-169
-47
85
-238
-98
12
-11
2
93
-187
-81
-3
56
83
145
