0
216
-411
239
-1024
39
517
-340
-369
-169
-567
-521
545
-462
883
88
-414
-180
-193
210
-27
-397
0
-572
521
-80
242
-47
0
502
624
161
0
463
-200
242
-396
410
538
369
-246
-244
-318
-669
-492
-678
564
-97
126
-451
-89
-510
546
555
27
-74
0
-211
-227
55
-939
-321
583
-951
539
-415
-485
-417
-625
-307
-238
596
396
60
823
481
51
0
241
-574
-286
-17
200
-246
369
886
-416
492
-827
-17
-254
-528
-318
-813
-572
268
270
-345
596
-268
0
-479
947
533
-248
2
549
114
-277
521
-68
118
0
232
922
233
-588
403
0
374
37
265
72
-125
410
54
354
152
215
-352
-1075
166
-507
-153
-591
207
-553
169
615
-65
-821
457
-420
678
-304
1014
12
791
41
-667
186
332
320
-391
-213
784
497
-477
94
287
614
338
-426
-155
-852
352
-231
802
-172
453
-14
-226
494
-141
-745
-567
285
483
-320
132
700
-227
-409
0
42
291
-5
-59
-466
143
604
-332
279
-144
76
113
-575
244
385
544
-258
-483
347
-386
603
419
-524
-638
395
456
-218
-668
-36
-517
-611
-382
295
-414
-269
151
-147
-463
-617
-638
663
-176
-238
-757
-50
62
509
572
-536
-326
-544
-29
-424
479
344
41
369
-68
297
0
79
-796
96
-146
100
-246
306
634
-321
88
347
299
490
-562
252
-374
-447
0
124
-329
-283
-403
-688
333
-247
0
314
-921
-456
496
340
537
729
645
1132
276
245
107
-38
157
345
0
494
191
107
603
524
201
476
-674
250
310
415
-644
-588
-37
-257
422
682
1032
359
355
253
440
-72
-476
-384
222
855
50
-213
-354
537
-114
261
343
0
0
-77
-197
-405
265
708
765
-515
517
-230
934
-517
512
-7
-324
-172
539
479
0
-416
524
-101
-286
682
566
-482
407
-113
873
-35
-240
-352
-104
0
-276
-185
439
-119
-650
-246
-361
905
413
16
54
-445
-69
-62
0
-529
-360
-144
-250
401
463
-731
278
-51
-29
-822
682
24
0
284
-183
232
-727
678
269
886
-806
-98
-823
-204
0
61
-364
-443
343
0
-310
889
-316
-54
-80
-85
-326
449
879
-411
122
274
535
-6
512
97
-532
-742
318
890
240
571
-138
596
559
933
265
29
78
391
179
-237
840
-274
683
80
-182
733
283
269
0
174
-402
803
-493
319
450
-469
-200
285
296
-14
796
666
757
167
766
-634
-395
-395
-63
32
-427
20
347
90
25
-123
-91
0
-533
-160
-700
346
-46
-28
374
153
588
-521
-320
-146
-857
839
-51
-643
160
138
185
-293
-148
-729
0
433
700
247
525
-653
-495
435
-7
60
-114
-342
-273
-60
-637
772
-663
-542
-424
-191
244
-524
204
-204
163
-437
740
-695
55
319
-257
-405
-437
0
-180
-156
0
271
-578
382
71
-414
232
210
482
110
26
-598
444
-92
381
404
-536
-395
204
798
393
887
161
-615
875
207
-483
1003
0
296
-64
-257
0
-107
296
-56
356
461
-104
644
-101
426
-468
805
608
235
482
59
614
660
332
-816
236
-522
54
269
-189
548
211
-487
0
192
73
-451
457
-150
-761
-262
330
-602
77
0
-139
765
315
-918
13
521
-510
-57
-886
530
664
-130
622
234
-140
-417
200
-279
78
-281
-673
-923
-274
0
746
-541
193
29
353
-658
-383
261
-60
1180
547
-532
0
0
532
-132
196
-663
-724
-465
-625
-40
-879
-17
347
-248
-546
-164
243
-323
576
331
47
346
633
181
677
533
-338
339
524
-112
32
-169
-616
-897
0
199
-213
-694
-415
-827
-267
-241
203
-122
164
63
304
614
-341
120
-628
-512
330
424
314
-56
-816
-443
-233
737
-133
-437
-152
-274
241
414
119
-344
-201
901
-335
-1063
80
334
157
0
-482
-78
-13
-73
-308
-589
1009
79
246
191
-250
-724
-416
-66
-824
-234
-87
21
347
-402
138
237
292
-195
-160
851
-241
289
1142
-410
258
-429
-382
595
99
-396
-328
-244
0
420
-23
-629
77
0
523
-576
76
0
-493
481
95
246
490
181
-514
274
898
285
-216
35
35
750
-183
72
-361
244
1091
-405
-65
141
-642
575
347
268
-776
-25
-197
401
631
240
397
931
-190
137
-594
267
-443
-530
380
130
342
530
36
465
1066
769
-456
140
512
-287
237
-359
286
-457
40
236
541
430
404
-437
171
0
521
-681
-523
506
-182
48
180
-66
369
132
-815
-1328
-1008
-206
125
-63
-411
595
-312
-396
-512
313
69
201
-317
131
488
-157
68
856
301
-68
603
-35
-178
-400
349
-274
534
825
322
-596
803
-583
389
-13
0
198
1047
220
405
869
402
-388
142
-842
114
-175
375
-519
34
653
50
936
223
-1145
-303
532
610
145
-50
233
0
333
-406
-4
-786
242
-168
-907
-772
0
-221
-363
222
454
-949
-288
-237
202
181
-3
-106
-1064
735
-474
-385
458
114
415
285
231
332
200
-601
247
0
-533
405
-645
539
-38
509
-738
-146
398
-271
73
48
34
-409
363
573
943
239
-1104
485
0
464
292
86
-283
317
71
-69
-952
-711
-476
261
485
809
-356
629
812
-80
1103
179
148
263
28
7
235
236
-451
243
80
-429
0
-122
-27
-761
-602
0
508
466
-202
556
45
-161
493
-112
-194
232
-389
701
-597
-851
456
67
-542
92
97
266
37
-348
72
-288
521
-94
654
-378
693
-340
154
704
-405
-405
346
119
-959
-382
655
642
318
-824
-277
-651
-549
-271
542
-732
252
681
-163
136
293
-338
337
44
-905
245
-402
35
202
-329
49
-561
849
282
-665
-512
285
-360
-808
2
-591
18
-175
-28
-503
241
241
194
-545
669
402
228
108
-77
-120
159
-65
-448
105
90
35
288
-111
-676
207
0
-266
761
-967
-103
-422
121
-41
35
239
267
88
313
-23
477
671
652
-645
0
-692
-463
261
-32
740
440
79
-473
-594
106
-979
-275
-493
486
728
26
0
-487
867
445
-465
458
309
633
76
460
487
-168
-261
-103
712
-107
-279
55
232
599
-455
138
-167
905
838
-350
-172
-244
355
4
-307
-578
-440
-316
-236
-734
-882
-416
40
-4
937
475
792
-72
446
471
-920
50
-894
-58
-402
368
257
894
-324
610
-532
-196
506
494
87
-292
-428
125
440
-366
-725
34
-608
-1135
-443
-105
753
112
-333
-107
713
123
7
-80
392
-62
693
-26
-354
-866
245
280
91
373
-211
-331
397
-895
-489
59
-234
802
313
-48
-329
168
-68
-564
-654
144
-57
-851
-648
-709
-743
-357
357
-648
84
-285
-90
500
-63
493
328
-435
21
327
-905
-298
-613
-568
206
396
394
575
839
327
-80
-507
-751
-211
-142
933
539
-697
-52
-515
63
-108
763
282
0
563
233
92
15
-27
284
-88
294
-1085
22
198
-367
104
314
229
189
-212
13
0
0
1119
372
633
-157
-700
-493
550
-499
-552
-388
530
-320
21
-62
-762
447
464
0
-578
-297
-420
-68
266
-561
-20
147
-544
-240
69
0
-500
-217
-405
-539
318
-717
-146
-782
-251
-417
-231
-594
395
-27
517
-404
-66
136
-750
225
-158
0
-85
380
689
-918
-773
16
-343
86
497
400
-788
-316
-495
-665
266
196
242
477
31
-116
26
624
734
251
268
-95
703
470
-1019
147
269
-59
-414
159
-271
76
-826
-573
542
72
455
-242
-416
-484
119
310
105
-576
239
180
-464
-710
623
-346
243
-241
12
-350
-592
150
-206
0
218
-344
20
-589
758
35
-1017
-173
-1085
-454
-538
-450
-52
-46
-298
0
-577
-164
-386
863
263
-4
120
756
49
7
-334
0
364
483
-442
157
381
0
-401
-737
340
68
-88
829
267
-236
-482
-335
-32
-450
-91
395
-386
-356
-269
-243
361
-167
-81
-190
-155
-225
440
61
269
306
-533
-667
-148
272
-341
-152
215
235
461
504
194
-876
-243
386
-665
-368
-295
135
675
-305
296
272
285
-224
291
-275
-725
607
-574
533
281
0
242
62
-386
-78
-489
-139
433
-200
-321
0
501
483
978
-602
-139
-16
630
-732
612
316
231
728
0
0
-224
372
428
310
914
-265
-225
69
63
-128
312
-108
187
242
-252
-426
485
0
275
815
-333
-577
-110
118
-847
580
45
-231
-550
170
201
6
512
903
14
-201
-32
59
273
277
-253
-672
534
296
-536
222
-89
135
-332
65
511
545
390
117
-280
747
256
539
-680
35
560
-191
657
131
-128
0
-429
-835
-34
-331
-555
-142
51
-140
-221
6
167
180
-280
-347
880
755
0
261
-231
622
-789
47
61
140
-340
568
-17
-102
-307
45
-665
89
237
1029
400
382
320
-390
979
-811
459
610
780
190
-158
458
-424
-299
396
0
-142
285
33
-664
757
-739
282
-459
-335
-134
-74
304
4
207
-536
-69
297
-369
-440
282
806
544
-115
116
-103
-472
318
492
581
475
96
-241
-343
186
193
-181
840
300
69
374
-746
-493
481
329
320
236
-27
334
-201
-64
620
-145
204
205
0
352
-664
-737
174
173
-345
195
241
794
-815
532
375
-190
493
-404
717
-13
180
-66
236
236
413
-278
760
-17
780
297
-243
-223
722
-993
314
337
-451
44
-464
-318
236
10
-590
236
199
-53
263
372
-36
0
-255
-80
0
-446
0
-914
-919
1027
248
-797
151
-347
-609
-273
59
-236
-981
-241
0
0
-257
-37
688
-284
334
-359
385
396
316
405
-482
306
-508
-577
-76
915
-297
219
-440
-410
-716
891
442
-406
613
161
597
-970
243
-948
108
-236
89
-530
176
-571
388
-585
926
-503
-849
848
539
-161
359
0
273
-850
407
655
-103
535
-322
58
-439
297
-669
-268
-553
-653
512
-138
0
675
275
386
-402
247
-969
-373
-296
-310
-196
50
318
223
400
-712
-741
559
-829
-214
438
426
-299
-99
-434
726
-271
-211
1014
-28
-585
603
-145
0
-163
788
-330
570
195
0
514
588
-366
-323
-26
-636
-45
-1068
-528
-128
276
-595
231
-651
-97
0
834
-574
89
137
0
791
505
-493
88
404
-415
297
402
202
-478
16
772
547
108
669
-336
830
-405
476
42
481
-167
-50
-98
-859
228
496
-468
360
-521
-589
241
202
11
-474
-866
-324
782
-342
-444
361
316
-33
511
400
-848
-410
0
616
276
137
-381
250
405
752
-274
-517
758
361
864
340
418
-66
-663
-79
706
881
499
-386
-3
385
-265
0
-395
-462
775
-353
0
486
-95
274
-158
748
472
225
-534
282
488
620
-647
-665
-416
-536
-802
634
71
-661
396
-440
718
699
-787
93
37
332
-797
339
345
43
-661
216
-707
463
178
575
-414
574
-575
20
16
-5
-647
966
685
180
-508
-361
70
-96
741
-108
-414
446
33
837
-276
-17
-5
-848
216
-1051
483
-318
468
45
36
-193
-210
-221
869
44
404
375
405
0
14
7
-595
401
822
-622
-748
574
-103
-164
35
-579
761
507
659
-271
600
247
-245
-99
178
-306
158
-274
-298
261
105
-152
313
0
769
-486
211
906
572
615
341
-336
42
-89
-350
0
290
243
-349
287
-793
323
216
-779
361
366
414
257
398
388
507
529
-241
402
273
-880
-417
339
-49
565
87
-326
-334
-48
43
0
-274
-204
-443
-390
0
-533
-127
-122
311
239
9
-678
-151
438
-107
130
-484
-572
-541
-752
-745
279
-789
208
535
394
203
385
389
0
575
-687
206
415
-120
133
807
72
252
-26
-539
-366
-595
415
569
0
0
36
-198
-118
55
344
0
-63
247
-182
-34
1071
-477
361
-279
-362
-763
-226
-453
297
-348
100
521
-11
-548
-106
113
658
-87
80
111
341
-639
-167
-296
238
981
-257
-229
826
387
-199
-401
-562
-385
976
-51
-503
179
-217
-178
119
-235
574
283
0
-487
-522
-72
556
-32
371
-177
-313
-152
528
219
-492
-180
-277
-574
435
369
278
251
-1042
-518
-725
-274
-536
0
-507
299
-535
171
-493
153
-409
0
-831
303
7
125
405
301
-274
-24
-871
879
-535
-364
-731
134
153
803
-153
45
85
-572
-735
207
547
265
-224
83
-204
517
98
-348
753
-743
-570
-553
-146
-446
201
898
193
79
250
175
-269
-607
-6
516
-44
-404
215
-228
0
113
-402
426
998
119
175
439
665
0
109
-244
267
-840
526
-478
675
440
574
217
-401
-63
108
561
-649
0
402
-218
-245
532
-753
-282
468
743
403
-450
0
-319
149
0
416
0
-219
97
-95
53
-108
-521
-195
318
-868
554
-169
208
558
-105
364
0
-208
-136
-750
0
724
417
402
-517
-84
-460
125
-517
210
-152
628
81
23
977
121
-553
263
314
515
-504
-38
174
730
-236
76
450
288
518
787
210
823
61
17
-492
-422
56
520
573
0
437
484
-2
-439
-135
-225
203
-98
-167
58
78
-907
-640
-76
-579
-247
-371
582
335
-25
-910
-482
-346
-167
484
0
309
-458
133
349
-102
443
398
-28
-148
678
530
-555
637
-660
0
602
-278
-120
-271
-774
198
494
347
-77
-375
-319
-607
-573
-90
347
743
987
22
89
-273
961
159
214
572
-85
-288
-278
135
365
201
494
-274
50
-266
-884
957
937
231
-24
-57
-453
-234
-101
-493
132
427
0
704
-385
0
-438
-182
-630
666
564
4
-236
-576
0
78
-966
-147
-540
490
-393
754
-336
-78
1025
-738
-236
477
-299
531
533
427
-295
279
555
799
381
80
0
0
-1010
-319
319
754
608
250
514
-1020
211
898
413
381
-485
-770
68
372
366
-823
-440
296
245
243
644
911
118
678
-426
-756
-48
-117
-368
-183
-467
-770
-546
512
204
853
197
-194
520
-447
-48
-353
-427
-286
167
31
-405
-1135
272
-78
-181
-216
797
660
235
175
530
-956
4
-53
169
-601
0
517
237
-405
125
174
-225
-12
-353
-597
790
-1
-709
-259
-200
-567
31
38
325
100
309
-771
374
-763
-690
12
-395
-440
-411
-434
-465
-520
-208
-84
-397
137
-439
-641
-282
-617
-759
12
279
726
985
698
-126
-171
-430
445
754
-79
772
3
834
-756
215
535
-668
-263
-440
442
-952
395
431
-483
172
217
-31
-254
322
285
228
-57
-490
200
40
330
110
547
778
-85
310
202
-33
-765
62
-76
-275
537
-12
-610
-683
-82
-402
-585
0
755
-599
68
-163
-602
14
598
-47
-212
34
0
-549
-564
-550
0
-521
405
54
6
-65
356
845
-47
-312
0
605
-684
-259
-954
-274
0
45
539
462
-413
-683
-22
-160
-220
-5
383
272
130
266
-817
609
124
-233
378
673
303
432
364
-450
-227
-925
905
417
-334
257
505
-154
0
438
-864
-821
-343
771
0
-404
74
297
-714
-395
478
402
-707
-199
236
117
257
266
-357
352
341
-635
465
317
-232
233
-161
-84
-385
-360
-34
-486
643
287
161
0
-515
0
648
-46
-384
0
-767
201
-517
54
-343
97
446
-96
-631
476
487
-352
-162
474
287
0
533
-50
-842
398
-88
-393
39
-228
-144
-410
-934
0
-618
-90
-385
-66
-401
274
287
-833
-231
-160
335
-922
699
396
-483
346
-588
575
807
526
-311
-394
-281
-217
32
307
705
209
290
-160
52
-200
0
16
-756
248
-237
-415
-66
0
-493
13
765
102
550
712
104
-534
352
111
-374
-629
187
343
135
-483
-521
490
-727
-119
-424
-748
415
450
620
707
-114
-673
801
96
344
-366
-67
482
-71
-74
456
-29
677
-426
-393
565
0
-78
-80
395
317
-344
-621
564
234
165
-12
-493
123
287
375
-442
0
-72
57
-108
0
-412
-211
495
-167
3
271
-411
215
330
437
-147
-148
-1059
128
57
0
-45
-76
234
0
278
-265
-462
-242
316
-404
676
424
279
-402
-243
404
69
475
-334
-891
594
-411
378
567
-414
497
-850
916
505
182
-539
133
-401
-867
93
-319
0
-198
112
317
277
59
63
388
532
467
-57
-516
45
-97
-347
826
300
370
-357
-412
396
-270
-556
-515
265
-118
-493
1147
0
-354
494
-239
-125
-147
-271
-232
348
681
-234
-291
-360
-233
213
-568
277
-521
-344
793
-390
0
-436
-547
0
0
-574
576
-539
635
-589
59
-493
589
28
0
543
211
-56
395
-78
624
-516
772
-237
-102
279
578
82
-749
279
-257
-168
-124
-977
-650
27
52
152
-905
-155
128
580
0
-86
503
783
385
-608
-469
451
584
442
224
-560
286
0
-607
-117
204
-1203
-530
-1011
-340
-320
-263
-306
0
-166
245
-251
-398
-832
160
846
-807
-192
92
-936
288
-517
450
471
-285
0
-345
219
-560
-382
-463
555
683
5
263
598
210
1112
0
287
-282
-253
347
-170
-366
245
118
-751
690
493
-96
-424
167
-400
-75
284
-521
0
5
272
596
-50
-625
385
511
-645
61
488
-52
732
-339
182
722
-128
96
0
-833
-614
-520
574
-124
-282
0
51
-269
106
0
49
-560
698
-58
-148
-517
-199
790
-685
-299
344
-178
-483
-797
344
1015
-275
335
516
-286
48
-522
-481
230
-532
235
118
-611
-279
305
149
3
-162
700
744
-219
-44
0
274
604
890
489
1017
278
-392
203
144
-274
313
425
25
-79
-45
826
298
5
242
17
610
627
-142
-979
-167
-214
-725
-820
759
564
-212
214
-609
-8
-347
238
907
-37
200
0
594
773
217
56
544
851
-306
-654
-487
0
1013
557
278
235
-335
-711
287
-442
476
-239
170
-300
-15
-330
108
-181
-7
-280
-63
-762
0
-64
-531
-22
0
707
-392
588
-254
78
-5
-229
804
233
752
-591
266
224
-625
297
-847
659
62
-750
334
128
-693
210
-972
-514
-589
355
273
395
-437
195
-478
575
0
230
-319
446
-752
517
-35
0
61
405
317
-457
200
263
319
0
605
-32
-586
-427
-61
-421
255
532
155
-277
475
11
586
-121
-99
-433
857
-620
434
396
-437
738
622
79
306
193
476
-44
359
32
474
270
0
199
0
-241
-534
-388
4
-398
257
-152
-239
287
236
289
-594
-193
437
-690
-733
-609
572
-430
-502
-733
-86
0
395
24
-790
-866
593
-230
282
330
361
521
667
0
-716
-483
-278
441
-254
0
-245
880
633
-468
-521
-245
0
-640
-807
-633
-314
171
-459
0
-234
85
204
2
-25
274
-286
147
-529
731
-381
7
-929
-402
-348
-435
385
906
-878
0
-518
187
-36
-669
584
399
-271
-133
-658
-246
286
-483
517
803
84
-486
-561
-67
-528
-934
870
265
-83
17
-39
261
-375
61
732
-278
430
0
42
-169
0
137
947
280
276
403
-769
76
1092
348
554
213
-483
279
28
-768
-53
89
-27
-533
-444
-550
228
-193
-994
606
-444
-41
197
-909
552
-238
-99
56
161
712
-207
52
305
-124
-483
118
-911
827
106
-607
-18
531
277
269
-402
318
497
-764
169
-118
-147
402
759
290
517
-397
0
853
-151
169
276
539
-632
395
194
-793
194
-250
0
-378
10
257
405
365
-544
483
464
398
-411
69
367
-601
341
-100
-560
-147
-539
467
408
-498
-16
0
-370
-673
-269
68
340
207
104
-358
1309
484
-1058
198
-472
-347
245
-927
482
-457
317
0
281
-127
92
516
574
-7
-424
-708
0
23
946
-685
298
-742
-207
37
120
84
640
1197
715
-352
0
-361
-545
-894
705
-152
-341
-15
828
90
-236
0
232
31
958
241
14
330
-91
0
123
-323
51
485
-350
-783
805
555
-992
-398
0
505
0
682
507
11
301
423
30
252
406
-278
225
-160
233
-146
-284
-146
367
319
-242
-477
-30
-310
1003
4
-512
-416
-803
0
122
-223
-622
-320
-31
-264
500
-121
-1034
-282
-500
-78
-135
-179
-82
-107
438
-671
217
-32
-941
-240
459
208
-12
323
416
-323
-786
776
143
-503
-720
-209
248
0
-554
234
0
-678
-396
60
-737
0
274
-664
-331
0
739
0
395
280
-112
98
861
620
-99
368
352
-803
-398
681
120
-41
436
-796
-511
-214
-566
-206
405
32
0
-78
-364
-287
114
-477
-361
-80
52
-24
459
440
268
-132
689
-811
-353
469
478
-657
-127
995
-768
-120
712
-180
356
-133
-287
442
74
22
-269
-948
-187
613
216
-630
-83
104
9
231
0
129
461
-71
3
83
-296
387
-879
-286
108
344
421
103
-254
-356
0
490
-187
58
0
0
-4
-572
337
539
142
445
464
-504
-248
285
321
185
-131
-437
-736
-416
-55
-129
196
198
362
361
199
536
-252
121
-332
-177
361
-791
-214
0
-310
-227
859
446
457
0
588
935
167
-67
-159
299
144
-63
159
-51
98
-133
0
735
325
0
200
-957
483
167
-473
-284
-56
0
-65
-51
-372
-264
-116
-671
-188
281
-377
0
70
51
844
360
-36
0
-246
-456
-298
-297
0
820
-482
831
175
422
-555
0
443
-120
654
-563
-122
219
-618
215
30
-162
188
-588
-327
319
-271
-72
-395
-462
-175
-40
-383
-530
-250
85
493
841
783
103
-168
-637
-127
284
-524
-220
161
792
118
228
456
6
988
110
195
202
211
-731
137
716
660
-445
-51
962
-427
142
695
802
-349
211
443
-675
275
-28
476
-485
-673
642
477
80
318
-212
316
-312
328
525
-545
-292
299
314
315
528
-308
344
643
-364
-533
-367
-787
279
-676
161
-10
-644
95
274
624
-451
381
124
258
-445
546
-1004
-520
471
0
-770
359
-61
-539
-238
-458
-368
564
346
577
604
-323
0
79
844
93
331
-43
503
-196
-295
-352
-25
-971
-59
-702
0
519
21
-445
-764
-749
194
312
-232
-480
-243
286
0
221
56
30
178
254
68
-84
-420
323
493
-115
189
545
-221
-65
0
577
1175
222
405
-230
897
-796
406
-899
0
-520
245
-79
828
-282
105
-22
433
483
932
-123
-68
784
178
242
528
-320
-165
567
0
353
216
-356
494
-416
-179
861
221
-203
83
-181
356
23
-99
-336
-703
-892
172
658
97
0
-464
440
361
580
63
-171
-314
-243
438
55
-670
766
-174
385
0
-203
857
770
-138
-361
-787
-95
631
-848
-626
0
479
-577
-193
-63
897
-187
-147
226
737
-67
-555
3
-337
-558
629
-703
0
250
458
-745
-194
310
-329
571
-93
-9
504
286
447
-903
-1100
0
456
131
-150
230
-42
-271
319
-406
-111
-547
-556
-438
320
631
395
-369
33
-193
178
-346
818
619
-17
-149
0
-555
237
-250
-298
0
405
594
295
-678
-333
251
-412
-585
-396
36
-517
492
748
103
348
-490
-492
-621
261
249
-295
535
-829
-682
485
-3
274
503
0
430
-440
280
-293
-908
-430
-928
345
-188
210
-813
-827
-33
-348
356
-11
103
0
-269
-69
896
-217
362
-124
354
-582
-122
0
-235
-999
16
0
0
-796
-11
-430
-424
-530
457
427
46
-478
167
-893
497
-184
-757
256
-278
-667
-822
-331
-622
-71
93
397
-883
-266
0
124
0
-85
344
633
-31
-361
-536
141
713
803
396
-507
347
-210
-376
187
-201
-265
-729
-52
-38
14
521
-473
814
173
0
0
464
356
-414
804
-345
-477
350
-930
-74
238
-524
-588
576
100
-203
-616
-269
-50
-806
503
478
-76
483
135
-355
85
-491
119
-442
-475
404
-309
1063
392
933
299
773
57
-458
-411
146
-4
248
-287
299
85
-735
39
-580
587
-555
-694
535
766
353
240
-17
-592
307
-186
-298
-571
605
353
111
-71
0
0
-813
-657
-663
660
179
468
-514
-323
-589
-275
83
401
-720
-21
-158
-486
-450
365
190
34
-375
1220
-697
-18
-282
-517
-270
-382
812
-901
157
284
-296
-586
332
-854
-248
755
-120
555
703
0
386
235
331
-81
357
158
-296
-487
735
568
274
-407
574
-478
-530
17
88
348
-134
-337
0
120
1025
575
0
617
-145
750
-656
614
-928
-744
-210
187
657
319
-14
281
490
555
829
-178
-195
0
-477
-242
66
941
209
-96
-410
-337
-44
238
684
0
165
-110
-673
-11
261
-280
-666
20
-1050
-951
-517
-266
-539
-1106
-357
-393
0
-306
62
-490
-621
-128
-288
232
-41
-730
-431
254
551
338
-227
722
-170
-355
0
464
0
462
-501
652
60
-308
206
27
738
-633
3
288
51
449
-723
414
622
246
-97
-226
-383
892
-684
-409
-41
-182
82
-372
0
475
-335
0
312
-344
-56
437
-492
-318
-835
-696
-341
86
452
11
-474
-617
-230
174
0
-483
-268
715
-617
102
652
-755
0
-549
757
522
23
-388
-135
241
-66
36
-106
-14
0
-516
-138
396
-169
556
440
-185
-54
586
-53
875
-330
404
478
236
469
192
-274
-208
-572
0
-199
296
169
148
246
900
95
-106
287
-792
-296
30
-295
-278
-689
331
80
216
-576
-318
-191
-8
767
590
-14
-507
-630
-750
738
761
-489
592
-475
520
-738
-333
-514
1
-131
168
-681
265
-975
-634
-210
269
64
-189
199
286
516
-28
-731
722
613
23
285
-523
574
-754
165
-183
436
-100
-123
492
-13
174
36
620
0
-171
0
-134
-68
987
-350
481
-186
609
-914
652
-97
163
36
-6
344
-999
288
296
-698
-316
321
-359
741
437
-63
-344
-274
-9
807
-231
-413
-12
-561
-195
200
0
122
-274
274
-216
-149
32
350
929
225
-405
845
-419
8
-859
402
436
329
845
-299
-917
250
0
-504
-27
417
385
-442
402
-1033
212
561
-415
-652
-291
0
-645
847
256
309
250
514
-972
545
177
-329
-306
-521
752
110
395
179
-380
-263
-199
567
0
-199
266
-153
259
347
-222
36
-149
625
437
-331
570
812
242
-351
260
-817
158
562
-1020
0
-110
-361
521
0
272
779
211
-436
-159
0
83
-47
-583
-198
-754
-727
316
0
40
-355
493
331
482
-751
-247
658
338
161
173
985
-1071
602
403
-732
-305
26
-305
-698
-511
666
292
-372
766
-473
312
0
-204
-954
211
200
219
0
-118
319
-172
345
20
-150
-392
422
498
-227
572
-244
0
11
269
-207
0
-410
485
0
96
152
139
255
192
173
-493
416
-151
-178
-309
-2
-328
-138
638
882
251
499
450
139
-333
-340
37
-373
621
257
-175
492
492
310
-477
482
-1128
330
-537
-687
508
-229
3
-790
-359
205
221
889
159
-510
-366
-201
81
203
-759
353
-624
-417
-375
398
594
-623
338
-149
-76
-662
279
365
-136
-440
-80
950
-809
-108
-404
0
0
-243
244
574
-415
-461
116
-1267
-589
851
-28
463
0
673
-260
380
-599
-277
-30
382
-134
-278
58
12
-396
-400
560
-433
362
-540
464
534
576
475
-234
389
-195
293
279
-958
-219
0
-477
-308
0
-557
-547
-21
-784
488
-452
-18
-53
589
891
483
84
-735
-198
-462
862
618
-155
-331
405
294
-1137
506
-94
-801
-57
0
-173
-194
4
516
-64
404
-274
333
-543
-166
-130
294
328
425
-559
449
194
973
-442
-258
-95
-207
-292
7
894
671
238
460
544
-656
-595
-245
486
-412
313
559
660
356
-537
-11
347
-27
-388
-802
-615
281
455
272
-200
650
74
-103
-748
5
78
-65
-109
320
14
69
-143
-127
314
279
224
-96
376
-707
283
63
468
194
-415
-398
440
743
767
449
332
-319
481
565
468
-344
344
148
-318
-393
827
177
255
-248
-18
103
-911
-48
-679
-159
169
343
-297
-673
244
830
681
80
-366
428
-36
-788
345
-371
201
496
-76
-547
562
-54
265
361
900
-299
0
57
589
-730
-492
-769
0
173
-395
265
90
-67
-332
514
394
-97
334
-588
878
-37
-678
-453
974
-250
-263
480
-527
114
-444
-15
-1071
-78
729
4
437
589
798
-480
-178
403
-277
0
-172
-882
-1049
-239
-234
204
0
-383
486
0
-102
-198
0
-443
-396
-424
635
-584
-61
2
241
242
578
398
-323
-635
-327
-359
330
-279
-820
129
486
-108
-103
750
-106
-194
768
-321
-282
497
-147
-485
-340
-596
148
375
-101
-99
-246
404
-906
-190
-265
355
152
-612
0
-825
-408
-482
216
-292
-404
-487
-331
-305
-650
20
-63
-822
617
-148
-361
243
-368
0
-122
415
683
0
-655
-63
-469
590
486
143
744
-770
0
788
8
-584
433
588
-202
488
-427
581
-427
194
951
-613
-341
264
-44
-773
323
56
-487
436
-692
-170
0
359
-577
790
677
492
-2
-142
0
-235
-819
-393
-345
660
-88
-584
-328
231
714
63
421
-375
-171
-219
-66
0
215
226
242
755
-280
-161
141
-480
819
1182
417
91
287
-133
274
-278
256
108
-167
-545
598
241
17
-273
-279
288
-525
69
3
316
111
0
-328
-347
472
2
-536
-6
-236
305
0
4
289
-178
128
663
627
351
-1266
-898
238
282
-195
497
394
361
272
-536
-379
-630
359
-197
279
413
424
298
-499
-891
541
1096
397
-337
-406
356
780
0
-536
-127
78
-78
-483
0
257
-463
59
-285
-133
-922
538
336
354
-100
-369
-172
-571
-50
79
282
-56
0
98
-126
323
169
130
0
456
-131
-324
97
542
-607
0
113
-250
152
294
577
-318
51
56
-319
-323
0
-278
-1158
-404
221
459
236
-242
367
215
336
69
392
-911
-1021
-532
0
866
-189
193
-350
-210
366
840
1072
-448
-156
-114
-731
-697
-706
-682
497
143
-418
-285
420
-517
-678
392
650
215
-232
0
-590
-95
-319
-709
338
-58
-298
-442
345
-67
411
-266
20
439
-12
-64
-936
-580
501
586
-588
28
-227
-65
-206
-279
-499
201
0
664
736
49
487
-310
44
790
-321
-71
514
-963
494
-254
295
-537
-464
-98
0
0
-1031
-487
-837
199
277
-4
-46
-816
1198
-416
-391
-63
-952
93
457
-590
-681
0
-329
425
0
0
-36
-975
-244
165
-521
-493
261
478
-361
5
298
-128
810
-987
-227
203
-281
-137
25
-254
0
181
0
41
-277
705
-97
-203
244
241
-360
-356
47
178
-350
177
261
374
-173
-432
69
-513
-458
409
-137
186
208
-47
950
568
-200
-242
-328
0
414
-762
310
855
-622
-590
705
-648
334
-393
685
-306
-73
208
217
128
-64
-605
220
636
-359
-40
-12
-815
-407
400
372
61
-199
532
281
0
-135
-405
-837
-920
-415
-144
82
65
155
-144
-14
-440
398
0
-61
-780
508
265
794
407
97
-585
701
-493
-44
-286
0
-89
860
-134
278
51
-567
-193
-406
659
1026
-990
0
-799
626
-651
694
0
196
94
40
-575
857
401
-33
-350
356
438
498
0
759
-1041
-355
0
-796
-594
-298
-114
766
661
528
0
-853
-642
259
-756
-667
235
-41
230
287
515
-356
-295
0
-272
453
-300
-745
-539
-34
-25
-281
567
532
-40
0
-242
678
-278
0
-806
430
-334
0
-280
-215
244
276
225
-966
-155
500
828
515
228
-144
-492
808
493
224
18
-513
-673
504
-130
-497
0
694
-612
-208
0
0
0
778
-328
-265
9
220
-594
-41
-38
-26
0
527
594
501
-251
86
201
-269
-704
761
-140
-697
442
-216
-148
43
-19
-781
106
588
191
497
-186
111
-793
0
-422
-575
0
922
-563
251
-831
110
0
534
-320
482
-337
539
1040
0
-487
66
471
-8
539
0
-880
386
182
103
205
-201
299
-359
-217
347
-376
631
14
-610
-266
495
-112
714
-46
-51
-295
-297
-231
0
-195
-48
-60
-759
-10
243
584
-204
178
426
-154
-216
-162
-910
-726
-426
263
-734
12
-295
158
206
56
-90
0
410
3
-476
678
-330
684
0
141
416
247
-4
-104
299
0
630
802
-137
703
693
-941
-440
-285
-320
-188
804
108
689
-289
-457
-816
320
-397
-359
-129
0
-239
119
-43
-390
-837
80
0
0
0
627
-621
0
-492
64
121
-422
-88
-465
0
-56
-78
-73
117
101
276
-437
-108
-55
796
-137
316
383
558
-312
-117
-332
-6
0
-161
867
241
89
37
416
663
617
-481
255
-230
277
-438
-155
277
160
311
-1044
716
675
487
395
0
-312
-451
583
361
31
691
-473
-52
0
391
0
-387
366
-11
766
-218
-679
452
50
0
-258
130
-739
41
102
-305
655
321
-45
-246
285
-369
298
124
-493
-230
239
-48
415
-739
569
431
-108
-582
-404
-945
457
-198
453
-232
277
218
-665
378
-830
-667
-602
279
-421
384
293
536
-190
-567
469
-54
503
266
161
949
-571
125
-879
-380
108
-76
-170
238
-714
389
-105
-368
-596
-461
-863
263
0
-47
-178
-376
149
-885
-161
61
-288
-524
-175
0
-575
-542
-638
-124
648
-463
-32
-734
-279
580
-143
-53
-44
-222
440
-575
-9
447
-1119
-837
0
86
0
173
362
0
-477
-966
0
-22
506
323
-926
633
604
-208
84
-244
200
718
-798
-51
215
-881
-558
716
-297
-167
-443
202
-649
-94
-501
142
-239
-905
-189
47
445
235
358
260
0
-559
-671
757
35
288
179
-317
-160
-539
241
25
0
-351
-274
-971
-335
-738
366
299
635
-497
68
-102
21
-742
140
-386
-276
-445
295
661
236
-97
-660
-108
-24
-637
545
-19
-417
512
527
685
154
-645
440
250
-84
-839
516
-229
-1131
160
11
-475
0
-440
0
91
-278
-369
-85
-746
663
-533
-7
0
551
-1113
272
174
-844
365
68
658
365
321
0
555
-264
-310
-903
-477
850
-456
-299
137
-137
449
-678
-194
701
-1040
767
-108
311
-532
423
-649
-529
41
476
-797
145
-112
811
-407
-288
200
-119
-438
793
345
-240
146
-492
-438
-477
-454
0
-533
-190
-123
-129
-591
-108
695
634
412
466
512
-333
-571
689
-322
151
-344
-424
-17
-791
-482
591
-740
-132
-301
176
38
309
0
-95
-31
-207
-897
-264
290
-798
602
81
697
-20
-141
230
459
-478
330
-336
118
-309
-299
0
931
350
-530
-260
319
-236
465
-1183
0
-161
220
-328
-277
-195
-761
202
416
-332
-174
-516
-590
393
-575
94
-537
-210
613
-235
-503
274
-537
236
18
583
233
272
-219
-424
761
-198
451
17
46
-57
309
-480
-288
-138
239
-482
146
713
-692
-135
-555
745
195
-547
72
345
-365
-263
-539
-786
-827
364
-68
-176
798
-495
-210
-760
-55
666
686
737
-674
21
539
514
164
347
255
144
386
-106
-117
164
-81
-575
-230
986
112
198
0
-843
306
0
217
-557
-323
361
-366
-537
51
741
133
691
-621
200
-872
334
277
717
232
-393
-447
990
200
-149
235
-76
660
217
-885
335
346
237
0
-240
200
-295
474
-440
-103
0
755
59
-615
-645
255
41
-98
648
15
-285
291
0
1060
-241
542
702
334
636
-192
-437
0
297
-464
0
483
-68
-172
707
316
716
0
-271
67
870
571
-259
594
-17
-66
0
0
-507
143
242
-52
1310
-234
-213
-598
-419
-332
-1123
39
22
364
-643
232
801
-306
-209
-152
162
-531
595
-185
-312
-173
-152
417
-384
-844
256
603
-787
120
-830
562
504
-170
-239
118
-388
-132
0
-265
-273
-461
140
-1088
-586
531
274
-310
581
-447
-312
-652
-433
258
199
21
-635
-56
118
-69
-298
-173
796
-876
49
68
683
464
531
-888
-403
-19
-657
411
-391
0
-260
-188
-265
-482
-450
-388
-69
918
801
604
-243
-477
-309
-822
831
133
997
-11
-737
365
906
394
261
88
334
-318
-16
167
665
403
393
433
116
-506
308
774
-548
-595
658
-326
-250
235
5
-105
395
39
251
255
784
-347
-187
815
182
200
0
0
-244
80
-14
-542
38
274
-340
-247
-323
-834
-258
13
0
595
-233
823
136
-297
762
17
427
299
-637
241
-238
-512
504
0
660
-48
0
239
-8
-773
333
159
839
557
-219
-542
272
-495
-387
241
-859
-323
-143
-242
374
381
-381
-394
-200
219
504
777
255
97
625
-278
-388
311
0
0
-483
391
-362
200
219
182
739
-170
36
574
235
-328
-358
411
-1048
817
-221
0
7
-287
376
-483
-400
-178
620
-483
306
-323
118
425
199
0
321
503
458
193
867
-398
-585
257
137
115
-510
-248
-298
811
181
232
6
658
0
0
-233
0
835
-173
-1000
-521
217
-98
442
207
27
-1055
-237
42
19
-183
-575
423
62
-154
104
-32
-242
-433
-687
364
16
-702
-918
-421
-416
-250
10
212
603
-442
627
432
334
563
347
0
-131
383
-313
-85
352
365
-24
169
28
-98
-400
348
230
577
265
-141
-340
0
-156
175
913
-910
901
-481
587
-316
-27
318
79
-26
133
280
642
-145
-107
789
-12
-322
-565
194
-134
332
265
-536
227
-36
-264
-232
-474
292
-416
-588
964
648
-69
340
-597
133
715
190
748
-175
0
-976
-90
154
-353
258
-97
209
751
-280
64
229
-416
-455
608
-399
217
-525
936
-350
287
516
486
-294
596
949
358
427
-573
118
199
736
495
346
-47
-395
352
-171
414
178
93
195
630
-114
-624
-83
-772
134
-154
-227
43
762
-97
-44
320
593
-831
-108
-544
-574
-117
-664
-843
-566
-337
-278
683
767
-57
-213
-684
-681
-269
-58
-352
361
-410
-319
-62
123
611
-56
997
-170
0
-139
0
474
-77
-453
0
-600
57
-217
424
-232
1016
80
323
465
902
411
324
-401
415
17
235
-845
314
-178
-374
-59
298
-673
207
-404
288
60
-263
915
93
766
-372
390
-192
35
316
-265
167
-97
-284
699
182
62
598
63
601
-6
-360
-533
317
50
-272
387
-31
364
-66
496
361
-715
-31
414
146
-152
52
6
100
-125
97
-1056
508
-266
449
43
-822
463
17
-242
250
-209
-544
476
-275
0
-265
644
-214
-236
-815
-298
-286
264
0
-833
674
476
45
285
-480
591
227
-337
-627
-260
-220
472
-384
0
-235
-473
116
353
-82
310
535
-1016
-995
-987
-319
498
304
421
58
-308
-288
0
-274
-688
-366
-366
245
73
-105
-340
-250
443
139
-324
396
97
-108
361
-138
611
-673
79
-316
334
337
120
341
96
326
580
-144
-396
-362
-6
-137
537
0
-398
501
742
-787
-172
283
263
340
-436
-514
720
192
125
-590
359
-320
-402
-201
-728
547
799
577
33
-165
653
-33
581
348
-535
849
-88
478
-124
-310
471
634
815
259
209
79
80
-196
-174
259
-670
-408
555
-181
753
-261
-49
-407
6
-461
-805
635
0
-568
338
274
0
-288
705
382
0
-385
723
1081
60
250
104
-551
804
66
367
0
-352
0
-287
261
70
-944
-237
0
-632
-685
-536
246
-441
-237
-202
386
634
835
-788
-968
281
-299
367
228
-221
-656
763
30
0
255
-408
-1002
365
-76
-254
235
16
893
-324
0
93
-321
-132
50
-981
-234
21
-1174
241
285
-325
429
258
-33
50
-374
877
-154
485
366
1015
698
-90
-173
277
822
-203
-503
-440
132
200
410
261
-307
603
77
-280
411
-456
564
250
-612
-152
276
293
-637
160
647
273
-235
-47
76
271
0
1071
118
-519
320
-298
-369
193
566
-352
-419
-708
-107
-404
-257
0
-50
-209
260
320
-758
571
0
23
-574
480
623
714
284
337
120
175
601
-313
160
182
-673
-535
548
-39
781
172
-63
175
529
456
-229
-478
25
620
-291
666
-217
-524
-539
719
-152
-130
332
-576
-452
-280
-973
78
481
376
-44
-429
-247
-306
-140
532
414
-475
530
228
220
57
252
-80
-261
-296
-529
59
-288
-152
129
-310
-402
-233
38
390
320
550
-279
0
456
14
219
0
644
-34
-637
-332
-394
-289
0
-410
-306
-210
-26
147
420
234
347
-252
82
535
181
480
-592
405
925
-422
73
-25
348
265
271
-340
57
221
-400
0
-394
24
-263
128
-306
-512
432
746
21
469
51
112
643
-348
374
477
225
1044
521
-66
457
224
-618
568
-178
858
721
573
-358
231
-729
685
410
5
0
-550
-642
-544
-278
-287
-324
114
-712
478
24
-328
-274
-171
818
184
575
581
-452
-62
362
173
-909
0
-22
-350
-539
109
-100
-105
-278
-334
-265
202
0
-916
29
270
-278
415
636
-487
772
-808
-21
99
-154
108
-217
-173
215
415
202
-257
-14
-483
202
-492
-50
476
-101
877
385
362
-743
451
656
313
220
744
231
19
-480
634
-633
120
710
-20
-246
-207
806
-47
222
-344
350
258
-412
561
673
618
-58
0
234
-390
602
415
81
-174
619
155
86
395
-639
0
167
208
-72
476
777
499
339
897
-710
-533
-795
690
972
-191
-1014
-524
-261
14
-769
483
-421
-275
678
-852
54
416
270
48
-239
-488
382
154
204
148
0
-8
-192
-969
-105
-450
-754
-591
-382
-343
355
-611
-169
-250
-588
242
263
-385
0
892
-600
-70
-227
68
624
160
-226
-340
114
-731
-579
-126
-23
63
-172
687
-69
-512
69
-601
-28
26
-1011
0
196
-61
271
-254
-45
-869
-269
-647
208
793
-794
119
398
594
-571
-279
272
-593
310
-175
-788
-305
341
144
-75
66
-988
-163
400
-84
462
322
747
228
-530
-215
432
-674
-479
-590
151
76
-252
-127
692
66
-216
606
-765
344
572
-421
402
574
319
-382
-211
-86
-760
-278
40
-766
359
-723
-574
-243
-117
-314
453
-190
193
-353
55
566
-531
-68
-164
524
0
-952
517
280
-622
776
444
-377
-181
344
-167
350
804
215
-219
-135
-397
696
625
434
20
727
124
-258
-269
-1187
-334
-796
312
337
41
-375
-841
-375
-331
-650
216
270
245
687
286
656
-378
-627
-956
68
-373
210
275
64
-164
169
-202
104
471
-94
-185
96
344
564
394
987
825
-478
764
299
-56
-239
-497
178
0
32
182
-427
-394
144
251
-174
353
-174
-643
-60
0
582
251
-872
19
392
-666
-722
0
-503
-501
201
175
-481
-555
-314
110
-98
329
167
316
-23
-103
-287
-32
-132
458
-566
355
-16
-352
803
-452
1087
-114
-963
54
233
612
-259
-831
-673
-256
0
-920
559
-278
107
0
1005
-745
274
-39
-786
-587
-74
765
-21
123
505
673
-1062
476
305
120
373
-612
-443
236
-75
69
-855
487
-917
-53
507
246
-573
-264
0
982
-54
287
-133
131
0
464
99
0
777
21
720
904
-173
-517
-319
678
-110
-268
252
28
-453
-505
-104
7
-87
175
-536
-863
-182
-255
791
-99
880
-348
419
202
-441
-575
-1022
63
235
233
980
17
-99
167
-274
-150
-287
-265
4
-397
717
395
181
-167
-167
347
230
575
-427
407
-978
-527
-42
-105
0
-542
550
-529
1147
176
21
4
-710
468
-424
-84
-785
941
-12
159
152
95
-519
-323
771
197
-787
845
-555
436
0
-652
0
-10
1089
1034
-76
521
-248
-21
169
-465
-300
-347
-272
-299
-428
624
456
479
-535
154
-17
-144
-174
-217
343
537
650
792
180
-420
-575
-712
27
915
-90
0
51
-540
-691
924
428
1241
533
-30
297
-286
533
-90
-95
518
-166
0
-179
-989
78
-299
115
-811
-678
0
-509
415
-310
-340
92
544
-54
0
437
394
919
274
863
303
-199
60
304
476
-45
-314
-148
-271
-404
-335
-427
128
-325
583
-285
464
-556
-309
-939
-822
-804
682
101
638
61
535
0
-178
566
-604
63
-141
-19
241
682
152
-486
54
-37
724
176
-667
484
-258
336
0
165
41
729
211
-74
167
-201
404
-122
-554
-439
316
-1042
151
88
696
0
720
-604
-446
-624
884
464
-841
-215
-664
-361
648
84
-612
69
653
-705
-376
111
-230
242
-150
-712
385
-155
-594
862
-690
-22
-184
349
313
0
518
-98
535
60
0
286
393
-404
-381
-482
308
-78
-1023
0
71
330
344
-85
-518
-287
-210
-318
-773
370
-64
616
-116
210
220
-242
-14
-110
102
36
156
-535
-28
-568
398
-655
42
839
573
-762
219
-119
397
-280
970
-308
-246
105
853
-957
117
484
436
-402
185
-495
-644
178
-126
0
-112
-752
51
-118
308
240
-639
-955
-438
269
314
-416
37
-516
271
439
81
0
-372
-534
0
365
-41
0
172
45
-310
0
299
-456
204
-381
-612
204
-4
0
930
0
195
798
-309
230
521
74
-433
442
372
-26
-395
269
-450
206
-188
-402
-952
-235
-216
315
456
-528
515
-586
-208
-109
428
-372
499
-568
-5
-533
-732
106
25
-44
-297
-311
14
-699
394
-123
-341
155
-349
186
839
-678
203
-717
-361
-47
-533
-232
-628
-330
1029
118
310
842
-415
-669
382
229
542
80
-149
250
-234
-788
83
-643
245
531
-150
-742
-691
305
802
-170
-436
-207
-972
124
206
-391
-336
-575
-545
272
-342
-138
-227
261
-438
312
0
612
-413
-402
0
-22
586
182
-658
-551
-706
15
964
334
-281
0
123
719
611
-254
201
293
204
-242
775
0
238
493
-834
0
673
-857
677
985
-258
77
-293
-235
388
-277
-96
-748
76
1153
-209
-398
144
0
-299
0
481
-979
0
-224
-350
542
-478
-203
276
-444
-230
-593
684
764
-341
0
440
-689
328
1032
245
-5
310
-594
-42
249
-331
-819
-15
148
62
23
427
365
0
-541
-880
501
0
788
332
-284
83
631
-395
-575
200
84
517
0
-262
-474
299
-428
-181
51
244
-495
230
-494
528
287
412
74
-22
718
111
-44
372
318
635
-390
-183
69
-271
-283
-477
-3
0
256
819
-407
228
-284
-567
624
-765
155
184
-259
453
237
328
-125
0
59
712
507
481
-680
-51
1030
345
-581
-242
802
652
888
691
-545
-245
-361
-575
313
382
-148
-521
0
559
43
-120
-36
-114
359
404
-299
369
19
7
-834
-293
163
-193
-200
736
210
381
-171
285
3
1148
-539
685
-149
-95
182
-153
265
221
-163
-120
756
-123
-131
-81
882
629
401
47
-333
-404
462
0
-28
612
-240
280
669
-698
-597
75
575
-1083
1021
-20
-804
98
30
0
-193
-25
74
-4
-156
-675
-234
974
309
429
64
0
-167
-174
-5
-514
161
824
861
0
-470
226
264
-269
-38
-973
97
248
61
-427
75
-298
-215
-1012
-314
568
91
-445
329
-117
0
394
546
-949
-171
-427
382
-933
-547
710
789
0
321
410
663
-773
-123
-862
648
613
-170
0
0
86
826
-716
-404
-707
148
-215
-323
-364
0
-76
-1048
-308
-310
-257
-382
438
14
-1010
263
-211
-630
33
40
106
-484
-69
0
-105
634
-584
-586
322
273
32
851
327
854
-236
-619
272
528
-524
-439
646
183
808
-235
-374
0
-399
-744
516
698
-346
772
0
128
109
856
-364
223
105
-547
-507
-507
252
-107
-465
316
-158
1060
-344
501
245
-252
-202
96
172
38
625
-575
-558
-54
-781
639
0
262
0
-566
193
204
-811
821
456
582
-223
202
791
-404
-426
-40
95
-621
-220
241
-146
291
13
-196
103
-848
-456
-140
416
195
244
-422
0
572
-415
586
-280
-240
700
-438
-371
457
458
588
76
151
334
-198
-214
311
-600
-723
262
-347
-82
228
339
716
970
-36
233
827
123
-516
2
812
243
0
347
-76
-495
-296
-69
-113
-165
-541
-516
1022
-176
0
0
-854
254
180
273
-276
100
826
-917
347
-340
-69
-125
-416
441
646
693
376
861
895
762
394
-337
79
-398
0
-467
-857
278
-1014
-53
611
111
56
47
63
-173
-162
353
-24
133
1080
-186
-1067
163
-220
222
-636
-172
20
289
-183
-256
171
-376
-16
-478
443
400
-341
-500
-251
-59
626
73
402
120
-301
116
60
-44
-163
0
-181
172
-34
-481
-688
-714
-727
-89
337
190
331
-4
402
-459
332
288
357
-556
342
49
384
595
-801
54
-198
-404
-276
708
273
1233
542
298
298
-191
-130
-4
672
84
-278
-461
67
-54
238
682
96
476
0
403
-88
-330
-243
-452
0
203
-582
-565
397
-437
-9
210
-1093
-402
-375
-314
-574
0
97
0
631
-571
0
299
-304
-38
-1041
-201
215
728
33
-5
-1117
125
-356
-405
-894
-687
-239
-179
695
287
-395
-278
17
930
-104
-296
564
-564
346
298
222
684
79
-277
-299
-416
-295
-427
239
-246
686
-844
306
738
29
-118
-350
353
395
-404
-179
-234
-415
-86
-823
-362
-332
-362
575
-150
-266
22
323
-532
443
62
34
-433
-483
-271
-964
89
-562
0
263
52
237
-107
248
-898
434
-450
314
-67
-335
-708
280
-273
-837
-60
243
-556
-444
-334
456
125
-163
177
43
404
-293
-64
-313
-171
-831
-755
-48
-252
160
-868
-635
385
-976
46
385
-288
-374
-252
501
487
960
-151
-27
65
-1092
0
-107
-402
-491
40
620
0
149
59
204
-361
778
178
-355
-427
492
-57
-365
210
464
-648
-224
-8
560
-546
0
1017
0
632
-510
-84
146
493
-499
-368
802
-424
-278
467
53
-229
-580
-148
-344
585
-157
361
0
272
-98
237
-574
-467
971
396
458
163
46
277
0
-493
319
274
86
15
-17
-586
442
-573
674
-312
44
299
-896
-491
-276
-357
-697
2
680
-823
600
-81
-474
-160
-267
602
180
155
706
-299
138
123
0
521
124
28
-671
534
260
970
-320
252
-215
-448
211
433
446
263
-319
-275
237
-695
-407
176
-280
181
-395
0
199
436
631
-320
75
217
-198
-280
160
206
-798
0
-120
-182
347
-442
338
347
426
-319
-355
-312
-947
178
-902
217
-17
-10
320
-144
-492
-439
151
-672
406
553
360
911
681
-119
0
-169
146
167
235
170
-280
-411
192
163
-787
696
1021
238
250
-214
340
-280
127
-539
286
62
400
61
103
148
-198
444
-535
-382
-258
405
-282
104
113
-646
11
-763
-321
-797
493
-306
-545
-5
-196
-228
-386
-696
20
-759
178
0
-129
0
-279
-193
-579
-390
-679
193
-124
-335
508
101
192
-159
227
395
-54
-223
295
512
-693
-278
273
-550
69
151
-689
766
-324
-236
0
287
-457
-417
221
762
-344
477
330
88
279
98
-274
-627
207
866
-729
-156
490
-350
-127
395
452
-354
32
-28
-299
431
-178
-541
0
639
582
-178
-574
-756
-80
-703
-573
682
94
76
-700
-500
-1092
-514
-241
-108
-1053
308
686
0
-69
384
-11
289
650
740
-113
202
0
-548
235
0
-747
529
424
-405
-685
-602
385
582
-586
135
8
-281
-88
-484
-405
-32
-807
-635
76
-415
-76
329
-402
-56
609
710
146
378
-61
-9
-414
369
128
-57
-374
-457
166
-345
124
779
716
-307
0
128
-220
478
-27
451
161
716
223
-477
193
-326
592
-267
-889
282
-20
521
-21
-334
8
-600
-772
-483
58
-332
593
-236
-186
-503
320
278
-236
0
-137
81
-306
0
210
-316
295
-478
-830
443
679
-137
753
-664
35
287
-380
-200
270
330
-228
-254
-485
105
-582
540
-572
-517
-254
11
-134
-30
-838
-834
-247
-751
-745
972
558
278
-494
17
442
199
-504
-47
350
-702
194
247
-508
-31
287
-95
139
180
17
-1214
626
103
702
-138
-330
-242
-899
-159
-714
483
-589
244
146
405
169
1095
824
517
-45
218
803
-698
-209
-764
-158
0
261
0
786
-723
-263
-223
-165
40
179
-777
802
258
-368
334
-471
398
180
53
790
-528
712
-1062
-227
863
765
251
-422
-628
555
130
-580
299
-498
0
-316
274
620
173
-418
-914
-77
228
0
-92
431
-390
-550
198
51
39
-398
-555
545
860
821
-341
521
-320
757
240
483
556
-410
-292
234
106
234
-893
194
0
-287
-462
-536
-193
-590
410
-710
323
-20
261
-520
734
684
415
236
-385
559
239
-271
332
0
0
-175
-211
108
307
0
-278
-221
-361
493
496
241
635
-36
-56
457
0
-375
-280
44
279
-516
-575
-257
0
360
142
-130
-344
296
-306
-404
-236
410
-361
-949
-161
118
-777
360
-338
-16
21
437
-1085
409
-144
627
-55
-395
-349
-764
-409
751
449
-493
-781
-925
-756
-95
648
85
-222
-540
238
131
97
-752
24
-805
28
664
-653
-208
173
237
-806
-556
651
-203
362
443
120
510
-439
-356
658
288
-207
-678
58
703
452
-261
239
-341
257
0
-182
178
-934
115
-696
107
670
700
680
594
715
-199
-799
0
-615
-411
161
-277
-937
-147
73
509
-83
405
-956
265
108
-400
-350
-198
-175
0
211
-400
-1176
-594
-625
911
-235
314
-517
0
0
-575
510
179
-574
-69
-819
-585
-193
334
-349
395
-475
560
645
691
132
980
-844
105
-529
-149
-54
902
644
166
409
1017
-271
0
-621
82
0
-135
451
321
-521
494
-332
201
843
84
173
471
207
44
132
-123
463
708
-880
3
726
-105
-728
511
-49
-360
147
428
-402
-266
-559
6
589
-516
297
-869
0
396
-35
-114
286
-15
494
691
-512
99
-166
-369
-553
-66
-318
0
0
872
-731
-767
-340
-848
400
141
-395
0
-6
30
-121
976
-194
-419
-844
409
416
-332
-584
-25
-589
-229
-330
-458
242
414
-985
614
0
695
869
-588
560
530
0
-309
-498
129
701
569
303
340
133
183
-562
-549
-232
314
639
530
-55
63
448
1011
466
-70
450
-163
121
-380
0
0
-245
-805
-261
-637
-488
236
-801
-477
-691
-353
323
33
-1213
-289
-34
458
79
0
0
-809
176
-403
521
-1192
-483
-235
506
-261
-667
-212
-169
-444
230
0
350
-208
-482
-8
-875
-95
-76
-256
-456
878
-161
-373
0
438
750
-369
641
265
-232
-291
761
605
-251
655
475
571
504
-258
-74
-19
-918
362
27
-239
671
730
128
17
-513
-707
299
521
-214
-332
-245
405
116
517
-328
-537
195
278
0
499
0
443
0
-695
-304
-142
-789
-1209
926
603
-118
-586
583
-124
64
-490
-249
734
409
-167
334
547
683
916
-317
-256
288
737
719
62
1037
-533
-17
287
-189
672
176
-407
-64
43
-50
615
