28.69
63.90
434.04
47.14
167.40
72.95
108.50
70.61
232.78
74.20
126.18
41.20
31.56
51.26
342.92
72.41
150.15
183.20
63.95
107.12
101.16
16.19
124.70
125.72
25.56
96.24
123.01
225.28
85.10
166.44
52.64
69.94
303.84
55.55
251.45
115.91
34.88
12.69
67.25
149.48
131.74
178.69
49.95
76.00
18.74
206.65
164.73
43.58
36.26
195.31
387.27
101.27
297.05
63.99
37.81
66.37
110.10
100.59
178.73
574.92
43.35
111.99
40.95
155.90
685.00
29.64
39.25
50.94
59.24
151.86
273.17
107.99
187.82
88.53
243.00
52.80
112.23
125.02
28.36
87.94
78.08
162.77
37.37
252.60
226.78
31.09
303.53
121.82
289.02
45.06
81.65
184.09
725.21
58.34
28.22
60.77
50.14
259.76
132.32
75.76
89.39
165.25
138.83
254.67
279.61
94.35
56.86
204.08
100.13
171.78
87.97
501.45
73.94
146.28
115.32
58.38
71.56
621.46
31.32
78.09
82.19
229.30
84.04
62.00
247.97
144.44
93.40
26.49
361.55
73.54
57.49
92.27
140.74
304.64
49.39
60.78
120.83
101.85
375.35
84.46
63.45
78.44
58.25
72.58
100.41
20.62
32.68
21.56
72.67
23.32
72.51
50.71
66.85
101.12
152.84
201.30
89.04
345.63
59.10
42.53
304.62
386.07
129.86
21.41
482.47
200.25
69.45
123.68
76.82
30.65
488.42
80.54
180.01
207.86
13.07
449.49
84.63
81.35
70.01
143.35
283.51
367.63
533.79
159.20
42.23
35.25
67.05
128.71
77.67
130.76
75.11
143.09
52.83
113.04
120.56
371.59
88.53
50.25
105.57
139.18
79.35
20.09
89.43
53.27
207.77
339.27
77.59
95.99
97.84
63.02
166.03
414.35
63.40
91.30
207.14
122.21
90.88
21.83
67.37
214.22
52.05
126.64
92.61
749.29
121.01
118.71
192.91
66.33
203.73
41.01
207.20
489.70
142.17
65.16
164.42
128.75
299.25
25.38
182.45
24.02
120.92
88.82
91.58
340.70
197.60
28.76
572.94
76.33
46.36
99.75
101.10
567.57
157.02
655.99
83.50
113.46
86.90
25.55
69.89
18.44
114.81
156.55
290.06
84.27
71.62
171.25
90.65
26.00
252.68
103.93
61.22
115.36
182.45
105.55
60.99
119.06
116.20
258.75
22.95
240.74
132.17
51.10
90.78
200.25
117.90
59.88
148.76
91.65
21.69
181.13
251.68
349.01
63.46
44.42
266.64
85.28
49.84
59.94
274.91
121.84
63.42
234.94
59.91
18.02
191.76
155.26
41.38
103.80
191.89
99.60
74.57
159.59
73.90
97.37
93.92
165.34
142.44
87.38
120.70
118.38
109.12
74.58
57.72
66.10
78.37
103.04
102.89
78.64
37.95
238.19
41.07
131.92
150.08
175.87
103.91
75.65
94.99
82.17
115.24
75.94
183.69
175.16
116.67
178.61
133.93
14.16
198.58
82.73
32.83
143.50
74.40
180.87
20.38
233.67
55.84
69.20
139.09
51.03
119.08
88.70
97.71
163.91
29.22
136.86
279.52
83.10
99.25
59.75
45.99
182.31
358.12
588.28
127.08
89.78
129.15
141.70
446.68
127.17
87.68
80.21
120.76
264.88
173.10
112.80
221.90
72.48
71.04
89.56
64.86
25.38
559.30
113.49
61.44
101.97
433.70
65.51
234.65
49.04
86.12
30.15
23.05
191.66
233.22
21.44
157.59
229.72
140.35
241.27
258.36
40.44
93.63
104.40
209.31
48.11
59.42
380.96
295.15
46.85
353.84
229.70
38.38
101.66
73.97
100.31
331.89
63.98
523.35
21.27
85.58
364.74
51.65
93.46
146.77
100.09
216.65
51.53
61.86
400.67
77.16
59.01
59.81
75.24
31.43
299.34
76.52
169.92
238.80
344.19
87.87
81.66
80.37
59.84
109.39
103.83
139.20
110.03
79.31
70.09
126.98
30.70
78.60
175.98
190.81
113.03
16.22
302.03
102.36
193.32
123.91
68.44
65.16
71.85
167.74
507.30
22.84
135.43
27.57
80.15
210.75
120.56
281.39
95.08
698.68
55.33
204.26
265.64
74.53
335.39
129.09
161.81
517.16
91.38
22.10
74.10
29.84
93.13
204.51
350.20
86.13
55.05
79.36
32.89
640.20
77.96
58.53
218.76
187.43
640.48
141.95
67.03
291.64
75.89
157.90
507.74
34.41
51.59
100.47
98.84
32.48
70.11
42.76
237.09
23.12
55.00
318.88
141.29
72.79
80.83
121.79
175.69
96.77
71.80
483.04
19.80
60.74
117.43
95.00
85.22
128.22
102.38
92.12
527.28
252.54
76.76
43.70
36.33
22.52
25.06
104.03
531.03
69.52
400.70
38.20
39.59
20.37
77.65
38.44
93.37
79.83
45.84
30.36
241.08
175.46
201.81
56.61
162.74
131.63
45.30
54.60
66.67
178.66
41.53
20.29
102.79
138.52
55.29
504.97
21.34
85.04
80.38
96.75
163.31
443.35
58.68
229.05
34.97
26.03
305.18
283.03
94.77
82.65
64.49
184.95
112.48
74.09
69.68
351.01
108.21
201.79
23.88
114.03
189.10
31.70
146.37
71.54
86.25
317.09
42.30
213.47
105.75
97.89
194.24
112.37
193.71
137.34
120.75
187.20
126.78
81.74
57.48
106.68
28.25
99.17
283.20
74.59
26.96
465.39
115.64
125.48
194.99
109.95
34.17
91.30
124.38
245.17
50.02
340.65
190.02
55.34
184.89
228.81
24.62
85.87
101.87
94.98
137.07
79.88
37.26
300.35
88.40
161.79
136.29
202.73
11.96
47.62
14.33
544.97
157.49
479.72
535.95
31.30
38.55
82.71
59.64
209.07
69.31
102.57
28.12
174.06
108.80
106.16
726.65
40.59
229.32
36.33
196.22
119.79
181.45
33.34
612.61
302.05
117.60
193.79
36.05
74.49
264.51
85.51
131.84
187.72
46.70
90.45
120.98
86.60
146.65
136.35
76.60
173.92
51.12
17.71
153.61
108.83
307.74
84.85
138.54
86.97
61.48
152.88
79.31
118.69
32.57
89.71
117.30
11.76
71.01
39.58
137.30
74.08
284.11
81.31
387.24
267.94
276.64
99.22
88.74
95.60
47.81
49.88
87.53
292.61
34.04
313.66
171.75
49.55
60.15
81.61
332.10
20.65
53.52
102.41
48.46
257.74
178.12
52.74
113.65
90.77
13.30
124.56
203.33
77.66
313.39
29.59
22.62
207.71
126.81
245.60
139.57
85.23
270.48
83.03
178.55
307.17
69.20
93.39
99.84
15.13
63.04
47.62
146.41
104.74
135.17
265.42
98.63
339.06
274.23
194.68
115.21
206.93
25.69
66.16
232.69
229.97
281.49
354.64
234.22
214.23
128.37
84.31
179.48
412.46
85.68
810.62
70.27
15.05
75.25
86.28
73.52
501.26
19.38
24.02
36.89
37.96
59.91
194.30
534.72
68.05
61.66
90.91
110.03
641.30
51.95
58.86
12.34
61.99
93.76
99.87
41.05
66.72
144.87
188.40
71.13
132.94
99.20
145.92
58.58
95.36
89.86
29.31
254.94
22.80
65.68
153.85
214.69
608.45
32.33
72.76
228.13
74.10
32.46
180.26
117.24
12.97
57.25
64.84
93.94
26.74
50.47
29.51
303.23
21.78
19.97
76.44
137.75
36.56
779.96
82.56
105.97
83.27
64.55
342.93
64.27
117.94
171.33
192.34
25.47
86.89
49.13
103.16
329.09
24.92
36.70
208.55
159.96
275.59
128.79
348.94
430.02
163.02
99.24
90.24
70.80
89.75
553.99
15.62
56.34
40.31
55.27
257.16
45.09
267.37
31.63
32.91
16.11
170.72
274.96
338.03
192.38
68.75
101.21
31.99
50.45
161.63
59.69
111.40
167.27
80.25
82.17
68.01
19.31
360.82
24.82
21.61
19.16
316.75
119.46
12.82
162.98
385.25
676.51
58.86
55.83
64.98
241.48
80.97
25.11
49.08
94.47
57.25
110.69
339.53
210.62
598.98
22.00
239.41
109.52
240.09
222.19
111.44
46.28
92.80
321.39
99.19
79.68
277.08
68.58
149.64
131.56
22.41
135.52
37.09
157.86
75.18
16.39
37.98
530.80
123.86
79.56
107.81
166.91
216.24
94.50
72.73
304.96
166.26
31.51
83.00
68.91
189.18
44.91
81.46
130.43
74.16
72.62
85.55
18.11
152.87
71.59
114.19
203.46
150.16
44.13
235.63
68.87
87.14
46.60
23.54
211.65
79.14
84.21
150.99
74.36
27.30
76.98
144.87
83.84
40.63
197.59
22.05
74.42
115.95
130.49
50.49
269.19
62.28
90.58
24.53
67.75
175.16
141.47
58.27
83.43
191.76
23.18
16.95
180.62
34.30
80.14
91.83
20.27
27.64
84.01
130.09
42.10
13.55
100.90
269.72
91.25
146.27
160.36
164.68
89.63
39.45
90.59
122.46
19.88
136.47
180.55
75.90
647.65
34.11
60.63
73.01
112.94
99.82
189.92
77.13
113.78
31.01
40.67
116.20
51.74
232.70
74.74
106.93
275.55
260.89
83.27
41.38
130.17
664.58
596.71
72.58
448.83
229.81
134.53
233.22
85.34
104.63
395.20
59.29
263.12
154.27
114.13
63.12
95.38
396.79
145.00
60.28
24.21
206.76
73.77
178.18
66.02
455.58
44.41
92.49
45.65
148.80
103.88
68.04
525.42
52.23
52.19
96.20
170.90
113.57
48.07
74.86
52.35
587.34
112.78
119.97
631.42
170.80
250.91
34.37
26.04
146.26
30.38
219.76
145.77
27.94
66.19
304.16
65.73
141.30
88.13
233.64
66.52
227.42
87.13
84.97
102.16
22.11
44.15
723.39
137.30
84.36
138.57
28.56
72.82
112.97
24.44
36.38
166.07
151.49
291.37
174.52
62.49
71.39
98.72
54.51
173.26
40.33
49.02
486.84
58.73
115.73
364.63
226.28
274.53
80.10
172.38
31.62
434.82
100.79
123.44
128.54
67.58
44.27
139.87
223.82
32.97
94.99
158.89
277.61
145.21
112.76
186.45
37.54
115.23
102.10
159.11
116.76
60.79
243.07
109.81
98.15
108.39
108.58
175.33
271.80
197.77
89.18
86.60
111.44
63.63
34.11
445.84
105.35
124.16
112.59
276.03
85.33
106.27
331.63
206.65
60.97
265.01
110.87
50.51
100.11
15.89
201.78
328.72
204.49
39.79
115.33
45.13
176.33
59.27
58.19
96.83
76.72
87.10
213.02
110.34
19.93
189.54
108.14
112.09
75.34
94.39
89.09
353.68
77.05
90.10
34.92
262.71
49.94
119.45
22.67
137.26
60.40
214.94
11.86
88.09
128.43
523.98
36.99
78.89
87.10
192.15
56.97
159.82
21.96
65.37
65.28
118.13
367.54
52.58
71.14
192.46
61.33
71.35
77.49
52.34
51.44
92.57
117.04
65.14
78.50
102.23
506.77
74.14
58.58
172.29
26.05
67.68
144.83
100.42
104.96
79.33
204.20
238.46
41.20
89.11
25.14
655.10
149.32
81.43
18.36
23.14
66.37
42.91
301.85
70.70
367.11
828.93
56.78
102.13
49.00
32.61
184.25
194.67
120.63
10.68
79.11
285.98
191.88
22.84
75.99
114.27
334.99
84.99
20.23
39.02
141.18
139.08
136.13
86.59
183.17
122.23
179.27
71.28
275.79
165.49
12.01
243.16
139.31
160.91
93.49
43.33
122.11
63.81
68.62
99.56
337.55
37.24
119.19
30.30
159.07
40.85
17.94
114.48
107.39
62.75
44.00
116.37
40.01
20.99
239.39
148.62
166.01
119.21
83.41
43.85
89.76
168.15
164.98
97.91
742.16
150.75
98.35
71.56
45.84
260.59
26.17
47.26
45.08
78.18
118.84
140.66
47.04
63.09
251.85
237.98
197.68
114.05
96.45
63.75
107.21
266.86
123.34
310.62
223.43
459.15
134.56
85.15
86.86
92.15
98.37
84.39
182.89
128.18
90.69
56.24
158.12
14.09
160.82
99.00
136.47
248.15
290.55
258.67
63.42
40.88
22.55
107.30
58.31
110.86
227.19
67.88
157.56
141.66
244.15
54.00
43.29
64.43
132.10
151.66
127.13
37.68
159.83
20.23
61.76
46.78
123.26
92.30
102.90
81.53
21.40
23.81
160.20
63.05
133.64
98.67
74.40
96.39
70.45
59.39
25.68
17.73
50.82
83.72
74.65
128.25
110.44
101.45
127.59
57.07
55.85
70.64
51.01
20.60
54.40
32.94
247.34
525.97
64.84
51.18
289.20
264.64
164.74
109.90
23.76
52.61
129.56
13.57
73.52
80.37
42.95
76.11
99.62
60.62
216.14
15.76
116.21
125.72
226.31
437.66
712.15
86.55
36.24
241.32
53.39
147.55
165.73
148.98
79.81
18.86
52.12
396.25
519.88
134.24
153.55
27.13
424.15
103.46
73.93
69.93
107.24
107.55
127.10
67.47
116.19
24.85
44.74
194.77
77.10
84.40
40.00
12.67
24.30
62.37
266.97
113.05
70.84
86.09
76.72
56.31
40.07
108.17
236.96
14.75
281.54
18.01
437.51
73.33
165.73
97.24
168.08
48.83
29.58
80.03
41.12
55.40
46.44
95.57
83.68
169.46
597.87
155.57
46.55
154.59
100.29
269.25
153.73
266.23
91.32
310.72
90.81
16.70
75.30
25.25
93.50
79.04
182.54
238.90
76.08
101.04
113.80
156.26
122.00
163.48
56.43
147.98
161.86
124.23
132.61
15.41
54.42
184.80
629.23
169.17
326.04
144.99
173.53
209.15
52.67
499.72
64.56
360.59
104.08
53.96
47.78
301.54
197.03
153.22
110.22
139.04
108.45
279.44
34.82
79.58
112.23
175.55
261.36
213.49
64.61
57.01
116.39
267.18
426.84
142.28
34.76
122.29
144.75
136.43
388.87
567.39
38.19
48.59
296.40
22.15
137.84
154.39
166.27
65.80
39.76
161.34
69.40
192.99
88.09
302.73
200.30
281.35
15.73
109.58
121.15
269.44
192.94
69.36
135.15
35.03
79.46
48.03
107.31
86.28
119.51
228.61
69.81
159.34
87.67
20.80
369.92
29.77
177.08
36.16
81.18
138.90
55.12
132.53
61.01
82.80
528.33
282.72
187.07
364.17
85.22
171.42
99.16
66.01
76.93
38.56
16.05
108.37
49.40
82.91
62.73
472.06
150.61
52.99
79.44
56.32
105.02
51.97
240.61
108.02
68.78
360.63
184.18
82.92
19.30
446.27
38.51
108.78
120.58
127.79
151.43
89.30
80.11
92.62
444.11
197.44
42.68
36.50
732.94
177.73
66.93
231.56
84.19
195.89
65.48
147.13
336.05
95.18
115.18
73.10
111.28
190.68
201.08
143.15
577.87
101.49
47.05
83.00
286.25
17.38
358.49
139.45
18.65
56.05
148.86
44.23
101.14
87.65
98.12
226.40
121.71
99.18
52.45
373.12
88.88
23.91
124.85
183.10
39.85
42.60
91.99
187.72
252.23
30.50
122.50
109.31
117.15
183.35
90.41
44.78
135.53
33.53
113.44
60.94
14.41
206.31
44.23
154.26
150.70
106.47
109.37
91.94
22.10
256.08
179.46
344.86
129.51
126.95
25.25
69.78
66.58
365.23
359.47
125.75
277.62
116.44
324.10
63.06
51.20
161.73
65.71
100.18
104.48
78.75
491.48
289.93
34.79
111.58
155.21
399.97
50.95
256.62
99.13
91.81
80.09
718.12
115.60
334.37
241.12
34.88
143.26
78.51
88.51
75.66
148.65
11.72
103.74
89.73
88.82
93.07
167.59
86.62
459.32
105.42
22.67
32.75
86.98
52.66
436.88
75.88
351.44
227.22
24.01
36.98
27.84
122.72
24.28
170.10
94.02
43.31
89.00
46.35
108.10
169.17
174.90
135.87
319.06
106.31
110.26
179.90
144.60
58.45
109.45
188.91
50.20
37.76
77.49
210.51
119.60
258.54
278.26
171.11
25.87
182.03
157.69
95.49
128.33
120.74
302.06
139.78
78.44
80.06
301.97
52.67
124.98
56.24
81.22
113.07
81.16
35.62
249.84
58.97
353.16
50.21
130.91
71.54
26.71
59.48
145.49
137.50
386.73
335.77
171.14
269.73
168.49
44.49
207.44
59.21
366.65
128.57
147.16
13.92
570.58
46.18
112.63
111.18
287.74
56.60
208.73
176.80
331.28
46.94
57.21
131.33
348.71
394.38
132.29
61.20
191.64
41.66
56.54
84.13
29.81
24.49
107.81
174.04
24.09
102.40
153.71
42.75
300.01
82.32
130.48
26.89
25.65
280.84
229.91
54.60
16.71
189.81
576.08
135.69
73.86
87.63
347.86
616.01
102.72
147.79
288.89
313.82
50.52
168.68
80.12
106.47
92.30
194.50
253.07
200.47
91.18
40.36
101.30
245.58
116.01
83.80
78.72
38.02
35.18
71.18
34.32
182.12
572.10
76.32
158.11
215.08
612.40
105.42
111.65
29.18
162.29
225.88
106.82
252.05
192.19
65.72
279.05
19.38
100.77
157.54
80.94
54.64
343.85
447.45
85.87
114.09
103.94
32.44
78.01
28.57
151.53
37.32
475.14
192.40
83.92
544.84
132.25
283.37
112.02
220.61
173.54
94.91
110.65
143.78
136.34
103.70
88.82
209.15
116.00
124.39
30.53
98.47
14.94
23.38
229.18
97.50
95.59
46.21
42.36
66.72
405.80
86.60
52.62
222.37
143.07
101.62
196.68
123.28
39.16
86.79
45.85
99.21
42.78
69.45
250.48
118.85
69.57
68.21
73.64
293.01
179.90
358.83
141.00
156.71
36.74
62.87
33.20
29.77
273.34
97.24
341.91
102.96
60.65
33.42
35.80
118.26
52.45
318.07
60.08
66.36
92.69
95.04
184.76
32.19
26.57
25.06
133.01
112.13
202.25
154.50
137.27
186.22
262.06
277.01
18.48
62.34
268.61
79.02
136.95
36.58
31.83
15.86
53.36
288.06
97.02
51.05
136.42
57.25
71.74
33.48
24.17
308.98
94.60
218.60
250.01
80.84
75.51
150.65
85.01
175.18
260.22
73.41
78.09
162.61
167.96
66.02
458.77
14.40
194.09
114.45
172.44
164.50
91.36
292.20
366.92
41.97
157.35
172.21
133.62
65.56
69.11
104.85
56.82
34.15
322.50
98.01
557.64
333.09
192.46
637.76
52.99
48.28
318.17
105.39
24.13
55.06
93.00
31.49
44.69
221.13
71.17
67.53
372.77
248.29
36.88
565.15
82.65
40.43
30.00
85.67
107.35
49.39
101.94
150.10
101.16
297.32
24.17
132.95
84.41
144.85
30.53
428.30
143.30
620.56
67.59
155.28
41.42
647.48
152.48
136.86
96.55
73.88
29.06
265.68
39.69
37.86
179.31
344.99
49.56
19.56
180.12
22.22
88.96
34.80
119.24
13.41
325.20
204.38
67.12
121.86
126.51
150.52
66.15
185.62
204.68
90.25
122.86
45.19
174.97
134.38
29.17
226.95
78.10
41.28
39.94
99.67
292.65
383.41
37.79
80.69
206.51
255.80
84.80
34.29
233.04
227.35
375.65
76.86
70.91
17.20
223.46
176.21
82.04
39.36
43.28
71.60
135.48
39.91
99.33
215.62
72.77
419.55
72.61
65.58
102.63
98.95
203.95
458.46
94.53
37.25
284.83
66.10
123.21
144.77
40.77
63.78
150.33
44.33
26.76
356.99
177.64
105.11
75.58
149.67
68.48
32.99
690.90
182.41
76.96
13.42
134.27
146.03
204.83
33.23
104.33
75.93
38.17
108.45
61.37
121.79
91.89
17.27
594.98
94.40
151.86
89.84
89.80
79.87
107.85
103.00
97.35
196.69
40.42
55.88
110.33
154.38
137.45
72.73
156.09
73.21
288.48
105.48
158.89
51.55
73.72
17.82
16.27
99.39
186.01
75.34
33.17
465.74
74.24
85.19
195.76
57.69
84.84
29.70
186.06
65.40
131.78
62.65
23.30
104.98
247.14
410.06
56.43
33.91
104.36
226.51
43.41
123.68
88.15
449.23
12.91
40.59
73.03
43.84
358.73
31.66
224.80
92.23
168.32
42.99
134.49
20.60
110.51
186.28
228.72
128.71
68.43
516.65
39.91
231.03
632.55
251.94
245.55
118.33
34.93
15.19
56.53
59.48
37.94
65.96
36.54
214.50
37.86
71.21
86.51
74.93
68.91
49.06
77.86
74.95
42.66
187.74
45.92
81.43
52.58
87.24
21.81
103.44
197.99
354.11
137.68
28.00
143.46
105.19
329.25
131.65
97.99
146.23
14.31
95.22
117.58
210.60
121.51
134.82
31.02
181.60
86.27
471.59
34.20
97.08
48.19
104.06
415.13
87.81
116.79
218.33
219.88
114.89
209.73
345.31
12.74
275.28
55.48
47.23
38.17
32.98
115.16
47.67
70.00
40.45
41.70
47.95
68.76
20.21
274.75
576.50
113.65
45.24
692.04
82.33
21.91
82.72
80.20
25.16
34.62
363.88
53.03
367.34
186.69
62.84
87.61
82.88
183.29
79.25
123.39
34.38
127.17
335.47
64.67
69.48
176.38
165.32
30.87
51.39
78.22
185.13
208.90
69.45
101.06
71.39
166.95
266.12
57.72
99.35
32.28
34.13
87.58
65.68
75.39
126.62
337.38
43.69
474.88
149.95
210.23
336.59
52.18
113.10
110.18
456.57
82.70
110.58
70.67
254.59
77.52
120.37
59.40
83.87
34.90
42.55
203.15
29.30
161.72
94.36
68.48
237.51
394.27
95.04
66.30
65.07
24.93
64.53
81.11
142.12
91.33
148.30
144.17
117.07
29.46
152.59
105.46
97.39
19.67
83.18
180.48
42.53
19.41
58.94
79.67
31.06
446.01
109.66
66.62
67.01
57.46
33.48
95.82
23.51
110.73
70.09
113.24
884.69
53.61
82.86
43.04
57.90
61.15
316.51
162.40
179.65
75.48
94.69
116.48
14.83
316.99
40.11
721.17
167.24
18.70
233.32
523.22
71.76
116.91
80.01
91.70
88.30
201.35
154.89
122.74
260.64
188.12
51.44
32.21
59.85
78.38
114.54
233.49
439.64
128.83
98.70
465.79
324.51
29.06
104.92
29.90
49.74
472.81
84.09
65.53
54.14
63.84
15.26
21.50
97.35
133.64
75.10
65.68
247.22
52.69
41.42
161.70
52.53
79.98
110.53
128.82
312.33
49.54
155.29
87.61
66.14
139.22
51.01
280.11
80.64
96.87
148.90
121.96
244.04
116.24
128.71
48.34
119.84
212.67
165.02
89.31
20.89
76.87
108.69
45.80
16.68
131.99
413.76
29.55
42.54
42.94
434.08
121.55
51.80
550.87
111.64
316.82
75.34
75.75
54.23
88.90
134.41
72.00
80.21
381.17
36.29
171.69
99.32
33.73
85.35
39.46
12.93
373.36
140.32
97.48
71.43
203.26
113.08
389.39
103.08
144.78
146.08
366.46
94.91
73.67
145.75
63.29
144.48
90.83
151.44
144.46
80.14
70.93
184.37
75.46
21.66
52.21
76.94
65.78
106.85
38.76
68.41
199.80
98.64
168.18
397.30
20.83
18.46
275.77
21.11
106.93
72.98
120.99
101.07
110.38
355.54
70.42
40.08
105.54
495.86
85.87
102.64
184.66
28.21
29.47
30.12
157.78
116.81
75.86
45.69
64.14
122.52
501.06
467.67
20.36
57.22
361.50
36.62
20.29
456.72
31.60
93.51
13.41
62.29
356.42
78.66
286.22
30.60
342.04
45.84
84.74
323.29
153.61
103.20
96.23
143.17
123.90
120.72
62.56
149.41
55.12
28.53
219.61
60.65
298.06
207.15
144.29
86.10
108.30
175.30
68.68
232.27
350.86
153.32
136.87
92.17
103.89
32.45
124.47
153.98
174.03
164.67
56.29
72.73
177.32
141.45
66.27
77.46
66.53
240.84
82.36
215.93
121.73
96.90
51.65
154.37
57.97
126.65
178.26
90.73
77.53
218.45
55.41
24.48
227.96
345.71
79.95
99.02
90.36
32.07
111.65
20.60
95.79
76.40
383.27
176.70
83.61
231.70
109.21
818.29
31.25
237.36
75.15
39.23
16.53
162.19
87.27
29.85
42.34
114.59
67.52
50.29
80.88
154.96
178.03
112.86
95.91
38.05
443.77
519.65
24.37
295.31
75.17
91.54
23.30
188.74
154.03
65.82
111.01
96.70
88.71
150.94
39.88
466.75
28.03
149.34
129.92
261.48
82.19
99.96
53.30
42.57
73.26
242.14
151.82
129.82
315.43
96.16
136.42
88.37
88.35
851.43
48.45
115.61
108.78
140.45
393.19
23.96
251.49
107.09
120.05
486.08
218.84
126.67
159.09
18.51
115.83
57.81
111.84
97.76
127.69
55.16
21.05
186.15
160.11
91.74
25.43
90.02
107.83
114.48
293.84
49.97
577.33
75.75
505.99
50.00
211.68
14.97
26.55
70.14
125.86
22.17
125.87
50.53
78.30
452.40
103.79
541.40
148.61
100.30
48.87
69.88
93.76
145.26
68.64
31.38
65.75
68.62
70.67
55.42
101.88
62.95
182.29
150.02
22.81
230.00
100.89
111.40
24.74
140.40
33.77
34.40
74.07
99.86
36.09
66.72
96.45
379.05
174.58
87.01
165.89
92.85
124.17
212.56
64.42
101.07
108.42
93.85
247.59
18.78
61.99
57.96
86.11
48.63
36.52
104.72
27.74
253.40
104.67
142.41
91.12
114.39
60.89
103.52
269.97
75.52
90.94
58.64
160.99
66.51
152.36
83.76
82.70
88.34
62.83
159.88
152.49
47.81
50.85
208.08
287.10
98.63
274.76
178.34
66.37
119.73
95.38
104.27
84.71
303.88
151.89
84.12
35.12
66.66
67.57
189.25
65.23
69.92
83.35
83.13
123.49
174.02
67.74
63.64
170.12
131.64
198.48
248.60
124.58
64.15
58.29
169.82
82.85
71.52
17.20
11.55
55.40
133.96
34.83
537.83
33.42
78.29
46.77
134.42
89.55
298.23
163.19
192.44
105.16
43.35
122.54
338.83
87.44
93.02
44.39
20.62
451.75
46.77
181.10
50.16
121.37
111.50
116.92
140.38
26.92
25.29
138.71
36.05
350.55
46.84
78.12
86.47
38.93
250.40
104.81
31.28
160.59
33.12
41.68
25.04
165.55
81.58
289.69
22.57
61.26
205.49
96.71
28.43
31.17
332.63
113.67
170.13
102.27
473.89
115.75
77.79
112.82
253.90
772.69
55.89
35.42
372.36
180.69
144.18
62.20
120.84
195.65
153.23
169.07
174.09
35.68
52.08
11.99
436.36
85.23
474.05
40.41
428.98
547.41
93.90
175.90
207.74
43.96
120.36
206.54
83.92
94.81
60.00
17.98
139.20
27.27
15.94
69.57
16.71
83.26
99.68
103.19
23.07
38.60
106.27
54.11
102.37
236.26
83.52
510.37
81.60
86.17
125.78
62.01
62.27
372.71
460.32
73.41
101.55
28.42
46.89
26.75
59.33
203.52
30.46
69.72
78.35
139.38
192.14
43.82
103.85
47.18
22.21
14.02
116.15
106.77
63.15
617.40
38.27
184.10
369.94
82.21
26.63
71.93
38.23
141.88
158.36
95.83
57.58
11.86
107.23
150.10
73.52
423.38
173.33
30.16
57.51
25.39
171.90
24.70
37.33
33.69
394.36
400.51
238.73
99.76
123.39
53.87
16.09
454.65
72.26
120.62
120.88
61.71
71.68
74.79
37.66
177.37
30.49
352.40
127.09
84.01
121.79
23.03
162.23
42.48
87.23
56.86
233.07
116.99
19.96
179.21
165.63
94.79
278.76
27.08
13.69
55.99
60.48
165.39
443.03
49.69
76.86
39.42
56.50
158.18
529.69
38.24
178.97
64.75
893.57
120.33
89.66
34.11
77.68
102.23
100.87
243.57
104.33
102.26
84.68
11.18
59.94
313.63
113.05
41.71
21.72
39.78
74.48
109.76
138.33
83.24
211.61
91.37
211.72
53.97
70.43
421.07
28.17
197.76
25.86
97.22
63.13
258.89
47.10
206.88
66.97
176.40
136.97
234.50
94.29
112.11
145.74
138.82
73.46
490.92
169.80
61.87
140.93
52.31
59.02
88.63
97.53
43.78
202.38
93.09
155.40
135.75
37.53
30.02
131.74
99.20
61.85
102.81
84.97
29.03
34.10
76.21
29.17
169.22
28.90
172.88
84.01
91.39
130.37
173.83
153.08
27.37
592.35
74.93
213.49
148.32
137.40
26.15
51.00
116.32
20.27
112.62
159.73
30.65
20.99
69.52
240.63
207.90
102.58
326.63
148.36
19.93
98.12
51.51
79.06
197.15
123.43
77.81
20.66
90.81
192.89
201.14
202.54
13.81
182.25
104.20
42.19
41.38
125.92
102.81
210.84
121.66
131.47
115.26
153.62
195.03
233.18
86.05
95.51
170.05
918.08
159.50
388.51
136.45
178.85
74.86
108.18
133.43
16.74
92.19
65.31
109.90
98.49
498.95
46.67
215.43
148.33
129.05
191.68
82.20
159.95
142.43
348.27
158.43
101.04
58.58
212.15
29.20
134.64
128.28
18.46
123.36
178.87
70.22
179.06
126.91
139.51
113.12
181.32
91.25
338.77
45.22
146.48
199.65
78.19
70.81
207.70
373.51
116.76
343.23
76.87
233.76
61.32
82.55
23.98
102.17
22.93
559.23
176.34
55.17
143.46
228.73
50.92
264.72
34.60
75.67
210.88
126.09
149.21
27.06
65.08
869.40
327.57
70.47
93.64
159.83
391.75
66.84
89.40
208.71
94.01
215.11
39.38
171.12
165.44
43.43
133.74
146.69
125.12
32.31
63.35
244.83
82.96
96.99
64.49
84.58
328.25
102.11
169.49
220.88
36.59
353.32
38.78
151.49
16.11
95.16
118.04
28.34
69.36
30.68
43.12
137.91
122.24
121.44
61.46
131.65
141.85
165.44
95.41
55.24
182.78
133.07
102.73
161.86
67.68
22.90
94.69
143.23
389.46
92.59
314.32
63.02
88.40
483.83
145.45
80.75
52.34
408.19
274.54
194.10
19.94
21.30
122.15
53.77
389.95
371.08
167.47
204.26
209.08
94.71
55.99
617.67
30.38
142.01
123.20
563.60
146.44
100.75
281.46
44.36
62.35
46.24
182.30
204.04
142.20
362.09
211.76
71.81
97.78
222.27
143.68
90.06
80.39
131.52
45.29
150.22
37.67
339.57
46.85
62.93
322.85
90.16
187.83
61.87
53.59
19.25
117.95
94.61
41.35
192.74
126.18
294.82
38.37
70.79
128.86
97.88
27.86
37.10
85.48
108.03
92.76
28.89
119.26
51.94
75.62
56.86
62.44
59.31
140.38
170.21
188.77
626.47
28.63
401.04
53.19
66.59
77.91
320.57
114.17
44.45
121.70
28.13
35.35
77.76
308.96
341.79
186.14
32.09
40.85
122.31
127.90
48.97
156.59
118.04
189.35
188.15
92.17
120.00
59.19
114.09
201.95
45.84
128.43
216.91
181.66
185.68
265.69
74.06
119.42
143.95
419.42
575.53
137.33
76.00
60.42
311.66
158.50
333.42
39.99
62.09
108.73
126.50
116.39
190.40
415.93
189.73
195.42
29.54
71.51
185.42
173.22
173.86
107.37
59.83
23.57
68.74
23.97
44.07
69.81
65.92
130.19
178.73
132.35
68.32
104.81
122.50
13.53
153.07
381.96
265.66
54.25
216.74
313.67
435.50
182.17
28.28
103.67
29.71
70.65
91.06
19.15
61.43
85.70
512.16
33.44
43.36
88.64
115.29
182.89
340.59
322.41
102.85
195.11
104.44
108.26
26.96
103.99
429.88
39.26
26.84
49.98
200.66
134.98
62.92
83.72
519.96
91.90
205.90
566.33
255.03
20.88
112.93
86.90
170.27
79.70
209.09
62.78
366.47
24.14
114.87
46.92
96.14
100.67
58.18
162.10
140.03
482.53
104.10
41.47
367.13
48.57
165.82
122.57
36.30
11.66
73.28
72.84
77.52
105.96
84.29
36.10
147.32
18.34
724.18
25.84
51.19
53.66
651.52
110.00
38.51
94.29
59.88
120.41
562.65
232.89
77.58
483.40
90.99
735.99
180.73
17.20
14.97
98.67
113.67
44.75
11.65
102.94
170.05
205.83
13.64
67.57
156.60
101.72
61.44
492.13
90.14
131.24
99.89
27.00
113.23
53.15
265.65
104.50
89.89
268.63
57.15
22.21
75.03
55.00
116.75
88.26
37.08
53.95
139.16
92.74
69.75
44.31
404.12
75.80
305.72
99.22
129.10
129.18
804.41
650.14
67.52
121.38
72.68
72.24
77.81
312.80
214.05
54.09
121.65
56.05
78.67
583.84
103.31
91.76
96.34
81.87
52.83
91.63
90.68
145.00
59.12
85.54
40.64
25.03
121.23
131.27
176.78
236.74
101.11
84.63
158.37
36.91
501.83
119.50
198.63
275.18
23.35
154.03
104.70
14.81
95.64
279.26
238.05
19.02
98.00
190.39
121.30
106.79
213.33
683.75
43.29
80.67
375.79
477.76
567.75
182.46
79.41
91.38
29.46
170.27
215.33
334.47
188.28
285.98
158.79
454.76
45.94
41.46
174.45
60.69
704.74
308.53
375.60
543.80
78.29
130.28
641.63
53.57
70.10
130.18
243.41
121.52
102.18
14.57
255.44
665.96
98.37
311.03
73.77
114.57
40.81
63.86
95.58
37.90
96.51
33.15
78.39
270.80
426.07
43.75
40.94
84.79
114.05
59.36
121.66
166.84
211.94
140.97
93.58
246.49
103.92
63.13
294.33
161.03
69.33
147.40
21.95
402.24
545.97
342.34
352.30
230.51
76.11
172.26
68.08
77.38
91.92
289.79
268.78
124.75
834.29
422.17
23.92
578.64
22.38
62.52
238.56
51.56
37.51
211.95
113.78
180.89
23.46
80.55
39.04
231.25
15.66
275.56
450.02
301.24
125.72
76.48
128.51
80.11
202.47
137.02
40.39
295.73
330.55
254.95
36.50
161.09
104.50
86.49
67.16
17.44
99.21
296.20
76.52
475.59
135.70
80.86
544.97
595.75
104.28
153.79
148.41
82.00
633.36
44.75
39.51
208.45
29.92
289.96
17.54
132.64
16.32
484.51
34.18
132.57
132.83
65.22
28.90
113.52
55.54
39.30
209.65
52.67
436.37
85.56
61.48
202.38
76.63
31.03
125.21
55.32
144.23
45.20
56.39
46.10
124.38
208.61
32.59
396.28
15.56
133.68
134.81
334.99
96.57
153.51
62.28
386.65
75.24
166.04
762.94
52.69
152.04
622.77
125.30
122.04
294.19
140.36
72.38
72.03
73.80
64.02
76.52
169.82
145.39
113.95
242.95
374.22
65.74
47.39
84.34
13.04
110.71
187.64
13.85
135.41
171.34
36.80
668.48
51.02
456.74
269.87
25.60
32.62
191.40
62.11
460.96
231.75
54.63
92.77
158.20
101.29
99.07
19.41
23.11
689.03
219.81
107.39
84.39
479.51
44.27
100.62
701.76
229.82
364.90
47.63
37.43
95.16
144.10
152.14
214.62
106.65
177.06
316.65
21.29
42.17
194.04
19.14
174.53
167.92
31.42
55.39
234.39
45.35
83.87
95.08
161.21
61.32
80.10
626.86
110.91
291.31
141.84
62.45
116.61
48.82
22.60
102.98
28.06
404.97
88.61
23.76
83.32
171.89
117.76
296.60
223.10
714.13
59.11
166.37
85.90
59.10
62.76
110.30
373.18
23.73
298.52
15.20
148.58
269.50
16.79
97.39
822.88
102.47
211.89
233.81
326.60
64.57
46.77
337.98
68.77
183.77
87.80
69.76
100.55
207.43
21.37
130.76
42.37
155.98
346.18
251.24
394.19
254.99
124.59
36.55
49.90
59.28
261.78
78.85
42.13
80.68
29.59
53.00
250.88
174.28
56.93
220.03
14.93
52.95
41.36
62.79
116.30
73.40
381.70
129.68
102.41
34.29
42.25
127.83
90.70
143.70
90.94
119.17
50.37
737.72
98.87
76.13
118.96
67.12
110.31
429.19
61.05
38.25
91.70
99.22
118.63
89.27
164.86
51.02
87.44
59.56
11.67
86.94
98.51
65.29
169.16
118.22
88.79
138.79
66.59
104.17
31.44
10.63
111.12
176.49
59.96
116.24
180.81
74.95
57.57
44.18
210.97
102.99
36.24
159.61
41.85
76.51
129.45
97.21
29.68
223.56
89.07
98.83
47.45
324.58
33.90
563.18
184.07
193.47
56.56
31.65
201.97
246.79
137.62
310.16
127.86
176.66
140.46
184.22
131.95
174.42
79.24
80.32
12.58
46.51
77.05
149.46
258.54
92.12
58.09
68.80
195.78
73.11
72.23
122.46
108.90
256.28
36.22
135.31
88.45
436.97
57.05
43.64
144.90
273.06
98.52
87.88
95.29
138.75
90.64
57.05
51.22
155.52
251.43
38.49
120.49
189.76
47.00
88.60
294.28
489.73
119.22
558.64
40.69
58.39
98.22
35.89
118.99
204.34
77.67
74.18
751.96
96.73
37.06
97.30
35.49
72.02
436.81
34.42
286.79
225.12
18.97
70.98
353.01
79.26
100.03
106.26
156.41
75.32
41.08
98.66
73.21
37.45
101.59
50.42
40.49
427.28
231.73
39.63
198.42
100.47
102.71
114.87
247.88
69.36
57.99
284.85
48.31
26.32
83.50
71.96
44.23
190.76
37.22
339.20
89.97
96.44
227.92
391.23
126.73
68.01
573.34
38.25
40.50
369.71
41.39
220.21
91.01
161.40
27.66
97.51
179.19
69.67
142.91
31.71
139.96
97.80
133.03
184.72
38.78
66.71
93.97
162.03
48.86
29.91
138.46
77.65
192.91
545.75
115.89
99.95
53.07
322.10
35.39
192.62
150.06
105.31
77.61
30.78
59.94
694.36
118.18
56.08
58.10
40.67
219.39
264.58
60.18
180.54
60.47
95.59
299.19
65.82
122.45
107.79
207.57
62.31
45.33
117.45
42.90
86.69
134.88
511.71
26.51
62.98
56.34
43.25
50.69
93.01
364.63
163.21
68.96
73.25
149.06
124.79
200.61
100.06
51.70
119.44
138.66
102.22
46.10
76.52
36.26
66.85
91.06
180.27
124.11
14.05
56.77
74.24
43.64
44.09
78.90
119.09
226.05
159.67
51.24
59.98
40.93
118.73
77.35
121.75
47.97
77.32
46.51
153.62
25.91
234.23
237.37
33.51
89.71
67.88
76.22
64.15
308.11
90.65
188.55
133.47
207.17
139.48
72.69
59.41
176.99
273.27
104.02
105.62
63.78
181.08
154.42
152.45
125.91
69.57
207.51
61.36
48.29
35.67
83.63
199.33
113.91
244.06
406.39
113.51
330.82
121.81
70.55
14.14
87.08
27.41
234.22
257.40
527.13
81.59
354.51
85.92
188.76
151.60
173.47
86.12
183.47
102.94
208.73
17.65
74.02
449.24
290.46
107.03
103.20
135.20
177.29
287.35
39.33
94.75
60.41
713.29
244.88
58.16
102.10
69.91
614.30
16.51
20.64
114.05
100.25
165.91
34.76
105.55
233.61
115.35
61.06
30.74
143.76
79.40
239.50
83.46
97.05
184.37
121.70
98.93
48.07
273.98
76.09
32.40
48.36
43.83
101.12
49.80
371.49
198.65
127.57
144.23
513.57
62.37
252.17
102.35
119.01
209.29
140.29
26.74
434.03
107.76
329.42
42.83
78.62
107.27
327.75
126.10
118.15
140.27
240.40
221.96
84.63
38.26
47.55
19.56
37.16
94.66
131.44
67.52
177.78
73.73
113.87
49.87
47.83
596.81
23.96
50.81
123.83
61.95
166.29
203.73
62.29
105.74
18.90
238.45
76.71
64.54
122.59
18.12
91.15
120.02
97.29
37.78
159.98
152.39
206.91
41.91
46.77
57.49
175.31
25.26
135.91
119.23
224.02
146.99
20.17
132.31
118.66
154.07
69.72
69.11
49.98
85.84
67.88
57.33
51.51
69.79
105.85
127.89
243.22
129.15
300.25
485.94
171.98
57.19
57.13
60.08
52.05
118.79
128.50
64.84
86.00
223.02
192.12
63.87
212.11
27.28
15.10
119.35
86.78
210.45
122.96
78.64
64.57
45.85
98.05
86.20
86.64
77.40
299.36
13.62
222.55
86.79
128.82
121.80
525.61
75.31
119.57
86.91
103.74
137.50
90.88
120.06
373.91
34.13
201.55
17.91
104.22
34.49
100.98
197.51
324.05
254.54
103.27
283.68
78.15
142.48
111.55
49.65
89.19
77.11
50.65
97.29
100.37
89.64
183.54
464.34
222.90
85.70
15.84
47.29
27.38
68.64
205.98
66.99
102.45
49.97
46.07
43.23
109.27
25.41
105.00
262.67
49.99
134.36
741.16
28.93
97.19
120.07
228.90
150.32
38.58
240.89
68.17
104.28
39.29
112.77
203.23
109.78
94.51
724.66
119.59
46.89
128.79
174.87
451.22
116.74
72.66
349.79
287.50
90.70
21.08
234.00
67.82
318.93
66.06
335.27
108.63
20.39
54.04
69.56
109.06
81.39
172.19
110.47
154.97
104.57
135.28
66.10
287.27
363.45
13.96
237.15
88.99
68.21
63.08
100.97
58.13
37.90
148.89
100.24
76.75
148.73
32.16
83.20
15.17
102.84
68.17
95.25
61.09
39.59
181.02
421.14
45.26
22.57
42.84
123.52
43.71
70.65
273.57
137.28
202.32
108.13
52.30
58.74
493.86
31.21
363.15
15.28
106.60
66.77
295.15
87.90
28.53
90.54
42.58
159.04
85.85
101.74
121.96
115.29
228.91
83.22
123.72
73.49
142.93
24.15
17.62
57.34
14.10
44.40
31.14
583.43
97.24
70.54
139.21
77.21
48.36
95.14
39.65
76.02
81.32
183.19
71.54
80.71
105.99
45.73
79.20
68.61
52.04
113.23
40.60
85.89
65.43
94.32
217.55
123.63
106.05
53.24
272.05
62.44
62.44
96.47
209.22
218.14
89.01
268.15
476.26
38.93
117.54
91.53
122.40
68.57
140.21
79.82
46.43
613.00
77.41
178.82
372.05
245.96
210.46
23.60
94.13
184.67
40.39
153.70
112.37
204.25
114.03
283.20
567.83
176.90
143.22
97.08
438.96
177.61
116.89
85.80
127.90
19.76
63.11
64.69
204.86
50.04
21.83
195.55
68.45
255.57
362.62
35.76
98.84
180.43
85.81
114.92
64.92
154.33
103.25
192.11
60.48
51.00
218.61
116.32
195.45
41.53
38.24
204.05
159.58
231.39
135.68
12.91
475.82
50.34
743.39
256.33
276.19
84.85
258.53
185.78
111.25
34.64
89.29
30.66
295.20
189.56
48.51
70.65
18.80
105.35
59.13
18.23
26.31
121.72
260.99
97.27
24.39
150.50
34.91
32.31
124.99
65.07
235.70
13.51
22.90
134.84
73.21
65.89
232.41
25.25
117.99
147.39
97.34
164.96
77.00
77.41
179.92
131.94
130.88
213.58
75.05
68.41
100.86
155.96
321.77
111.20
41.27
66.09
92.56
271.45
38.72
18.47
21.75
86.70
57.31
106.86
86.24
90.04
59.43
132.23
144.82
772.80
43.80
247.67
27.57
159.07
98.79
156.86
541.62
840.69
222.29
33.07
54.88
44.52
305.22
124.84
70.31
225.57
56.20
51.20
105.88
76.91
249.23
110.92
55.15
191.22
90.21
137.77
130.87
58.96
31.74
52.59
46.76
140.83
179.91
118.31
141.36
109.60
35.14
110.20
184.57
117.95
38.78
111.54
30.94
46.52
186.36
63.73
126.35
127.33
543.13
283.77
14.53
47.06
97.29
25.76
59.63
44.13
96.91
32.80
179.73
164.43
694.98
92.83
60.78
216.38
176.05
181.73
35.74
867.89
46.13
32.52
149.22
102.08
166.97
257.13
127.45
184.89
211.90
110.18
11.28
247.37
241.06
96.43
101.81
167.71
144.11
148.78
108.43
907.71
62.41
159.51
122.38
81.07
278.72
260.76
145.42
103.93
91.61
66.34
290.26
100.58
118.87
62.03
56.78
87.82
155.45
175.38
27.16
59.09
26.12
178.88
215.60
208.05
98.80
111.04
56.32
71.01
52.59
142.76
292.18
56.66
111.02
31.38
62.90
23.06
186.51
117.63
135.98
55.27
122.19
80.00
97.74
60.07
85.59
96.08
21.86
60.75
39.54
41.91
167.01
80.14
94.06
63.49
146.61
138.71
80.28
99.41
36.49
39.70
79.36
260.74
146.34
95.79
20.24
516.01
83.25
53.35
96.36
66.58
155.38
14.74
113.68
118.25
121.16
89.53
21.89
27.20
29.29
62.36
268.92
20.76
167.72
133.05
109.92
54.69
55.80
476.04
139.95
91.94
452.97
225.16
170.86
152.01
99.65
141.65
316.72
50.69
103.58
135.81
137.88
26.20
603.46
45.98
133.12
393.96
21.13
206.02
88.53
47.55
74.21
131.98
25.00
46.88
40.63
232.83
277.13
52.25
89.98
31.85
388.40
204.40
88.49
144.77
33.26
388.89
98.10
74.53
68.54
33.82
116.54
100.15
188.68
134.92
34.25
17.19
77.28
77.02
125.62
59.20
75.39
495.06
356.36
60.59
55.04
35.08
548.31
69.16
19.13
393.72
518.37
28.67
69.55
73.79
179.62
27.50
81.64
111.83
247.03
311.50
93.17
89.13
63.45
16.29
241.11
27.21
108.63
125.66
13.77
32.25
122.87
294.83
402.48
128.44
371.49
91.09
85.54
313.41
144.53
77.90
75.90
33.94
268.47
240.62
13.42
551.65
74.42
17.07
60.14
450.93
208.06
147.69
367.93
107.15
67.87
347.93
82.80
663.28
105.40
127.27
258.40
51.59
69.92
498.65
39.10
112.55
100.49
379.83
40.59
27.70
54.11
92.48
168.93
149.23
93.69
136.90
142.20
159.20
349.64
212.82
236.05
458.28
112.80
241.09
117.83
24.92
38.41
51.44
63.33
448.18
71.76
117.74
117.38
485.83
18.00
203.24
37.43
15.96
116.34
96.98
88.20
104.63
243.22
101.74
341.20
104.98
143.87
157.38
64.69
152.13
68.32
87.21
235.47
172.38
147.07
74.21
149.89
80.56
56.78
34.47
117.71
27.70
101.34
31.79
131.07
176.06
547.89
41.84
116.48
103.64
109.56
62.30
63.07
73.92
26.35
124.82
336.41
368.33
121.93
71.63
116.18
439.98
28.27
142.93
122.71
46.20
67.24
228.18
180.94
292.59
113.80
132.87
331.88
207.77
208.13
86.53
154.77
233.82
160.30
111.54
775.86
32.16
18.25
51.07
22.77
140.45
90.81
209.59
114.62
84.82
324.87
279.25
27.01
30.34
57.09
82.73
130.83
38.86
136.42
77.39
68.01
69.47
84.48
101.21
136.24
64.47
479.95
78.98
96.43
63.94
431.74
144.59
832.16
121.36
151.77
54.55
75.89
81.14
63.02
40.72
71.81
141.99
65.82
62.44
38.69
113.54
96.16
80.57
43.67
149.69
252.41
90.53
242.93
166.34
67.44
153.34
29.35
148.87
79.23
288.99
357.69
152.84
118.81
152.23
72.69
76.65
55.94
537.35
41.88
77.58
117.98
111.59
65.70
88.24
229.35
147.66
204.41
38.43
24.92
369.35
212.32
23.60
94.99
54.74
14.39
37.17
72.57
104.89
110.94
220.74
53.77
125.63
280.48
382.39
57.39
273.47
107.21
114.52
81.10
131.73
206.93
155.86
49.83
60.07
119.17
66.60
75.46
918.55
45.94
126.59
216.64
207.01
165.61
112.85
21.57
228.72
94.12
163.61
101.53
73.49
90.90
61.02
137.01
221.78
137.61
168.95
135.91
87.41
89.71
150.26
137.28
51.94
192.21
47.02
83.48
37.56
452.75
88.38
702.89
205.31
109.71
25.29
64.95
149.21
37.21
32.17
36.06
87.53
78.68
95.82
71.09
61.04
47.82
92.65
115.74
212.92
68.35
173.48
130.22
37.05
284.84
579.83
55.66
52.13
334.54
372.93
334.09
353.96
104.08
262.04
35.16
172.38
81.75
84.16
163.70
20.16
118.90
21.09
276.92
34.93
163.31
28.06
572.45
107.90
21.73
86.69
223.58
86.39
414.34
32.33
159.87
252.01
177.63
49.95
69.70
112.34
61.23
69.72
414.27
217.84
132.61
62.12
250.90
114.41
151.77
98.26
201.99
123.98
474.94
63.58
16.31
350.68
496.87
132.28
317.05
90.66
132.67
472.09
93.12
45.92
34.43
21.00
160.20
129.16
15.40
73.43
477.91
839.54
129.95
60.58
112.59
77.27
109.10
207.83
19.47
80.69
462.11
97.82
149.75
192.28
100.62
96.83
127.78
116.31
166.70
110.04
31.48
208.77
42.74
229.00
61.58
114.61
102.89
32.44
100.60
113.24
71.25
117.17
79.32
95.92
95.25
35.71
136.11
83.51
296.68
259.82
53.75
59.84
237.98
121.15
42.68
69.65
158.66
79.73
79.11
153.32
20.21
303.97
57.62
141.48
482.00
119.59
50.56
65.78
368.53
81.73
46.99
124.13
22.20
77.48
150.79
99.74
141.87
100.40
259.63
36.86
158.76
26.08
467.45
382.12
417.46
138.69
32.26
81.80
347.13
91.20
123.21
119.19
67.74
98.42
648.62
52.76
68.71
115.12
30.61
35.42
66.31
144.42
23.49
246.68
67.46
74.67
46.57
279.00
159.63
210.84
105.63
14.43
136.58
34.36
139.10
45.60
50.76
584.20
19.01
293.52
44.36
135.88
299.98
461.46
81.72
306.25
108.13
104.30
39.20
24.28
96.18
231.16
11.89
146.08
40.91
75.74
294.79
22.30
199.52
98.14
81.06
175.04
78.52
73.85
66.65
56.83
378.31
117.26
139.25
222.68
34.50
198.42
105.00
46.71
52.71
79.35
135.44
196.80
175.31
101.08
73.53
187.90
115.64
551.53
424.54
106.00
48.57
21.08
64.40
263.37
660.09
27.24
53.38
88.30
105.57
174.13
49.23
107.39
87.90
141.96
62.70
79.31
39.53
28.17
74.30
66.11
240.66
105.37
174.86
140.22
68.14
139.19
125.05
28.63
91.73
101.76
30.72
234.33
231.93
89.61
35.28
903.40
196.86
227.00
47.11
771.59
101.25
426.04
79.59
215.93
100.58
38.15
68.66
114.16
28.83
114.95
76.15
135.79
55.97
28.08
102.85
26.53
151.34
29.36
142.15
29.73
100.81
89.59
114.02
571.19
57.29
29.76
14.46
209.86
432.15
46.24
195.18
159.90
149.84
195.15
33.09
45.91
190.95
106.29
45.70
70.87
84.39
40.94
200.17
59.12
106.47
124.42
326.60
133.82
123.77
15.95
87.08
392.44
299.49
59.06
208.35
157.52
229.73
93.74
78.68
96.65
61.82
156.27
437.73
93.70
15.81
109.74
82.80
40.27
47.04
163.79
404.68
166.59
130.07
22.04
720.18
84.59
38.21
176.82
119.75
166.09
32.04
151.10
252.99
79.11
686.39
135.81
46.67
116.65
31.20
25.85
20.73
120.26
76.78
149.72
110.11
41.46
71.58
133.21
94.75
93.94
101.15
39.19
168.38
117.72
64.09
216.73
220.52
49.13
79.04
33.04
13.03
376.16
152.35
141.61
87.15
21.54
34.45
45.00
13.66
91.86
139.09
58.82
339.23
109.61
174.27
21.53
121.36
133.13
59.82
43.19
97.05
310.16
26.10
61.66
188.72
46.46
106.30
16.56
71.08
116.92
53.08
49.67
330.21
95.26
159.72
65.32
154.51
145.96
133.98
65.17
53.98
77.20
105.91
127.62
31.39
43.65
288.73
37.90
162.90
387.68
138.78
71.70
53.35
80.57
63.26
112.05
95.76
737.38
35.90
62.01
285.30
61.86
103.63
217.66
197.51
98.06
29.64
51.03
249.45
53.18
152.10
43.18
83.15
26.91
45.99
199.03
70.68
29.30
413.53
33.45
101.46
122.23
104.22
32.11
142.95
553.08
115.66
81.27
122.38
25.45
459.44
161.18
35.92
58.95
45.76
119.44
32.95
88.56
139.44
143.12
54.97
82.26
52.23
51.86
204.84
51.92
152.32
106.19
46.15
20.28
372.99
349.83
334.75
42.68
64.96
149.34
94.98
69.22
389.44
16.10
82.56
24.65
425.64
47.83
113.18
149.26
194.57
14.86
107.28
552.54
102.07
66.19
72.41
23.40
190.56
27.35
229.85
217.26
69.41
49.04
92.65
193.16
260.73
124.11
192.12
113.56
89.26
118.86
41.75
28.25
68.52
121.97
89.65
218.97
135.11
31.68
104.75
138.75
94.32
62.63
35.60
280.81
473.83
145.82
299.51
92.20
93.15
58.72
172.81
746.53
158.78
72.12
68.93
256.46
23.70
123.93
242.58
22.22
348.95
115.85
53.14
167.01
20.01
80.15
47.64
51.42
544.17
94.36
607.87
102.80
78.23
93.61
76.13
93.86
308.85
143.57
130.46
70.07
112.84
113.24
32.12
114.62
52.16
94.78
297.67
859.37
114.30
16.84
56.54
212.43
148.22
205.11
53.85
78.09
14.94
93.29
162.66
106.52
33.51
168.99
418.20
66.73
752.35
544.76
57.68
15.34
28.25
130.30
66.17
169.04
69.78
165.58
126.25
85.78
535.97
95.21
27.13
68.15
97.36
128.84
137.67
20.66
104.68
102.24
172.59
507.36
46.97
21.41
589.33
406.69
178.26
67.28
199.06
104.85
102.73
95.23
149.19
175.23
598.51
133.89
67.89
40.07
118.74
118.96
64.71
58.21
175.09
72.01
99.22
12.50
142.39
187.94
290.37
70.47
105.02
111.41
47.57
29.25
111.71
90.44
179.60
86.01
241.57
153.78
87.32
54.07
60.32
58.62
156.98
109.26
33.87
181.84
67.43
25.37
198.19
119.04
73.43
87.93
130.53
182.66
77.89
151.14
313.45
83.61
52.49
246.00
122.95
84.72
48.32
132.86
156.69
22.91
45.51
95.64
423.46
24.47
70.42
286.82
212.85
172.32
57.39
29.55
80.51
63.13
81.79
20.68
42.53
95.95
116.47
81.70
256.10
65.56
99.19
732.13
207.74
39.66
102.43
242.41
123.32
18.24
64.44
397.60
16.63
190.62
166.61
208.08
92.16
15.06
73.66
135.86
177.19
401.54
30.82
42.89
50.04
115.98
29.01
105.96
150.41
39.82
108.25
59.07
156.31
86.03
63.10
71.81
199.36
39.39
84.94
98.17
68.54
40.03
327.06
20.92
191.48
292.79
94.49
103.04
12.86
487.83
211.19
293.84
102.05
43.80
338.90
157.41
397.08
52.19
48.85
102.62
232.44
44.92
489.86
73.23
114.92
101.31
51.23
116.38
85.24
45.16
111.47
33.73
73.17
19.47
115.86
176.71
184.34
199.30
242.61
164.74
185.62
97.62
71.90
501.66
307.45
49.04
95.55
146.30
277.93
95.35
226.93
26.11
297.82
102.34
69.34
89.86
136.31
104.20
589.04
37.19
70.07
67.24
100.55
112.81
43.79
197.47
94.26
99.04
70.47
93.01
93.38
48.73
55.10
60.03
27.35
30.06
314.25
203.14
32.88
117.27
569.45
220.04
40.64
67.25
95.16
74.31
82.64
25.87
90.28
130.65
101.95
137.57
147.02
169.86
133.43
100.64
25.27
186.89
701.48
243.03
135.54
432.19
212.06
490.36
153.64
224.05
219.14
110.83
187.84
21.51
131.91
29.52
113.92
103.59
115.85
70.73
90.78
234.38
106.36
98.11
114.54
171.34
334.30
251.28
109.06
252.67
178.60
104.48
103.51
33.07
25.86
246.50
80.68
97.50
279.01
93.00
301.22
166.00
41.04
111.85
128.62
117.24
116.34
107.17
31.10
19.26
91.39
20.15
17.91
27.88
14.60
16.11
87.66
62.41
74.79
33.44
108.74
25.85
335.21
97.31
40.84
108.55
37.09
123.85
122.25
103.84
155.57
101.86
65.77
91.66
266.19
15.56
320.49
55.19
65.35
61.28
94.72
166.85
105.58
545.36
111.22
177.73
51.63
194.32
194.47
85.19
32.73
122.96
214.61
134.65
100.88
197.36
54.78
230.01
183.72
70.63
18.21
382.59
205.95
72.95
83.37
67.36
30.53
379.89
69.33
361.62
31.46
361.13
49.59
50.98
252.74
14.47
129.89
97.00
251.50
54.49
115.08
573.45
118.76
211.27
107.07
32.01
32.74
932.63
433.93
155.46
15.45
185.43
104.06
113.47
523.72
276.15
145.99
40.58
68.74
110.36
90.81
388.21
35.53
69.04
96.99
54.34
96.72
92.85
64.02
183.90
12.55
68.61
800.24
115.93
47.16
148.29
100.33
34.18
91.57
79.04
105.73
303.18
166.88
101.17
80.10
96.91
73.30
48.83
250.19
453.18
100.34
67.98
121.27
189.58
18.32
77.12
84.49
97.88
143.45
24.10
195.83
103.55
67.83
64.54
157.58
111.60
128.88
82.81
110.49
105.08
109.47
33.71
104.67
90.03
84.84
16.78
250.63
104.92
80.26
133.58
147.64
100.35
160.21
180.82
226.18
159.05
64.75
31.35
44.06
110.24
20.70
124.77
79.65
238.74
126.80
188.56
67.15
82.26
152.14
186.54
109.89
174.54
19.03
80.93
24.51
18.38
49.87
21.14
216.70
101.38
218.50
76.28
86.57
53.24
288.32
286.29
35.90
225.07
195.54
62.87
104.55
148.51
73.79
101.53
162.06
78.42
38.57
449.92
230.22
43.66
84.68
85.08
70.36
120.73
107.29
204.46
97.89
35.95
68.01
134.15
12.52
49.37
277.62
76.88
135.84
19.59
116.57
143.95
32.20
99.00
126.06
162.27
55.50
52.29
126.96
118.18
169.46
24.44
58.43
42.41
35.31
43.27
176.84
104.45
112.27
98.89
129.34
227.11
116.87
218.70
544.89
257.95
100.36
488.74
364.43
126.38
182.81
114.34
140.96
219.65
95.13
138.57
67.62
75.16
91.34
51.94
105.62
378.70
40.41
159.53
118.37
195.37
134.53
186.20
65.85
346.08
118.49
317.33
45.62
99.36
99.23
317.78
90.14
68.95
102.87
45.14
18.38
525.99
50.99
183.02
69.92
237.50
53.52
35.51
78.99
112.40
104.28
234.98
129.28
260.87
20.44
60.39
398.91
197.36
67.70
374.54
34.64
118.02
153.18
231.36
434.77
107.90
116.92
121.03
48.09
49.72
330.09
155.73
92.40
133.91
103.83
443.63
76.83
42.89
171.63
51.28
69.71
11.94
94.45
146.65
67.41
167.49
14.15
97.62
49.00
30.06
66.65
25.41
20.91
72.27
203.70
220.86
106.37
140.88
76.75
349.29
38.76
208.33
57.83
204.05
217.52
106.96
181.63
827.56
29.28
90.56
136.95
143.21
101.37
146.38
28.13
29.98
231.87
63.26
35.17
308.89
15.16
132.78
108.30
100.92
231.72
144.51
141.08
125.54
42.12
121.18
103.12
43.71
83.44
133.35
104.12
100.32
41.81
25.01
48.19
132.77
38.10
69.93
260.03
123.44
24.85
174.79
199.84
22.35
222.94
102.20
91.45
145.43
151.20
155.76
23.39
90.98
276.23
51.37
277.00
15.04
30.20
152.48
140.32
43.14
53.80
77.97
58.53
144.45
100.98
110.72
796.97
16.77
43.72
674.82
270.13
128.01
48.13
123.38
60.31
195.42
20.10
32.29
191.40
19.35
32.32
108.34
250.92
92.75
97.89
254.12
317.57
134.54
87.38
131.58
161.26
414.14
66.84
87.12
228.05
103.66
80.25
130.39
15.81
208.97
89.54
51.39
170.66
93.22
171.34
79.39
722.69
96.06
64.92
176.02
29.10
99.68
136.79
16.35
109.50
264.91
29.66
334.61
82.04
534.30
109.93
185.25
89.17
82.79
58.39
87.74
177.54
98.49
70.29
154.52
78.29
123.57
75.84
44.38
39.83
59.61
16.17
546.76
43.63
65.92
65.44
71.96
53.58
44.99
58.09
43.90
32.49
71.73
12.13
87.08
233.99
122.67
585.94
106.10
57.91
135.58
19.06
100.86
184.96
96.18
86.59
311.51
102.46
62.76
40.39
79.64
128.31
46.68
130.27
108.61
185.00
128.50
82.66
159.21
112.93
117.65
132.19
114.88
58.21
131.94
103.99
105.75
89.38
158.13
41.31
26.47
81.69
228.33
113.83
100.77
63.33
106.95
319.85
93.86
43.01
163.34
162.69
94.73
230.04
15.09
53.82
257.69
113.03
224.60
107.91
42.54
41.15
78.25
24.82
35.11
479.32
52.41
128.28
155.99
579.70
128.87
94.98
26.21
71.05
117.49
29.81
93.60
117.91
465.63
180.88
36.23
129.35
134.30
79.32
58.48
451.89
28.27
112.07
472.03
82.26
97.25
47.89
362.38
178.55
116.34
54.01
10.97
67.43
98.29
41.43
47.17
91.71
37.14
57.80
82.41
24.72
37.43
374.73
249.79
56.99
240.10
157.70
188.36
88.45
104.54
115.33
78.60
241.26
42.96
152.60
116.69
246.53
212.74
275.36
30.91
233.68
116.24
232.01
77.92
81.20
87.87
67.61
326.20
299.80
32.83
109.21
507.00
518.58
47.70
78.08
43.44
356.64
73.88
153.22
19.67
106.33
131.28
91.51
84.19
77.11
73.01
156.37
137.26
39.58
63.65
15.93
196.49
109.86
81.93
89.49
565.48
446.95
69.59
231.74
110.70
235.64
88.85
169.24
93.08
61.90
113.24
99.94
122.72
51.94
49.36
62.79
590.83
583.74
932.77
98.73
47.99
70.75
139.20
56.39
23.78
124.32
41.79
45.72
121.54
53.16
46.71
166.55
45.49
158.52
356.60
14.12
57.54
149.35
253.18
155.90
65.72
428.15
30.97
63.33
98.78
189.57
285.08
182.85
96.98
16.16
131.06
708.50
38.83
167.12
155.78
118.44
88.28
119.35
22.61
72.59
33.64
222.89
91.48
98.77
101.85
91.39
93.28
120.82
37.05
147.67
34.62
134.97
104.06
64.34
76.25
261.96
97.41
107.61
86.56
54.85
311.20
78.83
19.65
28.88
119.26
92.96
43.15
96.53
113.25
745.63
112.70
26.85
175.35
202.25
19.51
175.75
61.70
23.48
118.27
151.96
139.47
58.01
126.69
521.79
104.65
123.92
60.59
78.62
52.87
127.25
299.33
68.21
107.68
271.15
110.80
136.65
38.77
383.34
22.59
291.15
69.34
140.30
27.23
49.54
46.88
239.60
80.11
97.88
147.65
116.05
97.35
679.59
14.61
689.24
12.40
191.00
125.46
71.64
696.73
41.15
66.59
78.69
93.36
25.74
95.00
89.43
200.95
136.76
49.11
56.09
108.92
410.63
274.55
88.98
209.03
66.20
53.12
37.25
345.57
142.51
147.38
286.60
48.44
29.30
384.69
79.04
60.48
16.40
115.42
77.12
87.84
93.07
123.14
341.69
75.56
78.35
110.68
117.77
147.15
78.96
111.36
116.46
34.23
33.96
137.27
65.02
114.56
95.91
54.45
78.67
45.21
48.60
104.13
244.28
63.38
61.67
37.72
576.39
78.27
160.92
243.44
80.21
328.55
40.83
58.21
131.87
141.75
128.88
58.78
73.11
93.51
74.10
316.59
116.50
350.72
70.10
258.42
74.21
37.41
99.67
148.94
148.99
128.27
67.77
20.83
85.29
68.93
252.41
141.89
57.83
342.21
57.91
211.77
208.69
317.99
128.80
77.57
93.63
188.04
528.60
181.83
23.47
497.36
51.09
387.37
190.38
196.53
260.19
90.33
137.81
260.20
491.93
43.48
92.40
24.20
109.09
141.74
61.81
83.45
75.57
250.51
73.25
74.11
151.69
103.41
22.73
117.41
124.41
83.17
28.89
70.71
99.96
367.77
155.65
607.88
187.51
51.51
28.16
20.18
43.17
28.02
354.53
148.19
115.86
157.25
497.56
139.91
177.06
191.43
145.93
41.08
64.91
134.26
292.36
186.43
677.95
539.61
48.12
43.53
382.53
221.72
387.37
66.14
158.94
63.18
22.19
32.48
183.98
74.62
225.53
281.26
130.36
109.84
262.56
49.15
177.03
339.93
88.81
117.08
163.47
61.92
58.08
385.06
472.62
27.36
205.01
20.38
98.30
258.58
119.61
127.20
302.90
227.75
520.06
93.66
81.31
34.50
56.78
91.63
386.13
27.78
84.00
379.55
62.95
50.47
34.63
110.20
22.87
136.18
104.09
159.47
173.98
732.79
98.85
210.84
83.57
33.19
423.98
723.47
325.34
107.86
126.65
39.57
52.93
48.51
527.07
61.21
71.60
272.63
243.98
17.91
173.95
125.97
119.31
128.78
23.97
85.38
151.47
176.84
94.58
88.91
231.06
166.27
39.05
119.75
83.36
67.41
146.35
106.00
636.27
262.04
42.45
35.70
99.99
19.95
40.23
200.08
80.17
31.75
77.26
72.40
129.93
540.67
170.41
76.42
104.13
610.31
100.39
70.97
104.78
124.05
93.47
111.82
804.99
66.14
43.85
242.87
114.85
96.08
126.45
467.00
118.45
53.90
80.47
46.93
108.09
75.29
47.16
226.39
200.74
46.74
91.25
175.01
14.50
28.16
123.45
142.05
85.69
305.99
143.12
47.22
14.58
219.30
260.41
53.40
171.35
59.27
98.88
68.55
129.79
191.26
397.09
62.80
76.34
102.21
312.62
291.85
69.60
208.50
106.74
440.59
52.71
102.16
61.43
107.04
196.18
37.11
20.07
112.05
71.90
107.17
263.69
125.68
82.89
168.07
51.57
216.44
30.80
163.84
167.66
55.64
56.12
126.22
154.15
91.84
140.24
27.70
90.58
113.91
164.25
68.91
38.21
230.41
251.83
63.72
97.50
121.66
121.53
701.14
190.59
87.60
304.85
164.20
64.52
139.11
85.63
108.48
56.57
37.54
33.55
122.68
196.97
33.59
46.53
30.36
98.74
28.74
111.81
67.15
71.16
23.88
169.05
112.11
43.69
53.62
55.92
91.60
25.14
93.47
97.48
41.54
73.50
81.39
292.97
144.77
78.86
59.54
61.06
274.60
159.97
109.68
39.14
239.31
205.12
63.27
45.59
65.07
83.69
119.00
84.40
214.21
67.80
258.65
56.54
46.00
51.54
25.86
195.37
120.60
231.47
89.37
38.00
268.58
100.44
126.07
263.73
209.40
49.22
51.08
770.18
58.47
39.92
136.64
269.66
43.68
93.84
197.91
55.37
27.94
32.46
191.94
45.72
74.17
252.75
93.65
109.26
132.17
467.12
106.20
51.67
103.04
42.20
57.05
75.39
281.05
205.93
146.83
61.81
198.72
183.85
88.07
15.72
302.65
170.19
40.65
553.08
294.04
79.26
103.88
32.97
144.79
146.02
33.02
245.49
124.72
62.38
36.36
190.16
57.04
457.23
40.68
145.22
138.53
66.02
94.45
39.97
59.81
61.97
382.97
72.38
45.57
29.09
363.27
142.01
185.68
84.62
148.08
110.52
113.69
258.78
109.20
25.78
94.18
151.94
38.82
95.71
73.47
106.46
87.77
99.16
177.73
117.14
13.15
55.06
132.83
27.14
303.79
496.28
161.58
224.95
142.49
427.04
43.77
235.04
98.45
268.92
173.75
90.11
343.93
337.18
279.29
44.33
111.85
103.11
17.73
80.16
59.07
40.78
134.67
54.53
112.71
102.60
71.99
36.65
116.28
93.95
60.27
124.20
70.43
104.79
130.30
225.54
35.00
15.86
36.73
378.57
109.39
237.40
120.12
84.20
148.71
114.14
197.85
56.10
275.17
23.46
24.34
29.23
420.99
349.93
20.11
143.25
51.30
150.17
362.91
118.34
97.06
73.50
59.62
638.17
107.24
111.57
91.69
339.06
14.74
101.17
332.90
21.94
14.20
259.05
27.54
220.63
93.51
106.51
247.07
58.03
99.04
53.89
35.93
91.86
226.17
46.62
245.50
295.63
130.18
26.83
155.97
83.68
292.95
59.52
47.73
87.38
78.02
102.97
27.20
134.75
115.14
202.55
100.87
67.59
53.98
36.54
246.77
137.28
106.15
251.32
114.49
111.62
231.35
25.59
133.97
173.71
52.01
637.75
95.24
92.84
38.54
41.24
88.98
214.63
534.38
86.96
92.91
42.65
72.54
119.23
267.54
193.44
68.57
82.50
374.29
54.18
48.44
123.12
530.28
43.74
468.30
42.97
129.28
256.08
53.50
85.90
26.81
24.15
170.78
160.63
116.44
60.34
44.13
44.73
36.52
272.00
43.92
30.86
116.15
368.99
264.10
197.46
85.48
25.30
122.99
43.41
20.65
157.93
49.70
310.97
278.06
818.04
213.36
19.75
163.25
75.37
178.01
95.11
154.14
91.88
107.35
116.89
89.55
76.54
109.85
107.91
117.68
170.13
95.21
69.71
38.96
302.44
213.84
160.92
56.35
70.13
270.07
146.80
33.95
409.84
92.20
211.80
108.42
189.59
841.58
251.30
123.83
18.34
82.39
70.33
126.66
117.88
586.59
91.74
113.51
180.07
54.63
136.88
164.49
892.21
55.51
49.80
138.61
197.68
86.83
33.04
191.43
37.45
48.97
67.78
42.66
434.36
28.59
342.18
225.53
113.40
92.81
49.88
179.80
24.26
221.63
190.43
78.89
112.66
27.17
83.33
423.15
108.99
44.28
41.81
77.18
142.57
381.22
282.27
44.45
104.51
100.16
43.65
110.26
97.39
263.80
100.98
269.58
24.39
80.40
326.35
100.24
100.26
258.93
206.13
582.33
53.98
58.34
182.17
178.92
284.03
101.77
39.00
61.32
137.21
47.33
104.60
144.54
86.90
204.63
32.13
37.31
285.77
110.56
25.12
98.56
119.73
132.15
23.61
248.22
200.60
272.32
51.88
68.43
175.75
99.12
68.82
88.74
182.75
95.09
209.23
90.92
88.39
117.60
185.87
117.69
199.78
197.51
88.53
118.23
111.97
25.25
67.23
78.77
28.75
146.35
881.02
19.13
99.57
38.85
65.37
97.40
112.17
138.58
22.57
204.35
200.35
15.76
214.12
125.00
106.66
428.32
123.08
151.28
17.16
417.49
159.78
40.35
107.17
299.51
70.50
120.24
196.70
51.16
61.81
126.95
106.31
161.63
270.29
120.39
92.88
248.02
300.45
90.10
675.01
141.92
253.16
127.79
125.89
141.55
137.58
143.77
172.53
22.85
39.33
40.58
38.33
101.79
104.18
164.92
116.89
67.42
219.88
59.52
55.65
186.25
465.19
99.68
89.57
379.40
98.40
80.01
434.13
135.83
244.84
347.13
203.17
52.69
134.13
41.68
92.71
226.12
119.93
142.21
80.96
138.29
48.04
139.16
104.49
52.30
46.77
99.05
79.92
196.92
348.29
175.49
77.75
55.59
17.38
55.62
75.27
47.04
69.38
93.93
687.61
153.73
99.90
277.96
277.62
26.78
83.07
27.45
41.69
74.03
99.24
80.01
188.97
124.50
100.94
109.52
43.08
44.78
59.88
203.99
120.65
39.77
55.05
146.49
85.52
106.25
68.57
501.11
148.26
46.01
106.88
68.67
138.06
123.56
180.80
89.87
17.14
138.60
122.91
50.17
624.94
64.59
268.39
98.17
190.15
148.34
27.50
75.37
95.95
201.24
73.17
82.13
225.36
93.68
218.88
35.52
48.91
123.20
75.94
31.13
54.84
183.63
87.41
328.64
67.42
123.11
107.25
186.75
133.89
58.26
97.11
145.81
161.58
111.60
57.39
167.76
224.42
142.33
131.70
18.93
709.05
298.24
136.03
160.82
114.41
95.36
28.83
81.08
346.93
104.86
65.44
64.23
42.57
38.07
30.79
371.40
146.83
149.10
80.61
54.21
206.32
70.49
98.77
181.97
23.01
87.75
159.79
103.65
54.90
41.07
201.29
43.41
13.41
88.89
58.05
94.07
100.14
76.47
23.69
485.24
414.58
27.08
43.98
258.70
134.29
128.71
89.84
54.63
60.01
98.81
96.53
404.46
80.22
94.53
54.62
274.58
49.85
140.45
62.45
20.65
23.31
61.05
167.57
88.41
47.41
52.36
76.78
404.98
30.70
74.76
161.25
20.61
132.32
96.48
55.18
62.55
130.77
68.67
71.68
313.90
34.04
52.95
93.57
71.33
37.43
129.76
62.51
104.31
45.84
78.02
24.35
127.15
136.96
200.10
46.23
125.82
159.22
163.93
502.88
469.38
605.40
130.97
56.29
207.54
149.34
969.18
93.15
106.55
109.81
92.18
104.40
54.79
22.43
255.48
31.75
309.41
76.37
137.07
17.12
13.70
127.10
112.34
26.51
126.80
119.90
411.62
95.68
176.14
24.26
74.83
146.22
168.32
30.25
36.37
27.18
173.60
98.11
424.69
47.93
220.53
52.33
182.41
46.49
168.29
42.76
44.81
179.04
70.59
214.27
27.88
136.78
32.55
77.74
37.41
116.06
129.74
23.67
34.02
298.49
83.07
54.43
67.86
110.59
63.62
46.54
36.69
441.89
143.53
67.88
113.24
97.18
44.73
44.16
168.64
87.31
170.70
113.95
137.86
318.29
176.92
97.53
94.84
137.58
134.88
543.88
347.71
116.70
357.90
130.44
586.89
26.91
31.41
44.65
316.41
72.26
25.66
181.16
67.70
30.19
35.28
297.22
78.90
162.73
37.12
97.85
41.14
101.76
201.77
66.75
96.28
103.16
365.94
186.24
130.14
71.37
212.90
112.32
433.23
203.74
85.36
217.09
74.76
34.70
84.99
99.48
72.99
84.39
552.41
100.64
699.43
28.59
48.16
43.41
107.50
485.92
33.86
488.08
119.23
31.65
95.70
94.66
80.21
53.25
159.74
125.54
26.36
18.37
188.07
206.60
63.22
39.94
91.86
33.66
354.34
246.07
313.98
94.74
69.61
61.06
102.63
22.46
115.77
52.18
19.98
76.25
253.12
187.01
125.79
85.93
98.11
170.13
77.11
66.08
68.16
825.19
65.80
11.07
107.83
59.94
84.68
23.81
88.42
182.59
76.04
47.15
94.54
103.95
104.74
544.44
27.54
45.80
242.96
162.32
158.58
14.37
91.39
351.07
52.92
18.75
59.56
282.89
260.68
357.35
21.01
168.89
98.69
17.38
19.61
171.22
69.36
78.78
231.63
438.43
97.33
105.44
160.58
150.58
38.98
29.01
405.19
201.10
60.13
24.76
134.56
373.37
27.48
244.51
42.48
316.25
53.52
67.98
33.97
40.28
32.63
23.05
71.22
143.99
112.58
73.86
18.66
132.06
65.57
68.47
109.55
159.06
94.41
24.63
157.78
216.68
36.69
24.89
188.36
102.96
278.95
53.42
773.25
174.69
196.43
16.54
159.90
142.19
103.75
98.38
81.49
200.88
120.47
192.02
78.55
82.00
68.20
50.73
42.39
583.44
120.58
117.09
48.56
78.54
72.48
94.22
235.17
429.71
63.15
129.65
33.46
25.66
25.80
97.86
31.23
90.78
139.07
112.22
72.38
71.32
142.73
260.43
436.76
54.28
154.48
232.24
107.05
92.05
111.67
108.04
78.57
68.56
221.19
105.31
187.55
48.17
30.64
367.53
84.59
27.18
18.35
60.02
61.80
108.91
52.69
107.17
69.23
155.20
18.01
158.08
141.89
15.29
117.58
90.44
112.57
67.64
58.74
19.34
87.57
61.00
34.53
90.58
76.15
78.25
28.83
172.82
150.10
51.40
102.13
55.22
55.56
112.12
55.38
192.68
34.39
181.77
89.83
296.31
108.54
54.75
93.26
86.56
133.95
106.92
38.68
97.78
91.99
178.27
268.23
243.83
78.17
798.42
205.88
135.34
100.99
521.68
211.53
142.35
83.93
67.22
362.13
50.44
84.83
97.65
85.13
120.89
95.13
229.87
263.10
52.47
151.40
115.33
131.83
265.41
272.12
20.86
42.09
250.21
152.85
134.46
88.38
80.36
117.62
85.73
566.99
68.11
92.54
35.87
103.84
79.61
744.17
275.87
61.01
81.18
216.67
110.68
10.47
309.11
18.04
323.60
134.77
37.14
117.08
56.21
26.50
92.50
648.60
124.59
378.89
37.17
74.99
61.75
348.35
105.60
140.68
21.99
105.36
100.23
306.98
142.41
108.42
164.21
107.90
158.39
45.97
120.08
135.48
176.41
92.33
169.18
100.61
144.91
62.73
98.10
457.74
182.19
84.33
59.49
54.12
70.22
38.25
380.94
306.37
40.37
86.05
113.50
306.79
68.50
48.27
94.65
686.80
169.83
96.70
51.57
16.19
201.17
158.92
93.37
321.66
24.70
156.05
158.81
65.83
10.92
136.45
68.18
153.55
11.67
140.39
46.60
67.47
710.10
39.85
541.55
190.72
89.52
50.04
26.80
378.49
202.25
161.61
14.98
90.56
104.34
374.98
118.55
260.10
222.19
61.00
147.34
187.63
47.79
110.09
122.60
136.00
99.84
112.31
103.67
280.61
35.90
58.37
43.52
140.97
12.73
63.18
150.30
28.18
52.86
56.58
88.16
415.49
44.69
171.34
181.09
248.36
97.76
33.43
52.93
224.81
97.56
90.51
36.63
121.67
158.19
53.59
98.94
199.93
242.61
52.57
39.85
34.34
101.72
51.80
46.92
119.59
31.22
96.58
60.81
138.23
110.59
583.00
37.19
268.18
58.20
57.83
91.60
44.97
83.68
119.97
629.24
260.48
16.35
340.12
274.11
478.21
48.40
24.29
267.29
115.11
50.51
232.76
661.52
116.11
187.32
169.15
36.98
137.01
398.15
16.77
204.44
71.89
35.63
145.65
42.98
149.15
99.17
176.00
226.52
399.74
51.02
100.88
135.26
40.76
95.33
303.05
272.65
604.31
53.83
158.78
127.62
79.37
125.13
130.30
198.64
221.89
29.97
31.26
71.11
329.79
17.21
195.73
30.24
192.55
114.07
102.50
36.84
83.19
117.45
129.35
181.52
24.15
115.32
35.60
360.07
408.18
30.50
134.99
263.01
51.62
85.08
64.45
61.93
303.55
297.64
282.75
104.13
570.73
245.29
30.53
115.44
48.87
103.53
109.74
161.31
72.27
401.69
151.06
185.22
51.29
115.77
107.74
55.42
57.39
76.47
72.11
73.51
57.72
126.97
171.03
103.47
99.97
340.39
74.25
146.93
71.53
58.87
91.75
204.82
138.73
49.89
90.03
89.73
151.83
67.49
218.28
90.79
98.89
76.25
212.92
32.74
86.28
72.01
314.35
43.06
102.19
150.54
31.40
70.83
16.94
17.17
156.18
42.28
26.01
79.52
112.45
20.97
118.50
303.18
113.58
19.55
52.69
25.85
218.50
37.45
114.82
22.46
76.74
233.22
221.92
147.56
233.84
42.81
77.16
70.59
202.58
100.85
19.82
15.91
526.93
102.27
102.68
124.69
22.03
45.17
102.87
36.52
33.00
360.72
121.14
528.50
120.70
35.34
120.32
61.47
177.83
76.21
287.82
24.31
72.62
285.92
174.09
16.67
91.53
69.50
138.64
186.08
263.44
94.01
250.84
370.75
100.51
121.31
30.63
178.46
95.10
347.17
363.66
120.79
59.10
181.27
70.67
152.27
32.78
174.99
84.98
273.28
107.68
158.30
47.65
124.61
154.38
140.48
153.83
212.67
271.37
115.34
203.78
96.20
46.65
127.55
164.99
117.04
178.72
76.03
91.14
64.42
260.99
76.06
31.96
144.28
129.33
106.14
14.92
91.29
88.28
138.31
141.83
494.38
220.85
455.05
117.45
183.92
252.32
76.67
52.99
152.09
257.60
20.19
165.21
122.63
49.51
26.16
302.49
35.55
212.11
227.64
102.19
43.46
102.17
67.91
75.40
39.13
114.85
521.08
120.24
104.28
83.56
320.95
69.07
24.01
181.61
97.99
47.73
65.37
38.06
127.70
178.66
58.58
129.33
92.03
50.20
93.95
145.79
228.97
153.43
210.28
58.42
50.81
57.29
73.88
66.59
47.16
153.07
133.42
185.23
41.85
110.72
85.99
93.73
19.30
50.79
233.03
40.39
233.35
330.08
315.39
14.65
20.85
20.09
89.45
91.16
76.25
92.91
181.17
78.15
103.76
78.26
172.30
71.37
258.81
146.13
49.89
376.87
357.34
135.85
598.02
41.32
126.57
133.86
368.76
45.59
76.58
176.41
62.06
250.14
272.70
107.29
37.60
83.91
33.28
175.26
33.76
133.96
527.31
464.23
186.18
108.06
31.68
385.16
63.55
84.04
102.87
27.22
125.88
204.36
63.57
118.59
89.64
62.64
207.87
130.00
116.54
68.17
149.85
139.72
176.07
246.53
77.29
53.49
48.95
46.01
143.27
144.39
199.92
145.83
71.16
41.44
71.63
38.49
99.07
21.15
76.55
29.60
80.40
177.30
180.51
50.73
44.70
31.92
141.74
85.43
192.62
146.90
24.88
85.10
177.41
52.80
76.74
54.17
91.91
43.56
251.74
72.55
358.52
128.40
56.81
161.72
150.27
40.91
43.03
148.09
53.29
147.26
104.34
67.54
108.92
139.53
147.35
357.47
64.17
299.96
88.25
89.23
140.24
266.65
93.10
156.36
71.17
93.98
131.36
231.33
312.66
117.27
163.03
638.11
19.59
201.56
29.12
266.88
72.02
26.09
36.16
145.89
44.35
202.30
74.28
172.52
96.14
134.60
74.77
597.11
507.82
107.51
490.44
393.19
139.37
95.03
87.23
303.20
32.07
175.12
142.14
45.41
248.55
96.60
61.59
126.11
207.24
129.51
65.24
130.00
100.45
186.74
33.75
36.93
629.18
68.63
144.20
75.86
82.32
300.57
81.18
279.73
100.97
247.99
173.76
57.06
56.58
132.96
176.87
19.70
88.95
128.35
24.34
174.67
76.29
197.10
73.92
88.03
125.24
309.70
72.58
76.78
108.49
145.24
38.32
83.75
140.10
60.72
82.31
31.95
78.34
43.53
258.82
85.84
246.63
114.84
255.44
117.69
62.30
99.75
41.20
53.70
701.55
121.51
277.43
23.91
83.47
318.81
109.43
289.68
116.43
195.16
294.35
734.05
744.32
134.50
63.50
620.40
308.30
53.13
111.46
266.42
72.40
68.44
402.67
86.24
166.32
69.89
54.74
79.34
58.47
225.16
169.87
117.90
56.66
263.18
118.05
158.34
117.79
82.59
389.93
53.85
100.93
216.70
101.00
67.91
31.93
56.30
41.50
312.87
128.84
91.98
39.75
119.61
39.67
99.38
57.01
61.92
92.67
78.69
96.52
348.16
83.69
84.64
273.43
92.02
660.90
80.76
22.76
89.48
326.44
148.63
93.03
260.48
15.83
114.45
87.57
85.44
101.34
146.21
150.81
110.07
122.83
38.42
79.84
107.50
21.88
82.04
246.91
343.56
91.39
87.31
132.51
24.52
245.88
64.39
133.52
20.41
70.92
112.74
350.74
408.74
48.55
127.61
496.94
76.50
50.73
148.64
608.82
111.22
48.06
14.42
78.75
352.15
32.12
28.92
97.49
189.33
241.57
25.17
54.46
75.81
168.58
76.91
548.72
92.40
51.32
108.66
68.17
331.72
24.03
66.28
35.20
206.64
657.46
37.98
41.82
41.63
111.86
140.19
159.25
80.75
170.47
112.10
525.10
64.71
70.78
61.85
24.59
288.97
116.64
54.58
126.38
123.45
101.29
187.90
59.82
183.37
153.77
105.32
33.14
58.82
87.74
32.86
194.81
157.80
25.04
279.79
40.26
81.17
688.39
70.92
89.78
57.79
57.39
65.01
166.15
111.92
53.64
45.94
138.70
209.69
108.75
21.59
160.11
89.81
63.49
48.72
62.69
114.16
45.56
16.80
69.80
111.92
91.62
70.28
28.00
188.96
127.15
89.66
416.54
364.10
141.29
80.18
139.42
156.38
111.00
416.00
168.41
49.78
83.72
334.11
90.27
305.15
16.85
153.65
104.85
417.23
88.76
93.04
128.92
306.05
132.93
147.60
399.28
152.63
49.55
67.08
128.25
48.00
23.28
109.89
23.93
52.54
128.91
151.91
61.65
206.70
81.58
208.29
261.25
330.98
123.78
162.02
32.78
96.70
159.60
128.86
28.90
105.27
16.74
134.51
117.11
28.70
195.90
57.45
492.42
156.79
116.16
26.30
53.47
108.72
116.97
600.89
85.10
73.69
24.06
106.25
96.29
273.75
245.74
52.73
120.08
107.24
38.51
45.75
43.77
13.56
104.05
60.03
66.08
40.28
56.63
23.13
86.09
19.94
180.76
79.96
113.80
107.43
124.58
55.06
108.79
212.46
89.75
264.48
65.89
68.59
17.29
300.27
110.39
20.07
76.68
40.88
632.89
184.05
101.75
85.11
93.07
166.43
62.37
271.64
294.02
16.79
15.58
42.75
14.79
467.20
92.09
75.11
189.50
841.03
120.19
54.68
195.98
111.53
96.98
172.86
118.70
99.83
45.13
87.51
166.67
386.52
146.62
333.32
268.65
143.70
145.25
75.98
100.78
305.25
48.63
25.22
76.49
62.25
95.88
82.04
357.81
116.59
116.00
66.32
315.57
65.25
103.65
659.91
21.61
72.14
44.60
171.81
165.44
82.64
246.59
64.93
157.81
82.97
29.04
76.89
86.89
186.58
53.31
296.54
93.43
23.48
126.82
120.36
51.42
116.52
92.11
118.30
58.75
206.93
107.67
173.55
77.36
417.06
52.63
239.49
92.69
222.37
137.12
45.74
260.66
111.15
109.77
55.10
408.34
89.73
44.96
102.58
63.27
138.15
112.73
39.44
81.37
95.23
95.45
114.45
165.53
85.81
49.85
75.74
425.73
299.85
72.18
185.54
512.43
233.12
40.92
53.97
13.36
98.91
56.09
182.57
158.54
347.00
96.12
27.30
123.13
35.33
677.78
29.77
129.78
141.99
18.29
55.03
68.22
44.97
163.93
894.78
142.20
89.23
93.18
30.82
93.41
79.20
429.79
133.04
89.82
116.61
155.69
56.91
70.91
102.36
213.56
135.92
235.96
499.75
93.96
584.66
66.76
85.02
30.30
726.76
25.53
27.53
41.02
205.27
251.76
73.74
92.41
34.50
125.03
35.98
26.64
16.15
187.37
90.72
72.73
242.96
97.16
77.00
69.35
800.31
233.34
38.96
133.20
197.07
51.62
50.37
523.64
64.66
21.89
112.44
79.74
225.53
115.57
257.65
43.52
17.28
49.65
86.20
302.56
60.66
214.85
29.27
117.66
156.33
714.18
131.84
64.50
79.14
165.02
37.95
248.29
59.47
168.12
436.06
43.33
117.71
82.66
79.93
249.04
113.76
62.54
13.02
89.04
102.46
13.51
109.47
93.17
217.33
114.15
190.11
138.68
112.69
107.32
129.34
109.67
22.89
29.63
623.19
207.78
32.42
202.49
79.19
236.50
160.91
210.43
182.65
37.12
107.22
260.32
418.26
487.56
122.83
66.92
182.95
109.78
34.37
80.82
138.85
175.26
98.48
243.53
86.30
44.13
220.83
31.16
244.47
115.75
72.42
37.99
67.72
127.00
175.19
142.12
182.22
113.77
493.94
332.42
169.11
273.07
40.49
57.04
67.07
81.15
100.22
191.47
28.47
75.35
30.52
144.47
82.05
76.14
76.48
129.56
102.37
394.30
146.54
116.04
289.33
110.56
87.63
77.14
27.21
28.97
374.45
114.21
153.45
187.59
115.77
83.87
103.80
111.63
732.49
24.09
142.05
12.88
36.23
297.64
327.59
31.82
42.56
19.20
23.00
35.18
77.56
15.48
73.82
114.96
81.11
110.78
54.47
