13.08
361.36
85.44
169.39
111.49
109.93
147.14
40.96
92.09
41.68
44.46
172.87
117.68
48.76
228.21
36.94
38.63
49.60
171.08
26.25
123.08
153.83
28.89
19.36
635.93
122.83
198.38
422.77
62.25
232.76
42.95
43.60
43.22
55.21
223.85
97.62
83.03
51.55
22.50
114.18
298.76
69.92
297.47
182.09
256.12
21.11
360.30
122.94
75.08
74.51
71.90
231.71
29.21
122.54
140.59
113.27
20.96
104.05
43.57
32.05
218.42
113.68
412.54
73.34
147.69
42.30
483.14
67.27
439.73
48.42
140.43
127.62
169.03
470.07
60.70
58.45
67.09
74.22
116.84
12.29
182.92
249.12
89.34
73.23
34.22
25.41
68.60
63.40
87.29
87.83
224.82
92.64
208.19
59.37
113.71
125.67
66.09
91.10
714.45
15.70
