24452881
24570825
23672670
24398660
24230406
24260544
24428276
24289806
24700896
24566292
24354200
23961016
23818630
24915030
24615292
24423220
24895020
24428300
23847760
24437812
22885500
24655848
23970716
24047314
24450321
24601159
24063874
24745098
24482640
24551989
24621395
23879853
24132650
24442992
24516482
23914638
22626840
24740627
24840252
24390000
24363975
22530960
24144692
24665472
23775015
24290000
24438120
24616426
24254601
24685902
24676054
23135571
24269472
23578432
24945000
23261208
24820275
24388626
24403500
24127826
24019872
23687300
24790341
23449734
24681023
23608725
24318822
23838776
24551829
24263540
24339380
24323328
22890934
24019272
24606540
24945024
23765504
24681020
24373528
24166975
22956375
24591392
24606558
23546754
24398528
23274988
24710760
23964588
24616020
24586710
24176825
24675504
24358950
24166956
24501924
23916750
24580923
24442967
24825306
24348588
24810136
23872212
24641247
24800319
24530360
24655684
23489313
24319312
23781285
24785330
24925036
24770525
24285015
24815102
24201138
24505810
22532488
24378204
24215280
24765000
24000137
23837994
24437982
24715506
24830240
24840207
24078600
24720783
24205031
24591456
22813392
24651221
24496558
24225300
24020670
24581595
24840175
24855154
24413400
24253024
24460515
23911776
24245712
24034000
23794100
24253024
23273736
22453292
24141882
24497440
24695930
24512337
24666066
24299970
24536292
24700896
24975006
24566880
23990388
23994882
24660715
23044200
24342147
24585162
24173640
24250544
24566862
24730725
24265187
24378906
24521628
24408528
24225828
24855198
24250698
24403239
24265460
22963143
24606404
24139176
24566386
23308855
24665570
23242032
23867804
24054100
24685882
24580164
24171840
24265472
24141620
24526200
24546764
24485202
24640272
24264576
24515712
24346840
24334389
24581739
23785113
23770120
24790440
24451936
22968522
24517340
23951187
24795414
24630885
23867220
24635520
23965864
24377850
24700900
24088383
24053848
24216177
24800351
24905070
24063910
24840255
24070000
24835266
23585460
23377900
24412392
24895110
24885130
24242412
24870105
23231775
24611440
24542080
24176789
23726520
24502016
24815232
24338300
24740555
24467160
24750561
24536350
23594720
23571312
24745540
24174680
24590840
23381640
23353026
23721210
24870000
24382323
24077049
23694288
24651221
23956990
23853200
24398550
24865026
24571705
24616300
24880144
23972052
23416575
24820203
24309828
24700224
24680295
24185428
23003465
24755360
24165292
24299950
23762921
24295037
23927568
24466932
24034296
24755180
24001068
24505380
24462747
24690672
24406734
24067155
24088400
23497656
23692544
24551944
24184608
24685650
24402816
23484384
24660195
24730153
22999116
24586416
24551625
23618871
23391550
24152254
24915072
24377266
24185700
23434797
24063840
23898477
24770333
24765370
24476116
24403591
24735592
24068307
24675636
24280124
24621435
24380244
24830288
24393397
24605748
24745000
24264947
23434381
23318712
24700171
24000185
23887236
23448711
23980285
24640396
23850320
24805170
23692214
24556168
23687328
24215341
23400074
24685836
24481680
24890072
24239796
24085655
23595264
24770304
24890021
24183588
23823872
24935042
23679040
22781528
24666050
24338772
23785104
24725546
24304324
24502496
24005100
24626250
24561872
23832800
24500196
24935042
23258424
24086528
24595938
24206351
24040406
24279200
24626406
24885120
24690957
24765280
23652854
23806328
24294845
24780468
24581440
24650969
24014438
23682750
23507550
23813960
24590897
24339402
24760320
24845234
24457914
22150836
23902320
24815340
24810345
24497550
24482704
24090510
22407620
23844016
24195930
24880135
23424576
24516422
24245047
22248153
24835116
24875066
24147072
24795408
24985002
23741184
24107700
22839374
24815210
23684773
23425276
24660795
24785352
23597028
24102260
24675354
23435217
24541387
24545880
23912084
24880119
24235733
23736129
24423360
23222761
24502331
24750504
24650696
24506638
23892462
24487596
24715680
24240510
24870069
24309818
24680000
24166800
24830189
24840156
23674931
24600231
24304900
24092866
24334089
24343267
23725345
24925026
24585316
23592000
23823905
24507438
24515870
23571000
24117920
24516360
23790004
23443443
24815232
23407640
24685686
24462835
24116670
24680583
24171972
24780315
24055544
24575324
24482583
24750000
24661156
24780483
24270400
23376901
24345384
24715602
24626394
24542091
24785120
24051670
24316270
24517112
24173045
23901232
24645138
24670833
24191532
23193756
23984804
23298560
23909291
24108000
23625096
24705814
23425610
24850209
24456488
24815186
23440008
24710552
24715506
24388776
23892015
24522288
24269590
24112854
24770448
24705868
24705564
24481335
24790117
24393721
24457838
24461827
24725600
24975004
24491157
23619536
24176825
24219182
24316386
24213105
24126300
24373645
24462660
23852831
24443100
23692004
24447870
24585532
24043662
24760527
24780384
23681766
24570825
23877420
24186724
22399050
24775464
24014858
24755600
24780084
23376201
23974152
24630640
24895104
24472368
23912091
24457838
23392213
24705450
24420660
24586650
23697415
24309800
24157216
24710552
24605858
24438036
24398060
24235785
23081660
24650600
24377850
24900075
24076713
24720759
23711848
24270840
24354056
24183588
24750621
24656100
24875100
24865140
24325000
24885120
24248444
24552024
24675676
24446890
24371853
24299268
24715470
23394633
24245047
24307574
24591672
24705598
24621044
23308908
24715680
24820203
24086943
24288042
24176745
23682820
24451176
23948100
24591672
23780210
22424948
24112704
24438186
23975010
24215712
24700576
24561647
24289980
24770273
23329725
24375600
22800561
24606560
24690840
24423040
24186660
24532109
23104400
24527244
24451800
24875100
24930045
24665660
22562304
24457928
23548905
24650825
24690000
24427800
24264107
23677700
24039265
24710585
24121840
24765342
24795408
24423243
24167007
24418366
24900064
23997992
24645798
24243751
24462516
24240850
24745594
24334453
24451936
23941049
24980003
24156901
23666461
24705868
24200148
24795238
24596178
24930000
24630144
24290082
23080620
24760575
24201324
24436710
24875084
24890040
23469160
24157176
23280429
23777124
24895054
24656134
24334264
24850176
24805350
24815270
24590952
24586342
23345920
24112308
24715392
23183856
24745230
24152308
24467862
23794880
23502848
23946336
23896310
24640671
23078016
24511560
24875114
24457814
23926220
24451729
24284959
24416862
24360615
23672818
24575750
24038113
23613870
23510510
24487470
24655884
24332464
24715680
24840156
24259738
24571120
24427656
24497478
24274800
24536782
23726520
23740554
24462187
24520095
24284160
24215880
24750600
24363807
24171216
24770408
24541387
24151318
24542080
24625350
24556938
23930823
24017952
23398760
24740555
24596568
24255994
24497494
24835266
24436710
24388476
24388132
22676068
24171960
24426824
24073722
24855000
23876100
24140922
23314410
23692284
24680999
24750589
24566136
23826786
24635000
24284284
24088400
24407728
24530688
23759820
24885126
24457968
24735360
24249510
24067072
23711100
23803800
24532128
24472640
24200290
24656148
24215512
24475206
24775350
24690177
24224640
24512400
23804317
23955138
24132614
24650649
24393712
24690177
23425596
24475000
24180400
23512785
24540352
24303379
23371520
23643904
24280100
23729984
23206824
23700105
24059238
24810261
24520935
24980003
24641260
23741146
24681015
22315980
24243660
24815186
23891175
23062114
24785280
24363952
24621440
23736384
23759344
23953050
24078568
24865126
24221106
24137533
24467850
24432288
22904896
23898600
24375936
24184515
24561911
24185162
24596584
24271485
23107224
23756328
24765210
24770513
24339080
23434497
24467842
23670731
23173572
24720255
24248150
24571624
24081834
24547058
23995272
24880108
24452496
24670248
24770304
23707157
23768860
24472773
22862742
24547058
23653630
24521463
24522295
24725484
24900096
24630793
24186435
23744193
24487542
24735660
24472745
23970560
23691854
22297059
23741244
24142452
24875000
24586512
24472025
24098280
24547040
23804640
24606428
24565086
23623237
24630693
24309278
24541920
24293597
24481479
23891319
24805378
24581035
23598228
24695280
24368942
24760432
22883847
24556518
24235760
24432720
24765396
24245452
24107616
24461235
23612848
24720300
23731440
23672710
24522279
24875000
24681020
24865110
24890120
24132350
24680000
24353696
23270615
24640972
23517144
24595828
24825306
23843568
23877070
24675406
24287460
24019440
24486092
23881473
23019780
24201468
24412325
23673018
24527184
24651104
24890040
24112968
23025600
24636200
24760407
23929063
24820324
24651221
23684089
24241152
23887474
24601551
23814351
24324300
24482175
24601116
24547050
24610680
24540672
24621380
24477726
24368922
24656178
23649972
24660580
24720775
24324543
23601830
24417870
24407728
24428150
24532200
24167055
24107659
24322124
23558324
24240642
24725600
24755328
23940080
24690897
24655000
24735612
24980003
24147347
23926764
24157980
23491696
24730153
24820155
24580675
23887276
24710400
24139060
23435181
22553000
24442652
23884900
23546754
24581755
23975530
24690817
24445110
24378666
24760320
24820260
24890040
24014394
23682316
24770513
24196536
24285015
23920848
