9802781937
9955146240
9876924520
9670118045
9604017060
9863975723
9695933138
9709943502
9308358640
9438138852
9668811778
9827574396
9868395600
9648888864
9830982546
9575460528
9925220510
9959711532
9646222300
9854291925
9914446940
9804953004
9851877112
9877424018
9335770080
9667289829
9634446927
9772439772
9825583296
9318842868
9960626709
9573697067
9871316910
9980107144
9884720274
9792075641
9975713892
9695061068
9274532228
9632525760
9838383885
9563638784
9414873005
9570348432
9701723787
9475984000
9764186136
9919745942
9884186320
9760122350
9716552573
9758549570
9821719502
9247037413
9871355890
9316242693
9612407048
9870493458
9884289225
9388211778
9710883084
9488637380
9798433175
9670529337
9313667106
9575578203
9688169150
9847559669
9663674391
9509068264
9981508556
9861377078
9461154677
9700807080
9255196328
9908207375
9129326192
9627508972
9219546225
9644613949
9860168388
9645742200
9482591170
9756036885
9722842728
9584305938
9757274232
9785333965
9780356446
9503664225
9351554938
9910898492
9659174656
9917271790
9911944305
9633927960
9799505120
9886601520
9828734271
9832085235
9665839221
9947867496
9941484328
9868137400
9992900558
9858792660
9687180321
9829243848
9730385138
9646684670
9687561234
9947353682
9791045030
9611280705
9712486503
9737409045
9752178960
9134292910
9362799385
9743862250
9582020720
9820710558
9669068142
9470979480
9341777760
9768889754
9726554992
9587179822
9877172895
9918544604
9708834927
9771564062
9960734452
9978900210
9693433890
9855097448
9845007725
9765559789
9850074557
9897009320
9685462316
9822955120
9756344600
9774874535
9589258770
9613490019
9818274592
9896623026
9750828620
9965313590
9749549184
9756703908
9628901061
9943878736
9920266176
9645035705
9795150600
9602296362
9674714925
9424928264
9911101304
9915267551
9672065394
9289009466
9830405079
9719497760
9832533840
9945364090
9075468618
9604625612
9767496865
9853644423
9872515400
9623800872
8933811777
9908973711
9339667700
9794220282
9649926690
9835822070
9714446441
9875266721
9720166785
9629647272
9853953324
9850723365
9941575656
9950807616
9680279902
9933715950
9600668208
9696374500
9334741430
9593712414
9571099200
9901600050
9519260091
9878264920
9815651304
9821826960
9816063152
9508140564
9662885511
9666522077
9608968575
9652756691
9937023049
9770360960
9836196160
9825296976
9824529505
9863463449
9871331344
9735558336
9831201226
9793070364
9926508528
9939572324
9519829666
9816507342
9852108822
9680906910
9761862984
9714490506
9886420790
9709698240
9833090040
9793971852
9585389520
9908604435
9790604786
9683930571
9885444795
9680654192
8948779755
9686795329
9836979723
9677341342
9610353198
9802260934
9952216720
9741831264
9961023141
9888683140
9850562211
9837075740
9565378848
9727060980
9806047298
9703600510
9379775716
9842010066
9804463850
9673323968
9731173965
9682770640
9901436286
9793846727
9780524550
9857868090
9815154972
9846313880
9763974272
9903231861
9908784200
9955344252
9579594600
9667311565
9962927930
9951831185
9769978506
9911098398
9530799975
9836585388
9807488000
9732377668
9589651435
9470937126
9715642160
9889699409
9476928939
9834777150
9645580303
9636929777
9955844485
9676788240
9855318438
9878764039
9775184120
9740307624
9816942161
9818205008
9703055232
9842246440
9605832876
9967925718
9293257680
9881889948
9822989096
9651870992
9760644709
9800064288
9768410019
9730035336
9761096191
9932700344
9574423776
9473720815
9958043076
9337182056
9530755377
9814838979
9878646402
9791887677
9688158792
9904091080
9931048269
9405976070
9191024768
9643946092
9742138350
9702466440
9773415525
9767747520
9501571873
9788562599
9717961770
9739719618
9921331211
9488826745
9950432263
9898530180
9591157150
9907096950
9214660610
9437599314
9983506254
9323139840
9037483347
9851742511
9758477354
9813026496
9760564700
9928436960
9604343202
9586197470
9860485376
9186641325
9719812273
9627336936
9547362384
9652201290
9798221140
9836523003
9919307991
9805942560
9829868528
9450690327
9748559421
9664190244
9974016891
9302475564
9444652701
9645098967
9920641328
9676384122
9765062390
9817127831
9931000000
9977113080
9854023952
9888498081
9276488000
9649160820
9897234750
9815550920
9819044244
9799308142
9768684631
9869803000
9657192594
9120810600
9894779760
9905738700
9403091328
9955842117
9378026508
9927722395
9846860142
9506518203
9734168928
9705007467
9633128052
9631065748
9918948195
9762815149
9857658267
9920258788
9624382272
9740413122
9729241878
9862733832
9157148400
9883163004
9659161205
9623880513
9512050936
9732491892
9583323390
9524625792
9939610548
9952556350
9839223360
9476766216
9962729082
9899252525
9216843176
9854617890
9495034164
9813338900
9946332292
9739912839
9902824625
9831578580
9674158318
9846745090
9752593786
9750928800
9516292896
9769812612
9925538688
9972108540
9812014020
9886947300
9847382132
9850592268
9877450282
9712554516
9608253334
9704564415
9781158625
9393784905
9906667545
9577356164
9799115760
9785918456
9761477544
9385572500
9672042776
9685221147
9455073088
9680047026
9926535424
9832506260
9624160973
9891955002
9864337791
9723907392
9572094064
9760596255
9903055904
9786938265
9867773005
9937263252
9811340976
9807545020
9834562998
9831382352
9878855484
9845798820
9760390420
9720875043
9998400063
9921660028
9886419360
9515260160
9782468890
9661019634
9592636585
9628049136
9145037073
9765376271
9913726592
9827832598
9877875100
9840427912
9673575450
9726391186
9717499636
9853832502
9544568700
9675363612
9894833629
9924830196
9612229100
9642296750
9929878257
9430616372
9893584280
9670537545
9671576924
9981308610
9935599450
9645132276
9877675570
9672902292
9558064020
9666039748
9755794230
9690969125
8500474300
9937580626
9689151852
9810596040
9665409840
9901045872
9826567675
9737367570
9814190508
9470689486
9779453422
9683025274
9536236850
9702639041
9941558166
9827658960
9785344687
9286060399
9577476780
9454210290
9518391428
9779772235
9681681007
9961120274
9735189779
9765786176
9895635113
9856152702
9772400896
9661309520
9731597890
9893264934
9863167860
9489287663
9560889595
9314748353
9719508330
9469197018
9488824866
9951448440
9567645610
9520629516
9653373135
9743201664
9670653478
9869435872
9664022112
9585195424
9625568688
9769636572
9131448251
9725814230
9702005912
9946238505
9773641010
9796380264
9636366264
9837183389
9250876614
9588311271
9869088960
9843319200
9691346736
9612379110
8969347119
9516188052
9734073492
9186574974
9799111080
9660132754
9793334834
9328746378
9958132760
9774987352
9841801444
9845671000
9459998589
9860980344
9923227740
9630556054
9866257458
9451026410
9788059696
9949107888
9845797707
9930111264
9913681356
9801047457
9801060066
9903950705
9688167806
9452282829
9498286784
9920478315
9618661104
9953153268
9991501786
9806812458
9223575258
9803598380
9860471775
9884151198
9422035819
9928203800
9887018666
9949849312
9680591316
9935358212
9967821696
9729717248
9677020553
9841729160
9853978716
9644470566
9818857566
9367820371
9621450960
9900764640
8929672269
9879153780
9706864544
9781417600
9467969630
9623759545
9747965368
9706062236
9781478646
9782362434
9839945270
9855522025
9589538464
9828030132
9387637323
9689517215
9908889486
9727279750
9571035244
8762659114
9110861214
9697001227
9312198660
9852126539
9300929706
9089659230
9938162118
9962235096
9629296545
9900646700
9950352632
9313230168
9773932000
9841519800
9330124536
9868428338
9979300206
9532159840
9985504606
9617052661
9726577776
9647377506
9915081038
9250810982
9644859070
9794503806
9553612200
9353158353
9590474260
9783372272
9597984748
9874653192
9693053090
9719799975
9548823464
9795627833
9776138020
9908495520
9618816603
9714934900
9521139210
9691811409
9933311115
9820790119
9656235590
9853409904
9594280065
9644509160
9363630195
9372281112
9915846510
9105546494
9712336062
9426176440
9940684960
9685545360
9735554400
9955845925
9612020115
9599442372
9561662736
9893111638
9350126480
9927834840
9688630232
9831642201
9293811870
9922176360
9930456588
9287884551
9808729580
9862733832
9761760675
9986701116
9629187072
9767862924
9658410192
9406101654
9667571346
9650409842
9594377013
9496246670
9824760288
9773000916
9710127420
9750673308
9541836109
9444845674
9669072090
9945068569
9521585892
9687852016
9907344676
9923535025
9568055826
9530532275
9149443452
9913212795
9408516975
9790528450
9941674239
9738086948
9687249264
9909794622
9904528092
9835212640
9272179700
9878256160
9878868186
9601056256
9720763840
9954751062
9446664700
9872998713
9827674241
9562287228
9904227999
9340621950
9711698103
9787251285
9906115364
9684667800
9777326163
9782959296
9765961770
9659260926
9715015245
9720331388
9776326670
9687420600
9570493296
9726355686
9861462861
9782021067
9490013260
9252516064
9471729330
9500753760
9809414644
9795915740
9557203348
9778489000
9638227584
9477407275
9983905830
9882303522
9954346206
9918356256
9676758450
9746326848
9916017528
9526372988
9870106460
9472122136
9539244045
9943778540
9724053365
9249569625
9498465726
9604293660
9673375360
9645594350
9907489072
9706856616
9691872412
9398420495
9847583176
9417674604
9707411556
9465157110
9684043260
9699461075
9982905978
9824532774
9803808280
9432806800
9935003194
9603490017
9340084023
9634009200
9828732031
9876881300
9760251936
9580624380
9612138249
9867739632
9563664992
9719642696
9702790188
9922121124
9475671310
9654112128
9591533748
9861944024
9906913962
9874592292
9539674510
9907509150
9616139226
8998816000
9960610248
9607170342
9897399171
9813081621
9944867712
9570904775
9952356376
9903567240
9703135708
9673378708
9723269724
9781740095
9752339972
9815062897
9854402908
9715745286
9860483392
9320602499
9370311880
9772613424
9978508016
9773506074
9636370999
9872705426
9805354795
9766117456
9947567646
9806569010
9710149768
9649047595
9813575626
9728072136
9804477299
9902812520
9912989840
9598205760
9277726980
9910401432
9683226162
9445395119
9736099444
9840278799
9635542564
9917867526
9829020510
9595771312
9893488832
9965914308
9855956232
9777971644
9820478576
9527280455
9880060162
9600312500
9543792649
9710264906
9900605928
9912783048
9586537818
9512715024
9326729025
9423071229
9613645590
9807719630
9851062014
9643506309
9802065672
9920599200
9863497518
9780828550
9646082352
9258004311
9808712751
9826554416
9902440119
9082676016
9943480080
9959036249
9897408052
9729293520
9758951796
9670550004
9467862542
9631901152
9635463523
9835327170
9719096364
9832235490
9499560011
9806452299
9835837902
9956706672
9801850225
9592485800
9662188340
9959739672
9579091729
9958543026
9867714472
9384082110
9435560454
9876243272
9919260428
9665127038
9757184752
9626810778
9604971925
9608374776
9936002018
9959331312
9888908400
9807396560
9800504700
9055384968
9852034276
9670067100
9601829037
9751711100
9283894680
9900946791
9927824362
9541179648
9865952214
9621339552
9296566880
9809307576
9749696872
9983805885
9725550615
9642972780
9552234642
9854329499
9673238880
9798442500
9788672726
9517365085
9644072109
9941641583
9725608302
9760847065
9765796206
9775473857
9642397950
9943812912
9519214446
9523937745
9781570864
9765478640
9556601597
9910067418
9586867635
9733749966
