47.27
174.41
112.50
43.57
81.10
545.04
122.94
42.45
278.57
41.02
64.62
102.96
133.11
34.65
190.76
57.84
42.34
88.39
201.94
376.44
135.63
208.69
144.99
84.12
75.98
11.36
36.24
116.36
52.95
57.67
126.58
19.20
70.24
27.11
415.14
113.31
189.94
100.53
120.08
325.21
18.37
86.23
176.70
126.43
84.09
90.32
42.53
61.15
169.05
289.26
91.26
520.38
68.54
60.94
37.94
82.83
91.79
47.79
290.29
59.71
136.89
164.30
931.19
213.84
40.41
35.98
87.84
71.52
245.44
36.97
111.60
50.35
85.29
115.45
368.51
116.00
35.43
50.38
72.69
101.61
43.61
80.79
45.88
100.11
47.56
388.39
83.71
396.16
78.86
291.16
60.81
106.86
131.88
66.92
376.74
130.76
28.38
594.97
138.38
45.39
746.41
198.31
123.91
394.01
27.27
82.18
46.71
219.75
77.69
267.88
162.13
117.63
19.45
38.15
122.33
148.32
147.14
420.44
29.62
253.59
143.52
147.81
176.72
31.95
372.38
72.46
74.45
170.11
50.39
57.44
30.94
46.05
102.00
83.64
80.16
107.05
24.47
49.68
140.93
225.75
131.33
22.19
77.41
89.78
95.06
48.05
91.92
64.14
32.37
47.52
70.21
60.24
81.47
207.98
189.14
83.29
46.17
43.36
46.23
111.30
81.94
101.12
31.11
100.55
199.49
221.27
26.24
254.54
104.13
302.45
55.94
116.61
146.00
168.88
27.89
29.92
104.34
37.38
25.43
125.60
86.70
242.21
18.90
96.63
232.73
213.31
567.47
121.50
170.11
98.10
79.06
70.60
21.02
60.88
250.37
139.45
60.46
108.29
55.73
119.94
102.62
145.28
151.62
28.09
127.73
259.64
51.66
35.83
159.76
146.05
85.86
261.87
133.97
237.39
137.37
110.58
148.98
35.52
17.16
27.81
25.25
16.91
29.82
207.01
103.08
42.98
85.06
13.85
87.42
79.60
118.24
271.62
66.30
80.53
55.32
190.01
348.51
46.12
93.60
29.02
41.89
174.70
27.86
105.23
189.87
179.49
144.11
87.34
24.22
13.98
73.86
458.93
68.02
121.84
37.45
30.45
26.16
35.89
45.51
103.19
51.78
104.88
95.57
155.18
34.29
115.41
165.59
43.30
78.85
49.47
46.60
286.89
53.10
16.07
332.70
97.49
278.32
132.12
219.29
142.80
23.92
20.68
16.82
205.29
106.91
88.06
75.26
79.22
154.14
374.63
210.51
133.97
174.56
183.18
117.77
79.15
213.87
281.00
37.77
364.84
36.02
125.15
57.16
35.57
174.18
101.39
241.69
78.50
149.75
82.95
96.18
53.57
133.93
74.04
72.73
76.07
37.63
213.13
112.13
125.30
91.09
120.78
18.12
27.02
67.53
99.38
108.24
98.18
309.07
350.16
93.83
165.22
436.00
349.20
206.21
75.27
112.45
115.08
43.11
87.68
58.18
787.44
237.38
49.15
54.30
93.70
124.51
46.87
66.74
111.08
332.35
82.10
233.02
268.65
119.29
67.30
32.78
36.52
14.62
193.09
39.90
84.14
273.67
134.98
28.49
281.91
98.55
91.79
121.08
86.39
94.51
146.44
189.74
66.42
88.19
38.33
42.26
183.51
95.78
152.90
68.17
30.35
16.68
69.53
65.67
79.72
59.07
41.37
250.66
133.53
19.16
126.81
316.12
253.99
135.47
55.58
599.70
452.09
43.91
88.63
108.59
26.91
836.30
39.86
24.76
106.13
197.50
31.42
254.42
42.37
162.30
87.95
208.44
22.11
57.93
220.41
119.18
77.62
148.27
34.18
818.85
154.88
209.18
237.20
124.19
114.47
271.93
45.86
42.26
192.41
61.01
36.71
152.32
126.73
42.14
106.60
222.91
69.30
399.37
108.88
49.00
126.63
135.61
147.89
140.21
190.52
69.93
21.19
61.76
111.20
48.92
163.91
44.77
406.02
115.74
72.75
44.32
145.18
26.92
111.78
143.21
97.46
78.09
71.11
16.10
52.81
66.79
80.68
308.49
302.80
76.56
44.67
50.80
23.58
329.56
104.18
56.77
27.19
103.52
248.89
130.18
181.31
57.06
110.21
315.00
94.01
255.14
75.55
132.25
103.58
99.47
439.22
116.98
33.52
59.26
210.72
339.34
255.82
443.98
22.41
17.13
112.83
144.93
63.45
47.33
94.89
181.29
280.28
79.56
148.09
77.37
68.92
104.72
31.27
214.44
362.86
107.75
68.89
128.49
117.77
51.07
110.12
62.65
214.75
60.03
367.28
128.13
43.39
172.44
155.34
22.89
42.95
93.27
163.27
36.45
27.09
58.59
18.99
187.73
56.24
209.58
22.81
95.73
344.01
103.73
73.54
229.10
371.69
217.65
130.70
31.99
96.14
477.31
54.72
88.30
119.48
46.65
89.11
69.29
294.39
57.59
125.01
386.44
40.69
69.93
10.09
367.93
29.61
178.77
136.46
144.28
141.68
106.50
203.27
23.08
449.74
197.12
63.40
29.46
154.58
89.73
39.30
103.69
709.78
150.04
379.77
70.28
38.25
194.60
36.69
117.20
91.37
113.34
78.02
13.94
98.80
271.59
638.20
71.32
60.83
289.07
125.42
79.24
30.50
115.15
129.19
131.61
56.52
72.52
89.28
191.96
60.99
48.81
79.23
124.83
282.00
265.49
138.83
157.84
224.19
47.60
127.92
497.78
94.46
132.09
51.52
39.71
93.22
49.22
310.53
128.75
507.82
199.81
121.39
153.99
43.44
136.67
63.17
314.67
67.05
47.27
108.29
156.96
114.98
331.60
114.30
92.71
408.43
390.49
95.21
23.93
99.07
29.93
61.24
54.19
83.72
42.77
14.18
50.64
96.74
55.09
63.84
72.39
362.76
216.39
290.17
152.39
116.74
47.05
286.23
124.74
202.14
103.15
222.48
78.20
22.40
207.14
419.31
407.97
105.31
66.81
744.04
165.34
44.60
86.57
56.09
167.23
73.00
99.25
95.59
74.80
100.01
79.59
471.54
46.83
137.56
25.77
86.06
83.12
45.52
165.73
132.20
30.86
697.22
131.69
16.43
60.43
120.11
75.83
40.03
91.94
271.53
117.69
120.22
172.76
139.37
170.75
234.30
113.66
113.32
126.70
159.99
117.67
50.08
73.59
56.71
73.85
126.96
116.35
125.53
259.50
153.65
42.58
303.10
149.18
39.26
219.57
20.97
46.58
75.56
185.60
48.59
401.47
84.83
59.64
44.04
24.95
866.19
60.74
100.41
29.34
12.55
518.79
95.59
41.97
481.30
46.98
86.97
160.97
124.27
239.18
45.16
336.25
71.94
81.47
68.09
48.30
77.23
114.61
96.04
226.39
30.35
36.93
104.64
114.95
89.08
70.91
84.42
90.56
217.31
266.95
149.65
102.37
76.87
177.15
55.38
471.75
228.67
99.93
92.09
26.78
513.57
205.61
58.61
114.04
98.25
112.73
128.37
132.26
31.31
38.74
145.48
61.34
260.65
312.96
56.32
41.93
229.51
64.85
13.60
38.36
133.12
22.03
287.13
78.06
418.86
81.79
58.21
77.71
115.74
84.43
112.18
79.87
34.99
71.47
195.13
61.62
35.47
230.40
53.35
350.31
106.38
267.91
24.94
114.32
58.58
71.49
146.14
86.94
17.52
121.78
36.60
47.78
112.28
33.46
29.65
49.74
38.07
28.91
158.30
154.25
163.84
91.73
57.06
14.58
78.49
340.52
16.76
200.66
92.80
44.93
40.00
647.82
643.02
22.50
15.63
101.65
141.66
112.70
53.42
76.89
291.30
79.96
38.53
143.49
118.08
95.07
61.46
52.29
87.26
98.96
74.40
732.45
53.21
99.52
26.91
331.52
151.45
228.58
71.75
470.34
38.36
55.87
22.81
229.80
102.41
74.81
94.37
105.74
294.90
95.34
17.39
85.41
95.46
79.08
563.79
129.05
239.80
59.58
25.58
47.05
41.92
44.32
235.26
15.18
491.88
124.00
27.55
16.26
151.25
72.51
169.42
325.17
46.93
204.76
274.52
291.95
140.28
47.07
565.60
28.85
114.08
16.55
70.40
14.37
113.21
189.54
54.94
143.75
38.22
106.46
96.07
720.61
287.33
56.88
120.25
17.36
389.19
417.79
73.97
16.96
120.76
100.36
257.94
71.82
48.20
82.72
34.00
94.14
94.41
158.42
58.04
670.26
102.68
178.27
208.26
32.20
51.99
13.77
68.35
120.69
77.90
51.54
63.03
34.75
59.32
57.57
97.78
262.64
80.75
719.79
169.80
101.10
74.39
97.19
107.47
278.54
167.05
336.28
107.23
91.99
167.50
100.80
21.03
214.09
117.23
68.21
69.86
377.50
93.91
360.44
52.40
28.53
476.66
87.59
116.81
383.40
50.48
83.60
76.04
60.79
87.36
158.05
194.34
94.18
625.50
114.92
126.95
30.10
82.14
53.85
268.68
29.82
32.77
80.87
81.71
132.05
154.05
22.55
101.47
68.77
101.23
55.18
144.36
60.98
55.46
108.00
129.99
69.76
433.26
107.95
132.58
79.83
568.73
65.44
34.41
57.23
107.72
114.58
92.87
627.17
127.56
52.19
118.42
236.23
341.87
326.45
323.15
718.29
169.32
139.00
105.66
68.07
79.57
664.51
30.93
227.73
40.53
88.92
133.49
61.64
221.10
182.09
182.28
80.06
54.69
104.66
29.70
15.95
338.53
65.00
88.54
33.26
45.81
38.25
47.89
141.91
350.42
315.39
585.34
14.63
86.48
65.49
102.03
151.88
139.51
13.73
192.26
291.02
95.86
83.15
32.78
156.57
99.54
112.92
166.11
198.36
27.66
143.55
73.35
96.80
63.76
23.37
412.46
115.02
118.57
75.29
157.78
271.51
182.63
100.17
82.99
57.15
22.79
106.40
212.75
167.19
15.40
842.01
100.96
134.99
131.37
112.26
39.06
354.52
53.00
31.16
89.25
27.00
63.35
82.93
36.39
110.81
33.18
191.65
109.35
133.97
72.46
65.24
142.06
126.28
614.55
186.35
308.93
109.18
112.91
71.79
97.74
26.12
203.68
148.09
121.52
142.73
47.82
109.72
63.63
105.78
327.32
73.27
95.99
108.21
65.02
223.36
18.38
111.77
377.88
91.31
87.63
98.35
74.89
84.01
21.89
284.37
262.82
325.87
405.10
146.21
283.23
132.44
49.57
170.01
196.66
99.72
47.98
179.21
105.27
220.93
27.87
188.63
85.55
89.15
96.35
532.61
176.02
181.38
132.77
152.65
105.27
134.45
31.28
43.95
99.85
52.62
122.12
898.86
257.15
258.24
36.10
48.44
158.33
27.33
58.38
17.20
618.66
193.52
702.41
57.73
117.78
114.89
65.68
89.33
26.05
122.04
48.91
116.89
69.54
31.70
78.95
231.52
110.25
96.85
108.44
49.32
82.73
82.68
16.30
26.57
47.26
23.07
101.06
158.65
59.44
37.41
24.27
124.66
363.48
12.13
65.68
223.32
37.80
133.79
44.98
389.10
130.48
79.34
54.70
84.23
66.40
32.41
443.85
110.52
147.02
96.43
102.73
86.17
73.58
43.81
91.28
135.50
243.72
170.57
77.54
115.19
152.97
70.78
91.53
52.65
191.18
100.59
283.52
36.80
84.70
104.39
74.29
96.37
117.10
108.30
153.18
50.17
33.40
89.02
147.30
178.21
338.99
16.87
105.10
300.18
219.09
87.90
148.68
26.36
100.91
35.81
101.95
194.30
70.91
41.12
604.89
29.66
138.18
413.60
670.04
135.00
39.00
143.05
443.88
169.01
158.91
23.15
240.61
260.35
72.96
93.56
185.73
39.75
101.31
85.36
21.06
65.54
387.59
19.01
27.55
22.08
51.00
96.51
30.44
89.33
67.32
224.43
24.22
360.16
14.47
158.62
110.45
14.92
86.94
37.73
88.03
49.16
199.19
26.45
238.43
112.94
98.01
245.86
410.27
232.44
63.36
239.09
74.02
393.74
521.64
58.72
516.17
90.68
18.16
159.62
23.49
136.83
61.45
73.85
110.22
32.23
100.15
128.66
109.15
88.74
75.50
230.36
74.64
28.91
90.03
89.99
53.08
581.91
139.70
47.29
85.91
315.12
59.13
35.50
148.00
79.31
97.34
68.15
78.18
162.87
57.09
50.50
176.33
61.00
203.05
131.22
113.98
63.17
51.06
162.79
60.73
114.68
178.80
55.08
120.76
74.95
34.98
70.45
130.31
40.13
61.99
185.58
460.85
163.09
92.22
85.59
112.62
158.38
90.73
55.93
238.60
86.69
115.22
419.62
360.26
305.42
71.56
196.71
66.23
307.07
207.39
59.04
102.31
59.81
184.26
47.08
70.72
118.53
103.57
25.17
102.68
31.07
79.53
120.75
225.87
56.28
53.76
70.60
157.54
44.45
65.12
203.85
36.34
47.00
55.79
168.34
483.74
107.18
122.32
398.08
414.11
91.21
257.66
66.26
15.40
193.59
431.48
70.82
42.09
50.89
186.21
391.14
65.82
136.87
346.88
22.23
538.46
137.17
732.76
341.46
44.05
136.28
101.81
27.42
69.59
47.79
100.03
32.42
92.89
162.62
32.01
98.43
36.33
107.64
363.50
196.76
47.46
54.52
496.41
117.80
137.77
46.59
162.80
146.92
90.52
169.48
157.85
180.23
315.29
33.79
88.19
39.92
55.39
109.38
89.24
95.82
100.87
212.75
95.98
116.27
58.66
79.07
221.49
285.04
68.91
149.96
110.14
35.96
117.18
179.20
61.54
69.83
70.69
28.18
35.38
465.97
128.65
50.03
231.95
19.68
46.99
98.56
705.15
11.86
57.63
82.38
76.94
40.69
73.42
529.55
129.32
736.48
215.64
243.38
129.37
23.51
321.38
21.54
479.82
85.87
252.94
32.31
90.32
37.45
75.36
39.50
148.40
493.48
52.48
77.64
311.24
130.26
45.28
61.54
23.75
85.13
28.61
22.05
119.91
52.79
18.18
107.26
62.11
153.08
74.33
120.22
235.93
180.48
21.89
87.78
103.39
66.94
324.43
47.17
101.62
314.49
49.96
285.67
39.03
340.74
112.12
511.54
228.52
11.54
19.80
514.44
101.82
250.01
278.34
88.25
22.82
74.35
107.58
22.59
159.39
228.09
94.39
116.68
117.41
32.80
121.66
75.20
32.18
154.42
314.35
97.56
274.20
73.02
266.85
84.01
252.56
116.59
401.13
185.72
195.86
192.21
242.98
343.23
372.10
203.60
122.54
304.08
205.33
157.07
212.18
569.82
107.84
322.37
67.94
71.27
113.66
97.91
29.96
123.09
246.25
150.38
122.58
154.73
125.97
187.15
18.34
419.04
49.15
62.86
234.67
88.01
96.18
107.67
138.40
82.49
75.78
234.85
85.83
35.73
295.43
150.53
82.04
225.15
158.65
184.32
93.42
67.58
58.47
555.16
110.33
100.51
362.00
301.07
229.55
24.02
151.03
645.39
41.75
76.78
290.90
108.86
122.86
157.00
42.81
59.38
65.01
17.87
320.92
50.74
138.11
40.27
76.82
39.47
68.96
96.79
101.25
457.20
98.04
160.12
143.01
47.80
16.66
82.07
117.87
306.77
44.72
20.34
38.54
264.76
95.33
50.96
75.09
496.28
80.23
95.24
57.94
56.26
195.72
246.20
82.17
383.61
128.54
137.70
22.13
15.04
224.48
72.30
490.27
36.53
103.14
44.67
269.45
62.39
29.16
446.59
106.70
108.48
70.72
43.84
31.39
85.55
94.13
268.30
41.04
54.29
92.94
145.77
99.20
469.40
87.56
53.41
79.81
120.06
16.43
104.56
464.45
163.88
101.45
18.21
70.65
101.84
80.54
283.76
102.72
14.11
284.77
83.50
263.91
87.20
67.53
138.07
208.30
151.29
564.31
100.75
281.86
25.35
207.55
26.43
42.99
27.82
165.05
235.62
179.33
102.99
54.62
67.72
125.39
79.87
46.74
465.42
79.88
858.64
150.45
35.43
130.19
213.85
36.68
63.36
74.20
52.04
94.92
133.21
176.40
34.82
47.48
12.48
201.00
56.39
54.56
41.04
51.70
229.76
148.42
42.42
30.83
113.49
86.39
30.28
132.70
293.43
39.25
18.26
43.33
232.87
70.61
78.45
113.08
94.33
13.56
102.52
323.48
72.54
122.60
85.80
80.74
195.88
92.86
211.97
186.70
111.55
22.81
181.77
205.09
20.33
114.16
68.60
21.90
40.29
81.74
56.43
92.58
105.93
24.94
147.35
156.16
58.22
49.70
19.72
75.45
96.91
60.38
76.92
116.72
106.65
63.24
255.84
39.81
35.04
11.96
38.95
147.19
128.98
203.51
194.65
124.73
95.62
77.83
25.85
53.85
16.23
170.60
116.74
27.97
75.73
72.34
72.05
24.83
324.59
413.02
41.89
54.20
272.76
38.29
611.92
401.92
76.52
89.20
100.81
44.28
60.75
96.31
17.72
123.31
80.03
206.85
128.16
77.71
251.32
38.29
167.18
21.89
134.14
114.88
150.84
57.82
108.45
24.91
229.48
89.82
191.40
129.08
149.97
138.08
544.35
80.26
42.69
172.35
175.15
206.77
128.10
622.02
81.47
99.69
370.17
14.68
155.19
40.12
105.14
93.54
130.56
114.32
113.91
16.08
105.96
85.21
79.95
135.76
44.95
92.21
108.13
14.57
172.17
200.74
76.56
42.85
194.15
345.71
107.23
35.37
61.34
122.19
124.74
426.62
38.15
101.32
205.51
69.62
78.93
76.90
54.09
144.46
94.11
53.79
69.02
116.63
301.22
152.38
57.48
122.53
119.38
94.03
95.49
116.33
85.75
73.24
204.60
145.23
67.14
100.69
70.59
47.57
122.42
21.24
74.24
22.15
115.22
232.89
41.64
55.80
49.88
87.61
53.76
73.40
528.52
19.65
71.75
271.86
101.26
93.15
96.87
45.90
190.69
103.79
77.87
167.95
98.27
266.78
607.39
21.39
127.11
45.26
50.30
43.67
76.60
206.80
96.65
108.97
174.09
46.53
205.41
32.05
84.09
116.26
168.28
63.84
71.56
112.88
228.79
160.42
447.56
106.57
120.45
28.70
66.93
265.60
175.86
139.15
172.54
91.71
107.00
33.82
35.74
65.58
47.24
171.43
14.92
139.43
30.45
53.92
102.44
351.99
84.46
44.82
40.41
73.90
455.77
42.35
17.46
104.69
133.81
204.14
89.73
45.33
76.31
37.73
72.32
125.80
81.57
133.40
128.49
89.78
146.06
92.08
672.47
26.16
231.87
274.87
486.68
62.33
256.19
184.46
37.15
46.69
122.34
185.54
510.11
185.70
71.66
82.44
144.33
106.14
209.19
149.56
162.43
51.78
94.31
53.63
52.57
43.92
104.42
81.80
152.47
82.81
21.11
78.12
75.35
232.31
33.33
211.46
238.83
139.54
98.75
79.75
110.58
126.83
217.46
642.37
16.01
25.61
470.86
55.90
87.90
596.15
88.31
107.33
67.27
83.71
123.75
39.39
216.39
136.32
51.22
167.33
81.41
50.34
59.93
73.76
284.78
126.23
173.12
66.30
58.57
138.77
219.15
81.12
96.60
56.41
189.30
29.16
263.20
172.36
102.78
66.43
48.59
33.18
128.57
49.10
161.58
78.30
226.37
12.81
134.20
110.62
142.66
203.17
204.79
383.74
66.12
65.73
114.10
67.75
113.83
177.92
514.27
212.57
100.55
217.61
146.93
242.15
93.26
113.96
43.56
364.82
118.18
45.29
18.46
63.87
108.13
100.62
158.24
69.16
90.52
502.15
20.67
38.87
90.73
33.21
76.70
76.78
63.42
181.62
328.82
72.54
115.24
170.91
101.71
53.27
95.16
118.05
51.78
612.01
64.27
57.38
107.04
180.12
435.90
23.37
103.74
114.02
109.67
194.50
87.82
123.52
266.48
153.21
607.39
422.97
194.05
22.89
27.18
536.75
61.89
53.20
36.04
77.23
38.06
240.94
241.38
111.49
77.17
31.08
258.83
92.73
108.13
156.56
216.76
153.84
12.40
78.48
273.34
122.34
253.35
14.82
93.12
90.89
410.33
78.69
221.39
62.85
30.22
299.11
179.71
46.71
67.25
100.00
477.97
40.70
362.72
264.15
66.11
48.27
103.88
41.22
32.53
88.94
128.96
66.48
43.88
55.30
54.77
71.64
52.16
142.36
693.71
57.45
50.34
133.74
24.53
17.53
54.66
107.14
43.95
50.01
337.98
222.43
11.51
313.10
179.34
44.82
43.11
94.40
167.54
358.80
108.69
104.31
98.18
116.80
37.38
863.00
174.88
36.81
380.54
58.35
116.16
105.78
261.00
80.03
146.64
224.92
195.51
18.15
76.44
32.74
137.14
80.45
16.21
121.98
100.91
248.62
126.84
78.09
156.71
176.20
211.21
75.11
51.15
161.05
397.69
83.24
92.56
88.48
209.99
611.50
11.55
198.13
24.75
98.59
157.45
141.97
180.90
407.91
31.62
78.12
336.01
270.69
17.47
139.97
67.83
87.67
199.28
95.97
64.20
167.34
218.58
101.55
131.14
109.95
94.70
129.39
79.30
273.12
74.87
77.22
94.05
162.50
11.10
65.64
419.18
130.61
189.47
652.83
122.11
33.98
34.88
39.46
88.82
53.44
30.28
173.49
105.71
86.80
161.54
83.04
26.17
192.96
615.52
46.70
101.67
224.71
28.98
194.73
93.87
154.04
98.01
48.69
75.95
28.46
157.85
18.68
114.27
298.29
32.99
21.38
47.15
20.45
417.46
34.30
115.43
54.19
89.69
23.73
49.51
36.90
104.44
293.04
19.34
39.16
250.93
290.77
31.49
140.32
105.50
60.13
72.32
47.60
38.77
176.33
71.17
86.01
135.44
120.92
134.54
360.44
75.39
302.62
247.79
25.81
55.06
91.25
23.40
107.55
204.14
291.14
173.52
231.94
474.67
118.84
79.14
319.10
53.12
99.21
24.10
101.32
169.85
22.59
54.90
29.19
377.48
49.08
125.41
80.27
49.17
498.70
26.32
173.14
407.97
509.39
45.50
102.64
384.89
199.99
94.92
15.75
60.41
426.52
76.54
124.49
37.57
103.83
180.76
38.89
198.55
278.50
60.11
29.12
76.90
86.79
137.90
111.35
97.30
97.11
145.98
272.28
262.01
73.11
329.54
38.59
186.96
42.93
135.60
67.85
246.37
45.49
80.85
79.79
56.22
62.96
144.86
54.75
125.83
109.82
429.04
21.06
80.48
196.69
85.48
136.11
15.34
123.07
71.46
98.15
76.86
29.61
105.54
249.41
43.98
128.07
112.77
93.95
108.78
114.23
145.21
169.28
100.00
159.23
176.48
106.73
170.97
102.35
40.53
32.88
172.79
114.86
36.69
303.99
191.70
31.27
73.38
163.05
143.25
145.56
124.42
681.17
55.13
92.22
59.56
47.74
54.72
100.43
60.16
100.19
97.44
90.26
263.84
50.62
104.32
705.13
120.83
195.34
16.07
22.83
19.71
296.67
38.00
144.55
57.91
513.88
95.03
31.78
96.40
221.50
29.15
30.32
52.82
83.59
77.52
63.80
177.76
76.22
33.97
71.02
161.52
124.95
143.17
128.26
364.47
81.38
510.33
128.07
72.09
75.08
354.29
43.33
113.53
96.80
208.67
64.39
129.52
120.50
99.17
77.82
141.44
13.09
199.79
21.89
202.32
85.41
171.14
111.06
137.97
355.34
79.20
72.14
74.09
41.06
50.14
26.27
77.22
68.11
60.27
145.58
322.28
155.34
118.01
103.00
211.19
122.20
256.48
440.63
75.19
697.41
72.93
54.92
44.11
57.04
47.51
187.17
62.15
26.21
43.85
337.89
503.86
27.65
109.35
72.13
194.94
129.30
249.83
37.00
28.22
128.05
223.20
32.34
346.65
429.70
444.91
154.87
247.78
555.08
149.52
195.27
78.95
71.47
27.14
174.11
444.35
86.49
183.25
128.96
32.86
184.24
48.97
39.06
476.14
69.03
78.34
273.36
40.40
145.61
187.01
40.67
111.08
115.03
438.05
85.11
22.36
347.46
237.59
21.24
165.50
90.37
122.94
91.00
143.37
69.09
246.64
36.11
14.90
129.72
62.55
67.40
135.55
37.10
22.30
258.45
112.31
416.25
99.26
179.06
146.28
71.31
71.29
56.56
49.69
14.18
169.77
54.74
247.58
114.57
129.44
139.91
206.01
45.95
204.09
138.46
40.24
69.53
14.32
195.75
100.94
63.54
368.65
17.45
228.58
72.17
40.68
252.94
86.21
345.32
116.28
151.00
146.10
26.60
38.41
243.98
241.22
30.16
101.45
209.49
18.08
595.11
152.93
128.99
68.54
24.72
99.05
70.92
63.48
29.01
68.94
122.89
145.84
79.79
106.29
271.42
895.85
277.06
260.88
18.47
40.88
51.58
168.47
108.40
26.36
39.08
73.83
66.56
98.25
240.02
173.07
43.51
97.99
651.95
86.35
35.47
61.06
136.43
52.77
67.88
102.58
86.50
93.97
11.97
100.04
248.75
92.47
116.07
77.50
168.73
51.03
176.54
228.79
18.07
102.83
57.39
183.02
144.03
146.61
22.00
222.51
402.90
118.25
96.27
35.30
301.79
148.56
76.52
73.78
43.74
252.75
147.46
133.70
194.50
45.40
40.25
98.41
90.55
94.41
103.13
35.13
87.42
55.27
66.48
93.01
23.68
123.91
20.45
202.65
60.12
136.39
291.49
204.25
51.27
152.39
56.47
23.73
32.37
258.89
35.19
53.29
156.60
614.02
25.09
173.09
234.23
103.28
134.80
331.26
81.79
23.16
53.88
191.15
28.85
16.31
98.35
111.69
56.49
34.13
924.23
43.18
136.03
19.71
89.45
51.08
68.62
220.07
109.66
380.23
192.03
189.40
75.54
133.02
101.84
49.03
197.95
133.67
252.44
134.90
72.33
315.14
144.97
99.77
78.24
26.22
80.97
121.85
219.89
96.70
153.03
40.96
25.43
141.60
25.65
52.36
176.80
256.16
540.04
464.55
69.81
19.82
14.45
122.35
131.91
198.27
44.22
66.35
252.51
215.31
230.21
357.91
32.58
193.75
135.54
73.08
110.35
22.40
198.68
103.56
40.93
87.81
32.54
530.61
56.03
101.97
57.90
201.43
217.81
218.16
53.31
41.63
91.94
91.75
248.01
124.10
30.44
142.89
82.38
100.66
184.12
25.08
284.25
155.28
80.70
66.56
90.06
183.03
91.96
29.86
65.06
116.12
65.49
86.89
37.54
322.86
20.07
99.47
15.33
57.58
141.10
226.38
102.88
115.04
580.69
126.79
110.86
117.06
29.27
184.37
31.73
161.09
49.77
146.87
76.58
270.25
69.04
170.97
101.53
63.55
203.73
31.87
25.84
99.56
428.87
106.16
39.66
42.60
239.78
254.15
647.34
98.65
46.00
164.63
44.68
120.60
34.03
78.38
702.69
116.81
129.33
47.63
145.48
415.64
123.81
73.94
57.56
266.69
124.39
72.44
40.37
280.73
50.87
112.91
108.30
89.73
130.78
21.32
70.07
49.53
121.04
25.62
106.06
119.86
92.71
56.22
76.31
100.04
252.49
36.74
22.66
27.67
14.40
259.09
171.18
97.59
317.00
118.58
180.10
305.43
95.34
93.94
127.58
62.79
11.17
94.40
94.48
175.29
37.71
116.58
101.83
125.92
41.23
95.78
507.11
101.77
323.88
100.19
91.23
107.67
115.93
397.38
22.39
19.90
75.55
77.40
197.35
100.03
84.56
138.37
23.79
36.28
125.93
112.06
180.62
118.77
116.15
58.94
68.58
300.07
103.57
45.77
216.99
68.02
49.37
313.33
169.25
128.47
416.53
48.85
117.96
81.76
20.05
85.35
127.43
118.63
37.61
36.81
267.60
113.62
11.38
38.97
21.89
69.35
55.75
51.92
82.77
105.66
106.60
101.38
182.97
76.27
122.09
68.46
159.25
61.98
142.30
496.64
80.88
134.96
97.11
181.60
35.24
104.73
182.08
78.24
161.87
533.73
232.87
80.58
215.18
231.94
92.22
29.68
81.69
278.79
196.42
135.62
44.82
120.08
55.07
220.92
35.80
140.17
101.03
82.33
112.96
108.22
31.86
76.69
90.20
100.10
144.14
82.16
78.01
58.48
86.40
136.24
51.95
58.39
626.71
73.80
423.58
92.53
42.58
223.06
18.70
202.18
198.16
178.22
268.33
80.89
314.80
90.95
370.15
18.60
72.42
363.97
80.67
400.65
543.69
464.92
25.11
88.19
83.84
103.29
173.94
141.52
181.30
141.43
75.82
168.75
140.63
12.30
311.32
28.37
69.22
93.62
152.82
58.00
115.89
598.56
336.09
39.38
43.06
72.87
47.55
126.68
48.83
87.77
84.45
510.35
161.85
464.45
319.19
104.28
62.44
79.55
122.72
88.22
67.92
44.69
124.70
161.79
99.32
50.48
179.61
55.06
358.39
52.21
66.46
129.63
127.32
416.42
188.66
124.40
24.23
105.59
33.65
121.54
49.15
531.83
102.82
95.33
150.45
21.56
87.27
88.43
129.39
118.27
20.74
135.20
12.18
147.52
68.86
43.54
139.42
237.09
162.46
52.19
312.41
116.78
93.17
61.36
33.04
15.98
98.55
221.12
29.36
90.52
73.93
18.21
179.56
225.93
45.32
63.46
22.73
112.92
286.53
147.13
170.72
54.21
63.60
49.33
79.70
19.88
65.48
76.19
214.57
63.77
141.90
19.83
81.09
58.28
133.07
128.61
31.94
313.07
136.25
17.69
148.49
173.23
130.67
74.77
223.60
100.14
28.49
90.30
62.04
36.29
141.48
513.17
305.44
164.44
25.14
27.91
114.67
126.69
71.17
23.96
79.23
67.56
190.20
134.38
34.45
104.76
186.27
89.55
119.59
126.94
110.34
77.96
137.47
319.83
168.09
184.62
86.47
27.70
88.65
194.13
143.81
462.71
250.05
348.85
56.62
88.48
48.11
232.90
100.98
58.17
110.00
54.87
149.25
143.86
53.84
96.22
104.85
180.28
151.74
84.47
63.28
167.95
63.51
85.71
91.22
116.23
57.84
23.18
36.33
34.43
120.51
151.29
122.30
204.78
55.95
45.19
106.61
33.26
133.39
20.39
35.90
39.76
98.25
641.78
112.43
315.74
56.12
199.65
45.14
359.28
17.10
51.44
50.98
220.48
106.87
90.76
68.06
25.11
110.17
154.30
31.99
293.71
93.69
232.72
72.38
49.01
84.47
221.10
119.22
46.20
120.38
212.98
648.59
209.54
86.28
559.10
58.52
140.79
217.74
149.84
79.09
45.52
54.13
221.65
19.71
847.85
20.15
302.29
76.89
74.78
67.58
129.97
144.80
621.71
110.19
104.25
80.77
329.35
81.50
298.40
100.23
111.31
480.03
107.81
223.35
24.53
323.33
172.40
33.91
66.48
127.77
27.77
234.76
59.65
93.21
361.60
107.84
107.77
24.68
387.01
102.48
88.45
32.02
64.05
315.29
67.87
316.20
21.13
421.59
193.90
42.39
84.32
99.11
67.71
23.63
108.62
42.14
188.52
51.57
101.85
48.88
43.44
63.68
120.19
151.72
348.62
60.87
545.75
403.64
906.91
48.27
307.16
77.75
75.85
447.40
92.79
20.81
53.99
368.62
31.95
196.26
108.64
733.75
233.90
87.13
38.16
132.43
23.34
19.01
35.33
107.12
128.92
88.04
32.73
28.32
507.81
111.32
88.97
137.87
169.78
100.87
64.65
46.92
96.55
202.89
22.52
113.69
218.42
127.76
26.22
84.86
37.52
118.35
120.53
536.81
38.15
399.78
85.75
35.34
32.44
75.88
80.70
36.40
611.28
55.92
42.94
81.55
163.92
28.18
103.59
15.97
129.67
41.55
37.45
242.11
109.20
866.62
56.46
79.30
52.36
42.97
47.95
131.92
85.37
50.07
123.19
302.89
358.61
54.88
139.86
84.25
67.67
127.46
29.89
43.90
111.93
159.35
134.48
142.62
129.30
121.21
163.09
122.39
63.33
11.54
358.25
162.04
268.55
347.24
135.57
85.68
178.09
107.18
91.72
196.64
63.15
103.04
22.24
257.89
402.96
75.61
163.50
62.54
28.49
73.15
58.76
54.82
28.33
14.90
123.56
44.93
155.15
25.64
177.24
109.17
92.78
154.23
175.67
296.48
203.59
121.00
36.98
65.07
314.91
81.65
393.19
48.15
73.84
55.83
176.06
138.96
39.48
52.69
201.36
34.38
197.36
88.49
118.09
204.52
15.51
289.21
37.75
26.86
52.02
295.74
534.70
38.94
24.82
125.48
42.80
76.17
115.63
93.96
92.11
41.21
53.52
87.08
645.53
65.01
241.50
49.45
237.25
272.20
71.74
50.17
49.01
13.67
647.31
181.94
20.81
120.38
570.63
32.83
53.34
119.98
78.08
34.59
138.74
104.44
206.29
171.08
145.58
71.90
85.33
235.46
126.82
289.00
157.43
135.05
25.12
98.97
132.45
26.74
83.40
79.72
22.72
138.61
359.86
95.87
216.54
512.24
349.16
101.22
196.76
101.59
44.19
197.86
65.96
193.38
14.62
267.28
183.64
36.13
321.71
48.30
508.37
34.15
59.66
173.62
301.38
96.27
148.53
57.01
78.32
115.43
89.10
176.70
190.59
914.70
133.67
359.88
25.49
21.91
318.54
14.01
154.47
78.39
15.39
143.23
44.46
82.90
125.16
235.87
125.44
106.25
74.94
159.93
139.81
130.45
51.73
132.19
144.57
177.59
81.00
224.24
92.89
388.01
55.95
296.59
112.76
163.22
161.84
61.27
138.69
534.60
100.63
186.99
139.37
39.57
31.48
79.27
83.13
56.74
15.77
249.37
53.44
63.72
174.49
297.38
99.64
225.92
112.45
357.92
36.08
136.27
176.88
182.82
201.86
58.11
77.43
58.00
96.02
118.47
215.80
53.85
24.41
268.16
101.21
87.10
524.78
175.77
33.83
173.17
99.47
251.66
224.34
107.49
48.02
50.07
67.26
14.42
200.82
100.20
102.99
515.31
31.29
227.03
279.95
490.12
73.76
65.17
43.85
53.26
70.22
71.56
29.80
44.99
58.16
123.69
81.26
66.28
92.29
135.97
57.22
158.59
252.30
536.21
85.83
36.06
44.80
181.33
184.28
41.81
53.60
86.31
85.01
78.75
208.59
103.95
95.50
24.84
72.89
94.46
39.77
144.34
128.06
127.75
39.29
57.25
56.37
128.71
51.77
147.52
18.54
200.80
547.26
106.04
521.63
16.60
114.64
79.79
113.10
107.08
144.40
105.72
40.20
179.20
192.78
31.68
100.14
95.02
17.77
173.45
11.27
58.70
93.13
319.71
121.14
52.89
77.99
177.94
88.19
54.66
37.06
211.39
615.56
311.57
52.64
55.21
192.09
42.18
132.17
123.37
47.79
53.18
134.68
109.51
307.02
74.38
73.73
77.84
353.00
70.95
81.77
615.24
70.66
20.33
217.06
25.88
96.34
22.69
190.35
78.45
190.62
191.31
51.78
24.53
42.21
38.91
75.54
38.50
68.92
67.78
13.67
198.51
122.21
139.33
50.02
535.12
59.84
99.25
262.43
114.95
28.64
64.97
108.81
79.78
482.24
26.25
91.29
34.00
97.03
93.49
239.21
125.38
124.01
99.68
69.12
205.87
356.95
118.11
58.00
228.45
326.75
123.80
96.26
56.81
222.61
25.05
288.03
56.52
61.59
17.17
100.15
207.52
111.97
170.56
377.05
266.61
90.20
126.87
32.12
224.03
48.12
93.46
100.32
414.36
483.80
148.93
156.16
166.48
148.92
57.57
276.47
35.72
151.07
41.96
106.80
48.56
68.25
70.53
249.27
254.41
129.59
86.64
269.02
104.97
19.46
15.78
126.00
433.50
100.37
85.73
70.37
72.72
74.09
18.01
159.50
285.27
228.58
45.89
382.74
138.98
38.95
84.40
528.78
263.41
145.36
102.47
65.44
210.20
120.65
44.55
91.08
107.21
56.66
308.35
406.29
196.18
50.50
178.34
65.83
61.60
64.17
93.38
48.20
64.26
97.72
35.56
378.29
65.63
169.95
634.61
67.96
98.38
155.68
249.48
70.14
89.11
142.44
147.09
20.35
311.15
232.94
55.21
134.02
55.58
113.99
345.90
164.85
92.80
122.04
405.31
59.01
361.03
51.02
87.92
125.18
297.70
149.72
895.42
157.48
153.98
32.04
162.95
33.22
222.76
61.29
42.11
98.47
37.00
47.02
47.29
86.49
59.28
180.87
436.40
226.53
16.64
36.31
70.67
443.76
175.04
78.22
107.58
182.92
138.48
37.64
50.68
90.10
19.27
120.94
107.79
75.13
68.79
32.95
69.11
95.51
66.84
102.89
43.06
82.38
78.61
141.97
14.44
58.51
245.58
57.03
29.76
27.34
38.30
812.63
103.62
30.14
532.65
195.25
522.21
356.48
217.48
277.52
70.84
59.04
75.01
122.55
127.23
430.49
179.78
16.36
88.96
64.76
157.06
93.21
61.48
81.62
26.55
32.84
394.58
123.52
98.34
38.91
119.80
86.55
202.86
132.91
67.91
825.81
51.30
120.52
153.95
188.87
24.33
85.73
125.81
73.11
27.01
111.82
129.84
78.81
98.92
56.99
258.44
457.44
130.36
332.07
138.34
111.36
64.87
58.80
43.20
41.83
137.22
360.20
57.83
46.09
150.66
29.35
59.52
126.79
176.09
233.52
476.96
141.68
278.29
90.95
44.97
134.68
61.21
109.77
47.97
55.76
83.69
85.77
52.78
174.13
66.29
259.70
129.48
258.92
70.40
121.92
141.36
145.35
90.54
97.96
205.05
433.85
24.77
71.35
27.33
70.02
47.51
73.95
152.94
29.27
107.63
88.71
106.23
90.50
87.01
183.56
279.82
152.77
207.72
73.44
127.82
15.05
244.64
104.36
170.16
91.51
401.78
87.44
160.23
269.39
48.34
154.72
176.36
141.74
43.96
588.49
492.00
94.13
65.32
20.62
393.79
25.49
25.27
28.38
64.54
37.93
21.52
99.00
27.44
40.48
158.75
16.65
151.21
46.87
92.99
66.68
264.61
480.81
47.99
41.79
32.39
44.31
90.96
62.84
91.34
259.90
18.72
27.30
66.55
235.48
130.10
401.13
285.84
59.71
468.89
368.99
44.78
101.33
158.13
476.20
28.21
74.79
126.06
153.08
131.81
19.28
162.80
84.58
466.39
47.59
264.57
116.23
53.59
153.09
100.16
27.63
219.82
97.77
82.88
374.36
126.96
150.46
106.74
87.26
308.50
51.48
291.13
482.62
64.51
58.18
70.24
96.26
92.71
104.96
157.37
493.80
37.73
58.97
200.72
11.04
46.55
63.28
125.82
210.91
18.24
77.86
121.52
258.89
13.49
42.96
169.52
59.01
45.02
151.93
118.23
65.93
104.54
79.77
80.41
47.74
128.77
135.19
498.49
185.53
178.10
89.26
123.59
31.05
66.40
107.72
68.50
123.95
31.20
102.07
70.06
90.60
127.75
228.44
84.87
159.99
108.22
91.44
61.77
58.86
59.36
204.20
49.44
86.49
86.76
80.57
153.50
24.61
103.98
143.94
764.44
41.45
161.19
106.41
55.90
258.56
34.18
29.97
138.89
117.58
42.65
30.78
85.63
300.48
165.78
357.66
224.51
368.07
88.65
172.92
21.85
48.03
249.93
131.13
18.14
206.12
50.84
177.14
20.67
238.72
97.50
94.98
79.37
89.70
329.51
437.08
97.26
277.15
92.40
40.70
36.30
354.30
76.26
21.72
80.98
50.64
115.51
105.94
64.55
213.09
152.04
175.64
607.95
111.39
498.44
57.64
56.92
115.69
69.53
45.03
24.89
125.86
488.80
393.29
149.70
64.59
148.03
64.40
106.47
121.98
29.18
45.18
241.87
288.97
97.05
94.81
212.89
270.34
350.81
26.62
61.40
94.81
78.34
58.03
118.55
47.41
23.46
230.47
48.92
54.77
84.09
233.10
49.40
83.99
114.52
157.43
227.72
82.36
72.85
733.16
15.48
41.34
82.55
92.32
317.11
430.26
73.74
16.03
40.27
230.63
98.49
107.66
289.86
142.85
47.72
99.95
128.48
141.48
20.05
146.84
85.64
106.60
69.03
106.42
217.13
23.69
44.12
66.36
257.87
94.60
217.16
398.93
268.07
21.62
67.03
30.73
86.07
106.77
66.90
35.22
48.61
150.25
175.26
87.39
60.71
174.92
105.66
108.32
39.56
142.48
44.55
35.85
72.64
473.41
83.46
60.46
60.42
56.42
372.39
99.75
78.78
132.37
234.81
132.19
103.21
48.81
117.00
431.53
51.78
33.58
25.86
92.39
98.50
93.55
51.82
69.38
37.57
232.56
94.82
59.55
250.43
36.21
43.98
135.94
68.85
112.81
38.80
374.61
145.93
236.79
46.16
59.41
121.28
121.13
65.23
196.89
53.95
71.64
146.74
67.15
91.84
300.42
75.07
195.17
373.37
99.09
247.77
129.30
194.02
72.89
386.38
124.98
102.87
29.15
111.46
45.44
72.20
391.85
124.92
46.10
117.89
192.86
131.89
156.04
107.45
245.87
149.96
229.62
24.99
411.74
141.00
230.39
39.00
133.92
93.73
318.46
195.17
88.89
97.30
146.45
196.74
69.49
330.94
157.26
58.24
55.18
158.60
142.01
99.06
128.55
105.00
28.44
150.63
104.03
165.24
31.22
38.41
231.73
90.80
143.23
66.12
177.41
91.98
29.93
17.51
111.83
61.78
33.02
332.95
117.07
42.39
31.55
48.49
107.14
151.70
70.22
25.94
64.08
132.61
127.18
142.73
109.36
59.15
72.40
160.51
25.94
358.92
83.52
16.33
139.52
31.17
218.74
431.84
80.21
63.16
103.75
37.52
483.05
194.66
265.52
94.75
47.36
109.28
118.25
81.32
620.60
50.07
200.74
16.06
33.97
791.29
89.27
81.53
61.57
137.99
70.45
422.57
93.47
68.63
115.44
60.35
333.65
33.50
125.53
29.05
247.12
43.49
21.41
70.41
312.88
93.79
170.36
45.93
37.29
153.22
105.81
211.38
68.99
34.45
55.00
166.22
368.13
175.07
93.20
113.25
158.47
115.16
31.41
87.02
27.95
87.33
93.95
82.34
85.39
180.77
54.32
94.52
17.23
395.74
125.21
240.74
237.36
103.49
136.14
69.46
148.12
86.39
61.60
94.37
67.37
172.33
76.16
92.51
291.62
78.91
86.96
96.04
62.53
81.09
118.70
72.47
73.31
196.50
26.18
137.67
158.58
65.10
19.31
78.63
104.30
234.48
48.16
50.13
75.75
37.13
70.26
88.99
286.81
10.97
20.72
585.51
143.09
220.30
127.86
78.35
98.51
137.10
110.47
93.07
114.32
260.34
161.16
205.93
49.14
78.02
339.05
148.79
101.13
47.13
256.47
270.80
101.07
436.35
45.29
66.15
65.51
162.69
77.32
133.64
129.33
122.25
240.77
469.28
120.08
205.78
49.16
72.01
124.63
114.78
15.35
113.58
15.03
155.05
148.18
880.90
149.91
83.01
32.66
78.32
239.70
255.51
116.92
29.56
126.46
150.99
28.02
143.09
250.30
123.07
42.83
176.63
124.41
64.13
135.66
108.28
134.01
129.54
92.52
103.17
193.73
214.53
141.71
102.33
168.11
66.82
115.88
34.05
31.27
274.42
85.31
38.67
581.26
15.75
70.98
105.14
34.74
58.95
139.83
24.14
73.89
55.76
176.37
52.11
131.19
135.83
129.99
75.31
81.50
41.10
369.63
91.24
127.20
12.22
149.84
501.98
81.22
49.60
135.54
160.57
101.60
160.69
155.37
870.79
109.19
228.15
20.34
605.86
128.32
83.80
86.73
90.85
383.94
94.47
119.47
322.82
46.14
221.28
278.52
71.12
43.12
104.86
405.65
111.10
126.77
125.59
227.04
34.43
32.62
17.78
98.11
62.63
74.11
205.52
53.04
75.49
111.72
206.68
81.25
51.64
102.36
45.85
44.20
160.68
38.71
125.71
53.90
149.83
53.73
606.13
92.86
238.23
44.54
78.55
51.37
812.98
97.63
322.04
60.33
125.00
142.15
105.87
79.36
21.48
112.74
141.25
129.03
208.77
93.70
333.71
45.32
114.72
166.81
40.41
71.27
41.10
60.20
109.13
71.19
20.73
780.04
18.69
47.11
126.17
310.90
101.15
76.05
78.22
40.04
121.73
93.55
43.32
131.33
315.78
113.50
592.11
127.69
49.81
22.96
200.09
106.63
83.68
126.24
80.97
113.04
158.20
182.29
104.56
377.26
155.12
98.58
234.36
328.92
113.95
33.97
89.57
30.25
20.57
170.41
76.51
109.47
21.69
65.66
50.18
90.71
21.87
312.84
164.96
31.60
214.75
144.33
164.31
114.52
70.45
84.91
44.69
401.00
108.78
99.80
61.49
111.91
104.74
88.83
66.31
115.20
93.68
119.31
37.31
78.25
210.64
25.27
250.57
50.78
151.95
131.40
350.17
551.51
284.23
65.90
35.87
28.78
67.15
438.86
105.52
187.86
75.34
173.59
84.86
58.93
410.86
61.81
60.35
66.39
28.61
28.11
55.63
65.87
183.15
79.43
59.87
107.85
33.05
116.96
340.09
220.59
54.41
23.16
59.04
288.96
149.90
84.04
82.23
284.65
122.94
107.29
517.41
693.31
216.35
48.31
92.61
844.67
244.83
84.23
284.83
155.30
196.99
89.98
23.63
114.67
113.51
63.53
98.77
160.08
90.59
126.59
96.17
25.04
29.88
127.91
67.56
18.05
188.07
118.60
39.64
103.56
33.25
47.50
93.90
92.98
62.24
80.45
536.61
179.82
54.79
75.36
592.29
48.36
39.03
235.75
96.70
33.53
84.80
90.13
171.86
50.76
106.51
21.86
412.13
27.95
143.29
41.92
132.71
163.68
85.33
181.68
15.74
45.65
60.79
61.53
34.92
42.91
66.91
172.19
298.37
58.03
15.03
90.10
352.69
49.00
33.70
335.62
247.28
68.62
21.05
148.99
37.53
98.93
75.44
95.06
115.23
120.84
82.35
90.00
595.57
625.76
131.84
223.39
32.71
212.22
186.63
117.60
50.74
41.28
183.56
41.71
177.08
34.19
157.34
48.40
75.96
281.56
55.73
54.89
126.29
69.30
98.38
86.11
17.22
75.01
112.34
35.29
161.54
75.89
496.58
121.26
91.36
68.91
79.57
39.17
91.95
170.41
23.95
176.29
352.84
82.84
190.53
198.47
185.38
253.66
240.32
111.83
124.13
124.20
35.91
443.31
49.77
134.96
132.72
42.22
74.77
150.79
319.95
146.69
67.09
25.65
77.53
203.41
75.56
30.10
120.00
50.13
106.28
14.62
70.12
277.43
567.45
48.36
202.29
27.51
173.31
357.52
41.49
115.14
74.06
68.62
103.73
160.33
24.76
102.36
95.96
222.70
502.44
43.36
90.86
147.80
54.83
51.71
116.75
45.86
163.79
100.77
23.83
127.07
50.68
265.09
43.67
241.32
93.38
39.40
17.62
122.23
148.28
71.96
88.04
39.76
160.81
133.13
31.30
222.20
55.89
119.73
37.36
30.69
56.31
163.12
319.62
231.17
347.68
17.19
145.45
257.17
72.69
158.24
87.89
56.04
117.40
38.21
24.98
155.44
115.41
65.55
491.99
31.06
108.46
488.32
60.32
73.83
30.06
118.39
33.97
29.69
17.75
50.09
39.26
60.14
172.61
36.55
150.61
290.99
74.64
116.10
130.76
24.77
115.18
94.54
94.26
365.90
18.69
98.82
438.44
177.38
323.34
170.57
108.60
368.22
76.92
395.58
86.50
68.40
26.41
58.52
73.85
67.87
90.09
155.15
66.50
57.88
746.14
35.63
236.12
89.08
490.72
29.81
59.22
25.94
49.85
191.29
41.41
79.63
47.16
169.79
21.19
140.14
116.22
146.34
32.33
68.83
169.79
60.92
51.18
130.32
53.82
118.47
522.98
80.56
95.38
111.95
159.27
99.34
97.79
355.78
93.18
28.65
94.10
19.81
17.61
18.06
143.57
128.86
52.35
160.22
144.90
208.90
370.65
91.46
147.46
95.12
51.39
49.11
101.66
192.45
68.50
228.24
14.79
56.64
116.74
313.53
163.97
97.47
154.21
116.11
60.99
168.30
137.19
31.07
91.99
49.89
581.17
405.26
125.26
100.29
11.19
181.71
34.27
35.37
38.65
15.78
254.09
171.73
214.96
94.61
19.51
117.68
105.80
133.07
45.67
137.98
47.28
74.23
48.67
135.92
197.81
383.86
67.78
59.33
77.64
34.91
167.32
105.18
92.42
232.24
266.81
51.76
195.44
89.24
108.31
138.16
28.18
86.61
49.37
66.97
80.83
105.53
71.95
142.93
109.55
184.29
129.68
79.51
38.87
28.37
223.51
208.10
97.89
286.48
458.65
378.08
340.67
228.42
401.77
84.26
44.78
282.93
91.99
54.60
102.72
187.70
116.45
82.07
107.09
51.53
54.22
238.94
43.75
170.33
97.36
20.61
93.13
56.52
135.02
154.89
330.67
73.39
308.63
65.25
99.36
81.28
220.37
71.14
118.58
64.38
85.66
48.73
48.97
127.55
130.59
220.39
14.91
289.34
80.37
102.46
73.76
146.66
786.50
191.43
181.95
97.82
76.71
241.30
114.13
470.71
116.04
157.79
267.46
127.02
312.63
106.94
466.75
156.60
106.21
83.87
56.94
76.42
35.25
122.23
89.28
112.54
63.60
90.63
25.77
35.41
144.00
98.56
22.00
221.53
85.27
340.32
109.09
82.83
403.44
198.58
52.53
30.90
57.59
47.51
81.18
280.04
479.85
434.83
69.15
95.78
24.68
101.15
380.77
45.61
26.21
12.31
407.58
46.85
179.85
96.34
73.07
45.25
560.05
243.00
310.60
16.27
56.89
128.91
19.28
77.94
293.28
223.40
40.32
151.40
54.43
38.08
67.18
115.31
261.52
71.98
99.35
43.81
293.56
13.45
103.00
132.14
308.94
29.87
40.93
339.42
60.77
105.61
136.62
76.64
639.98
85.24
101.55
81.10
470.78
90.45
206.87
53.93
477.57
378.48
24.48
59.82
50.56
160.18
68.71
126.53
117.65
242.03
19.92
148.11
120.77
546.80
187.54
47.44
177.56
32.06
84.98
25.43
45.91
53.05
63.32
92.90
270.69
41.18
76.39
52.52
490.01
37.72
371.93
99.08
42.98
92.56
33.80
144.47
90.74
97.74
103.60
163.04
188.09
31.92
320.81
54.25
26.62
225.20
88.67
89.14
93.54
114.97
104.60
174.50
320.36
55.82
107.84
325.52
91.80
205.52
645.17
105.76
37.08
35.58
26.96
85.49
107.20
81.42
151.10
89.60
107.72
70.05
19.99
67.64
19.22
250.42
151.97
26.69
31.89
271.70
295.03
138.87
199.16
193.34
486.37
212.24
55.94
196.43
216.69
31.13
79.69
25.89
49.01
107.61
77.06
116.58
19.16
236.78
169.23
115.64
117.37
94.19
109.47
113.47
75.98
128.00
37.57
112.97
239.32
260.90
261.88
338.88
127.45
319.47
36.98
127.48
23.78
51.57
40.95
75.40
30.99
214.52
26.74
202.78
37.74
243.69
35.36
358.74
108.75
53.68
144.52
288.96
108.62
113.26
80.15
78.08
123.80
97.59
155.36
104.34
193.32
697.03
38.25
98.33
156.09
28.44
28.34
15.65
76.97
94.33
153.21
98.29
128.87
134.03
124.87
76.76
537.80
167.35
62.12
104.78
90.17
125.80
146.54
253.08
320.23
91.96
51.21
292.04
112.83
131.29
129.43
79.40
119.10
34.83
52.51
71.02
102.09
74.63
123.92
148.06
143.67
48.40
54.10
41.47
54.16
159.50
65.57
20.67
19.26
240.01
38.65
365.84
73.20
50.80
36.38
514.73
44.06
67.23
131.38
70.64
89.15
157.17
32.68
27.91
381.36
83.74
87.83
64.67
206.78
72.66
141.87
77.00
15.03
31.70
109.76
37.24
709.34
31.44
43.14
61.78
472.04
555.69
349.85
62.86
132.72
112.19
57.12
78.13
419.87
90.48
319.38
97.57
180.27
42.60
250.49
129.60
56.61
312.58
317.48
201.31
35.00
179.81
267.44
24.06
148.04
260.10
106.23
117.09
319.56
23.30
99.92
96.12
168.90
77.56
80.75
101.57
72.45
97.52
22.52
81.50
48.03
15.74
55.34
112.45
188.88
34.46
87.54
69.29
166.80
72.84
93.96
28.11
26.53
107.10
602.33
109.35
37.29
52.64
76.31
59.97
104.37
57.02
115.63
45.78
106.44
20.01
149.27
24.08
83.92
42.65
22.94
72.85
141.35
40.74
122.34
77.49
212.93
111.87
32.24
33.16
58.58
227.74
36.64
135.01
78.74
138.17
460.41
19.35
479.71
88.15
99.77
45.95
23.91
125.88
143.62
85.24
19.01
106.27
123.81
165.41
227.23
66.25
832.35
91.28
110.85
247.49
92.48
83.20
68.78
254.88
17.99
34.79
106.34
185.13
66.31
104.69
116.41
72.73
102.69
151.34
69.99
112.67
147.47
33.52
70.14
56.88
135.66
57.63
276.56
142.93
105.24
124.03
117.76
282.45
87.80
89.02
142.13
133.91
73.38
104.50
326.31
53.53
42.80
23.65
82.08
31.79
34.39
15.37
206.34
14.75
95.82
126.47
110.93
304.87
162.82
55.67
795.43
120.29
95.74
104.01
90.35
77.84
76.67
142.33
102.56
91.28
42.66
260.90
213.56
35.49
98.61
100.41
61.59
59.84
118.79
53.08
208.02
87.34
392.49
29.42
30.07
71.60
162.73
41.85
16.65
80.80
84.46
99.52
154.05
28.99
94.00
115.64
34.93
258.02
90.01
23.44
60.61
252.02
100.85
68.49
24.39
54.22
61.52
191.27
69.48
240.43
266.57
96.78
20.35
49.15
45.93
50.08
173.77
19.75
285.71
23.94
34.26
160.23
54.39
69.78
91.26
120.70
30.79
127.50
696.19
79.03
94.48
18.45
99.06
150.92
68.87
249.43
39.76
422.17
179.92
79.85
34.76
257.71
111.09
70.52
92.12
88.57
26.77
86.92
153.99
43.56
86.18
47.67
97.35
86.38
777.16
109.44
419.17
28.45
24.65
132.02
120.63
114.37
69.05
56.99
43.36
224.43
115.32
284.50
105.67
30.52
197.26
168.40
28.58
445.67
176.52
514.25
70.25
24.04
94.18
183.68
91.90
350.50
32.55
139.32
75.94
41.91
255.27
22.04
585.93
200.26
34.30
25.68
236.48
64.88
36.10
31.55
146.39
132.21
103.08
218.91
465.46
48.09
74.77
191.77
197.93
70.70
113.16
759.04
82.04
136.30
105.62
38.73
195.18
110.57
58.71
491.00
280.27
58.33
66.39
96.04
113.73
88.06
45.38
165.40
33.10
106.09
10.97
60.36
77.82
121.57
372.21
239.51
189.72
39.76
64.40
45.56
105.96
44.92
269.10
210.44
145.31
143.79
18.89
70.44
41.91
51.32
50.24
184.09
291.50
116.57
157.24
120.30
122.26
546.35
208.77
118.51
306.13
439.83
101.51
62.60
38.17
87.61
192.67
73.90
55.05
327.70
54.74
319.31
184.93
98.79
305.58
163.33
28.19
82.34
70.85
129.13
113.65
83.46
41.50
121.13
299.37
82.17
190.76
59.39
96.85
24.88
91.84
79.36
80.70
53.65
74.68
67.96
100.76
129.34
274.01
40.39
332.12
60.28
55.67
170.10
78.96
44.25
52.23
97.19
658.66
114.72
41.08
364.98
313.93
116.69
393.57
29.71
146.15
286.69
223.48
124.90
24.48
66.38
246.90
23.57
57.18
321.29
215.98
80.12
196.22
60.21
156.85
247.98
62.50
143.14
48.84
31.17
99.20
137.89
170.02
106.02
111.72
74.09
333.32
48.18
182.43
116.88
261.50
118.60
97.75
151.18
764.08
38.44
642.93
130.23
32.54
30.92
226.67
66.22
153.46
73.67
188.71
79.20
782.39
892.15
27.02
128.81
94.51
100.02
44.84
116.67
149.72
106.46
16.73
156.69
132.50
112.03
71.64
156.01
84.62
132.52
52.82
20.56
46.11
59.50
42.19
562.72
51.20
154.68
60.86
298.20
109.10
147.56
174.98
61.72
81.07
168.95
147.80
34.99
54.93
23.53
99.07
17.56
132.66
369.49
49.69
101.99
42.21
24.82
61.10
36.21
111.28
104.10
89.51
786.57
68.52
93.27
93.09
107.06
190.15
123.23
71.93
617.68
250.63
96.91
18.96
30.91
99.60
71.60
93.80
59.80
59.54
170.13
97.97
35.97
28.64
67.21
86.25
45.40
241.89
103.04
38.70
22.62
65.75
53.86
60.12
58.48
98.13
86.18
224.01
176.58
27.14
255.93
55.74
16.55
341.81
107.51
46.36
44.30
39.93
170.64
164.97
101.47
19.06
108.95
32.72
73.80
333.76
72.47
58.80
91.86
165.94
100.52
65.63
47.98
131.31
97.36
96.20
102.75
61.95
59.90
72.28
62.24
184.56
43.56
71.16
87.85
19.80
418.13
155.54
96.32
115.29
43.94
68.92
126.24
60.69
67.07
273.82
79.06
76.48
280.31
34.77
100.54
342.83
96.21
71.33
49.53
108.66
47.53
553.76
80.99
66.84
16.37
497.91
484.69
46.33
49.75
97.64
34.07
195.54
54.87
23.82
99.27
382.53
80.83
134.13
24.13
32.82
114.71
101.51
27.42
56.67
372.58
40.95
311.27
141.68
116.61
26.99
194.57
69.22
153.54
112.02
101.28
61.15
92.78
113.96
124.83
186.74
107.45
559.40
66.16
29.53
107.42
201.71
103.02
38.03
93.94
16.70
629.16
118.58
245.83
16.15
47.32
37.54
278.37
49.46
52.04
165.46
104.99
79.70
328.87
154.58
29.18
256.40
106.92
36.91
62.82
95.52
89.74
262.95
83.41
77.84
35.88
47.83
54.35
216.13
35.73
104.82
80.11
124.62
109.49
31.70
165.95
392.82
99.73
76.44
77.50
301.70
45.73
55.40
98.28
89.03
64.01
268.11
129.86
68.24
45.67
164.64
50.16
175.80
78.93
668.96
25.77
268.23
150.60
33.25
49.07
20.70
110.77
29.40
72.60
45.10
166.35
18.23
93.24
49.74
158.32
106.35
115.18
867.19
115.45
62.69
55.57
295.56
125.16
558.18
300.70
230.74
55.00
37.69
27.17
87.54
16.91
182.67
118.52
67.77
276.33
111.65
305.88
190.21
61.64
109.92
111.04
404.42
127.84
101.91
105.20
64.06
70.06
90.22
456.12
159.69
260.59
32.33
209.22
107.26
164.09
142.12
47.36
96.26
52.81
207.09
464.96
99.19
86.11
167.73
487.09
259.57
396.60
80.31
211.59
234.25
131.86
690.31
140.10
55.71
188.46
47.41
26.72
31.29
150.36
55.48
135.94
108.88
206.64
72.04
122.84
434.79
18.28
138.20
110.51
73.37
36.63
80.79
58.94
132.46
121.73
260.37
73.06
22.71
252.51
105.46
177.57
54.01
85.97
90.63
40.07
79.80
79.24
82.63
589.96
24.86
530.09
179.18
56.96
54.25
41.52
88.31
125.87
18.47
41.11
291.12
281.20
160.66
553.65
115.78
70.15
415.47
73.89
116.12
122.71
16.99
112.19
30.41
95.00
774.16
58.20
94.55
319.90
17.40
107.12
49.54
88.31
53.44
60.13
138.35
19.00
62.47
147.72
38.75
181.55
75.90
92.31
402.07
285.79
130.79
71.07
43.82
549.33
139.94
210.88
773.02
39.46
389.59
38.40
103.72
157.72
161.91
488.06
57.52
158.70
82.84
84.54
72.20
20.65
129.07
45.51
149.79
465.93
99.34
70.47
44.50
54.86
20.55
129.78
68.44
144.41
299.61
115.24
65.35
142.79
30.96
324.01
82.17
159.05
61.57
140.91
78.46
52.42
52.30
143.82
32.23
138.13
17.15
246.28
115.30
71.61
40.19
107.04
85.76
19.71
150.24
17.71
59.60
191.41
139.21
99.32
70.77
80.80
116.95
107.19
76.59
821.34
156.06
84.38
30.08
31.38
189.82
167.20
171.23
71.71
70.28
112.16
68.06
174.32
128.48
128.92
210.84
56.81
121.39
69.09
23.05
119.63
175.87
351.67
663.08
105.97
40.47
411.48
114.00
28.26
45.97
42.43
71.18
254.34
553.81
293.37
67.66
30.68
240.69
41.24
38.05
29.24
448.03
59.59
185.87
57.11
163.23
73.48
132.47
180.12
77.78
280.17
54.16
48.44
74.56
213.19
135.44
95.66
83.82
192.36
85.95
12.09
30.92
147.22
41.28
43.83
66.18
292.42
85.33
80.40
526.89
348.02
128.36
32.99
33.03
23.15
105.60
51.47
15.70
86.37
225.72
224.93
46.68
162.89
94.34
531.94
275.30
125.34
17.17
22.52
51.78
190.25
20.54
71.05
206.34
34.62
11.87
101.41
47.33
229.83
33.98
143.16
43.42
21.48
53.61
351.54
32.48
146.67
77.23
22.12
181.81
77.25
238.30
64.42
30.38
239.14
274.79
74.14
139.55
260.61
57.06
516.93
148.52
88.29
332.18
274.59
99.15
137.43
142.38
14.24
131.23
62.77
119.77
58.69
95.69
115.18
114.29
219.60
65.81
110.33
245.24
537.66
37.73
88.35
178.38
45.16
36.76
63.10
121.05
82.05
199.91
14.47
33.93
168.24
51.49
75.41
63.51
339.31
135.37
189.46
182.80
21.88
52.15
102.23
203.74
108.56
91.64
132.63
48.71
88.59
97.06
47.12
24.69
50.20
74.05
22.27
149.30
100.02
47.10
33.95
93.78
42.40
106.48
330.92
184.62
164.05
39.44
54.67
212.65
199.62
64.28
347.21
24.34
76.26
230.49
199.14
22.73
414.03
296.38
358.73
27.05
26.97
31.42
115.85
70.52
187.59
106.08
36.01
180.19
140.40
170.05
199.29
79.08
231.80
54.89
571.33
83.47
58.96
139.77
65.06
330.62
64.10
107.22
85.82
89.51
15.37
876.06
60.73
348.18
51.01
176.50
52.31
78.28
212.55
96.00
786.21
155.87
208.30
383.95
288.44
70.58
162.67
135.07
48.16
196.44
93.25
57.99
69.18
41.52
47.48
105.22
67.18
28.84
383.63
25.20
171.39
114.83
37.16
49.26
144.19
128.45
99.79
400.77
84.00
47.61
126.63
57.49
82.76
825.87
192.28
87.63
359.02
69.54
221.38
325.33
620.20
40.42
71.90
108.64
76.66
309.05
252.89
716.73
10.79
88.79
21.22
49.31
332.78
103.18
71.51
37.13
135.19
141.42
44.15
56.69
118.30
196.76
120.93
82.79
42.85
117.75
368.54
95.09
284.34
74.03
36.03
103.65
233.25
546.70
72.93
32.72
458.42
178.44
26.59
94.06
379.81
73.46
123.98
118.89
65.79
71.00
103.59
15.08
200.78
16.48
218.77
128.73
80.27
257.93
44.52
121.55
341.74
57.78
32.13
20.25
153.65
45.72
126.80
98.95
103.40
98.20
109.05
343.37
167.01
26.06
176.31
54.94
280.65
85.54
33.69
212.20
354.33
68.57
165.01
163.19
91.48
64.79
141.86
442.22
173.42
67.70
187.42
52.59
22.74
50.08
289.56
226.11
291.14
106.40
31.82
149.07
39.84
33.12
50.58
23.16
274.04
73.77
100.07
172.52
419.51
39.64
193.64
149.47
186.05
86.15
30.42
85.87
240.51
352.95
115.78
102.12
273.20
19.58
20.08
95.32
88.34
103.89
197.46
64.96
47.40
577.36
65.96
58.63
36.97
190.75
74.42
28.41
114.02
73.00
120.65
415.49
202.44
90.64
89.88
99.85
59.23
71.56
66.88
131.88
277.88
229.95
313.73
82.88
148.31
33.73
79.84
180.61
229.97
86.81
190.39
29.68
90.75
97.32
93.75
304.70
83.27
67.88
127.65
86.21
27.64
70.44
28.49
229.12
43.28
146.97
132.74
353.34
31.06
37.66
108.23
104.45
126.33
83.93
126.02
315.09
189.04
199.91
63.10
78.64
36.98
39.40
283.74
77.43
329.34
207.08
221.35
256.28
144.34
139.44
357.93
79.74
176.04
100.97
46.22
102.05
176.78
128.06
98.38
119.10
219.90
204.00
94.25
336.35
78.14
190.24
319.82
281.14
93.52
736.87
158.60
79.63
79.29
26.29
26.48
37.75
98.04
166.32
102.56
77.03
49.81
175.03
38.07
57.28
96.40
88.79
221.67
25.93
140.76
61.50
263.95
263.98
180.34
112.38
130.68
132.06
87.90
39.28
70.37
45.79
266.65
159.47
145.51
114.35
287.69
71.28
253.12
345.61
234.43
98.09
53.51
47.44
16.41
81.68
40.71
117.60
95.35
104.65
87.25
118.41
151.11
24.15
87.11
23.23
172.66
62.36
282.78
204.00
111.97
104.48
47.65
44.79
52.93
202.88
80.93
84.96
76.55
71.18
545.61
116.60
38.67
161.95
59.64
129.85
14.10
267.07
367.96
127.12
611.56
153.36
135.24
406.24
76.80
370.91
205.36
124.73
305.07
308.15
26.08
331.91
23.79
40.63
116.56
377.61
49.51
71.94
321.15
297.37
74.67
449.35
56.16
50.62
126.45
13.82
152.28
58.44
359.83
121.56
50.27
353.58
17.92
87.19
20.69
197.60
218.09
243.79
70.83
83.81
92.25
23.92
117.29
137.52
97.77
401.32
91.38
470.42
300.96
158.52
72.75
104.65
97.66
74.50
121.61
314.82
542.26
70.96
83.56
97.29
589.65
25.87
477.86
17.03
52.83
36.35
48.85
76.69
180.82
28.76
123.73
57.41
145.00
81.75
91.82
117.83
168.66
68.65
102.72
185.06
182.46
27.73
206.52
20.19
94.58
97.42
71.20
164.60
55.46
164.94
450.03
127.54
42.51
25.18
55.62
27.68
118.00
91.16
143.93
42.69
362.98
309.19
111.96
168.67
85.65
43.20
92.10
81.91
57.05
38.03
33.84
74.53
82.63
88.56
30.28
130.27
142.20
459.62
51.30
627.72
45.82
180.44
98.56
48.47
88.21
217.46
20.96
94.42
501.77
262.78
144.25
170.54
60.61
109.89
261.33
123.01
70.48
19.41
31.04
413.57
24.34
204.09
117.84
136.62
153.20
161.02
122.70
20.24
11.79
45.69
130.67
24.63
177.67
356.41
160.26
379.00
50.66
80.41
107.34
126.61
72.97
103.03
24.94
104.57
46.36
108.65
58.40
15.82
93.96
46.30
137.55
170.90
255.21
236.39
158.99
199.79
72.19
240.34
91.73
541.88
115.15
82.71
148.22
227.19
27.39
304.35
42.93
128.13
300.01
148.44
70.43
59.44
537.52
122.04
212.05
183.47
132.32
324.72
78.44
118.34
104.74
45.88
74.90
225.49
165.39
91.55
69.02
89.85
438.04
98.74
246.10
395.77
64.38
110.50
209.85
398.80
361.50
81.28
106.62
98.23
190.18
106.90
33.99
261.88
40.62
77.02
75.94
101.51
122.68
166.96
111.81
102.93
236.40
786.28
332.26
25.86
44.79
108.92
268.13
57.36
92.22
61.46
61.76
156.00
251.22
149.47
63.55
90.04
103.67
103.99
69.56
82.88
82.26
53.03
114.37
75.70
132.44
53.19
393.51
51.21
198.14
224.89
110.52
80.50
61.09
77.70
107.23
38.91
55.46
119.95
21.33
93.16
85.98
72.25
117.25
72.15
18.71
152.47
380.29
192.86
92.86
315.87
187.82
52.22
627.69
72.67
55.54
123.19
100.23
24.22
141.81
29.82
269.65
30.46
16.32
50.31
197.74
103.91
30.53
62.76
64.38
39.28
148.91
106.97
14.51
189.14
275.19
42.55
225.24
295.23
50.22
741.43
66.55
52.02
17.94
19.65
185.71
218.78
272.02
70.73
67.86
143.10
27.02
102.09
203.25
126.53
56.94
172.32
45.02
45.15
246.54
193.14
157.53
288.19
129.79
110.65
96.53
208.20
337.64
92.49
177.64
107.86
132.52
50.96
31.32
56.42
267.52
56.91
70.90
114.39
58.75
162.75
290.68
184.11
93.48
69.25
60.96
143.18
551.96
19.49
94.47
96.49
89.38
166.91
60.27
26.28
127.33
155.61
85.49
51.98
72.99
40.59
109.94
98.66
37.42
113.12
231.18
81.23
23.66
79.25
152.26
150.80
241.57
115.31
68.66
89.53
70.80
20.44
138.99
110.71
72.28
86.03
36.09
294.57
29.08
47.42
140.13
137.44
140.97
56.73
74.47
955.35
113.70
94.77
53.17
201.42
190.56
35.33
250.04
41.92
21.70
77.83
122.39
122.40
28.27
62.28
162.72
28.67
52.65
20.68
29.42
76.60
26.51
84.23
196.63
92.53
76.03
74.87
16.11
100.37
273.12
163.94
92.64
27.36
26.98
99.06
77.16
85.00
123.41
21.28
101.82
76.75
254.81
178.63
71.18
72.96
60.15
604.42
73.25
107.83
178.25
189.07
79.29
458.33
63.65
19.36
802.84
31.07
157.98
70.56
93.60
275.82
24.33
40.60
409.32
50.56
29.09
224.88
24.71
33.88
71.34
116.47
42.18
34.08
39.60
103.68
84.68
137.40
150.15
132.17
29.50
12.75
87.81
683.76
94.17
111.78
101.86
191.96
38.23
169.04
147.28
48.52
103.15
89.94
263.81
267.80
35.74
43.94
68.52
65.83
205.71
200.42
192.63
200.05
82.13
38.91
172.39
118.05
28.27
282.65
139.42
56.02
139.51
127.29
400.58
58.15
415.58
112.38
97.26
560.69
70.24
79.24
151.43
585.59
630.28
203.36
100.48
19.51
56.95
458.95
60.55
112.97
341.04
50.33
86.46
443.51
82.01
161.22
137.04
78.19
15.29
85.54
26.55
53.73
68.64
179.34
219.55
102.23
171.59
60.42
65.33
56.09
353.80
135.81
117.57
278.98
302.10
386.23
326.36
139.51
67.80
107.86
111.50
238.72
496.83
76.49
101.42
140.25
39.84
103.33
202.36
118.56
108.83
116.58
392.17
87.29
76.21
28.55
83.78
137.41
156.34
76.63
112.87
50.65
95.50
29.36
25.58
51.26
162.51
83.07
65.44
208.43
51.99
217.33
93.88
83.58
271.17
213.04
104.59
40.23
128.82
343.22
172.17
107.73
122.99
169.23
43.04
68.84
27.94
224.19
37.17
141.93
107.72
46.17
13.72
129.93
64.12
68.65
108.46
217.00
296.37
113.36
74.92
83.58
72.22
22.51
184.52
25.60
136.20
60.05
122.93
153.81
31.82
73.43
54.94
405.03
592.02
245.58
174.23
369.17
85.72
228.81
321.62
86.00
94.87
265.25
126.05
126.87
138.80
195.92
268.10
25.75
130.94
110.52
156.73
348.37
53.05
31.31
119.37
124.89
55.01
118.04
62.16
47.39
206.32
106.71
201.28
223.09
170.48
138.84
154.65
51.32
18.43
157.09
209.05
104.08
67.21
98.92
33.40
13.67
157.34
272.95
57.70
44.47
287.88
70.39
34.92
58.84
52.67
35.41
13.73
92.43
80.79
70.47
188.01
715.82
17.68
37.92
220.21
389.09
114.59
153.19
170.51
449.76
78.10
27.85
78.91
78.20
21.81
23.82
115.32
69.52
39.79
39.02
51.23
114.73
412.95
122.22
44.35
23.36
33.55
332.92
229.18
145.30
64.36
76.45
255.91
108.88
50.68
63.51
43.57
278.97
302.68
82.97
116.34
38.66
95.24
263.90
103.01
32.08
67.60
120.10
34.52
78.74
96.78
108.00
18.70
97.41
121.85
90.47
355.43
39.52
27.96
657.90
126.16
80.07
563.12
82.80
52.05
145.85
140.60
135.83
70.12
38.68
85.53
61.40
94.38
94.28
217.42
104.46
23.21
58.91
170.48
108.24
28.42
160.71
102.15
137.19
18.43
456.83
24.08
81.36
123.27
464.67
654.71
118.69
25.67
41.66
124.54
157.68
34.26
118.72
77.71
127.87
141.55
230.15
100.59
589.57
25.05
211.29
486.40
218.62
109.43
60.85
25.75
73.65
186.49
143.82
115.22
179.82
53.39
123.13
438.01
314.22
139.71
54.03
245.92
91.95
126.15
72.02
153.15
125.66
265.38
276.64
87.20
75.08
94.73
147.22
75.44
65.48
69.72
83.33
778.38
106.67
153.79
157.93
25.01
123.38
82.49
181.20
60.80
15.66
21.28
69.44
77.50
88.94
27.47
76.15
26.97
28.82
46.94
173.90
124.28
98.93
94.70
102.24
163.42
136.54
237.95
376.38
99.42
133.37
132.71
372.63
252.93
93.46
38.18
212.94
209.55
135.57
107.23
128.16
123.00
195.45
52.18
117.20
299.99
261.15
12.25
70.07
102.50
112.59
96.57
65.00
71.10
684.74
83.90
52.16
215.61
279.03
270.05
113.39
83.07
277.30
147.45
98.62
436.86
123.49
202.89
106.75
88.12
100.87
510.54
72.98
99.19
309.48
203.20
26.37
306.99
227.11
864.74
22.28
106.42
114.77
181.90
30.95
191.29
51.23
62.90
134.22
80.48
185.10
18.41
72.36
78.29
90.50
77.34
36.34
247.68
85.75
92.89
244.64
78.47
701.71
68.79
93.12
822.72
422.70
81.90
507.53
144.36
234.61
111.59
32.62
29.03
70.36
47.03
30.51
121.17
31.87
76.18
29.69
296.85
168.81
361.96
89.89
275.10
188.07
176.11
271.02
26.90
112.73
213.09
332.31
168.93
54.31
39.21
127.81
19.99
114.08
177.21
44.30
185.15
216.50
97.09
139.54
55.30
88.81
106.39
23.71
92.15
30.19
171.43
20.18
34.38
157.05
19.66
319.67
107.92
106.86
17.33
158.93
407.61
137.13
103.64
61.59
627.34
130.88
33.41
56.91
376.46
478.13
23.12
126.53
117.99
124.90
56.07
38.34
141.43
26.02
165.54
402.64
32.45
123.90
237.38
46.02
370.08
59.88
225.17
119.31
14.56
21.55
63.51
69.48
22.81
456.25
66.76
133.32
266.95
144.86
267.99
19.19
37.76
41.95
107.67
93.52
29.21
105.47
160.86
41.57
91.07
95.79
61.34
110.55
13.81
277.95
104.22
32.31
56.82
174.02
329.12
89.67
57.41
75.89
71.24
167.29
29.46
109.77
46.43
97.24
210.96
155.67
311.53
106.77
171.89
361.77
131.48
123.89
235.63
66.14
96.41
171.36
34.96
129.32
276.22
108.10
112.01
60.55
28.64
111.62
79.43
56.38
137.91
133.28
52.23
86.99
182.07
431.28
107.72
222.43
29.98
57.76
20.79
35.14
169.21
96.84
37.09
44.22
48.73
91.24
50.52
571.45
185.13
77.94
390.64
91.35
388.46
187.92
101.31
91.86
24.77
351.08
378.84
164.69
277.45
65.08
135.95
83.99
349.35
399.48
50.60
57.80
155.95
126.29
312.76
286.39
168.34
123.00
14.78
128.03
30.00
64.34
199.99
43.61
74.86
111.03
189.29
69.65
233.15
36.72
119.88
40.72
87.58
81.52
142.16
79.13
89.97
106.83
81.12
368.99
83.64
135.09
50.35
265.44
98.29
122.65
18.95
27.64
251.89
205.62
83.84
73.83
404.52
586.33
33.42
50.08
52.96
21.76
307.34
109.91
214.52
710.05
66.26
85.81
97.82
66.25
147.67
272.58
105.28
188.58
60.03
677.69
504.65
60.36
33.82
110.67
96.62
69.96
188.78
82.69
362.25
142.08
73.81
261.10
103.59
28.01
261.38
47.41
61.17
34.34
52.31
15.14
50.27
131.27
40.47
181.57
278.32
79.89
36.81
191.30
69.85
57.08
73.19
91.71
201.90
51.61
178.77
214.66
86.48
35.74
115.25
77.21
62.69
18.26
56.56
114.99
144.63
143.50
185.39
41.93
18.75
39.68
126.84
116.67
127.96
507.70
945.12
104.75
62.85
231.92
244.30
420.02
70.31
77.61
29.57
109.58
251.90
121.51
80.04
79.04
109.62
93.22
102.30
124.32
52.77
109.88
89.38
92.32
108.78
113.52
102.73
69.00
81.28
22.32
53.99
54.32
79.05
82.90
202.01
93.71
31.32
202.79
38.40
89.35
118.32
65.56
114.82
52.25
71.29
80.61
185.27
67.48
100.61
243.19
306.29
312.75
53.40
131.67
31.69
159.67
15.70
59.43
81.24
41.53
33.86
67.61
220.89
272.68
49.97
75.37
174.81
29.08
25.59
42.59
636.87
145.47
70.55
119.83
148.73
99.97
316.53
27.47
297.70
22.75
378.99
40.04
234.78
276.45
108.93
334.78
113.04
83.48
97.84
82.70
203.18
65.94
71.45
85.88
108.97
53.55
504.97
33.52
321.99
98.96
228.08
188.03
156.27
157.00
316.12
21.38
42.14
54.78
126.19
109.58
17.48
127.59
211.59
44.42
190.15
42.34
58.33
352.29
33.34
79.58
141.67
19.99
127.37
305.34
77.67
61.67
78.99
227.16
264.59
37.57
697.96
262.29
75.20
60.00
70.75
95.07
51.17
59.74
309.95
128.99
118.55
311.45
67.88
182.14
13.66
134.87
177.72
16.31
131.95
371.42
180.31
316.48
82.72
89.75
121.16
77.85
92.46
101.89
31.94
138.91
267.69
425.86
168.16
105.92
77.99
112.89
47.30
20.70
137.05
834.31
508.32
313.40
58.52
177.50
156.28
27.14
108.43
41.37
191.36
22.43
74.75
33.32
609.88
152.39
81.13
88.48
56.77
103.87
202.11
136.27
81.13
152.84
125.58
10.70
65.88
89.55
127.36
64.94
77.25
42.62
90.99
126.88
35.02
188.11
48.18
448.88
192.48
151.85
569.79
100.60
86.10
245.07
15.22
385.19
97.55
20.86
367.61
69.29
196.33
512.11
163.82
38.03
134.06
52.00
214.28
71.52
715.57
495.93
44.02
127.91
45.80
209.59
148.73
230.59
62.00
93.35
51.24
79.37
67.57
106.33
40.23
190.28
131.84
226.23
264.39
104.63
26.76
43.55
522.92
252.11
311.19
129.34
117.90
21.62
348.07
109.38
99.76
159.44
616.19
54.81
97.05
91.83
196.19
83.50
36.84
106.89
95.97
348.78
24.21
107.35
25.64
80.18
83.13
604.38
56.64
76.64
141.92
122.83
166.59
111.82
35.11
88.06
55.87
47.05
115.47
81.66
55.00
15.07
18.13
147.88
300.98
127.35
109.47
80.11
239.98
162.69
135.36
237.08
659.62
67.16
235.71
231.57
223.01
369.37
83.57
122.15
26.94
93.50
29.95
100.68
275.80
238.86
62.14
451.61
150.87
42.72
11.96
49.30
93.39
36.82
298.76
246.50
119.18
164.71
66.10
99.57
54.45
426.92
100.65
109.16
18.58
132.39
105.55
118.00
67.21
75.22
137.09
537.10
42.13
182.66
177.71
107.78
90.67
134.88
66.71
59.11
184.83
208.33
110.50
187.05
111.33
113.85
21.56
37.93
59.55
44.08
126.36
139.95
115.40
302.07
211.94
80.01
20.33
24.64
110.46
88.20
146.21
40.11
57.10
245.67
46.16
42.17
65.99
116.35
165.52
58.98
239.50
69.73
46.74
40.65
15.21
92.16
41.96
112.25
114.58
200.63
83.62
48.33
168.33
51.31
99.16
107.46
259.63
167.70
122.74
24.53
157.27
65.64
329.99
72.55
45.36
40.60
77.56
111.27
56.00
19.12
44.75
109.58
150.70
388.00
192.44
114.63
25.03
235.01
94.77
43.84
51.37
97.97
96.74
14.75
49.19
85.71
69.24
211.78
172.07
86.63
178.02
249.45
36.70
21.46
103.06
111.92
319.45
77.55
136.06
40.06
44.15
72.77
24.46
194.76
137.98
159.99
185.35
50.07
185.60
208.17
185.31
47.10
61.87
34.10
52.55
66.37
170.09
186.01
75.91
60.80
48.28
64.20
136.55
79.94
110.92
226.73
130.24
319.48
98.61
22.88
107.37
88.05
77.23
441.57
245.05
74.67
81.84
152.62
69.88
148.34
138.61
130.93
169.47
30.29
205.24
50.73
43.43
51.88
149.89
119.49
102.91
98.28
27.26
69.61
67.45
76.08
603.56
508.70
77.17
227.00
97.94
130.72
173.77
461.65
284.85
143.91
247.96
135.48
110.12
48.54
59.96
317.19
56.03
85.33
73.08
140.53
56.05
96.06
145.23
195.72
121.43
38.51
35.51
22.51
19.15
115.73
40.79
69.44
257.93
150.07
71.47
79.72
96.40
15.30
162.50
142.84
143.78
115.17
121.30
100.59
296.43
192.55
548.85
95.97
63.08
54.62
85.57
89.02
24.69
218.35
90.72
212.95
23.81
142.84
95.53
96.20
265.88
110.09
20.67
88.41
74.23
15.95
21.35
79.06
81.49
175.19
154.63
26.11
44.97
88.14
178.18
244.65
627.14
75.51
101.82
220.46
14.53
45.27
48.19
104.64
69.36
63.48
129.12
60.48
19.04
24.26
169.74
45.01
132.68
46.21
183.99
366.94
122.28
122.17
534.23
181.85
540.77
92.64
122.04
95.02
18.97
156.97
125.65
21.32
41.39
31.35
34.33
78.70
36.10
17.20
106.24
440.29
100.34
54.70
254.90
243.07
179.30
32.74
42.58
11.34
32.59
342.43
524.57
19.13
553.83
69.59
49.03
49.99
111.72
406.21
87.70
240.25
72.94
88.68
73.83
414.30
91.37
220.85
81.22
416.81
42.83
112.69
278.35
479.10
52.32
171.36
158.29
166.71
58.45
129.86
69.57
528.99
236.00
49.50
121.33
785.22
133.38
82.32
369.24
134.51
69.26
19.90
75.68
38.70
30.92
22.90
130.31
99.51
81.03
106.15
87.91
65.88
69.41
79.81
84.79
96.37
86.09
16.39
92.03
127.30
91.21
33.38
92.58
50.94
90.22
99.31
40.89
102.09
149.01
124.69
31.82
50.14
49.65
142.74
182.21
10.98
132.19
18.94
52.67
226.63
237.44
84.52
93.77
53.79
183.08
23.77
89.20
164.14
96.20
508.87
93.93
229.07
11.78
24.49
356.55
56.55
51.13
36.56
109.64
32.88
113.55
325.02
201.94
77.66
64.08
73.21
431.38
429.42
121.89
73.23
62.87
130.17
87.30
16.70
21.45
82.40
93.10
284.78
367.83
318.37
100.29
70.18
276.89
202.57
81.24
228.13
206.80
90.15
56.77
150.90
73.86
123.30
198.07
94.35
35.38
60.52
87.42
929.99
57.43
94.45
30.52
118.55
24.48
228.27
160.33
268.87
53.20
66.45
36.31
289.30
162.76
84.32
46.69
72.11
305.87
171.03
166.29
93.29
215.02
247.45
79.11
44.24
94.75
257.64
15.42
57.45
12.23
108.46
25.52
13.84
191.71
210.40
299.22
195.93
67.30
234.80
139.31
134.47
164.11
138.68
29.37
130.50
44.47
119.30
307.54
47.28
164.60
82.79
25.91
89.73
109.33
257.68
92.63
73.39
75.28
88.98
351.30
42.20
131.20
184.95
246.77
92.72
66.29
157.40
91.94
103.26
97.48
192.92
33.20
232.00
91.34
42.22
64.01
53.14
58.13
33.34
129.04
130.24
132.10
32.59
270.90
121.07
18.35
47.09
255.25
22.36
50.90
143.50
60.10
66.35
117.90
245.01
108.73
94.68
113.97
176.94
29.06
146.95
98.12
77.15
98.30
652.55
45.49
79.67
133.33
93.39
783.41
212.92
128.06
189.61
76.40
102.35
88.37
31.86
382.13
75.72
27.30
194.05
185.25
97.30
18.85
243.79
52.69
164.09
151.25
65.41
42.82
56.88
267.28
152.10
43.61
82.41
170.74
64.68
123.64
48.18
62.72
121.60
105.11
225.14
86.54
125.26
145.63
123.04
206.98
44.70
260.19
147.37
21.33
59.59
344.12
175.66
104.78
97.53
136.20
102.28
74.41
38.89
289.44
77.78
110.75
157.37
94.64
72.24
19.65
111.26
352.84
301.59
137.78
43.15
118.60
170.31
109.54
16.38
53.76
71.28
231.14
289.01
96.19
88.10
78.47
129.73
56.45
169.26
227.08
112.36
72.60
200.13
182.92
162.29
486.65
74.67
82.13
478.81
17.29
132.45
338.55
341.04
251.39
274.50
114.92
107.77
320.64
65.72
88.03
78.68
412.21
87.49
413.56
154.96
148.64
148.55
152.79
44.94
86.82
11.87
210.06
55.60
195.67
150.04
245.82
16.97
141.27
27.05
92.65
179.17
308.41
95.42
296.77
163.17
116.89
151.06
533.80
56.87
48.88
465.80
96.99
45.08
415.92
206.68
115.76
92.89
134.44
99.62
366.17
710.01
74.48
131.35
247.37
129.06
45.43
260.21
68.64
28.58
179.41
131.12
53.89
307.87
121.10
77.99
173.33
223.04
39.15
30.72
23.06
24.83
547.26
17.88
66.13
360.60
60.68
28.99
39.72
161.11
26.16
130.56
90.90
113.07
54.15
100.67
236.05
39.35
90.68
43.69
72.22
22.55
37.22
13.94
217.77
77.54
74.08
238.05
153.66
153.62
334.62
128.86
41.38
80.14
307.62
52.63
89.47
87.52
40.08
506.03
171.71
122.32
91.04
83.86
38.86
156.98
256.83
476.40
93.09
60.11
39.05
82.71
111.89
72.62
68.89
93.84
157.47
36.41
118.50
133.48
251.40
64.42
218.35
234.25
58.65
143.25
170.27
46.74
34.04
58.42
118.77
17.42
93.09
405.24
60.17
357.11
116.67
104.13
31.99
151.52
73.63
110.36
35.00
49.15
126.66
133.08
88.54
66.24
134.88
21.64
61.56
801.24
27.72
540.77
29.79
83.41
147.65
45.81
113.92
178.29
100.08
29.25
90.48
113.93
62.42
120.83
167.85
44.12
91.30
19.00
105.99
143.82
537.42
62.82
69.49
139.12
181.34
23.43
123.61
40.85
47.86
99.73
83.86
156.19
274.32
449.81
104.02
88.78
79.42
86.44
93.73
106.52
44.29
205.21
169.96
466.32
98.98
73.03
207.24
83.37
136.73
43.04
145.38
147.49
98.79
131.71
118.60
424.43
53.60
126.41
195.86
84.65
338.99
87.69
78.29
291.41
152.06
173.35
185.87
63.25
91.84
83.37
110.85
328.78
184.54
28.41
25.26
237.49
94.00
156.87
108.01
66.91
31.74
31.87
511.02
35.25
18.42
30.60
89.91
103.15
281.40
74.20
18.06
99.31
84.85
102.41
80.09
171.40
74.43
172.69
445.99
71.96
53.67
42.75
39.43
96.13
72.48
81.36
131.98
70.84
161.88
65.00
139.57
21.56
92.97
19.34
80.78
24.24
33.27
179.54
273.95
203.01
121.62
127.57
15.75
34.15
153.31
270.26
159.10
75.86
612.91
90.01
97.02
132.39
210.34
143.95
93.15
45.53
215.67
200.56
192.56
110.04
19.38
68.60
26.25
114.27
63.32
130.08
163.75
167.41
111.26
123.91
19.67
167.42
61.94
94.86
62.54
103.84
218.03
31.36
42.77
53.16
46.58
477.90
202.77
86.51
13.85
173.86
136.49
59.19
123.80
11.97
63.64
33.93
95.80
382.52
584.70
151.19
184.99
57.77
110.14
52.60
76.48
98.41
61.69
76.26
227.52
28.07
491.65
18.68
139.95
82.11
29.68
80.06
223.04
101.84
27.15
70.51
57.89
150.75
180.08
104.77
132.42
98.59
62.50
60.29
78.60
127.70
196.61
67.39
58.25
694.54
112.49
95.86
41.76
145.73
290.90
77.94
71.89
170.46
74.29
156.21
19.72
101.26
77.02
248.59
29.35
136.53
