39.70
215.11
40.20
62.23
253.03
23.41
28.99
252.80
107.34
264.11
138.60
158.23
152.49
67.30
194.49
381.06
46.46
69.63
86.16
121.02
308.29
71.91
117.96
24.30
779.53
78.13
41.48
141.32
220.86
44.53
504.04
218.00
176.26
163.12
191.60
193.67
192.30
103.46
85.25
55.56
46.06
14.69
28.11
99.95
21.55
84.91
20.90
107.34
62.18
30.65
262.52
143.06
22.69
246.40
197.23
46.65
41.87
248.74
54.09
52.45
116.10
391.77
76.54
190.70
117.98
266.85
95.44
84.64
68.07
87.25
34.29
44.07
502.65
149.60
141.72
111.47
39.95
175.51
72.23
17.26
81.05
75.99
176.16
159.24
257.67
58.34
27.61
98.28
103.08
52.89
149.57
59.78
110.00
209.88
113.06
85.39
70.72
67.91
423.09
73.56
69.74
77.06
31.05
132.42
43.80
246.22
118.71
130.51
18.72
78.05
73.13
98.71
91.24
102.29
318.25
105.62
49.94
85.52
128.33
20.65
98.72
33.72
321.33
103.35
96.91
343.57
158.50
36.85
29.86
54.51
38.25
344.91
121.10
105.66
23.65
97.85
65.55
105.10
75.44
25.86
95.33
295.50
90.15
214.41
173.65
197.20
26.10
149.39
118.86
56.89
49.94
455.32
103.08
102.54
66.49
20.14
283.46
123.08
68.24
81.66
121.39
149.98
20.63
60.69
158.10
55.48
258.73
84.11
110.90
21.30
149.73
54.26
54.02
105.89
94.88
46.40
103.60
38.55
110.39
82.33
153.95
162.85
92.91
105.79
91.10
102.70
101.75
69.46
682.89
100.52
48.09
98.01
13.64
20.89
47.43
255.87
32.40
66.62
374.31
131.61
91.41
56.82
85.43
21.56
155.45
101.79
125.17
24.37
126.04
339.02
39.79
75.43
112.21
38.50
42.37
27.64
70.48
131.05
139.71
113.95
123.85
92.16
148.28
240.35
57.47
42.74
310.26
115.48
129.89
159.04
55.67
596.32
80.01
233.11
873.01
237.09
57.95
283.22
79.92
320.42
162.70
66.23
38.07
53.66
85.96
236.82
113.89
105.16
204.37
136.85
66.79
124.59
41.23
30.95
141.04
94.18
31.36
47.18
183.80
98.08
13.25
39.30
312.80
79.67
224.55
127.32
221.83
877.91
64.12
123.31
246.45
167.21
63.56
277.26
93.63
323.29
65.06
108.27
113.89
31.34
43.36
106.85
698.44
125.17
56.72
42.50
349.54
69.16
286.79
616.32
37.53
207.09
203.09
38.85
33.90
215.24
183.66
332.40
60.77
521.17
100.24
68.96
162.57
267.42
243.91
170.60
411.78
65.60
54.86
282.53
40.57
52.67
39.75
121.92
115.89
128.67
341.43
79.14
75.68
116.70
156.91
68.80
37.13
77.03
75.96
387.70
116.56
434.35
91.51
66.29
63.54
80.76
135.63
46.37
84.79
247.22
365.06
53.84
27.40
61.41
88.22
107.74
73.68
154.92
715.00
47.70
89.17
76.94
55.30
111.42
142.45
110.51
52.01
122.75
94.93
209.34
70.35
155.00
45.22
152.19
725.69
15.76
44.05
90.33
25.83
52.65
74.25
50.14
40.78
359.60
104.62
42.23
40.72
102.86
135.37
30.27
145.35
156.28
424.00
87.01
183.24
36.31
269.25
241.53
21.44
17.72
122.64
340.75
85.18
271.88
116.81
34.51
184.99
66.46
49.03
89.22
138.63
128.00
155.94
40.80
39.36
469.69
94.66
96.60
168.81
98.09
184.96
278.73
81.94
44.80
95.39
79.31
18.09
50.97
73.58
522.68
207.21
82.02
133.26
44.89
157.77
265.40
71.22
173.00
186.87
55.75
57.06
501.10
51.14
112.42
174.54
117.43
164.98
63.28
104.69
25.40
26.06
112.02
325.58
119.63
22.38
61.86
223.36
529.33
78.79
37.44
208.38
161.08
171.56
446.41
81.84
29.49
72.13
69.18
44.79
88.12
395.27
160.19
31.33
44.26
123.13
299.73
240.50
281.76
31.09
43.85
12.99
85.11
29.22
49.10
71.76
746.09
85.71
164.81
402.59
90.65
103.61
305.59
183.37
105.80
272.59
16.75
92.86
203.10
89.61
187.57
212.44
216.32
157.68
48.73
530.71
91.05
116.65
459.89
49.90
56.43
232.78
129.66
142.57
120.06
68.79
84.05
34.76
150.22
207.43
31.50
28.90
140.40
95.05
122.06
306.31
32.87
168.38
422.45
54.49
260.62
26.60
242.54
74.47
27.03
63.93
221.38
242.44
147.54
43.88
81.80
131.42
151.75
176.68
125.98
104.88
21.10
196.24
27.15
127.18
205.27
50.11
238.48
78.10
36.14
17.08
108.30
78.29
13.92
211.26
93.98
18.58
39.25
50.35
72.22
60.59
75.60
141.46
331.41
120.70
26.56
126.65
94.14
274.98
60.28
533.41
95.51
17.41
78.99
48.04
41.03
92.04
30.63
247.95
116.03
56.49
109.13
127.30
103.78
170.54
525.63
83.10
170.79
42.47
67.36
358.43
142.15
316.94
53.45
37.82
68.42
32.62
493.89
717.16
79.27
48.33
44.40
34.51
45.16
299.89
144.01
64.41
79.30
148.44
252.13
116.95
165.61
248.26
291.45
411.71
223.40
35.28
19.26
306.83
42.23
105.27
180.88
51.68
26.11
19.47
87.81
122.45
206.42
236.36
121.44
118.66
151.46
44.21
56.16
194.19
109.16
209.49
170.07
42.87
512.22
229.28
239.61
117.76
81.06
15.89
63.92
106.66
38.44
77.35
49.47
178.88
111.02
16.84
132.77
113.31
103.71
84.53
131.81
313.13
120.67
127.37
38.02
86.87
85.91
82.44
116.23
94.56
54.37
165.23
91.24
463.57
112.27
232.03
57.95
127.87
82.06
170.51
82.15
27.28
93.47
75.95
56.11
140.46
126.15
122.18
76.82
102.94
36.49
102.95
184.36
337.85
29.36
43.55
108.42
72.88
74.47
16.06
184.41
265.74
69.02
57.07
236.46
53.66
468.95
80.32
138.18
129.72
56.66
150.62
309.23
52.97
42.61
47.33
175.92
275.67
22.79
134.85
119.82
598.94
136.29
106.35
242.60
90.47
93.17
300.43
188.86
408.21
35.89
100.29
128.86
33.84
89.00
166.87
51.77
96.78
125.58
122.06
139.59
153.19
239.15
35.76
77.48
324.70
68.87
523.54
203.35
148.56
101.62
296.96
191.09
31.52
187.04
72.38
302.86
68.54
162.66
63.22
52.46
46.08
62.79
171.54
30.07
77.54
140.61
279.65
145.10
90.43
61.96
505.18
128.08
98.70
811.29
111.68
30.82
72.02
84.48
202.61
327.76
143.52
75.50
199.06
93.54
93.08
238.05
31.03
56.87
61.28
28.80
99.40
224.86
180.94
66.12
24.89
126.26
167.91
624.15
124.96
130.91
179.03
502.75
97.86
291.93
97.20
189.65
52.65
46.91
64.37
40.93
140.75
67.89
111.27
252.64
79.74
219.77
276.38
145.97
69.61
75.91
59.59
132.94
105.11
96.08
139.68
99.76
55.25
46.16
78.00
53.11
312.51
36.32
18.84
69.68
111.20
43.45
40.11
119.43
77.40
53.02
236.74
118.41
42.57
84.93
64.32
101.16
207.51
91.68
118.07
69.05
211.37
98.97
37.35
112.62
115.95
108.65
152.46
139.95
112.41
340.44
29.11
98.89
88.72
55.09
261.15
188.21
509.72
242.07
36.88
489.17
48.97
382.23
99.28
57.91
32.30
54.59
97.23
56.86
44.85
134.44
48.44
114.85
280.47
56.32
203.62
158.35
82.31
51.86
39.49
23.31
496.74
314.62
80.79
77.63
60.09
86.76
29.31
289.95
83.63
113.37
32.09
92.23
133.26
31.57
26.41
311.98
24.47
130.32
71.82
44.65
21.53
59.59
77.66
104.50
184.95
224.51
178.92
200.68
130.08
35.74
101.62
72.95
37.25
213.01
104.91
70.67
31.26
121.17
46.39
217.54
117.44
166.71
241.84
161.93
81.88
40.32
889.20
96.10
97.13
246.32
98.96
322.13
736.78
279.31
41.33
81.31
20.24
52.66
97.13
21.60
81.71
204.08
50.57
94.59
350.42
270.02
33.45
244.75
60.77
174.12
94.02
59.90
138.38
64.45
97.86
483.52
72.53
37.66
77.77
68.15
97.18
210.13
47.98
52.14
164.76
14.16
104.33
294.29
402.90
15.37
193.54
25.46
241.36
318.93
75.47
503.42
258.17
102.60
172.14
179.42
438.58
106.61
42.85
80.59
100.59
119.45
111.15
97.46
28.16
66.49
37.83
106.89
362.71
19.58
73.47
156.90
145.50
110.47
124.74
69.09
84.50
98.28
62.27
603.36
223.26
74.25
144.08
37.16
89.35
299.37
113.35
115.92
182.84
23.12
122.71
75.50
198.77
120.04
220.21
76.76
50.51
131.02
125.23
341.75
125.52
24.04
83.71
83.75
85.11
67.68
47.67
143.07
105.71
20.54
141.95
206.66
81.70
486.00
116.25
32.36
110.93
68.46
966.70
126.98
26.63
667.37
228.71
20.19
120.52
36.31
176.79
134.73
34.01
102.67
65.56
236.73
189.09
56.66
67.38
88.57
75.67
47.59
272.51
94.82
104.34
28.40
200.92
198.22
107.57
118.35
159.95
135.51
90.68
49.76
42.00
518.55
54.23
45.05
172.48
79.15
224.08
95.40
24.96
186.24
96.15
83.92
102.14
64.72
113.90
136.65
103.98
132.77
103.45
26.81
94.31
50.75
56.16
402.26
91.31
40.36
98.91
95.38
56.16
68.62
82.94
204.26
647.88
231.53
168.72
105.85
42.44
300.11
111.99
885.98
552.42
365.39
103.15
154.58
50.73
41.54
95.09
62.55
643.21
178.90
95.42
330.69
168.87
275.22
102.89
143.60
167.30
86.93
495.84
153.04
370.99
115.47
451.89
68.51
83.83
196.32
66.27
211.29
110.52
128.33
218.88
302.75
181.37
104.79
65.10
76.39
44.01
251.19
34.97
153.32
231.69
187.63
521.50
85.10
69.63
43.78
149.91
72.03
357.63
83.69
23.51
632.58
100.39
56.11
139.14
275.71
311.53
370.07
276.85
203.81
85.59
81.68
238.10
23.39
345.43
188.07
75.50
222.47
34.40
428.13
39.88
49.69
192.72
101.27
251.08
65.92
101.55
470.15
77.13
45.52
290.84
487.82
35.15
313.31
65.92
112.85
45.47
48.94
105.78
112.02
489.62
18.25
151.54
102.47
271.00
564.80
28.75
72.33
147.53
29.42
84.73
76.46
127.70
17.06
186.55
43.63
35.36
307.29
89.64
263.34
85.69
25.30
21.31
211.61
51.07
128.20
109.58
210.35
31.77
153.98
235.17
26.86
212.30
34.37
143.13
66.79
609.51
55.53
114.63
146.96
43.22
13.31
167.53
211.28
96.38
208.92
121.65
475.14
120.63
87.40
161.17
53.76
492.51
104.17
328.65
270.80
84.47
29.13
145.26
184.98
43.70
125.56
105.48
59.68
93.39
237.45
337.06
92.97
93.55
113.62
47.74
639.52
54.94
51.50
235.52
166.33
62.33
112.14
77.36
552.68
53.98
106.96
66.76
15.91
118.44
219.20
40.78
80.36
169.30
192.24
107.34
89.95
100.52
22.32
356.10
634.99
372.49
156.91
67.07
84.20
81.46
92.48
25.91
26.33
16.07
57.12
146.59
78.54
19.12
232.75
30.24
268.92
96.31
131.30
120.10
207.59
39.56
65.17
94.49
70.62
380.87
144.00
136.16
127.07
104.05
238.40
54.08
165.43
68.22
462.48
64.54
124.19
141.69
160.88
65.20
101.85
436.91
302.49
124.92
66.77
161.93
130.35
125.04
167.81
96.20
633.07
57.38
101.34
178.47
333.39
128.53
123.81
133.29
103.27
100.41
127.13
113.91
73.99
122.35
90.57
77.30
116.11
24.04
28.67
627.94
327.00
104.26
104.84
39.00
94.15
58.85
67.17
314.54
125.12
50.47
190.46
52.13
65.56
87.75
63.75
118.38
129.82
18.30
82.19
82.84
69.18
163.17
13.85
166.58
83.87
148.78
27.74
185.39
74.51
134.35
17.83
66.73
141.04
446.73
127.96
30.10
42.32
210.33
181.01
42.72
27.59
36.81
304.04
136.14
103.26
101.62
680.45
74.05
118.07
30.67
152.33
187.86
64.19
66.28
152.16
127.73
94.13
326.66
144.65
104.98
125.23
295.90
110.79
209.29
118.86
357.79
62.71
120.13
29.44
119.98
71.62
67.44
95.34
247.77
83.72
26.66
279.04
128.15
94.84
31.54
21.86
102.88
68.91
141.31
361.46
188.62
346.89
23.13
145.48
285.67
663.64
14.62
103.85
28.60
56.01
119.14
100.26
113.89
133.52
48.27
57.21
49.03
559.53
181.73
67.64
96.06
266.27
103.88
32.08
110.84
100.43
114.61
22.49
271.10
188.12
356.93
19.83
93.62
122.96
76.46
183.21
58.06
103.84
68.82
219.73
45.10
69.25
143.89
88.50
323.06
134.32
342.83
54.97
101.50
94.96
31.11
27.86
99.31
108.55
95.95
46.57
35.58
25.90
44.57
126.44
48.06
133.85
175.22
104.75
242.04
98.27
112.01
174.06
373.99
152.63
46.27
41.07
125.42
262.92
73.12
164.29
93.43
361.35
82.79
21.28
49.52
144.62
733.36
115.71
39.63
27.60
189.27
138.69
59.34
187.46
20.62
66.37
133.64
203.70
118.55
25.89
25.68
68.19
73.04
106.67
106.36
140.34
784.74
231.50
107.61
341.17
187.20
289.13
100.91
155.44
180.41
78.03
165.87
82.94
235.00
121.70
116.79
53.55
504.41
16.56
116.40
19.97
28.57
88.86
136.30
51.40
74.20
86.31
482.57
33.83
166.69
41.11
38.00
135.90
21.50
107.50
24.00
36.31
44.35
26.63
47.64
82.25
14.85
576.20
80.67
131.25
135.19
61.98
65.07
30.56
67.09
134.41
72.23
22.94
130.74
72.13
57.35
138.52
64.87
11.99
52.01
118.24
93.78
384.13
105.60
90.81
36.25
194.02
245.19
78.31
185.94
37.21
340.04
77.67
29.81
297.58
128.55
57.02
77.70
18.93
55.45
91.72
118.67
153.16
45.94
22.64
89.44
98.43
32.80
27.85
45.53
122.59
56.81
26.25
42.70
312.32
97.06
103.49
136.23
663.88
67.79
67.14
263.37
204.11
32.16
102.72
93.56
604.56
144.11
98.18
147.61
474.38
87.02
453.49
34.46
30.74
236.95
86.83
103.60
113.46
50.46
127.42
52.95
152.52
101.99
28.31
188.90
487.84
90.11
198.19
60.96
33.33
190.77
208.75
234.46
109.93
37.33
867.53
303.99
463.08
113.92
492.64
134.37
147.25
73.10
178.42
64.73
59.00
185.29
64.63
42.02
79.43
292.03
76.72
67.53
127.98
43.02
465.78
35.37
145.64
40.13
58.17
139.40
23.87
135.06
88.16
110.99
44.72
89.24
157.64
95.12
835.10
109.34
98.13
354.61
74.60
357.01
65.08
266.74
258.00
63.29
113.97
73.76
332.34
69.91
69.78
122.77
87.24
181.69
59.01
409.28
167.35
95.15
130.80
302.77
234.21
439.43
101.53
153.56
167.51
18.19
268.18
123.50
61.35
152.32
162.95
101.15
185.50
331.87
31.80
117.91
44.25
86.88
54.23
48.09
133.99
251.12
68.37
36.47
36.95
110.01
117.06
24.27
149.13
16.43
102.24
151.35
144.84
20.65
39.86
56.60
41.32
154.31
37.57
21.62
230.17
85.19
191.49
104.34
133.85
59.94
24.25
90.40
118.21
59.89
118.16
213.03
96.11
21.65
68.59
94.97
214.29
104.75
77.30
136.51
25.91
54.02
324.95
41.88
129.05
85.38
82.76
111.30
23.42
66.72
85.01
888.18
334.34
89.91
10.98
151.17
251.67
18.57
122.62
63.83
166.09
149.98
872.44
137.39
63.76
100.17
65.29
355.31
273.33
177.61
158.33
125.47
496.46
47.69
164.66
110.19
84.30
390.57
40.65
174.42
81.59
58.27
89.62
82.61
226.63
104.77
95.71
123.57
22.14
475.82
54.27
29.61
105.92
41.85
387.48
96.59
42.86
123.99
116.49
99.95
11.49
258.68
95.52
67.89
55.83
104.70
152.14
50.97
142.12
97.55
165.89
90.10
63.33
62.28
133.29
984.50
32.05
117.37
33.57
242.83
16.49
54.81
58.61
73.15
906.64
51.81
77.24
208.65
798.98
14.44
65.11
159.55
101.11
200.64
117.68
68.76
944.09
139.85
501.50
23.33
90.72
58.56
59.70
136.30
17.42
90.54
86.88
41.46
263.78
295.43
162.57
135.82
53.31
106.56
212.52
67.89
18.24
120.67
45.56
39.42
83.05
83.45
82.56
47.57
136.94
96.40
150.58
115.14
35.97
169.88
21.90
236.42
70.57
24.98
192.75
44.11
90.69
108.19
51.94
13.00
84.06
49.30
107.89
36.69
13.74
72.83
87.47
99.73
139.50
83.06
214.78
81.11
409.61
159.80
117.86
76.51
168.00
21.28
45.52
234.06
366.25
83.44
106.86
104.47
33.28
513.23
123.15
223.93
245.97
88.88
72.25
70.37
242.74
135.84
102.68
128.16
78.14
107.58
220.48
97.17
93.03
25.34
173.95
104.83
45.06
92.73
132.81
108.90
217.31
155.76
107.47
136.93
115.85
98.61
216.36
139.84
84.32
31.17
28.67
78.73
64.41
197.95
606.95
68.91
80.52
20.09
37.62
122.23
25.89
247.81
109.70
52.63
55.27
410.86
56.84
222.57
57.61
521.30
46.53
56.16
80.15
207.46
80.01
216.63
76.77
46.24
66.28
214.97
50.18
59.09
158.41
111.55
84.94
167.45
109.53
65.41
18.49
64.88
73.18
64.14
79.31
255.98
509.32
62.72
199.51
68.97
288.98
282.84
54.62
146.30
173.44
159.08
98.25
133.65
20.57
45.28
131.83
66.74
42.06
135.87
58.32
315.67
49.60
99.77
33.21
295.08
104.85
203.83
105.91
149.66
45.68
28.65
340.28
130.78
25.97
78.26
118.64
114.44
50.11
85.99
118.70
492.52
21.96
205.78
62.62
247.98
130.36
102.49
66.17
51.91
217.72
164.93
62.12
57.32
126.60
179.46
127.87
176.67
133.87
57.85
33.28
76.33
164.72
212.19
115.54
151.48
138.19
154.12
111.85
56.39
73.55
336.99
129.17
85.04
82.58
104.45
21.49
403.41
31.98
461.34
99.54
166.38
279.37
21.85
99.40
108.95
338.93
51.84
50.43
73.20
152.61
348.83
63.67
64.37
324.15
366.39
202.41
84.69
55.45
40.80
440.63
233.65
16.90
369.48
166.50
354.64
309.34
67.04
107.94
77.77
490.38
16.51
141.89
87.39
120.45
109.76
152.20
16.79
29.19
141.82
79.47
180.39
98.26
74.42
70.53
384.67
600.95
21.24
389.17
152.54
100.92
124.58
531.61
47.12
52.22
235.92
59.30
104.53
54.29
66.25
37.93
40.83
81.78
379.75
101.83
571.69
88.37
126.62
185.39
94.12
35.50
102.62
61.35
130.54
96.41
71.73
424.35
108.96
210.89
135.05
38.73
305.54
79.21
208.93
46.83
162.76
249.52
51.00
38.82
102.21
122.14
231.53
282.15
110.93
172.19
161.10
76.51
58.03
95.40
66.62
56.32
223.84
32.43
205.13
160.02
293.06
131.38
108.50
50.39
38.37
15.57
31.89
80.89
77.89
13.23
133.56
231.67
402.01
45.52
75.14
194.99
53.26
24.36
100.10
111.09
26.47
209.79
299.37
18.34
61.70
714.96
17.49
22.53
322.54
143.64
72.32
51.64
64.90
104.91
313.57
103.89
119.00
296.46
144.79
115.02
517.50
90.38
54.96
58.75
152.18
149.34
103.29
251.97
106.60
194.10
183.30
61.30
74.82
34.97
104.74
46.26
108.77
37.89
58.10
69.37
292.59
48.10
30.48
379.43
42.28
106.38
247.92
67.51
35.01
152.56
66.65
115.43
101.05
444.65
151.01
64.80
399.07
24.89
72.59
65.87
130.38
145.62
161.86
135.64
121.07
172.12
294.33
129.45
62.79
87.21
96.85
69.18
37.86
86.75
129.75
56.16
184.36
126.76
75.34
145.82
43.23
38.42
98.74
105.88
148.24
39.13
183.64
145.79
98.72
293.62
91.61
172.42
65.48
102.53
85.88
68.52
181.58
46.87
79.65
69.58
217.00
235.77
162.41
49.49
118.94
193.68
79.48
24.25
51.75
94.07
106.90
172.61
159.59
42.93
28.70
121.17
63.66
112.25
23.41
117.58
253.66
20.45
38.93
56.45
200.13
69.49
284.46
48.28
663.08
85.63
91.22
62.95
45.25
353.92
310.19
112.12
110.99
46.38
222.95
123.19
92.00
26.22
101.69
65.09
39.51
48.32
34.58
68.90
144.57
325.05
78.18
150.50
68.24
140.19
85.27
25.04
17.54
50.60
107.67
205.24
402.39
145.44
124.39
11.77
22.09
17.69
162.27
251.30
71.60
115.83
178.43
30.41
624.53
106.03
89.77
41.55
109.16
56.24
68.72
96.54
169.77
146.51
265.70
362.89
113.21
466.98
157.88
57.90
153.41
57.95
55.19
66.13
107.65
31.25
123.20
21.70
169.60
98.38
24.46
195.97
64.43
148.30
46.66
45.06
155.83
47.48
216.67
85.28
125.88
114.37
116.59
22.75
168.69
65.83
78.68
44.74
50.08
626.93
29.46
89.06
96.55
26.74
144.38
115.94
24.63
174.62
84.64
19.91
121.78
75.13
295.20
219.07
277.95
147.27
217.02
272.89
80.44
695.73
222.02
144.65
141.40
56.71
59.08
171.04
40.20
108.74
98.11
14.91
52.96
63.44
56.05
84.54
60.01
476.19
73.70
67.44
285.80
159.15
249.03
253.34
19.97
116.17
295.01
41.32
62.77
47.95
116.40
67.88
215.66
133.41
20.74
107.27
351.78
137.89
83.17
94.48
24.55
67.70
94.06
120.02
149.37
150.54
100.15
45.30
43.70
292.75
664.23
112.58
74.09
66.24
135.85
392.59
29.43
210.35
156.67
209.96
165.74
203.53
339.30
387.87
91.38
16.44
121.62
371.02
323.30
176.73
68.91
174.99
498.66
62.07
300.24
331.04
96.35
65.88
117.73
113.78
61.75
502.72
605.57
35.87
150.80
112.63
105.31
170.15
74.89
21.67
41.52
89.55
463.85
46.43
183.35
238.63
26.38
251.08
28.27
36.84
50.09
45.94
163.63
661.70
17.26
105.02
70.66
30.42
20.59
248.37
90.66
46.10
224.74
11.96
104.18
97.07
55.27
134.36
281.13
99.73
162.91
16.06
293.14
68.19
128.87
485.16
57.49
81.32
605.81
407.35
26.45
80.55
170.14
49.56
24.87
76.64
57.67
89.85
40.68
228.74
72.25
223.70
99.43
58.60
283.67
357.59
88.89
31.86
96.25
283.41
13.01
157.59
413.76
127.61
93.92
207.04
87.52
28.29
236.03
41.67
202.87
23.92
125.91
315.53
86.29
24.87
85.88
46.48
23.54
300.78
46.86
165.46
719.13
20.04
33.50
183.44
41.07
178.09
89.45
76.91
132.52
56.78
254.22
374.22
146.12
40.91
46.59
44.57
100.52
65.98
29.56
70.35
167.13
73.13
349.59
90.33
257.91
98.93
95.77
83.99
166.47
311.74
80.45
65.82
175.13
43.87
102.87
271.39
175.05
80.24
85.68
114.61
149.03
383.82
363.40
102.00
78.07
113.91
46.94
42.13
57.18
71.57
32.75
137.60
95.58
80.03
80.77
139.95
171.15
64.26
215.00
168.86
141.33
106.95
126.25
81.94
132.92
35.67
83.22
49.37
60.10
69.55
62.29
286.80
60.45
104.23
286.53
33.53
55.07
123.05
171.57
117.88
38.71
149.35
71.61
98.76
20.14
37.50
218.22
95.90
318.00
36.38
358.89
155.62
139.43
139.76
45.70
38.59
173.49
68.04
119.40
56.93
49.23
126.79
53.10
16.02
136.44
130.06
23.62
46.94
83.56
98.26
163.96
49.50
85.76
82.52
79.14
28.94
51.37
35.93
92.82
282.89
22.03
59.22
144.16
232.93
119.53
225.77
118.76
529.37
123.46
86.17
85.17
32.39
57.48
91.66
57.63
46.30
142.07
104.05
129.22
116.00
105.60
191.08
258.03
102.66
128.03
51.82
70.43
426.87
88.48
184.85
94.18
268.11
338.18
235.85
195.59
403.65
109.49
30.11
74.68
18.34
119.38
249.22
88.71
62.03
205.58
35.82
155.99
36.87
31.17
201.13
155.69
40.72
63.79
161.47
13.02
172.90
212.83
121.02
305.29
224.84
49.47
82.98
29.22
155.94
131.12
75.67
24.51
115.52
172.34
127.74
61.34
402.38
151.22
176.95
337.82
120.02
132.59
59.16
16.53
85.70
130.36
183.80
200.18
97.90
168.45
103.45
72.97
79.78
205.34
56.81
31.80
32.85
86.28
114.89
44.17
211.96
106.28
84.33
50.23
61.01
14.49
88.09
15.68
102.38
83.04
101.78
224.30
101.80
113.63
192.22
106.09
129.27
23.24
173.16
117.53
50.68
122.59
101.74
144.49
73.05
233.19
40.91
138.43
260.55
35.00
192.85
43.72
60.63
218.37
76.55
69.67
67.09
112.12
41.55
38.28
203.37
33.88
160.18
15.99
103.89
170.62
17.99
42.92
81.53
91.27
152.96
122.54
44.34
59.87
256.91
63.87
151.02
62.91
53.20
97.69
679.19
368.68
110.92
103.12
69.24
86.17
23.09
244.92
15.54
197.48
52.19
213.49
481.37
51.16
157.62
73.24
133.15
120.67
145.87
443.73
42.14
13.88
74.82
199.92
99.78
64.71
704.73
436.82
46.08
126.04
16.45
45.56
188.82
25.05
57.92
151.64
69.76
51.68
14.85
462.30
67.60
86.83
160.20
274.47
89.83
77.76
94.66
169.51
247.39
97.90
19.84
86.52
67.36
124.09
344.72
282.92
61.75
18.91
120.91
82.56
63.58
226.28
163.91
237.58
251.52
26.51
188.67
239.41
86.54
203.67
240.35
32.36
50.89
58.66
182.17
178.81
58.92
78.35
67.90
95.63
232.33
98.66
293.66
99.24
93.01
21.51
245.58
70.69
80.48
27.13
138.38
511.75
383.53
189.02
10.48
87.09
327.38
24.23
157.02
29.69
193.14
174.92
101.59
112.48
88.48
129.38
314.57
38.40
70.92
22.92
84.15
82.63
38.54
44.57
201.75
118.30
54.42
104.75
101.83
347.10
118.46
167.38
77.18
49.64
37.58
143.10
104.94
40.00
536.67
82.19
39.16
166.32
124.12
360.68
125.96
11.91
58.27
149.21
91.96
616.81
82.28
191.73
203.58
10.41
15.91
952.87
86.06
130.68
274.83
349.83
194.62
113.54
104.64
27.00
455.63
34.92
52.39
440.19
160.97
101.34
56.60
41.52
99.33
74.95
51.10
15.76
213.90
18.87
147.04
271.26
238.60
144.40
66.37
124.98
127.32
174.65
107.33
30.60
35.22
124.32
75.89
92.33
222.34
70.61
592.10
54.15
40.33
59.44
28.65
141.23
156.02
163.49
91.28
280.50
175.31
83.76
57.07
148.20
42.07
61.12
69.04
68.63
85.65
26.50
157.46
120.74
28.62
138.67
248.36
170.57
109.41
328.53
166.77
185.74
195.83
52.68
83.52
39.94
104.31
288.75
94.49
275.89
70.96
332.57
23.81
475.19
25.05
67.38
37.84
150.38
345.10
531.66
51.74
100.39
142.54
18.83
246.82
222.92
54.91
143.87
89.18
85.87
79.48
191.78
147.61
65.93
72.81
58.30
42.95
18.45
82.55
73.18
30.41
195.45
136.21
123.79
29.89
151.58
135.31
155.40
52.51
67.02
177.50
107.22
109.54
197.67
47.12
143.00
201.01
116.69
52.27
67.71
354.61
38.39
85.17
274.80
146.88
103.74
50.88
52.64
105.59
307.80
83.89
124.33
81.97
76.98
289.25
32.16
76.35
22.23
85.70
180.40
121.35
177.20
53.93
51.87
54.45
16.98
46.82
102.04
192.28
47.03
69.51
41.93
12.24
56.28
61.07
318.58
290.20
93.38
107.38
65.83
511.50
146.89
17.37
27.99
20.54
104.07
133.70
75.69
69.42
126.51
160.77
73.00
87.79
157.04
297.10
39.37
199.35
36.46
116.33
164.91
49.75
48.16
54.78
129.19
77.91
145.65
84.73
227.92
60.28
83.66
210.50
77.89
137.78
38.71
239.62
47.11
110.33
132.96
212.66
58.90
264.44
65.79
50.06
20.62
96.93
107.70
25.49
358.24
82.79
148.01
316.27
36.62
19.92
75.07
40.71
130.72
83.86
32.15
58.15
80.29
56.06
89.38
83.47
23.00
182.48
17.92
329.65
56.98
84.13
219.76
92.14
136.53
276.97
165.30
88.12
115.98
45.95
26.91
70.78
231.22
166.31
137.54
146.31
39.15
171.21
24.32
476.64
35.98
103.19
15.26
618.73
68.41
48.93
89.30
93.62
100.86
76.11
241.57
103.64
27.32
196.96
303.73
144.17
183.06
202.95
116.92
67.49
137.66
144.01
12.43
138.63
110.02
33.60
103.87
50.85
36.22
417.69
58.51
11.72
783.91
314.36
19.80
122.04
152.44
169.78
117.33
56.04
120.66
186.25
198.50
186.94
71.05
358.14
47.87
49.44
97.71
78.44
134.48
41.58
134.53
221.91
47.94
215.63
99.26
212.50
64.91
59.70
117.25
89.45
87.72
51.52
165.63
116.23
89.38
92.25
270.15
25.89
174.08
26.87
152.97
29.97
70.20
200.23
20.76
80.74
56.96
168.24
49.19
36.06
114.33
58.28
335.44
53.10
99.49
257.13
99.81
39.17
531.05
437.15
41.46
80.53
34.96
86.73
245.73
235.67
39.74
125.19
154.58
94.08
570.77
506.45
124.47
55.34
118.77
45.82
392.32
75.28
41.36
17.56
54.18
88.12
31.69
176.49
104.95
530.89
40.40
44.57
41.12
89.19
221.96
15.62
63.70
116.95
61.66
78.58
142.74
276.09
32.76
49.76
16.95
218.65
170.02
237.76
127.89
216.81
670.83
18.03
62.23
98.24
72.99
432.20
39.01
55.96
55.80
47.19
112.98
61.49
110.67
75.89
59.60
70.70
32.92
51.13
369.36
87.75
374.59
197.19
61.31
43.73
35.34
196.54
142.84
104.78
74.84
238.10
246.93
29.59
113.17
290.30
104.14
120.72
128.35
52.77
126.56
200.09
230.96
116.66
162.36
55.87
82.91
65.60
30.52
108.40
60.41
154.65
185.91
146.49
253.52
69.36
118.76
667.88
73.09
112.10
123.98
129.54
82.06
66.15
306.60
35.07
292.69
56.98
24.84
98.62
76.31
33.84
236.66
231.37
70.26
260.20
189.82
45.86
76.82
146.25
122.41
130.87
75.21
908.91
332.87
125.82
134.59
59.18
93.28
66.07
739.48
32.17
266.84
78.38
78.06
50.74
75.57
208.55
72.98
78.50
102.60
109.57
373.23
194.71
54.16
134.80
13.51
189.47
113.33
125.85
32.17
103.97
28.75
84.01
190.58
74.40
274.59
174.92
59.24
61.05
368.65
20.52
84.44
48.73
319.65
147.22
24.98
47.90
130.06
45.00
198.40
347.24
33.88
116.53
147.95
104.17
163.23
102.34
315.21
234.28
86.42
61.81
56.04
129.22
77.17
104.60
90.81
224.45
105.52
228.03
288.62
240.46
23.78
441.04
36.67
168.36
131.85
56.34
48.19
36.01
350.90
74.58
409.86
286.04
69.57
80.71
85.12
57.88
115.29
116.48
15.52
72.11
96.13
126.98
37.01
639.32
125.65
146.05
75.70
405.37
126.83
22.42
74.56
150.58
55.73
59.83
52.28
18.84
25.71
74.03
243.37
59.80
83.94
632.45
41.36
129.31
122.90
623.37
37.40
141.74
38.88
73.63
378.21
116.34
52.08
144.28
47.38
51.77
201.26
13.84
45.39
65.58
301.12
403.15
68.26
28.49
210.61
45.49
75.80
132.79
111.16
62.83
107.76
283.71
145.24
44.10
339.10
118.61
96.21
89.14
312.86
75.78
30.06
32.33
197.45
68.90
58.29
40.14
465.28
49.90
167.73
39.92
160.10
370.61
309.87
56.22
18.04
47.94
11.47
79.81
58.28
53.78
29.04
120.29
60.98
41.92
457.08
257.55
75.92
76.62
96.90
75.80
201.95
13.64
91.43
443.41
139.04
19.19
75.72
80.03
82.58
120.13
97.70
83.18
152.92
173.20
182.07
57.05
66.95
193.95
42.79
24.47
71.21
227.46
86.39
395.29
309.82
325.54
232.39
95.26
291.44
73.50
415.48
88.95
100.78
91.70
81.58
130.66
105.14
54.11
89.33
32.13
95.64
668.32
68.89
185.72
160.89
74.11
111.26
83.19
142.03
77.39
70.14
76.54
103.11
74.84
183.54
292.18
44.61
41.28
181.30
177.60
76.10
225.64
76.73
128.66
449.90
138.81
103.24
410.90
66.12
83.84
218.28
266.91
380.76
50.88
258.10
39.90
38.62
108.26
132.22
54.85
30.68
415.97
22.95
227.36
149.50
292.80
52.09
98.71
75.87
88.42
105.53
90.75
91.50
163.37
25.67
239.09
69.26
14.75
221.37
136.27
60.53
85.63
119.39
49.64
267.18
72.54
71.59
91.44
66.41
77.72
22.04
82.78
247.92
65.84
19.89
25.25
189.18
59.28
96.53
250.14
95.54
42.26
82.24
169.29
113.15
203.54
115.31
83.47
107.19
46.97
25.88
56.84
224.90
78.84
95.08
391.73
138.37
53.39
37.50
370.08
89.54
109.66
207.83
30.57
34.59
192.80
89.17
43.10
96.59
39.87
191.66
106.43
61.82
124.02
36.48
381.05
153.87
560.16
244.03
136.86
101.65
180.84
81.20
56.42
200.91
90.04
23.99
58.83
44.13
196.82
81.32
277.26
42.67
605.88
81.84
31.81
688.93
83.90
189.75
31.12
380.96
59.27
145.04
147.04
64.36
70.45
69.40
206.84
100.55
110.23
36.03
43.08
52.37
88.91
106.63
97.12
49.35
28.14
41.16
63.02
130.39
134.33
487.78
20.26
41.90
43.59
172.43
150.81
95.68
38.95
13.07
137.71
160.15
18.15
122.54
134.81
210.11
46.97
88.77
90.10
180.64
119.59
614.28
227.11
366.76
341.85
305.50
85.88
49.52
73.60
64.48
24.48
167.46
183.05
64.68
18.55
44.96
44.04
69.57
106.01
64.61
29.26
670.74
324.20
150.44
550.44
100.78
780.53
97.56
21.72
60.71
102.32
70.74
95.60
62.45
103.18
91.73
27.90
84.19
106.03
81.09
63.60
110.46
177.56
112.83
89.09
145.26
296.05
42.40
90.91
41.95
302.56
213.57
193.61
139.86
118.48
42.74
89.24
84.08
50.49
90.23
67.65
138.16
106.76
34.97
49.15
91.81
81.42
107.66
18.56
19.72
86.13
337.38
104.69
144.43
64.81
79.34
99.47
219.92
101.67
19.81
836.65
121.08
92.12
202.74
183.48
121.05
83.22
119.21
167.35
42.19
148.28
107.83
253.28
280.72
121.19
53.52
51.68
21.39
216.22
100.60
349.55
96.88
39.29
662.50
146.44
75.30
268.68
57.75
149.20
603.98
158.85
294.65
57.38
63.97
36.22
127.55
140.15
108.71
106.28
40.94
78.31
66.50
84.59
37.04
93.55
70.12
102.38
164.02
49.02
221.60
153.39
146.58
483.67
132.21
107.91
223.11
90.50
248.78
57.08
117.07
31.44
25.35
23.59
70.31
249.33
570.42
105.24
123.23
178.27
103.13
14.11
107.25
92.33
83.81
41.87
60.39
386.18
152.23
26.24
203.27
28.01
52.59
115.72
143.82
366.90
193.69
353.24
74.34
27.28
29.36
284.24
28.11
392.12
106.11
84.41
144.82
84.05
75.25
91.72
186.50
98.70
141.36
40.49
163.23
70.82
53.03
58.83
41.08
311.03
18.16
25.49
94.49
18.47
113.27
200.38
28.55
107.77
114.74
733.21
127.78
111.34
137.01
170.72
77.15
63.50
167.31
325.96
392.40
92.32
454.86
91.78
36.46
31.96
45.34
121.44
95.13
107.04
95.42
95.90
163.99
136.49
103.28
170.87
77.56
90.48
196.79
26.95
103.46
166.47
73.81
116.55
74.29
97.08
300.11
49.80
84.93
110.48
20.30
86.79
34.43
90.76
64.08
64.16
727.58
117.93
121.88
160.03
133.31
247.72
139.81
613.66
86.52
63.49
146.47
35.65
365.06
678.88
104.78
560.80
87.47
317.58
59.03
82.65
205.07
275.94
51.25
111.40
113.07
79.07
50.63
109.55
90.09
134.57
74.89
471.78
51.18
71.52
61.95
720.16
56.66
145.42
46.46
92.82
257.71
119.16
74.13
35.42
100.60
55.51
77.04
240.57
119.24
39.56
331.68
123.22
74.50
20.69
51.86
125.30
36.07
379.56
178.10
25.55
118.05
52.49
46.90
127.92
243.34
222.75
55.56
126.67
76.71
95.02
195.52
500.37
28.04
40.57
27.88
677.42
120.26
23.65
48.90
111.39
74.38
90.25
61.19
144.57
43.98
146.42
228.68
133.94
114.25
136.37
117.96
111.59
34.52
64.80
52.77
99.57
111.83
23.49
28.83
36.00
70.11
141.21
106.26
97.92
249.17
100.65
15.90
76.28
531.50
287.73
26.59
73.79
137.03
109.16
49.33
51.21
554.88
121.12
122.69
16.77
118.77
63.06
109.50
49.79
106.38
61.08
126.35
30.04
78.77
133.04
152.88
44.72
25.63
97.23
55.99
43.05
114.24
360.79
61.62
55.39
130.53
92.39
68.93
126.77
141.37
160.96
42.90
117.53
121.84
15.08
18.81
133.51
27.30
255.03
19.29
694.00
110.34
163.68
110.79
31.30
106.41
44.08
94.69
68.35
210.03
75.64
26.12
146.77
269.07
59.41
41.43
119.75
101.72
109.33
23.20
62.91
86.64
87.55
191.38
87.06
96.54
76.19
109.68
92.78
92.01
53.58
58.53
48.03
53.83
395.49
174.16
326.25
337.07
114.68
175.57
19.46
99.23
30.22
181.84
29.73
51.01
263.94
165.54
99.58
12.42
23.72
135.03
98.87
200.46
398.69
128.63
130.93
36.98
53.48
149.84
152.55
132.36
220.04
148.42
16.84
146.84
98.16
303.52
104.40
105.13
324.15
349.77
84.11
80.42
21.03
17.56
88.20
142.07
59.50
69.80
63.75
34.77
696.10
73.31
443.69
20.60
151.65
16.61
48.16
118.44
164.51
123.32
17.72
217.25
38.80
88.09
159.64
46.56
124.58
55.38
17.55
232.01
104.64
164.21
748.24
114.58
635.63
92.52
157.22
699.54
475.78
79.81
50.20
104.55
195.22
32.99
54.03
146.43
221.49
13.17
331.00
87.14
22.01
118.22
77.36
18.44
275.35
236.39
377.17
34.73
90.44
230.60
93.28
276.00
137.68
48.11
13.16
119.10
12.27
262.73
134.94
125.47
85.43
133.81
132.60
47.02
64.18
229.87
83.28
126.42
67.44
22.92
111.73
165.29
63.27
83.91
14.13
323.09
84.58
315.95
305.17
50.84
488.15
212.29
332.38
176.78
96.30
165.09
119.96
92.82
354.01
31.84
125.79
21.41
77.01
43.39
42.08
93.75
72.45
118.96
422.88
237.39
177.79
461.58
165.68
127.27
245.49
243.96
164.22
52.77
115.21
180.04
411.77
103.46
189.72
54.42
378.86
66.53
243.36
194.85
54.29
49.67
85.60
50.93
241.69
60.14
51.25
102.57
159.31
70.99
28.77
144.81
94.17
126.11
123.09
18.55
620.70
212.67
39.42
90.84
100.68
64.08
125.13
84.63
95.67
37.82
92.30
80.64
101.37
82.31
179.20
115.14
41.52
40.12
99.07
17.93
438.68
41.85
49.72
142.19
67.15
93.59
169.19
75.15
53.57
440.84
98.69
110.45
139.11
69.30
99.91
122.94
279.69
135.62
604.51
503.34
118.07
76.95
58.02
80.90
218.31
140.32
17.06
762.18
158.79
59.12
196.24
75.62
106.60
142.10
169.63
140.10
65.27
169.58
86.63
121.25
623.14
655.80
107.75
33.78
140.41
229.57
20.72
32.14
126.53
126.11
247.27
485.30
236.87
124.48
19.36
159.97
38.98
54.57
59.93
195.92
105.35
206.60
157.79
103.48
39.44
123.00
54.11
10.29
75.51
117.96
190.11
30.78
55.93
69.91
22.76
18.37
72.79
62.79
33.56
106.93
83.97
347.86
54.03
28.83
83.73
111.93
503.88
99.37
171.88
45.05
52.01
261.72
150.67
769.72
108.25
95.85
98.30
49.18
389.32
78.53
22.95
203.52
680.43
81.98
246.21
129.27
54.54
100.75
90.06
298.75
12.85
85.92
55.44
478.26
183.86
301.59
65.50
61.97
91.60
33.64
200.34
52.07
447.45
47.42
82.23
53.69
165.58
44.36
103.11
114.91
298.41
90.14
22.45
78.79
53.26
52.39
153.59
49.28
98.34
209.89
82.73
63.76
101.23
182.50
116.84
189.69
40.48
81.64
118.29
949.55
188.28
183.67
48.06
203.78
155.84
168.01
105.24
262.06
272.71
403.91
445.25
174.46
119.42
77.57
151.53
172.68
178.66
116.25
174.57
117.56
154.80
59.62
123.42
81.22
94.52
94.80
61.85
175.13
26.92
478.75
29.89
278.90
284.75
134.92
107.46
266.82
58.24
30.17
60.49
147.47
127.39
88.16
110.98
131.44
41.94
38.87
233.97
80.33
150.78
494.01
209.19
349.09
224.15
108.94
314.87
64.47
50.41
301.43
107.62
100.02
135.94
85.16
97.14
60.12
577.97
72.14
64.70
93.47
100.08
12.33
175.62
54.41
73.04
108.48
57.41
25.91
77.97
24.04
68.95
109.64
174.21
123.79
397.21
169.86
63.97
77.21
36.28
54.02
42.91
157.21
106.70
114.29
72.18
168.49
28.50
139.93
41.56
126.44
23.92
182.87
302.26
93.78
227.62
168.91
271.10
299.64
191.81
32.51
86.88
141.16
135.11
116.81
75.43
42.07
304.84
44.14
194.02
107.48
178.71
209.67
72.91
61.59
105.31
29.41
86.61
151.47
73.15
246.88
79.15
23.10
206.62
50.48
84.30
93.39
658.91
30.07
62.15
49.35
466.20
410.60
49.50
50.77
127.90
55.57
154.84
174.37
117.72
342.26
166.71
56.59
156.72
219.30
102.85
305.52
51.54
31.48
161.59
157.58
203.80
203.66
70.34
66.17
116.92
84.39
121.57
473.36
132.28
40.99
368.97
102.29
185.53
23.36
32.05
82.42
64.42
67.71
155.62
456.69
161.35
116.50
129.94
196.64
96.29
28.90
76.91
68.25
83.88
49.09
65.46
67.56
159.79
249.84
32.21
247.20
73.85
169.03
219.75
118.46
274.10
256.76
103.87
62.85
171.12
72.20
72.35
395.39
84.11
112.83
226.40
18.14
651.69
83.37
89.34
213.81
59.21
58.13
77.84
100.54
55.19
103.69
56.09
214.79
78.25
67.04
80.49
134.78
222.47
75.87
84.25
77.06
23.52
84.22
89.61
125.28
111.93
70.91
668.25
192.45
56.66
65.68
60.86
127.61
99.67
72.70
56.70
124.68
20.64
121.27
186.53
29.58
95.04
108.95
151.07
86.34
113.04
154.08
91.61
215.42
169.31
251.33
96.08
103.14
12.55
159.62
96.03
72.05
208.94
136.68
77.90
268.28
418.47
18.25
184.11
137.67
106.76
90.74
71.29
77.47
77.29
17.73
96.73
28.01
115.11
99.32
13.37
113.79
50.33
20.43
152.27
100.27
38.38
163.00
83.06
82.28
241.42
73.21
56.16
26.21
114.63
88.48
38.99
310.63
213.27
109.08
78.26
120.56
120.83
411.75
495.70
85.15
102.53
42.29
90.08
507.84
78.34
41.61
99.33
148.54
129.80
26.39
53.22
72.60
316.10
64.92
139.49
44.07
44.68
95.81
31.26
68.59
172.26
156.41
167.49
152.88
478.81
151.35
166.89
93.88
499.37
127.39
165.86
131.03
81.68
91.17
130.01
105.00
24.59
135.87
18.21
124.58
120.61
181.97
620.18
53.23
137.47
129.01
247.51
48.83
235.38
161.32
33.25
85.29
112.52
271.54
343.11
116.52
47.76
82.29
103.82
18.83
171.28
76.34
128.81
144.48
120.09
79.51
172.47
34.44
32.86
237.63
12.67
54.20
234.65
76.15
151.07
60.81
113.68
93.74
213.65
140.16
217.17
106.39
122.62
45.40
613.02
82.97
89.65
39.60
101.78
80.55
56.89
837.52
97.64
79.85
368.37
37.75
101.29
109.00
108.83
112.76
25.12
26.08
192.49
164.12
105.24
61.05
47.84
51.48
78.81
111.85
104.18
60.09
180.19
141.40
387.38
90.07
97.07
15.42
70.25
74.25
49.49
103.24
208.73
34.37
296.07
140.34
39.85
425.36
72.42
206.43
108.51
120.49
41.40
166.59
43.95
141.84
409.13
17.59
18.24
105.77
56.17
53.51
113.56
28.73
109.80
27.68
105.53
104.78
33.77
142.70
63.79
11.59
737.82
12.99
84.95
107.78
191.08
64.31
246.02
41.07
70.44
265.71
83.54
205.27
128.59
87.49
227.32
71.52
87.87
218.08
100.77
96.66
152.15
92.98
70.56
188.96
90.13
47.90
262.85
233.32
119.36
388.23
130.62
43.20
218.97
45.22
52.03
532.55
60.27
71.46
112.60
125.20
373.92
94.10
80.40
127.36
82.93
126.64
50.01
248.62
160.17
278.25
42.83
85.58
100.81
30.57
50.46
87.17
25.16
15.48
71.03
15.06
32.23
90.77
131.22
97.97
375.90
187.92
245.45
156.78
167.73
33.61
55.21
72.88
88.48
117.41
42.12
58.92
214.33
110.02
55.70
151.14
413.84
77.51
148.23
79.63
131.66
36.83
73.38
38.33
22.35
60.53
114.21
57.97
15.44
504.49
69.18
242.04
59.48
46.99
58.89
25.46
109.28
216.03
532.67
146.68
27.28
84.29
190.83
866.04
231.35
148.51
344.93
771.90
360.18
270.62
22.74
48.91
23.04
66.90
19.76
44.52
274.30
114.29
86.45
238.30
77.71
74.34
70.43
137.31
303.28
128.30
102.82
87.13
171.87
109.61
226.99
238.47
178.38
77.08
56.03
42.42
15.25
141.91
146.95
110.07
299.32
68.26
493.70
94.15
93.95
23.69
126.46
24.21
104.63
16.37
31.13
63.46
152.58
189.53
201.24
51.64
308.56
301.32
25.82
141.60
32.23
91.30
75.72
117.57
82.14
79.92
80.72
63.63
143.06
88.48
259.78
94.08
21.43
44.43
66.30
187.07
110.26
43.77
26.72
100.80
261.32
72.24
245.84
91.36
235.77
125.23
91.24
57.73
148.24
140.27
94.01
21.89
74.21
68.94
136.07
95.21
73.21
65.84
439.60
77.81
22.25
34.74
82.78
247.80
76.42
231.21
132.22
80.76
237.57
206.60
29.69
100.13
97.78
136.83
46.20
80.13
259.68
72.82
105.80
191.64
319.77
100.43
68.93
65.04
26.79
159.22
130.98
105.10
34.11
280.66
521.85
14.42
49.05
56.27
93.45
57.98
131.84
45.64
65.13
214.47
160.17
132.69
23.23
478.59
101.99
57.66
521.29
41.65
279.21
39.33
136.24
177.15
68.52
191.43
155.96
73.55
124.42
81.63
327.04
74.01
74.56
232.84
55.03
76.79
53.46
94.87
118.56
104.43
29.77
42.00
737.75
96.59
75.42
29.71
177.65
76.07
127.91
130.42
104.91
280.10
144.83
115.35
98.30
34.54
91.60
107.38
74.97
115.29
81.97
92.49
82.65
72.66
117.40
167.16
92.90
31.99
100.26
80.58
88.78
14.35
108.67
73.87
193.57
70.53
24.55
21.02
244.04
91.85
12.05
132.46
28.19
133.71
143.88
148.55
24.96
93.59
50.90
205.94
34.27
36.34
97.68
85.80
238.32
26.68
139.58
59.94
18.05
457.53
221.19
201.57
144.27
129.36
40.97
268.14
65.41
86.68
32.89
68.79
79.46
47.05
37.49
252.55
193.11
46.29
112.23
93.70
18.44
260.70
59.71
89.41
424.92
142.26
77.64
79.40
465.79
31.98
30.27
41.72
130.94
32.75
69.70
79.29
98.40
15.87
51.58
179.61
641.78
115.15
88.03
53.57
53.85
285.52
231.85
525.68
57.43
133.28
42.85
94.94
840.36
441.87
309.51
35.14
54.63
495.24
105.67
115.50
188.48
124.35
35.87
115.20
105.86
80.21
137.53
60.84
99.55
86.53
248.99
43.17
103.46
98.71
46.43
78.67
198.73
114.79
104.75
100.10
58.84
114.87
250.49
102.55
158.59
84.61
761.12
118.72
204.44
21.44
278.12
17.42
348.79
76.44
64.28
190.83
396.69
11.02
345.31
96.95
77.57
160.08
121.92
83.54
147.69
75.64
141.27
48.64
15.71
113.66
193.82
96.51
110.02
161.78
92.23
84.00
68.36
155.09
48.83
35.02
127.57
179.87
167.46
44.33
107.97
143.99
109.80
203.65
85.31
160.66
546.03
13.72
22.15
42.10
459.86
725.28
72.07
29.47
403.62
228.08
69.74
75.69
223.07
52.55
50.37
124.23
14.17
112.48
13.21
16.77
93.20
29.32
168.41
625.40
55.12
91.84
157.67
339.91
82.12
153.24
94.67
54.55
63.92
53.85
215.29
130.27
122.12
115.77
211.13
92.11
179.71
49.90
96.59
102.33
13.99
52.63
88.88
23.35
73.83
189.17
76.27
168.08
39.02
103.71
36.98
174.14
130.09
17.28
101.68
30.44
55.54
32.41
29.09
14.91
28.30
16.53
136.16
118.43
26.07
137.69
401.10
327.13
189.14
126.56
95.18
11.29
59.82
30.68
228.34
199.27
92.08
30.18
284.19
109.78
16.93
263.29
43.66
205.21
385.55
91.78
41.91
203.67
19.48
175.94
106.96
54.98
371.84
140.97
20.05
152.45
44.04
160.64
73.76
40.83
390.27
183.51
86.75
176.42
292.67
140.64
274.75
15.25
493.57
164.19
69.46
622.88
37.17
12.24
133.77
148.78
54.52
121.32
51.09
96.84
38.93
153.78
48.32
113.23
98.07
141.95
64.51
40.29
23.34
77.74
117.15
67.41
385.13
184.71
29.86
75.78
77.40
47.98
29.40
64.50
138.55
249.66
93.37
218.28
287.09
322.34
114.59
73.08
76.68
81.32
64.32
73.48
32.23
82.19
262.84
492.54
154.52
359.22
57.60
84.23
264.24
289.37
287.18
288.86
457.83
47.35
108.28
97.16
64.49
117.97
64.08
170.86
184.59
68.59
28.48
80.12
29.53
227.86
62.58
209.41
33.66
113.35
37.51
144.89
114.32
133.56
34.24
96.24
109.62
83.22
34.10
44.16
190.05
836.54
86.61
34.03
46.80
34.27
295.62
159.70
95.45
120.55
19.50
162.44
71.35
112.27
62.73
94.12
83.65
147.07
48.03
131.60
46.54
46.27
143.84
65.96
123.91
81.48
93.49
78.22
54.66
87.86
98.05
254.73
63.88
247.49
105.76
76.66
103.46
348.83
63.60
70.32
86.56
25.50
31.81
154.33
96.44
70.76
127.41
87.22
81.93
42.94
158.88
96.69
169.36
287.00
279.81
39.18
87.60
191.46
85.26
396.48
81.61
110.20
74.89
105.57
101.08
57.10
49.95
343.21
22.85
20.00
78.73
81.73
40.22
77.11
51.11
38.44
77.09
57.77
21.58
101.30
99.85
74.63
292.95
76.19
69.63
28.74
16.31
478.00
214.11
145.45
38.48
101.36
108.31
73.53
105.11
80.59
81.06
400.63
79.24
129.50
77.86
22.48
293.56
33.52
103.37
21.60
360.23
49.12
107.64
158.11
19.02
74.06
324.17
27.65
863.67
53.36
171.98
121.19
219.55
218.64
20.94
322.20
140.18
52.72
40.34
40.29
589.74
172.52
79.81
123.13
196.99
84.94
258.17
43.99
70.07
288.60
20.27
126.80
22.81
66.36
167.89
177.79
555.04
183.24
43.42
13.84
120.58
51.65
16.94
34.42
76.71
118.02
19.06
107.28
86.91
111.06
161.33
25.55
124.25
77.68
35.55
41.70
239.32
130.01
87.86
65.43
651.01
113.10
140.01
57.24
110.78
256.44
123.31
44.87
107.22
143.90
60.04
32.05
52.15
67.66
113.08
317.64
113.50
57.65
59.62
148.97
94.15
126.88
125.06
41.55
95.16
38.48
74.47
369.20
96.30
125.92
66.45
46.77
259.74
93.18
77.87
301.61
81.62
87.75
87.44
40.57
268.01
71.44
55.67
55.29
218.21
357.71
59.05
77.17
21.71
66.41
139.21
91.95
35.36
170.00
637.96
24.63
156.54
787.72
128.81
391.28
659.80
253.07
256.43
46.82
24.68
99.68
39.54
298.27
92.44
13.28
50.09
95.31
20.32
83.07
88.99
329.26
63.51
174.40
187.12
13.34
39.08
87.17
146.27
63.37
191.00
341.49
38.62
81.16
171.05
274.29
92.72
113.37
82.13
110.04
217.25
94.99
188.63
53.46
499.99
60.31
83.86
424.38
83.74
34.20
253.71
28.37
91.00
541.20
61.95
122.12
115.31
318.84
133.29
269.51
307.40
29.07
161.89
40.93
271.90
401.05
334.28
111.90
95.73
32.57
116.89
46.09
87.90
135.53
44.79
87.75
54.21
47.76
20.97
36.29
28.24
271.94
59.86
48.67
119.82
144.25
168.44
222.82
235.84
235.09
102.10
39.78
40.90
124.30
147.26
20.93
147.40
70.82
29.05
128.50
103.30
52.74
124.54
644.92
101.02
318.45
121.06
70.56
384.40
342.67
214.76
198.10
28.04
146.89
50.75
107.81
114.94
42.16
99.12
47.89
105.41
179.50
26.87
150.56
44.22
27.40
14.42
146.03
225.87
31.66
170.83
20.90
100.46
439.56
72.79
44.14
221.27
335.68
50.44
15.83
202.70
71.82
17.73
237.81
223.13
99.93
82.66
116.22
105.85
86.75
152.01
68.66
105.84
150.86
54.50
683.79
100.17
49.02
921.86
25.71
93.34
17.84
53.52
378.93
196.38
53.71
56.19
81.80
28.82
168.70
17.79
123.44
116.72
150.25
64.41
37.84
78.01
172.77
21.72
112.64
121.22
100.73
79.77
191.82
55.60
130.33
45.84
48.74
71.46
70.75
281.55
114.90
15.19
153.59
53.48
120.05
95.85
55.14
72.30
61.64
63.87
277.39
83.48
51.97
37.33
101.26
53.24
297.06
250.23
31.11
146.70
106.02
84.25
91.30
60.43
16.29
240.87
128.29
140.98
17.93
109.59
122.09
139.56
102.74
421.62
73.41
818.23
110.14
27.71
464.32
68.67
67.67
28.23
65.88
144.80
167.62
598.86
133.17
91.11
98.70
114.09
36.95
34.33
61.28
207.48
99.16
70.21
233.43
269.58
166.60
81.31
204.76
119.46
755.48
88.12
21.45
57.01
534.33
134.31
215.02
53.04
100.01
235.09
268.56
47.26
22.75
27.99
165.95
138.41
25.33
191.52
355.87
43.78
42.25
12.62
21.68
297.37
47.20
257.60
125.11
58.86
29.59
142.78
327.09
120.43
124.07
482.92
139.75
40.90
63.72
215.17
82.45
377.29
50.55
153.79
35.31
172.87
124.47
202.12
174.09
122.60
273.33
197.69
31.96
16.76
237.04
116.59
321.81
84.58
185.57
126.07
25.70
330.73
184.83
71.89
190.39
102.25
76.24
14.50
127.52
75.67
117.94
214.84
79.39
59.89
144.20
83.42
60.25
79.37
66.05
62.98
70.74
257.46
16.01
93.68
48.11
833.82
160.01
68.08
132.57
33.62
175.52
108.73
348.50
147.68
91.73
15.71
93.55
143.27
91.49
55.85
70.85
141.24
88.52
59.26
46.64
340.86
41.22
101.46
166.23
80.95
34.11
88.22
77.28
79.03
121.45
171.65
132.03
130.19
14.91
119.93
76.29
124.77
36.60
311.28
162.39
221.79
72.64
38.77
369.76
498.42
365.00
46.77
62.45
100.92
480.76
137.73
110.47
186.41
152.29
68.59
427.97
295.86
83.19
23.11
141.74
112.85
19.86
75.48
539.01
51.36
93.89
18.86
117.23
113.99
83.15
109.86
13.50
141.90
41.31
44.11
19.66
53.79
229.03
119.53
74.51
91.05
91.92
36.71
53.74
67.77
171.87
54.77
50.33
470.92
160.56
120.47
57.59
472.18
101.42
86.24
74.62
334.61
80.98
15.05
52.61
55.24
137.16
54.48
89.34
114.90
266.34
11.85
93.00
103.24
79.04
486.07
41.46
90.97
145.98
141.68
170.90
119.08
88.14
80.23
284.03
143.98
108.51
67.33
80.27
76.80
34.48
55.42
316.76
213.51
50.22
708.46
303.11
204.11
701.26
468.95
184.66
566.13
109.76
157.30
95.31
33.19
207.27
326.26
34.33
183.67
54.07
132.17
159.15
76.69
54.86
331.41
214.62
53.15
27.78
28.41
159.84
87.05
127.59
131.42
436.22
77.22
168.77
100.91
259.30
85.36
616.15
28.18
106.51
156.46
53.63
133.73
540.90
59.32
147.28
65.42
465.20
75.80
76.49
71.62
182.02
98.45
43.75
34.90
88.51
104.06
243.66
172.87
125.65
150.94
636.90
229.71
75.34
118.13
198.07
90.86
280.50
107.73
37.65
64.41
23.59
77.92
98.56
75.89
105.21
71.76
131.84
64.79
66.82
56.00
74.71
86.84
69.20
129.31
39.07
147.71
74.94
316.79
91.73
25.99
196.44
20.13
68.28
148.84
93.54
325.37
161.70
46.44
31.01
203.12
60.40
98.29
345.71
69.96
79.00
51.30
56.70
613.16
128.65
105.62
80.84
214.09
277.06
55.03
103.20
173.11
78.39
747.74
76.66
189.83
147.58
103.13
126.93
243.39
42.17
154.00
29.09
75.90
127.99
100.87
59.68
38.53
95.36
83.60
45.27
159.82
133.33
11.39
66.09
39.51
68.90
27.60
292.26
129.70
98.41
18.56
54.27
502.78
639.97
30.95
17.32
42.42
101.07
604.46
76.76
257.65
30.52
475.40
472.73
101.42
115.25
152.08
96.97
156.43
86.81
15.20
251.37
537.68
188.98
107.47
116.49
105.32
138.05
87.63
40.53
240.00
209.29
97.82
353.36
169.10
69.79
302.05
35.45
211.51
381.57
86.36
46.27
51.83
449.43
98.68
757.30
81.69
39.13
410.25
107.79
109.83
120.22
173.78
79.54
308.46
97.17
397.71
79.99
69.51
104.80
122.37
431.10
67.51
78.04
34.54
107.15
15.96
75.72
203.03
102.61
110.11
86.56
80.66
28.33
39.04
154.48
102.87
351.38
73.04
273.13
89.39
196.72
97.95
88.67
97.82
66.80
129.88
487.04
18.89
48.52
154.25
161.63
75.98
728.83
132.46
47.28
147.05
46.38
72.19
58.21
269.66
595.68
255.70
217.34
21.29
249.26
349.96
42.68
125.62
264.54
49.75
62.29
112.58
16.76
87.24
38.04
64.73
114.26
266.65
179.11
141.35
113.59
27.50
42.02
122.89
60.90
14.29
79.47
90.18
152.42
190.13
129.48
13.13
122.47
118.85
110.70
99.89
307.65
84.71
90.47
153.31
60.47
38.84
75.92
22.49
17.85
66.17
125.16
140.82
103.79
31.79
180.15
35.79
345.06
503.95
92.52
40.66
51.26
116.28
21.39
99.56
102.24
40.80
175.36
32.00
116.28
230.90
212.16
33.62
390.63
54.43
97.75
118.87
138.09
96.86
63.32
149.05
277.83
96.24
65.42
18.63
608.26
131.38
59.40
582.15
375.06
84.56
59.07
35.45
244.91
281.20
33.42
474.12
306.83
156.64
84.00
118.40
76.39
52.51
96.80
89.23
525.27
17.07
151.13
318.69
24.69
74.78
408.73
28.47
14.81
74.47
51.77
124.70
144.78
43.79
137.68
58.06
159.14
101.92
45.17
63.07
201.76
37.33
171.14
137.54
97.74
78.62
125.47
83.95
59.17
128.14
65.93
173.27
41.90
33.37
56.32
71.92
39.92
68.33
218.47
33.17
172.88
61.91
110.81
39.97
696.88
149.48
207.31
418.59
195.25
97.18
122.03
10.05
45.20
540.47
127.35
11.93
153.58
227.61
177.88
99.94
31.68
144.20
127.91
132.75
113.78
297.11
125.18
94.64
209.52
215.95
79.24
124.04
73.65
320.83
29.17
54.31
70.96
296.56
91.32
76.00
256.74
74.67
52.04
236.14
420.64
46.48
111.82
75.46
147.37
109.68
101.74
268.70
267.62
133.71
18.10
119.15
106.02
72.60
50.72
42.16
125.30
105.75
131.65
122.84
177.48
34.41
65.76
36.79
19.86
37.77
170.95
78.36
380.13
90.24
65.09
174.74
103.37
135.18
101.86
35.81
74.42
24.53
92.07
455.87
126.83
35.95
86.32
89.73
249.09
101.64
291.59
243.64
50.09
500.12
117.35
122.80
145.35
17.31
216.11
65.94
151.45
150.81
55.98
66.69
203.20
103.54
12.57
210.78
36.27
242.62
176.92
38.24
22.22
105.81
104.81
263.24
339.44
54.49
52.59
103.46
129.45
37.80
107.28
104.56
131.54
25.26
167.16
24.93
77.13
37.45
115.21
157.23
116.41
250.06
113.53
295.25
176.20
596.90
84.30
82.24
226.94
138.15
51.09
287.78
101.49
137.56
77.75
18.08
34.34
487.17
42.81
25.59
114.76
78.81
88.47
231.25
524.48
190.67
23.87
54.46
503.82
210.82
110.45
120.12
75.01
248.44
110.46
59.69
121.27
48.99
30.08
60.21
152.97
100.95
690.04
182.95
219.16
209.99
38.79
64.43
140.97
22.85
120.11
120.90
33.51
43.71
336.18
58.90
173.75
40.54
125.97
72.14
115.75
107.77
78.34
99.16
125.68
123.08
106.44
224.65
63.27
911.85
147.75
144.73
191.29
135.16
74.07
202.81
133.95
61.41
90.35
72.71
77.94
76.55
106.48
40.43
149.35
198.37
187.90
274.04
149.73
233.96
57.94
105.28
101.59
24.52
331.37
75.05
125.36
109.43
192.11
57.36
86.85
146.42
27.24
98.46
31.25
141.12
130.12
60.45
81.02
44.14
186.37
130.65
173.35
138.59
44.44
211.56
57.71
97.18
161.55
166.63
191.50
254.41
261.03
43.72
26.19
64.95
86.64
63.38
16.97
45.07
76.00
107.01
662.91
18.16
90.80
88.86
21.61
27.71
50.64
165.85
122.19
62.09
120.40
32.69
135.03
547.72
46.50
68.37
79.03
51.43
39.53
95.69
108.16
120.31
255.57
90.26
78.42
97.53
92.12
185.10
33.70
116.63
207.88
26.37
882.45
423.42
86.64
55.29
110.09
514.33
69.04
90.68
44.13
194.00
32.02
31.11
59.92
25.03
63.54
124.76
28.58
118.52
107.58
50.68
95.31
192.09
166.84
101.79
125.32
331.48
56.10
54.30
74.19
331.84
77.73
366.28
174.13
89.56
149.87
91.54
67.79
89.44
27.65
105.50
218.26
106.38
49.67
159.51
58.68
14.19
199.87
246.57
75.13
157.37
319.82
45.51
67.52
59.11
131.25
79.01
157.87
20.89
57.76
267.44
175.80
191.45
98.36
217.01
96.67
97.17
167.70
243.43
517.94
131.77
57.73
337.15
87.53
88.27
65.46
23.89
45.94
109.13
32.81
46.84
60.58
15.16
14.19
30.12
149.96
60.18
474.18
323.85
282.58
38.77
61.27
529.06
203.06
153.52
192.13
225.58
24.87
61.31
106.27
93.47
23.47
93.89
113.76
213.39
144.04
77.40
99.82
93.51
61.77
74.90
125.08
373.12
104.56
85.67
140.44
20.09
66.20
38.50
730.68
56.67
110.10
14.86
461.14
71.35
146.07
66.79
107.97
91.97
126.03
126.67
96.33
79.69
58.69
84.68
56.01
33.47
65.91
87.75
74.30
64.15
15.15
108.05
78.40
39.63
147.47
180.23
249.93
109.73
33.80
322.69
101.35
53.39
98.09
533.87
57.05
11.49
20.34
244.46
114.68
90.33
89.85
138.32
155.96
25.22
166.83
27.59
125.17
114.44
74.99
388.96
55.39
43.97
79.14
92.09
65.33
147.38
87.82
889.77
615.48
440.36
166.75
172.68
637.68
22.96
135.25
127.26
22.62
88.43
49.79
50.68
82.65
137.11
16.45
633.15
125.64
453.87
130.47
168.67
110.71
102.90
99.60
25.06
54.75
50.37
138.01
209.58
456.46
72.67
22.44
215.32
56.11
40.14
70.44
177.58
75.86
121.32
43.60
54.03
102.26
118.92
82.57
116.53
204.91
87.84
17.44
101.02
137.31
54.41
51.31
96.78
227.52
12.10
80.04
88.06
119.56
108.38
36.75
208.70
139.21
30.27
33.48
308.17
48.68
84.55
30.09
56.51
74.94
154.94
196.03
217.84
52.29
18.59
219.84
213.42
57.32
20.51
81.28
142.99
162.30
110.75
32.79
307.43
48.44
59.99
215.78
168.01
28.29
114.12
27.35
61.71
196.53
58.05
54.55
46.35
203.10
17.17
92.04
183.41
240.88
24.91
38.01
337.74
210.84
97.58
86.02
292.07
230.72
892.54
25.28
68.87
96.40
432.35
87.90
187.75
102.50
88.45
432.97
27.48
62.72
484.96
114.87
165.64
126.04
430.16
524.03
153.42
60.33
73.41
83.66
110.98
310.39
34.94
137.42
96.26
22.50
173.76
199.51
479.48
35.58
179.16
425.25
637.13
28.79
95.72
166.73
56.87
100.76
146.94
81.00
481.71
50.92
152.39
497.72
91.94
118.34
66.65
173.18
21.65
63.91
25.23
117.69
117.94
134.86
147.85
60.86
61.08
85.25
69.39
30.32
59.67
60.99
114.28
55.13
364.13
60.94
160.11
104.89
77.30
85.20
164.98
59.19
42.34
71.57
106.22
47.16
69.00
105.76
83.82
316.20
82.24
50.56
81.60
377.69
134.22
82.34
154.86
474.01
147.28
198.04
52.14
98.49
98.37
37.59
457.76
173.56
31.01
372.02
284.96
64.61
153.49
320.51
96.65
47.78
62.59
451.02
72.14
115.53
101.96
63.41
75.86
25.62
159.16
129.07
58.95
473.50
813.73
481.73
119.36
31.95
250.36
380.15
133.43
23.42
83.36
55.08
220.22
192.76
13.88
134.77
130.93
31.78
150.08
112.05
127.27
434.91
139.40
151.86
68.09
134.27
77.09
22.32
120.78
29.72
52.31
116.47
39.10
61.83
99.62
46.28
217.31
99.88
99.11
74.27
28.73
42.63
67.31
779.37
424.24
64.31
78.39
98.23
137.84
174.94
218.64
214.15
69.35
110.93
23.53
498.10
16.43
46.85
140.95
96.69
68.31
32.33
123.16
25.36
78.23
69.63
86.63
87.58
123.59
45.42
145.86
37.44
88.53
195.47
240.02
244.09
109.23
67.24
137.29
201.67
14.29
241.40
104.01
107.59
256.49
276.72
77.40
76.95
221.52
193.47
62.22
101.63
47.95
70.03
41.96
53.22
30.92
90.97
132.81
670.34
276.14
104.40
36.64
176.77
40.83
694.43
268.87
126.27
89.15
73.67
93.90
105.78
101.21
35.12
117.90
73.39
157.03
163.44
95.16
35.51
42.30
77.55
90.66
103.34
129.44
581.82
543.82
64.54
99.96
157.69
20.01
104.29
139.81
133.84
102.47
25.16
70.42
50.82
106.06
30.99
206.62
29.28
114.28
107.02
135.43
201.65
121.59
82.81
171.84
98.12
17.33
77.61
24.19
47.42
42.39
127.99
107.72
59.79
238.17
130.50
66.35
38.31
234.04
308.12
45.90
120.42
103.87
60.13
268.71
37.74
99.04
159.16
91.65
194.35
159.08
252.43
235.00
53.13
172.86
48.39
94.43
15.69
568.52
169.72
17.26
62.30
24.31
36.56
41.67
118.52
99.65
38.00
91.86
49.34
149.04
174.27
127.35
112.19
153.84
52.11
18.98
27.77
63.53
85.08
125.77
207.29
91.27
98.24
301.37
124.46
167.43
119.67
40.74
157.29
90.82
17.21
71.05
92.83
47.66
49.98
184.26
137.32
428.66
101.24
90.30
21.26
282.87
44.94
67.71
86.58
109.73
82.92
118.76
19.86
96.36
97.56
259.28
15.09
148.55
425.85
73.02
115.92
64.01
306.47
177.45
88.43
176.51
156.70
725.00
177.22
88.17
73.06
56.48
149.90
110.70
75.57
186.85
34.35
77.69
172.27
194.93
50.85
99.83
104.32
43.15
114.26
93.23
186.52
163.32
28.45
117.17
73.77
166.16
81.50
77.49
181.72
108.88
68.73
66.58
526.16
158.86
110.87
103.52
39.15
188.64
308.94
279.53
468.04
101.06
120.40
129.47
18.44
149.52
156.65
71.74
26.91
86.88
160.76
81.81
13.40
188.09
92.19
132.94
74.56
44.32
54.29
110.03
99.14
93.51
21.52
23.66
300.18
43.56
117.10
14.60
70.24
22.19
20.57
88.24
42.82
82.39
277.21
46.54
162.85
236.13
20.64
66.68
130.22
97.19
349.75
70.63
201.00
205.39
183.34
527.63
66.08
497.71
42.07
14.93
119.59
78.19
46.70
44.63
78.56
25.24
109.61
142.61
461.37
139.96
64.98
89.95
23.36
471.87
137.19
56.77
218.10
42.57
169.12
60.83
27.11
388.09
70.87
92.15
76.48
493.41
64.34
30.56
153.02
101.64
628.11
50.33
179.30
212.46
124.25
135.98
308.93
589.87
103.44
209.98
55.34
41.58
44.29
217.31
93.43
109.27
220.18
97.83
94.43
184.48
782.56
44.33
131.45
16.80
19.70
108.27
63.92
12.88
99.14
114.32
15.68
58.25
44.00
86.88
30.69
210.86
69.09
112.47
51.93
90.89
61.11
245.11
47.52
85.10
96.39
35.59
245.84
116.45
92.74
142.00
76.28
151.61
106.72
121.83
170.39
63.75
23.86
67.25
463.35
56.13
13.53
282.22
43.30
548.40
145.49
52.79
92.67
128.99
115.40
171.41
151.17
56.03
398.90
232.50
809.12
254.23
64.25
105.64
91.25
245.75
92.01
80.71
88.24
119.96
138.22
253.87
256.79
135.69
13.78
100.63
106.05
100.48
174.95
229.10
76.80
111.22
114.93
416.10
44.61
14.12
222.47
70.35
68.43
171.15
244.58
361.39
95.76
196.93
80.62
126.74
101.24
112.73
56.02
128.74
139.17
293.99
86.28
524.27
33.88
706.77
101.09
103.49
127.99
243.24
124.38
175.24
83.12
11.39
106.43
94.12
40.15
122.96
114.71
61.31
89.99
52.94
85.52
147.85
401.00
134.77
131.70
44.44
689.12
454.24
12.62
35.53
139.51
79.06
77.05
29.14
76.26
73.78
103.28
85.84
64.70
236.61
71.50
71.83
201.30
187.62
60.05
474.59
33.36
197.05
50.71
61.20
32.18
117.61
53.74
110.73
95.32
191.23
652.65
42.97
133.21
49.35
174.16
82.51
52.73
145.09
99.68
96.83
134.92
33.69
124.82
139.85
85.77
73.62
174.08
87.29
39.44
82.17
108.08
375.64
119.31
121.07
64.92
164.39
243.42
581.79
205.71
108.42
283.65
69.18
111.07
50.43
263.24
26.86
148.16
72.13
116.67
35.08
101.11
213.14
61.97
259.04
93.31
57.31
14.73
79.29
19.68
122.18
82.74
60.20
117.32
37.87
192.58
122.84
66.07
139.17
142.00
63.58
142.62
181.44
86.19
499.24
72.73
26.18
36.34
63.60
180.21
398.36
112.80
16.71
111.58
16.95
41.67
54.65
261.88
93.87
87.82
27.03
22.85
37.80
153.80
84.82
37.67
24.63
136.50
21.40
163.18
331.74
103.52
607.59
63.70
39.08
155.86
77.57
31.57
71.42
58.21
149.16
47.53
20.10
402.02
126.04
47.00
110.51
154.14
46.29
378.83
102.55
58.17
55.71
111.43
98.22
93.13
54.03
74.45
205.27
140.21
340.11
13.84
103.31
48.74
15.57
17.86
277.34
81.70
135.10
88.68
53.92
236.58
41.84
145.67
108.05
175.32
243.46
20.62
100.93
79.91
107.84
191.77
90.26
32.12
117.49
18.86
37.44
24.41
109.19
84.09
17.13
46.26
101.79
40.79
73.22
89.47
182.09
104.54
230.95
182.95
102.59
69.13
19.96
214.93
97.30
103.65
27.04
94.15
78.68
12.02
31.55
59.98
53.77
391.14
19.88
49.15
22.89
124.19
82.96
31.30
48.94
76.25
186.94
62.10
101.49
416.37
127.27
476.80
149.63
65.61
333.53
181.46
166.72
60.78
25.05
51.70
547.67
24.72
223.59
184.28
21.10
57.88
60.07
17.05
163.68
65.71
62.33
117.78
93.69
416.98
27.33
151.98
13.20
31.39
112.98
149.63
518.07
45.40
62.57
414.48
32.81
38.65
101.35
300.84
176.74
33.03
219.13
16.18
167.32
82.69
154.92
41.35
144.66
174.99
89.52
74.06
75.75
136.09
72.67
26.69
71.03
190.92
30.59
146.58
77.52
12.50
41.93
115.20
96.58
31.93
276.35
163.57
21.48
56.98
200.89
195.59
47.49
170.32
195.27
437.84
83.01
165.84
61.36
45.83
62.90
225.55
62.24
159.91
199.52
94.99
123.15
117.95
143.42
49.92
794.12
584.34
95.30
172.55
20.14
170.77
67.39
78.41
70.31
335.26
123.27
39.18
53.31
97.46
69.27
294.11
33.21
127.22
22.79
32.74
84.05
104.46
350.10
97.16
173.13
91.15
598.25
427.63
617.64
146.57
212.24
109.01
34.33
59.70
86.63
66.38
89.64
52.37
60.23
296.05
96.63
635.61
190.29
76.07
137.95
291.83
157.86
230.52
98.61
30.88
63.34
72.68
78.74
107.76
331.35
106.93
194.29
98.55
37.35
161.58
174.13
54.05
155.43
74.66
61.43
119.16
37.97
181.78
130.93
190.26
184.65
161.67
47.05
46.05
124.05
146.14
140.71
122.87
93.83
122.14
16.34
202.73
156.22
26.35
126.84
81.49
45.15
560.63
377.52
66.09
934.88
47.33
41.20
208.43
71.74
70.56
54.06
177.13
96.19
81.19
30.93
105.53
685.02
30.91
145.40
57.81
65.04
41.93
106.64
47.19
197.63
95.86
282.08
272.32
202.39
335.77
94.36
95.88
81.06
119.59
220.30
149.07
112.29
68.54
301.42
35.45
631.28
245.16
123.74
120.11
195.68
129.56
151.26
18.67
192.30
133.12
120.13
131.50
97.87
327.49
37.73
316.39
76.73
17.44
34.94
131.69
47.52
89.16
77.37
28.44
20.41
170.44
44.26
72.05
402.48
155.29
102.71
61.36
156.86
228.76
227.55
105.79
482.45
108.08
134.37
57.39
143.10
199.15
177.85
49.63
168.73
286.66
72.23
70.83
124.73
180.77
144.43
112.44
33.28
209.58
256.02
293.00
105.31
47.10
95.13
109.91
61.23
26.54
96.77
31.05
224.65
84.93
38.43
60.32
122.37
70.14
62.43
16.71
97.68
73.89
461.43
103.38
80.45
78.49
98.99
62.91
56.10
542.37
49.41
87.95
635.32
108.05
83.68
119.82
90.24
585.16
161.02
52.71
286.94
86.47
97.57
120.27
371.24
375.84
81.99
54.44
108.77
366.13
105.20
76.29
156.13
285.82
112.48
88.78
206.43
17.14
16.86
75.19
134.90
668.37
80.28
50.42
96.40
450.22
116.90
94.26
396.67
91.29
180.62
74.98
35.59
35.16
14.52
96.84
34.21
52.25
94.50
90.72
144.91
231.64
731.25
46.82
79.89
33.38
192.68
147.85
92.11
127.19
145.67
13.00
85.28
134.44
379.28
188.29
63.34
107.81
272.10
313.70
203.57
48.80
105.64
201.93
76.52
45.91
115.95
192.27
115.45
35.89
339.33
68.08
376.99
21.12
239.47
60.80
202.08
60.83
81.47
113.92
575.67
54.82
141.73
124.33
103.64
142.20
38.24
468.13
78.00
130.79
168.02
133.81
79.52
120.71
189.41
61.85
53.94
14.57
110.74
153.05
101.41
129.57
417.51
243.47
98.03
138.90
264.85
395.00
170.61
217.24
60.03
313.30
169.48
42.71
37.67
811.88
261.71
32.35
94.15
66.44
62.83
84.15
69.83
698.17
47.83
129.02
293.36
108.45
67.59
39.13
143.61
114.23
54.39
148.01
92.39
32.58
33.17
89.66
94.86
50.47
153.24
71.48
74.34
430.39
145.75
584.19
307.80
119.85
181.85
80.67
20.75
117.68
416.37
53.11
17.74
77.67
41.29
19.10
130.52
74.23
325.76
123.47
92.96
10.52
17.42
26.86
241.11
138.11
51.02
266.37
116.29
105.91
99.83
864.79
517.49
34.04
101.83
25.50
104.57
37.66
98.17
161.28
494.11
156.54
210.88
120.49
55.96
120.21
110.65
144.45
166.13
141.80
37.36
101.91
364.88
102.57
123.77
44.55
60.52
200.22
65.86
103.37
96.46
143.27
97.55
45.84
156.02
60.67
153.47
86.32
352.37
114.72
108.23
22.57
67.62
132.01
47.06
70.66
152.16
108.10
46.99
232.43
86.41
19.38
173.59
70.55
378.42
17.10
30.27
425.44
62.93
222.99
114.27
17.29
214.87
181.39
55.87
71.09
48.72
50.74
115.64
196.91
24.46
59.37
212.14
70.90
126.36
19.01
159.23
286.23
34.69
32.47
99.82
58.03
170.48
150.58
72.61
343.60
118.20
78.33
44.31
66.64
66.26
125.72
82.06
27.54
208.50
271.20
528.38
76.93
186.78
149.26
152.74
159.77
127.58
252.08
91.01
63.28
132.98
172.06
527.34
218.08
59.23
54.16
65.73
16.70
126.37
41.71
44.40
54.82
514.76
124.24
77.33
138.50
73.85
63.51
72.84
54.81
82.55
65.84
258.46
64.33
66.39
72.72
24.93
103.18
97.71
83.93
99.28
566.31
126.71
27.58
219.51
24.51
152.64
63.00
629.33
167.33
61.77
80.43
215.29
19.41
151.32
104.99
93.15
88.98
578.76
38.80
114.39
273.82
66.96
90.01
29.25
169.83
147.23
76.69
158.26
106.33
101.18
48.01
189.37
50.21
137.05
162.22
259.30
59.28
308.61
50.54
147.97
147.65
61.51
129.49
136.88
12.79
140.25
299.99
37.41
82.80
68.86
190.61
412.98
13.07
166.11
46.42
126.86
138.81
134.06
362.79
196.81
84.12
15.19
167.56
161.65
120.54
20.06
80.52
92.71
110.98
243.66
139.06
472.42
252.00
33.22
19.24
39.09
57.81
543.00
354.41
294.72
106.35
56.40
458.39
111.03
162.63
77.33
13.33
132.81
52.82
91.14
205.03
81.05
102.11
143.13
83.09
137.40
199.47
101.69
184.52
102.79
376.62
201.11
193.95
98.56
35.66
212.38
37.04
86.65
29.22
141.72
69.94
647.68
29.84
39.41
63.45
16.93
445.64
60.83
42.67
267.61
57.85
48.04
284.86
41.69
91.78
71.26
220.34
63.85
41.87
184.81
113.54
120.21
35.44
98.30
434.07
135.82
30.58
62.25
86.58
315.36
138.93
244.53
99.67
135.17
211.62
198.64
123.26
134.43
71.55
90.43
198.78
104.71
37.66
199.47
51.61
67.29
191.93
43.80
73.97
390.39
609.38
71.72
90.25
41.95
24.25
128.78
64.67
569.40
27.43
103.51
127.36
86.92
402.03
89.18
136.61
229.21
445.96
45.07
22.57
162.68
53.41
154.99
99.30
55.86
18.96
38.28
51.77
111.78
119.05
147.80
35.15
95.99
37.41
98.46
392.03
148.47
79.67
130.99
621.03
116.31
19.34
41.93
206.31
28.60
87.24
60.74
91.99
117.50
117.93
839.44
15.84
269.46
47.06
99.89
117.58
127.56
71.52
37.99
68.09
186.62
174.22
191.78
88.60
242.96
145.02
62.69
64.78
117.20
107.95
44.54
19.74
54.40
23.64
65.33
199.94
55.59
76.81
56.89
208.67
757.40
71.92
520.14
177.62
83.06
363.48
90.24
91.52
45.96
88.35
151.12
77.81
76.17
310.75
441.77
40.02
79.06
259.48
84.30
173.32
28.01
100.44
62.66
306.18
106.80
119.25
517.64
169.33
301.57
257.89
41.26
108.38
108.61
56.31
138.38
209.94
162.28
216.41
160.43
187.70
28.44
123.94
113.11
148.49
256.01
141.69
43.34
175.94
483.71
14.15
183.29
39.90
363.68
45.61
78.05
51.56
26.12
25.72
39.88
147.11
127.63
90.82
89.94
530.10
32.20
54.30
70.87
99.65
87.76
52.30
204.24
107.79
86.58
201.48
185.41
29.00
120.29
96.44
49.36
240.68
70.21
77.09
101.94
60.16
88.90
103.16
25.60
23.98
173.70
74.75
244.95
163.06
167.50
545.99
45.54
36.35
251.60
541.21
130.09
282.46
229.79
196.56
64.84
101.11
120.15
142.75
403.67
141.43
93.81
128.55
124.83
425.47
175.16
139.28
89.10
132.26
629.60
186.71
15.83
116.66
87.85
269.32
169.36
233.65
150.72
43.20
56.94
126.92
33.97
133.62
155.42
209.63
75.90
443.54
96.35
111.53
93.65
155.41
373.04
155.78
119.35
138.88
128.25
113.48
232.70
135.41
48.08
68.95
101.29
97.14
491.37
614.68
115.00
58.87
82.57
123.96
76.43
88.93
190.53
28.66
362.37
216.97
234.54
117.14
41.76
120.72
329.47
58.52
28.69
99.18
37.97
133.21
65.67
66.34
195.10
211.35
273.14
202.02
131.95
56.25
907.03
604.72
125.20
168.37
75.29
72.99
44.85
241.23
129.65
60.42
95.51
31.70
44.01
96.13
45.67
209.21
109.45
146.76
14.84
64.14
32.42
31.55
357.88
47.03
246.74
49.90
83.42
60.45
49.91
113.79
170.46
97.48
75.16
58.69
27.28
113.12
41.02
21.31
587.80
36.83
77.35
124.83
84.19
105.55
62.90
38.26
319.62
36.36
47.03
147.80
31.96
131.01
152.83
27.34
116.06
203.13
107.50
54.43
187.52
110.30
43.02
89.15
116.14
89.18
70.85
52.74
309.52
40.06
196.89
58.64
64.91
27.01
58.73
266.71
179.48
153.11
30.07
196.49
37.09
143.47
429.63
20.10
73.15
98.57
79.37
62.76
193.47
271.28
66.01
148.35
533.08
160.57
892.10
65.77
110.22
75.86
34.11
111.29
218.51
101.02
116.24
86.78
208.02
118.37
359.48
29.40
146.59
65.62
53.95
22.86
173.11
37.44
305.61
54.39
82.23
57.06
135.18
283.86
136.55
197.95
122.19
20.46
136.32
143.53
119.31
82.19
121.83
22.26
42.25
152.53
142.85
143.16
151.90
24.61
168.45
118.23
83.01
97.12
120.83
133.18
105.59
76.26
53.16
162.59
62.43
126.68
61.20
61.08
52.79
55.09
410.41
71.67
161.28
537.28
79.19
62.95
77.87
55.89
26.49
101.01
89.89
42.72
86.02
140.24
130.59
59.78
111.89
70.76
118.02
204.09
22.36
72.67
131.72
104.53
104.57
15.60
290.02
61.78
126.95
99.17
150.14
228.69
86.50
90.47
70.74
84.12
98.10
729.13
272.97
120.04
90.66
37.21
28.27
189.94
38.52
45.93
99.00
90.95
46.51
205.41
109.33
65.21
140.40
242.15
119.34
16.03
118.13
200.55
202.83
206.21
120.97
50.97
144.20
17.32
156.36
164.37
137.42
168.90
235.65
273.04
123.01
58.81
119.91
84.80
88.34
150.34
39.27
301.51
710.51
494.58
49.98
15.43
27.38
187.73
97.01
156.29
32.27
259.15
25.37
64.01
297.58
101.40
389.59
100.65
21.61
75.90
98.85
34.06
136.93
139.67
220.74
46.10
82.26
109.55
18.25
378.69
96.88
133.74
74.26
61.25
49.54
94.60
36.04
15.62
44.83
19.75
153.98
51.65
384.79
83.34
93.67
141.24
19.62
81.49
137.82
24.94
185.23
655.14
109.58
64.06
232.86
77.90
119.28
182.04
29.99
118.56
582.18
335.14
58.39
63.77
97.19
104.79
50.53
195.33
281.94
47.92
144.11
22.70
372.49
106.40
130.92
278.62
48.46
93.21
27.44
131.73
32.33
99.22
66.55
122.49
427.75
18.15
34.49
422.04
516.89
207.21
80.53
30.82
99.86
60.06
32.72
29.65
156.53
134.98
196.85
26.21
515.99
151.62
56.29
54.27
44.81
277.30
85.19
143.45
130.70
476.87
274.07
36.14
16.49
52.45
57.08
131.67
76.73
73.58
97.18
250.49
24.22
86.32
26.86
349.50
64.94
114.35
216.60
19.80
71.55
58.22
71.30
87.00
28.37
374.56
93.22
91.28
90.70
34.80
145.99
92.92
26.15
411.39
280.89
51.82
91.85
137.62
737.07
98.41
70.12
185.99
136.68
57.41
167.21
43.74
28.40
87.47
554.29
34.89
23.05
95.93
82.86
82.51
143.57
216.38
76.54
71.48
229.07
176.53
117.44
41.00
72.36
78.27
83.39
97.06
304.34
100.13
171.59
66.84
117.30
64.22
124.57
61.41
121.82
19.99
125.91
39.25
123.64
191.47
82.29
233.58
152.00
91.01
48.43
99.72
121.83
144.57
115.94
55.74
86.81
68.09
159.20
578.99
96.73
41.37
254.31
49.33
131.47
48.93
249.97
248.34
306.32
256.58
328.06
555.06
68.36
86.00
99.74
38.90
542.22
100.80
116.12
272.88
54.88
91.26
59.70
57.02
119.14
270.13
129.27
56.74
115.41
95.60
100.44
103.66
213.35
144.06
468.67
129.49
128.09
95.80
86.10
142.14
96.12
594.93
121.87
29.86
168.37
12.21
57.90
103.51
36.38
167.31
124.31
58.02
51.92
366.83
50.40
154.96
83.38
78.81
94.17
149.72
112.36
76.98
85.22
123.30
83.65
23.48
337.73
309.38
29.80
61.73
78.24
349.59
85.04
231.90
176.43
48.41
96.58
20.66
90.20
48.07
53.38
45.58
547.15
126.73
71.97
77.33
130.01
47.33
63.23
241.31
118.05
48.95
66.27
101.08
18.32
127.71
233.75
47.24
131.86
93.65
106.81
77.07
79.95
117.17
46.10
83.72
146.89
101.18
138.48
44.24
55.81
710.66
269.66
107.01
71.64
95.56
46.17
526.17
30.99
112.28
253.45
160.59
290.93
59.05
230.43
113.14
64.08
14.44
18.89
156.42
196.81
128.38
95.53
117.08
152.25
449.71
20.62
98.22
126.27
155.00
197.80
44.48
31.99
102.03
26.38
128.66
67.13
106.60
52.09
111.63
78.90
845.98
244.05
664.58
34.26
171.99
63.79
68.39
128.93
152.23
112.67
324.03
22.40
51.99
301.98
63.39
276.83
84.03
34.16
783.93
101.50
45.11
40.26
187.27
72.20
224.23
59.83
436.89
85.97
56.40
92.36
289.68
206.24
380.78
146.75
268.15
81.23
