196.81
91.42
816.45
149.08
42.23
146.00
114.63
132.47
33.76
106.46
95.02
179.62
60.74
207.49
216.68
75.35
90.84
154.92
191.02
159.78
59.00
786.82
107.88
96.12
614.15
80.44
136.87
72.20
80.48
48.12
58.77
53.96
17.32
31.23
143.76
28.56
134.17
118.00
204.90
161.81
168.37
21.01
101.28
84.78
62.34
426.90
94.22
76.49
64.96
33.37
95.27
50.29
191.91
224.01
26.76
129.17
47.05
66.68
85.36
368.90
310.35
503.96
140.85
40.37
592.94
119.80
141.25
219.68
88.33
38.19
156.94
46.20
321.36
31.35
192.71
50.05
166.33
126.83
42.02
90.69
83.64
48.14
24.94
109.04
75.45
482.35
380.43
224.63
102.10
170.04
96.21
267.46
294.77
83.94
73.01
145.74
402.34
195.67
61.48
48.36
115.58
639.40
33.20
76.31
60.61
78.97
56.62
97.70
49.56
261.46
74.45
87.63
50.98
403.34
147.78
17.67
22.17
96.60
12.70
322.56
65.58
134.31
113.32
110.42
281.98
494.60
93.18
232.45
33.90
32.88
280.83
150.79
20.26
115.35
64.51
24.22
112.50
406.70
98.09
91.94
637.94
253.75
48.95
57.62
183.94
91.24
146.18
89.65
29.15
32.29
174.25
157.57
139.98
73.33
92.66
312.68
101.63
295.41
77.46
108.86
87.10
194.25
96.07
80.15
36.60
29.52
64.58
194.29
41.89
131.35
46.62
132.40
96.58
35.80
52.21
37.39
35.53
51.96
84.30
117.58
79.43
129.26
244.72
234.74
70.22
273.90
80.05
81.79
445.78
60.32
42.50
97.28
390.61
49.19
160.50
52.85
204.36
67.01
159.08
95.32
78.95
100.50
44.95
323.68
176.97
43.67
186.42
100.30
107.73
243.22
191.73
239.20
138.07
81.01
237.70
57.98
223.44
184.50
62.41
129.60
47.68
365.32
306.65
358.03
32.20
418.05
135.29
823.48
139.62
176.77
34.88
174.87
95.19
99.12
98.42
278.89
129.47
65.10
69.17
30.65
101.14
118.75
165.67
166.82
267.50
133.29
78.71
142.04
164.26
405.17
33.23
90.08
40.16
94.62
86.01
123.47
32.91
191.74
109.25
149.95
135.76
81.77
28.52
100.66
144.74
102.01
335.68
28.60
82.45
98.55
42.59
42.78
216.85
118.82
49.28
15.12
206.73
123.09
110.30
146.97
130.98
27.59
347.92
168.51
810.42
169.85
252.98
51.70
177.15
305.86
239.55
45.55
85.26
114.08
703.91
53.54
58.50
84.24
88.63
76.38
191.10
27.85
129.10
219.69
236.57
96.26
633.09
18.59
34.34
104.89
153.05
39.93
33.03
314.94
150.29
140.76
99.70
177.85
92.42
179.83
333.02
78.82
85.77
306.18
90.79
90.81
87.30
26.56
141.96
85.77
392.74
94.16
73.14
63.06
85.30
468.29
42.56
41.35
13.21
120.79
76.73
113.72
909.05
195.36
120.66
70.68
126.79
196.69
72.38
67.16
34.42
151.44
216.64
41.95
136.27
154.83
75.05
725.43
53.04
69.88
121.87
80.57
17.50
114.54
63.67
69.94
168.10
39.27
123.14
440.17
189.64
59.79
155.23
71.77
21.39
66.82
414.55
313.59
57.06
71.29
25.48
302.96
231.86
777.96
33.18
156.00
176.27
87.44
147.70
209.16
161.78
119.54
51.41
76.04
46.12
336.77
21.39
59.51
55.87
187.50
132.91
77.79
216.12
93.48
338.50
66.24
27.99
103.61
193.89
103.60
105.64
134.75
122.83
63.35
273.40
70.86
141.92
140.40
120.79
61.07
539.06
40.99
53.22
533.83
317.95
183.40
196.83
187.10
45.87
194.62
917.19
171.69
41.11
112.08
60.03
334.14
605.62
109.73
206.75
48.11
727.21
44.46
24.72
13.28
186.46
31.28
221.79
382.66
76.13
76.01
35.47
91.73
275.97
19.52
32.48
530.50
468.99
211.48
22.47
259.91
385.49
25.21
147.36
129.82
340.69
323.25
390.51
135.32
126.15
95.16
52.61
130.82
118.36
85.48
127.10
376.76
173.37
84.94
44.73
53.49
47.94
541.64
56.52
113.33
75.21
103.68
36.42
143.56
186.09
106.62
153.28
153.54
400.04
139.38
51.22
226.50
66.67
153.19
18.12
78.36
127.68
69.41
25.47
56.67
228.06
163.15
52.30
109.28
86.00
75.99
139.17
252.81
141.53
98.64
31.98
62.01
75.84
308.60
66.58
88.59
98.62
132.71
94.12
54.90
76.99
20.93
112.57
18.64
72.90
54.28
233.68
100.05
737.15
66.43
42.77
23.13
82.38
96.30
122.54
347.62
237.83
198.83
126.57
82.47
51.30
93.34
57.14
159.43
100.00
90.03
161.14
99.14
348.93
86.36
115.17
56.05
56.15
228.73
114.37
239.46
222.16
246.61
145.84
46.53
28.21
42.15
38.72
87.32
29.01
67.71
119.63
123.52
79.19
181.22
29.80
100.16
132.31
103.56
293.00
355.36
75.82
37.81
90.60
36.67
27.53
463.00
75.64
121.91
311.74
397.26
169.44
99.38
131.47
298.64
21.01
46.92
187.88
209.46
98.41
86.89
783.79
106.79
36.76
96.00
54.04
123.67
229.95
309.66
21.41
67.93
247.66
33.34
136.59
348.48
193.68
41.49
58.19
92.12
83.07
343.18
173.88
81.83
151.63
575.73
20.01
85.48
159.09
72.86
86.35
13.85
192.90
369.48
129.90
147.69
50.98
52.59
16.85
23.08
63.39
36.12
103.03
107.31
67.74
258.01
308.27
61.81
113.92
107.92
58.48
17.06
187.36
150.03
67.98
244.68
746.79
69.16
43.19
106.86
59.76
102.90
693.48
52.20
204.59
153.18
143.53
379.23
40.74
31.43
128.52
82.05
134.38
102.81
83.76
63.72
29.17
117.97
366.56
385.41
30.93
132.55
36.66
29.45
157.32
121.47
82.22
46.46
85.59
35.27
35.85
80.60
35.18
72.10
65.44
17.85
25.46
13.42
166.33
14.04
45.42
58.53
16.50
339.07
91.89
306.98
162.64
134.77
70.25
31.45
88.48
89.11
205.85
62.55
165.63
147.61
140.52
30.01
126.63
322.57
47.43
221.20
71.66
137.46
51.85
163.75
24.18
105.16
45.65
77.60
58.42
84.25
100.80
114.42
58.90
324.79
60.62
215.13
44.52
98.78
124.37
21.54
57.33
29.46
147.60
18.42
27.08
204.11
280.17
239.25
27.92
157.07
131.61
13.71
37.92
36.66
141.12
17.20
453.57
301.71
163.67
96.81
592.59
329.09
246.31
14.55
31.20
169.20
91.59
11.62
78.89
97.29
478.57
129.33
105.83
23.07
324.00
308.83
132.94
54.70
110.98
64.92
100.95
90.52
16.61
27.61
484.62
141.78
117.64
89.41
146.73
33.41
91.19
154.96
109.28
161.56
103.78
60.08
32.94
72.90
45.51
148.49
52.73
56.78
579.31
754.89
51.91
426.33
99.46
18.27
210.54
91.47
594.63
110.55
104.89
61.63
213.53
73.61
31.10
173.79
38.85
105.90
72.81
210.26
27.42
105.15
280.18
274.67
248.07
178.22
347.99
152.89
59.92
260.76
163.94
34.73
18.39
79.43
151.51
451.18
110.16
155.01
403.95
22.94
622.37
37.99
112.06
210.29
72.59
26.29
108.94
54.96
208.14
131.30
146.20
197.50
461.32
31.94
91.71
102.93
126.89
99.34
81.45
29.93
76.07
64.13
46.02
94.63
77.49
35.05
13.31
102.39
85.37
40.62
366.51
428.01
307.67
115.97
188.44
22.10
100.35
69.15
79.69
137.77
63.66
52.58
525.40
160.73
288.77
41.62
112.83
86.18
272.83
42.36
39.36
277.74
28.68
640.34
205.49
78.52
80.11
94.49
238.99
317.29
77.04
23.07
17.37
47.10
31.84
189.40
87.88
243.48
204.40
43.12
93.68
30.39
74.60
19.86
177.37
27.50
57.81
130.94
191.78
304.53
51.53
22.51
90.85
220.13
41.55
495.18
137.63
36.44
40.84
146.42
217.99
111.08
41.29
178.72
86.02
47.30
332.49
134.60
131.00
261.09
33.61
33.06
12.32
504.09
50.81
43.44
23.30
62.97
54.60
289.00
135.63
125.49
235.92
93.51
43.34
145.37
277.69
102.92
119.27
213.61
25.81
57.65
189.28
57.93
144.54
63.56
30.59
162.17
36.41
230.88
47.94
254.31
93.81
57.08
177.03
20.15
99.54
199.39
43.04
660.70
25.27
62.08
63.57
260.03
30.52
372.72
79.03
62.53
117.84
78.05
249.80
202.51
146.45
119.69
87.23
189.47
22.27
61.58
113.12
545.17
128.69
80.83
84.01
91.81
70.60
556.11
264.80
102.30
372.54
77.00
415.15
536.82
100.26
64.89
108.29
335.05
66.74
121.70
11.14
57.22
147.99
146.05
209.23
39.48
127.94
52.35
206.20
80.24
211.58
792.32
55.11
25.00
63.64
163.48
25.23
731.09
12.06
94.49
71.17
77.54
72.21
570.22
79.72
54.79
280.10
50.23
127.78
309.62
37.43
409.20
77.61
206.98
131.84
77.54
67.37
98.90
98.89
122.42
207.74
38.22
84.36
191.39
60.08
232.84
108.81
83.25
206.69
132.43
60.49
110.66
28.22
91.03
79.41
87.36
199.97
536.19
28.53
438.01
120.92
106.98
137.79
86.75
116.26
54.60
62.21
106.18
35.55
290.71
14.99
86.13
202.74
456.18
39.34
152.78
204.18
258.59
135.71
32.85
23.16
167.19
26.70
62.02
41.44
299.71
162.64
340.34
333.16
236.95
275.56
77.90
83.13
38.71
97.88
185.91
483.34
379.37
73.04
47.09
93.22
21.03
388.47
75.27
105.57
78.62
72.41
99.93
81.00
93.74
22.16
93.72
91.44
87.64
73.04
62.17
468.78
41.45
302.61
220.15
279.74
50.87
44.21
369.88
93.20
71.01
95.85
283.64
27.13
121.05
79.46
64.74
19.38
167.95
62.08
197.91
248.33
37.76
197.60
141.64
119.39
104.42
137.49
102.83
165.29
138.56
78.72
432.44
97.52
372.47
40.46
136.05
483.81
83.73
167.45
318.73
357.83
61.52
286.22
123.87
89.48
82.48
121.86
623.52
64.72
102.90
251.94
26.96
90.99
323.20
228.06
47.34
762.44
34.41
227.45
261.71
97.28
29.20
215.52
47.48
73.61
104.11
53.97
73.22
97.06
291.92
85.92
98.05
57.96
78.97
113.33
52.90
157.79
139.08
57.00
43.21
69.35
64.47
625.08
93.87
204.20
57.41
81.27
23.13
113.80
30.01
154.72
167.45
235.94
293.30
64.44
80.66
139.68
248.55
128.72
74.71
87.09
10.77
92.14
123.97
135.07
154.69
489.09
55.61
110.20
34.56
230.03
81.76
136.95
181.02
151.92
42.47
180.59
298.07
147.12
466.61
70.91
72.91
142.92
44.93
120.80
83.34
134.04
430.61
157.63
82.54
30.32
141.23
81.74
111.94
77.09
198.54
109.69
78.52
26.90
15.83
23.57
133.86
211.51
82.88
190.77
49.35
257.27
63.06
59.50
177.56
128.76
110.42
18.49
61.84
115.90
135.00
230.93
109.15
150.63
110.79
416.16
152.58
62.14
99.53
59.03
65.05
54.31
129.12
45.20
262.81
111.91
122.44
147.28
566.22
37.11
94.48
51.37
146.98
107.02
144.09
60.67
51.49
21.78
350.95
97.13
100.44
34.63
87.54
55.29
83.12
107.52
221.64
88.00
184.44
67.15
54.75
48.37
16.56
294.08
94.98
364.23
27.92
114.65
163.87
637.61
61.80
359.47
122.32
144.69
436.46
80.35
103.75
62.80
103.25
67.29
226.35
94.77
69.94
220.81
53.39
93.97
103.74
108.43
131.66
57.99
397.63
454.93
171.68
126.03
45.79
78.97
50.31
259.88
85.45
89.31
12.95
73.63
22.81
134.09
120.86
124.23
28.41
110.71
178.32
369.12
52.89
51.61
33.63
180.92
102.25
255.32
33.21
152.85
107.27
49.37
149.86
61.08
97.34
537.44
75.71
26.77
86.37
28.32
98.03
460.80
69.23
105.67
358.83
235.28
87.39
378.35
258.10
84.62
110.58
219.42
115.00
22.02
81.87
137.98
347.49
94.47
113.65
78.75
70.75
84.99
47.06
100.29
81.16
69.33
526.31
215.39
141.80
62.89
611.97
39.17
97.08
95.63
156.43
31.78
410.95
214.32
114.98
77.78
52.32
84.11
25.09
79.19
39.43
78.47
299.94
86.34
215.89
175.49
44.83
47.78
203.78
223.29
49.28
168.46
176.32
31.85
285.00
61.41
145.56
22.46
80.38
16.35
314.35
65.42
564.38
137.97
15.20
28.66
222.19
36.87
58.08
467.49
45.45
108.08
110.85
39.07
279.53
56.98
28.87
75.59
18.18
199.47
606.36
184.64
92.11
84.40
36.93
51.04
62.85
354.93
143.18
101.44
333.66
73.13
117.70
63.89
88.38
120.55
35.98
149.10
203.06
128.06
119.10
81.48
85.22
243.00
173.65
68.91
76.70
411.70
90.89
38.46
319.67
77.54
86.68
190.51
768.44
172.96
23.58
185.87
51.13
15.85
441.42
101.11
220.95
201.32
137.13
111.08
136.30
132.19
334.20
15.94
102.18
57.01
56.06
39.18
40.05
302.54
85.48
91.08
70.31
214.03
496.92
54.75
41.55
221.62
246.27
108.76
272.12
94.15
43.87
58.23
92.99
91.03
244.45
45.26
62.30
56.51
157.52
91.98
117.85
214.68
129.98
148.99
50.51
127.69
95.19
138.75
84.62
32.01
281.64
324.40
119.95
298.22
372.07
181.11
84.68
40.82
363.39
74.65
385.75
55.07
66.79
139.99
90.12
54.26
99.21
142.10
381.57
197.65
301.04
132.52
75.76
312.17
500.85
644.52
183.59
299.62
81.59
53.29
115.46
79.04
278.79
22.04
119.58
269.99
319.03
141.99
17.69
107.20
69.01
190.75
91.99
30.93
30.80
163.26
216.88
38.23
199.11
155.22
211.44
33.77
31.42
135.05
221.67
95.99
142.24
138.49
122.34
66.03
22.93
336.07
32.25
268.80
61.80
133.40
63.11
661.79
36.79
511.48
108.85
142.51
13.16
161.05
114.68
67.03
113.87
172.53
431.00
111.88
21.64
104.58
84.99
48.02
18.96
70.45
16.18
538.39
49.80
133.50
259.89
55.32
20.74
109.58
53.24
102.11
42.00
349.68
49.10
131.53
138.47
269.08
108.17
216.94
68.77
258.00
200.57
142.67
76.48
53.77
12.79
120.02
82.71
39.55
30.76
283.96
63.10
116.63
133.68
239.49
50.93
20.78
185.86
210.67
228.21
217.43
33.39
65.62
44.70
64.41
134.58
379.03
40.67
67.96
61.67
79.67
71.89
24.44
86.58
665.41
93.41
107.51
131.61
203.88
28.10
76.15
45.22
237.16
53.36
37.46
88.88
47.10
491.43
283.43
345.15
44.87
92.35
336.98
39.57
121.67
149.49
17.78
67.80
113.94
91.91
76.21
68.49
40.34
19.06
59.63
286.63
77.27
81.47
72.86
58.05
97.40
87.57
102.39
105.63
113.97
416.97
95.27
30.40
85.22
40.21
24.72
58.08
147.12
39.96
223.85
21.02
128.91
46.28
367.43
64.83
51.29
27.94
84.02
90.92
99.19
203.90
89.66
51.15
106.09
91.91
128.81
268.42
69.80
500.18
77.13
51.80
103.22
24.53
579.75
72.75
36.03
191.51
472.21
44.47
104.18
74.59
140.21
12.14
659.76
41.96
413.82
152.66
27.51
84.84
84.52
105.59
45.13
96.09
43.86
39.97
14.43
134.34
61.02
67.89
241.11
24.75
165.29
22.80
29.60
133.86
61.88
46.76
89.47
25.68
105.11
52.61
133.43
102.43
74.35
339.42
490.49
484.70
78.79
97.96
98.47
241.44
263.36
74.60
174.47
110.09
294.97
719.88
143.13
48.38
163.48
277.52
186.09
24.98
142.38
214.92
193.91
80.12
327.74
52.00
58.21
247.23
740.81
135.73
96.34
168.43
201.89
155.98
209.45
65.08
206.01
432.74
124.34
48.17
520.77
98.85
417.98
81.06
51.44
225.20
82.68
111.11
92.26
218.20
531.07
25.82
20.63
104.76
650.84
147.14
109.35
252.39
208.50
52.37
202.67
334.01
190.39
217.62
109.58
50.02
286.19
96.47
167.65
62.48
60.95
42.21
47.51
151.18
218.04
186.85
42.23
237.94
109.52
27.76
114.64
99.61
48.52
74.47
151.78
80.07
128.03
73.11
669.17
76.14
40.43
63.06
253.24
86.05
218.01
33.15
107.80
308.64
248.77
38.19
182.31
59.82
176.22
104.64
552.21
466.17
201.58
31.58
584.16
88.18
279.95
97.75
30.79
77.93
14.69
170.94
408.51
204.01
659.07
108.35
119.54
160.20
145.61
15.45
606.79
179.54
32.21
63.42
128.98
87.92
587.74
645.39
22.30
359.84
103.04
63.09
195.04
56.81
580.06
33.00
94.57
175.28
255.43
95.18
568.14
142.05
108.89
23.82
105.22
31.52
43.77
138.51
38.60
502.56
71.72
22.92
17.46
127.17
66.62
96.68
242.08
100.47
245.48
73.45
342.35
51.65
63.58
268.50
59.05
72.87
178.01
57.65
81.83
84.83
171.02
56.60
153.07
127.11
105.58
71.93
13.29
142.85
224.79
119.09
35.99
241.71
39.46
80.07
81.49
244.21
174.72
92.75
112.91
884.69
193.23
579.44
213.06
55.19
324.07
83.71
96.96
179.72
18.12
68.36
190.37
221.79
77.99
18.90
165.30
16.11
141.06
102.63
24.14
37.62
55.90
19.82
99.04
148.16
35.32
180.44
155.69
72.16
76.11
97.22
43.58
50.00
93.03
33.19
489.98
116.45
13.20
124.72
101.85
231.64
32.18
122.32
125.39
184.06
143.72
107.64
600.10
33.56
53.10
228.48
78.28
231.58
110.59
96.42
112.62
55.18
108.00
219.10
91.03
89.47
137.42
56.09
232.57
188.72
257.74
153.99
90.77
84.69
46.34
87.20
96.34
89.93
523.34
98.39
137.92
189.27
107.19
37.24
23.73
304.37
86.78
76.57
209.71
59.84
154.21
205.80
161.80
251.52
671.18
67.78
176.54
32.64
199.16
471.09
39.17
118.28
86.03
260.00
35.74
80.96
77.78
68.84
50.60
315.79
44.11
95.95
43.32
86.01
161.05
164.48
131.76
100.60
124.57
35.01
60.40
49.91
65.69
465.11
66.88
38.36
76.52
118.60
111.57
116.12
56.74
24.36
492.19
127.16
69.32
112.82
423.05
183.73
212.14
145.04
146.84
124.83
304.12
41.15
126.66
164.29
23.25
79.97
36.71
92.87
171.51
190.97
482.80
29.75
33.35
70.93
18.66
755.58
109.81
66.11
29.81
105.10
71.76
91.27
203.31
67.76
63.19
242.58
199.06
98.20
134.34
117.47
51.94
246.15
42.17
22.07
201.36
79.51
95.26
55.38
44.22
117.12
16.04
123.45
184.23
90.06
85.32
29.78
130.12
147.33
98.64
557.16
55.13
154.57
116.15
126.14
147.42
57.60
50.10
488.49
84.93
159.49
76.80
146.41
446.37
226.87
62.89
204.77
287.46
92.42
342.87
61.05
106.06
17.12
92.16
52.84
309.67
150.04
191.25
106.57
176.43
38.22
200.29
39.82
57.34
41.90
58.51
17.29
54.43
505.37
694.45
115.73
116.52
55.80
541.96
36.99
224.98
92.53
66.69
70.91
319.41
129.33
23.66
51.81
152.59
41.88
27.60
201.62
60.59
167.47
73.00
40.18
49.21
64.59
135.85
71.80
81.68
387.52
75.59
26.76
225.34
138.55
102.54
179.54
30.62
50.25
121.85
191.55
136.53
100.15
764.57
136.08
182.11
569.61
187.32
299.47
111.00
67.98
130.33
17.41
65.41
134.37
187.15
239.99
353.21
20.13
295.14
55.97
349.46
59.62
63.64
54.96
36.20
127.88
50.55
70.26
17.86
91.09
174.30
157.88
280.13
84.29
21.49
47.37
124.03
297.87
46.57
27.39
153.58
96.04
85.37
92.52
221.90
136.80
84.76
745.62
127.61
142.08
266.56
106.15
117.16
113.06
126.90
35.94
33.32
95.38
191.70
125.67
121.16
74.87
83.68
261.19
63.14
191.40
45.19
112.93
132.31
490.27
196.72
72.16
119.19
598.40
147.23
228.36
125.48
301.83
508.21
111.24
120.00
149.96
21.17
79.73
372.45
96.50
94.27
331.23
104.85
81.85
134.55
31.35
87.45
75.64
72.38
217.18
132.84
66.82
110.31
70.65
512.08
152.16
168.43
64.71
30.38
34.31
132.12
157.99
20.02
391.13
60.91
77.72
29.35
48.82
62.96
61.31
15.75
102.11
30.22
706.56
84.29
98.51
13.55
113.56
74.82
54.37
136.69
817.33
213.36
665.17
86.74
313.56
135.72
508.69
110.43
173.77
81.12
62.77
121.86
43.76
190.97
100.58
151.28
230.81
29.57
304.02
40.01
139.61
124.86
51.90
157.36
127.74
267.25
250.27
132.56
71.48
63.11
44.22
41.17
60.53
499.55
83.70
101.28
55.05
59.00
93.26
54.80
163.93
230.51
170.04
102.58
96.60
74.89
70.20
97.69
35.17
520.24
439.86
132.64
168.62
300.37
114.67
84.71
592.67
113.87
53.30
54.14
76.11
114.17
227.38
133.59
85.19
104.37
46.49
125.62
125.98
94.52
272.29
260.75
114.94
57.87
87.53
113.98
152.07
76.69
255.16
38.46
60.21
100.37
48.17
431.28
138.09
196.83
183.16
31.89
277.68
69.00
91.54
16.03
151.19
90.11
201.37
109.05
11.05
51.91
96.04
117.80
378.48
167.15
45.69
122.31
163.16
261.59
57.75
83.11
34.76
157.80
44.37
164.09
143.02
66.83
45.93
441.52
33.74
78.17
38.37
81.72
54.42
129.07
117.57
312.97
24.91
36.63
139.17
65.25
85.59
74.76
626.35
266.51
115.74
52.19
29.82
14.69
96.09
52.89
169.18
62.61
106.85
109.33
71.84
271.16
282.25
188.29
27.13
51.00
31.08
103.74
67.48
60.46
71.45
111.45
85.51
33.68
267.97
111.58
50.77
69.39
64.04
60.34
49.08
69.14
172.01
72.66
182.53
54.44
108.36
98.78
108.19
88.01
170.69
75.85
18.35
43.73
61.46
39.47
156.16
143.82
35.19
147.61
65.61
65.37
126.25
52.36
48.21
106.96
41.65
210.40
272.89
148.91
527.62
56.05
26.59
147.90
125.52
75.16
124.15
86.47
59.05
93.48
92.44
119.95
48.87
224.95
66.61
28.01
55.68
202.66
127.79
265.94
106.68
117.49
194.55
50.53
25.13
112.39
209.83
90.92
102.11
266.18
156.04
144.72
89.56
144.10
73.37
169.50
316.32
50.64
219.32
205.02
118.36
185.07
135.71
42.80
65.63
151.19
20.87
107.76
30.34
108.76
86.04
78.83
13.46
44.88
133.14
24.60
25.22
23.42
109.86
35.33
291.12
16.86
84.30
28.08
108.90
153.40
153.15
43.21
278.95
513.42
94.62
53.31
67.51
152.21
83.19
77.50
67.09
68.38
69.70
188.45
140.15
209.80
65.70
538.52
56.54
23.83
482.50
174.15
67.90
105.90
47.41
20.64
27.83
54.70
35.72
123.94
47.03
45.87
122.14
104.12
78.94
87.34
162.21
370.28
119.02
35.60
35.44
13.47
90.16
271.08
40.53
49.14
85.73
39.14
43.97
80.21
441.72
291.57
51.62
75.53
355.07
226.25
109.03
93.51
121.46
43.64
59.54
33.26
155.29
49.56
87.57
467.67
90.82
25.62
27.22
117.66
43.04
36.40
59.67
76.25
38.89
64.39
140.10
172.23
46.16
138.61
33.43
66.05
225.58
538.49
25.47
20.86
200.97
241.87
94.11
160.92
154.71
260.88
52.04
100.67
84.27
61.59
107.97
212.84
34.94
75.69
62.75
108.72
52.09
188.80
418.26
247.19
44.70
48.20
84.45
35.92
17.65
129.71
43.78
126.79
77.76
396.70
58.32
111.60
269.16
34.95
228.55
70.05
46.38
18.32
202.30
37.25
26.13
57.76
99.86
270.76
32.47
67.16
60.04
60.23
228.49
146.34
90.88
40.74
22.58
78.79
27.22
72.85
254.71
76.36
219.28
66.37
132.85
167.38
207.58
39.92
56.86
205.40
285.85
140.83
99.04
222.14
49.39
152.51
75.02
33.96
251.46
106.38
132.80
552.74
114.91
95.15
114.53
206.89
145.18
33.06
95.70
74.04
111.46
102.47
121.30
570.07
98.02
25.80
127.04
69.11
50.78
123.91
204.86
345.52
155.88
137.74
86.93
71.00
173.88
209.30
65.31
135.57
39.30
242.19
84.13
69.88
22.12
92.44
115.87
188.05
336.10
25.67
76.68
180.22
77.25
21.82
38.51
64.26
136.17
24.15
154.47
24.87
108.27
105.66
60.59
72.58
43.47
69.68
176.48
32.39
204.03
32.32
22.21
185.85
18.41
91.86
122.82
104.32
214.47
49.34
121.96
28.41
125.76
57.20
166.08
359.45
202.93
123.80
293.29
132.23
56.79
195.72
127.32
129.54
108.61
78.83
85.01
50.56
284.25
179.92
68.94
71.73
87.00
43.24
29.62
49.18
47.77
294.39
89.74
38.50
43.19
80.20
71.84
130.65
570.93
304.12
15.51
27.08
333.10
244.99
33.44
98.64
66.69
798.73
69.29
70.99
76.08
49.55
71.14
80.51
89.80
432.61
94.49
27.89
35.62
63.67
32.37
70.85
261.08
331.64
92.08
229.70
45.62
223.38
39.25
335.26
291.70
135.59
110.38
250.46
467.45
314.31
59.08
161.36
291.81
34.93
86.24
215.27
15.35
59.05
255.11
39.05
131.80
120.85
31.13
94.93
62.74
78.41
109.53
204.38
145.90
117.92
188.09
58.90
179.60
50.53
38.08
51.02
60.63
129.58
141.72
328.53
193.49
12.93
27.56
87.61
98.78
17.06
57.75
362.12
129.94
147.97
136.22
297.86
115.68
71.32
70.89
21.42
344.40
59.42
81.50
123.30
24.94
32.43
83.78
90.18
33.09
141.90
232.96
142.22
99.39
28.21
48.43
97.56
99.26
188.13
169.67
85.17
33.20
102.96
73.20
232.97
101.74
39.34
225.18
413.66
56.28
150.17
19.85
162.91
52.25
27.46
74.64
157.34
36.05
117.04
132.94
73.40
120.57
27.70
97.53
142.84
83.47
30.16
19.23
83.37
22.87
70.52
171.59
75.83
58.92
294.69
93.06
224.89
118.59
398.79
62.30
145.25
15.99
99.54
419.33
77.65
77.39
313.73
110.21
75.04
233.65
91.31
15.80
35.18
49.65
938.32
26.39
63.33
330.55
380.72
43.52
475.75
35.09
139.95
49.04
19.30
81.12
57.40
139.18
137.15
43.51
186.68
188.24
23.85
77.46
118.29
92.34
133.30
66.21
92.26
34.01
58.25
43.80
151.99
104.95
58.09
435.21
21.96
104.89
477.05
93.20
90.30
176.09
105.00
203.86
106.72
62.60
101.64
101.68
126.40
76.25
147.66
419.56
68.31
168.57
102.99
473.69
96.24
111.83
74.48
163.01
150.90
76.07
19.62
111.97
120.25
160.03
48.26
156.07
119.65
41.10
81.36
144.71
126.65
151.68
105.46
75.75
141.94
77.42
573.57
76.54
317.95
107.47
85.85
51.09
129.63
26.35
82.38
72.93
184.57
52.85
155.69
66.80
107.84
112.82
28.29
731.06
79.38
105.31
41.88
47.14
68.64
44.53
81.47
248.66
323.52
63.58
271.47
146.66
20.20
57.77
35.73
414.44
62.48
138.18
29.22
118.69
257.09
153.44
456.38
340.99
629.90
103.88
98.93
126.81
92.55
93.77
79.19
63.81
117.54
42.99
55.96
100.50
27.40
298.92
113.40
104.65
626.98
102.56
192.71
107.00
173.40
560.91
21.78
101.23
111.42
85.47
151.84
306.91
80.06
206.56
106.94
48.85
110.16
134.67
71.38
69.98
123.12
519.15
78.70
26.11
59.14
27.94
101.10
79.82
113.25
96.28
159.52
758.01
305.66
66.07
40.19
112.68
101.59
25.15
75.42
241.01
78.00
74.06
100.39
75.44
59.27
179.82
47.16
100.97
65.28
149.15
194.64
44.95
150.27
165.86
94.05
126.46
70.08
126.56
37.04
145.73
75.37
11.17
77.21
52.71
76.64
18.51
134.26
454.57
310.85
55.05
311.88
111.67
84.27
104.54
31.81
589.74
40.79
99.45
90.43
78.63
416.33
399.51
46.33
323.90
606.63
101.03
33.98
208.50
38.13
114.48
74.14
46.73
66.09
52.76
60.54
573.04
57.51
194.35
38.61
769.72
315.67
56.48
20.53
365.26
419.36
23.08
89.25
56.72
61.13
72.31
82.83
283.60
80.57
128.96
32.81
219.44
103.06
32.11
126.56
234.60
158.20
25.21
297.97
95.45
95.76
252.56
157.65
143.76
78.46
283.82
43.68
503.33
80.69
73.89
96.33
16.19
37.80
319.17
123.35
97.91
123.72
65.03
27.60
188.02
23.46
66.00
152.93
117.32
212.44
217.56
92.59
64.88
499.43
50.38
41.04
67.84
167.05
72.94
185.43
17.90
20.66
359.35
209.44
70.55
93.02
780.14
83.01
381.51
103.72
238.64
69.93
137.92
49.06
229.84
136.87
88.83
90.17
92.01
143.14
90.00
79.81
53.71
43.68
112.62
326.42
91.68
54.02
69.13
124.43
169.64
16.18
284.43
62.82
36.01
176.28
98.68
86.46
91.52
42.06
243.01
57.59
61.78
48.09
29.03
90.13
133.96
87.72
104.93
296.69
68.02
51.40
78.76
83.68
264.95
428.66
114.23
28.16
15.63
206.57
71.12
47.75
206.68
65.21
96.50
69.39
48.21
149.50
34.31
200.20
269.73
195.83
132.51
78.05
40.32
76.90
44.68
171.39
42.25
120.71
110.09
102.77
91.73
26.32
202.49
27.11
119.72
136.88
88.58
26.05
28.62
95.24
283.01
95.74
42.56
363.24
465.38
72.43
99.87
41.84
18.54
161.09
309.24
75.72
170.36
117.02
156.46
366.80
25.87
133.43
204.69
112.17
168.97
163.23
447.28
70.24
54.42
65.76
115.05
79.73
313.44
80.77
110.63
70.13
39.48
146.38
77.37
61.02
35.05
190.22
61.33
311.88
48.06
309.26
37.89
88.50
15.43
17.57
155.98
88.69
362.96
70.69
47.83
43.98
99.90
90.18
56.99
81.29
76.20
205.07
91.48
42.87
104.21
72.59
64.45
35.70
128.19
138.93
47.55
63.28
22.95
103.04
142.49
102.24
358.14
128.69
163.07
78.50
23.09
44.08
228.79
116.58
514.07
203.03
131.86
104.66
104.99
189.70
63.24
137.08
100.70
164.73
25.54
213.26
244.20
37.33
81.84
53.66
312.88
31.52
202.92
91.30
115.08
54.69
276.18
90.40
21.11
215.77
183.79
72.60
68.77
105.01
201.90
67.15
78.34
33.60
844.85
157.90
55.36
591.41
124.95
116.87
72.94
94.51
31.99
310.81
154.21
149.35
172.36
27.91
47.02
44.58
48.10
61.88
121.96
98.24
54.25
60.29
45.78
553.91
22.38
152.79
186.73
428.61
140.43
112.20
80.76
149.44
129.88
46.16
100.34
22.53
34.39
161.45
41.75
86.61
81.22
167.53
55.08
115.87
510.21
54.64
478.17
93.20
70.41
72.12
238.19
45.16
66.23
38.97
157.08
78.57
76.71
94.50
84.14
135.57
393.88
155.41
237.14
18.55
108.35
137.84
227.11
35.66
29.94
215.94
101.09
634.54
192.49
89.79
47.44
160.79
111.82
75.42
117.68
96.74
798.53
94.13
133.89
261.73
68.36
120.48
23.21
130.99
171.04
502.61
102.44
269.37
120.45
45.44
26.05
28.66
117.38
145.88
60.32
342.62
38.16
93.42
160.44
132.09
79.76
500.11
53.15
96.09
564.94
73.19
29.73
66.66
79.50
103.57
57.97
63.84
52.80
84.57
60.76
69.95
76.53
63.95
71.29
93.58
147.39
58.06
139.47
22.19
133.34
131.05
63.76
330.93
36.63
50.30
245.01
145.80
140.11
57.37
31.00
106.80
152.83
328.14
73.96
128.15
30.49
163.27
162.88
84.52
53.94
91.49
196.15
71.42
165.29
70.52
18.09
242.52
109.35
82.37
57.17
224.79
271.64
59.56
258.05
66.10
114.07
275.17
91.04
147.02
287.64
157.53
18.39
140.11
20.70
20.32
51.45
35.01
114.86
97.03
20.13
22.10
133.98
266.96
387.12
63.10
144.62
125.24
116.18
49.71
88.71
240.64
50.76
19.25
36.90
137.65
57.78
135.24
104.41
544.95
371.09
52.09
82.27
95.05
54.56
38.33
101.36
29.76
326.70
518.07
50.94
679.01
132.35
200.13
58.11
241.15
116.39
106.49
344.77
188.67
15.13
70.94
65.22
104.26
237.82
123.81
49.44
45.77
95.43
40.38
106.02
85.54
82.64
157.40
76.98
150.44
24.17
310.52
97.36
191.20
206.39
68.98
410.83
201.15
23.37
36.97
57.38
72.00
216.51
417.56
69.04
65.56
115.36
29.82
357.13
87.07
211.81
103.62
120.69
47.61
141.09
120.64
28.79
324.17
107.27
255.71
122.05
237.23
211.53
42.67
49.15
21.08
75.30
162.40
73.02
41.25
39.83
95.56
61.62
23.43
45.20
21.04
16.67
130.86
62.38
94.68
100.50
226.04
92.51
75.94
113.38
47.08
118.78
117.61
100.52
16.84
127.38
48.27
96.80
212.78
215.17
90.03
401.71
152.01
243.92
110.48
51.77
21.34
218.35
86.22
61.89
54.31
237.17
84.90
269.72
90.83
308.29
134.94
77.79
55.42
114.31
491.74
17.61
84.82
114.20
76.16
99.51
132.96
85.85
87.31
54.55
138.94
42.01
111.37
223.61
527.56
22.19
79.73
19.52
40.15
38.63
92.50
97.46
162.42
542.81
185.60
111.30
160.74
29.45
47.44
96.13
42.72
219.26
126.40
124.85
321.62
96.59
446.05
373.30
270.59
193.54
138.77
418.52
41.54
614.86
273.68
477.03
139.00
34.06
80.09
46.43
41.84
104.94
114.00
132.66
92.80
114.08
71.72
422.98
311.68
20.51
157.82
111.94
49.84
190.51
54.58
40.36
136.95
12.29
84.43
28.18
84.30
122.43
15.54
22.28
33.71
392.97
79.16
93.68
83.45
110.61
94.07
86.64
261.55
69.55
40.98
115.39
276.61
85.58
139.69
82.61
327.09
171.33
183.80
73.24
213.54
100.60
125.24
82.36
18.36
101.62
50.83
116.22
45.99
169.56
799.16
123.13
22.57
140.37
445.37
84.92
88.21
371.07
71.31
55.37
81.16
77.82
56.43
214.18
40.66
40.72
22.80
203.32
217.86
15.97
30.70
59.70
60.61
17.72
68.81
48.66
36.09
39.24
125.90
159.99
114.39
50.13
76.37
118.79
49.91
129.37
38.84
15.55
112.08
17.83
139.98
345.39
159.36
92.11
52.05
390.66
113.00
165.78
164.52
86.13
195.76
120.07
82.57
137.44
41.12
136.59
119.18
142.90
85.82
237.53
153.38
33.98
272.29
88.45
95.57
16.68
26.52
158.15
229.95
34.47
92.71
58.01
348.85
61.87
79.70
21.55
735.53
98.81
216.67
34.08
151.85
106.03
136.51
73.47
113.25
42.28
163.47
97.09
91.29
153.95
18.58
65.99
83.32
125.43
73.64
181.71
50.34
21.03
93.60
107.64
23.16
95.58
72.02
30.04
29.67
50.08
247.68
74.06
99.97
38.64
63.39
42.92
64.90
52.83
813.63
109.05
66.82
134.61
53.63
25.85
164.15
91.88
140.38
43.35
90.20
185.86
18.62
147.05
65.41
129.50
68.90
404.67
149.91
97.45
60.58
162.08
16.14
61.97
103.77
46.82
156.51
83.96
188.32
113.62
456.59
78.14
44.11
32.05
74.63
66.54
28.63
172.18
52.18
22.32
201.39
51.73
393.74
199.63
140.62
236.75
62.13
71.11
137.67
180.08
17.40
319.15
167.50
97.28
58.70
98.34
392.33
48.76
54.37
148.52
63.13
78.36
33.51
26.73
30.78
229.48
110.82
30.01
127.21
488.67
94.51
138.18
143.52
87.08
27.07
96.65
154.67
55.09
486.74
174.47
64.25
88.69
131.72
100.98
372.49
336.38
159.26
106.78
113.45
52.68
329.14
68.26
83.20
48.95
122.62
139.64
49.01
77.02
129.82
93.56
93.76
171.01
59.44
71.36
141.86
48.07
228.09
67.50
22.36
252.53
96.77
75.80
163.27
88.18
18.00
163.52
47.23
65.87
74.43
12.41
210.17
133.38
309.62
145.59
59.86
127.13
440.94
145.15
24.05
135.72
202.45
321.67
111.54
146.67
37.03
267.08
36.57
149.47
61.32
39.48
18.29
165.96
136.62
61.86
222.71
80.99
47.26
50.03
297.37
89.94
87.15
59.91
40.29
71.47
85.02
82.30
57.44
36.33
28.26
16.24
150.84
54.11
448.55
73.82
117.57
74.00
104.19
49.60
59.17
40.75
362.00
59.44
45.89
63.45
565.16
154.48
58.24
100.93
221.65
117.11
62.22
99.23
156.02
119.59
110.10
470.38
75.86
37.45
60.02
150.89
508.18
65.44
243.77
94.54
40.36
64.81
113.87
86.64
172.63
94.15
284.56
193.52
69.23
63.32
146.37
115.80
114.51
86.91
348.00
43.42
12.54
54.44
192.05
217.99
27.00
80.37
101.96
184.36
53.55
161.22
86.62
37.43
291.39
321.71
29.13
28.94
116.73
80.69
74.95
107.55
71.36
39.88
89.96
73.19
96.31
153.15
80.67
43.92
117.00
123.94
27.00
50.82
623.07
136.73
89.65
139.24
300.52
229.86
41.98
86.35
385.14
40.54
78.60
54.87
16.57
63.54
74.24
122.66
37.85
132.40
68.74
122.35
106.33
62.06
86.86
150.26
43.79
87.73
138.33
35.53
208.02
33.79
159.83
52.46
470.49
177.55
53.75
46.74
87.04
191.16
91.29
205.54
41.78
48.74
331.95
59.46
96.62
321.74
639.72
133.53
81.32
111.52
156.68
32.12
111.69
129.65
300.63
52.91
21.64
133.46
119.14
64.68
97.28
190.79
79.21
43.36
60.66
42.82
203.55
168.44
371.49
26.44
123.05
350.41
102.64
60.97
227.64
39.83
21.43
34.91
114.22
113.27
244.77
50.24
108.67
85.55
53.99
103.53
15.13
78.39
167.07
149.84
32.93
306.31
424.36
96.57
174.40
34.09
54.43
197.43
40.45
172.71
103.16
39.51
92.08
139.44
164.21
127.84
272.84
114.21
331.07
40.88
107.78
54.18
61.22
32.88
62.77
104.41
98.07
68.87
73.56
183.27
159.60
165.02
124.00
48.05
61.70
43.90
592.12
166.74
34.20
137.77
248.72
84.69
352.72
211.63
267.73
104.57
275.55
48.13
110.61
72.50
109.96
42.85
376.49
285.87
104.17
42.84
145.43
98.88
121.00
192.88
60.71
19.53
64.90
214.68
311.72
155.00
619.33
147.56
99.02
139.65
134.62
155.33
21.34
32.36
92.90
93.55
107.96
140.66
84.78
525.12
40.93
15.06
43.65
134.06
19.75
20.76
147.67
23.35
129.50
109.23
47.00
226.59
53.03
74.42
54.89
25.44
201.30
48.51
138.59
171.68
361.29
475.38
350.73
177.04
22.11
85.07
93.39
234.54
61.31
105.82
50.16
14.62
95.04
51.92
152.93
75.28
561.73
126.28
621.01
75.66
130.23
70.89
197.50
41.12
362.15
93.83
62.00
86.34
140.74
80.87
40.72
98.56
43.36
115.73
97.43
62.11
97.53
90.79
84.38
22.27
159.01
37.55
254.37
27.00
66.21
116.00
198.96
151.49
483.15
167.34
83.78
153.41
189.59
131.96
123.15
154.94
63.48
58.98
84.97
40.35
94.98
27.87
72.88
81.75
60.70
193.50
102.64
46.62
81.89
45.64
169.41
483.29
271.11
165.14
213.17
112.50
59.62
107.73
157.49
36.03
456.69
567.96
75.99
30.94
25.60
160.54
97.37
11.34
38.39
129.10
58.47
129.34
100.87
77.54
421.00
28.54
253.98
88.88
182.98
89.39
156.43
253.18
95.35
120.20
89.25
227.19
81.95
48.91
102.82
165.22
173.39
42.12
69.84
84.65
84.11
36.65
103.24
206.72
327.93
325.89
118.70
390.95
34.95
601.11
266.48
70.44
46.05
55.86
52.43
38.88
29.84
390.82
74.28
54.90
101.96
109.33
100.26
60.50
69.55
755.23
28.27
207.71
98.38
134.14
84.77
125.00
191.04
95.75
24.50
98.93
71.91
56.57
417.97
180.82
152.19
134.89
89.45
264.41
106.99
51.26
17.56
202.49
97.48
105.20
52.65
168.08
81.17
150.91
271.95
108.79
91.15
163.26
171.72
96.45
30.50
82.39
604.14
72.12
92.77
62.72
41.36
47.09
77.87
117.55
71.56
91.91
202.81
63.20
362.57
198.97
26.96
122.90
53.26
162.48
36.93
56.29
90.48
280.57
81.74
99.68
571.85
23.00
140.36
74.27
207.60
41.97
77.84
100.70
376.60
74.32
37.01
115.71
193.96
131.62
312.30
148.66
281.29
150.92
171.04
74.31
189.94
29.66
57.86
77.70
79.00
224.38
114.19
140.14
37.58
103.13
87.24
126.88
524.29
137.10
439.80
263.56
82.94
119.30
38.24
274.58
37.60
52.44
93.83
32.04
66.24
59.01
128.68
90.37
42.50
60.38
11.86
96.00
59.95
150.36
102.45
30.54
129.99
127.81
36.62
45.05
217.77
268.04
19.79
58.63
35.10
119.37
124.39
168.37
127.90
201.20
420.62
70.01
60.71
44.42
17.96
59.20
56.87
395.91
112.86
20.23
23.02
81.44
67.38
138.37
81.57
139.77
160.84
48.49
217.33
30.87
108.50
208.95
91.39
50.73
126.14
133.58
39.36
111.17
253.30
91.34
107.62
64.98
127.75
136.72
118.13
71.44
142.95
383.37
78.81
42.26
532.94
36.66
948.51
149.24
91.30
111.80
46.61
164.79
182.24
407.09
254.04
272.65
143.25
370.48
78.97
122.63
69.14
335.58
153.87
221.14
14.10
82.64
222.29
29.70
87.98
100.59
208.75
206.85
32.22
147.19
111.53
119.22
12.45
180.33
224.15
17.99
163.95
235.50
182.99
105.84
139.17
86.41
408.91
308.32
326.02
427.38
89.86
600.03
337.67
25.90
365.41
61.17
66.31
174.95
87.66
361.41
76.32
43.58
106.75
55.43
145.65
646.64
132.52
260.31
27.47
44.02
312.79
62.15
136.00
82.37
136.51
188.52
54.39
158.04
15.78
44.15
80.38
101.48
17.24
113.35
364.38
28.08
372.06
173.52
371.59
60.33
598.48
20.21
290.83
206.58
31.48
177.21
128.99
101.37
50.81
91.45
78.79
78.59
454.63
114.20
118.86
112.75
175.71
82.65
187.83
277.79
23.34
126.97
116.50
304.89
244.79
102.11
242.89
31.39
42.10
611.79
51.58
217.86
493.20
111.35
76.05
101.96
75.06
293.82
194.93
288.79
32.57
92.59
145.65
170.18
247.88
86.88
137.34
119.07
131.83
104.89
384.29
232.10
21.45
208.79
181.72
128.20
51.77
29.64
386.52
158.09
130.46
102.21
99.10
158.80
136.92
161.73
47.33
259.44
89.86
177.04
108.83
61.91
34.80
66.05
62.61
125.02
137.14
253.93
70.32
147.40
131.26
46.32
262.77
64.73
80.57
84.21
300.75
139.62
58.04
88.64
72.19
209.24
61.07
163.42
82.15
108.57
145.99
99.88
223.57
36.46
79.84
100.07
15.65
77.58
249.42
98.08
515.67
191.33
63.47
67.56
85.48
43.25
216.77
111.12
198.37
149.31
53.22
32.06
12.87
44.12
191.63
38.52
18.23
30.53
134.83
27.49
89.96
251.69
74.45
17.10
66.41
67.48
174.55
30.25
420.60
451.03
110.33
108.26
96.26
69.07
53.10
151.97
110.72
276.46
101.35
254.20
96.77
129.80
21.57
14.67
119.31
52.77
70.49
567.49
19.79
138.48
146.06
259.49
81.98
53.96
47.55
240.21
264.26
28.04
73.06
50.19
233.91
131.11
55.93
33.35
275.03
99.96
365.79
101.66
147.89
152.94
198.86
81.03
401.52
330.07
199.42
282.38
110.64
85.96
121.58
106.95
320.30
233.61
74.71
135.19
67.85
317.75
176.47
37.83
276.16
54.14
116.29
15.51
187.23
95.33
190.16
110.27
82.52
138.47
20.39
86.12
86.95
266.84
98.35
137.99
75.04
96.03
279.55
133.84
91.36
155.95
116.87
120.07
429.03
120.39
23.40
482.09
18.55
94.34
97.56
236.96
127.76
62.45
91.15
23.57
96.01
69.54
127.10
115.29
881.12
225.51
13.22
150.40
50.89
134.43
220.00
22.67
90.56
138.01
283.47
193.27
18.92
408.48
84.27
237.59
44.18
134.57
96.40
242.51
276.96
110.89
773.35
315.14
75.77
64.38
100.81
143.77
46.74
462.22
23.16
159.51
97.29
115.99
92.23
289.56
102.15
25.85
218.04
97.47
107.44
126.20
91.38
73.00
113.93
18.09
89.88
129.54
249.73
710.32
60.50
143.02
281.56
94.91
247.64
151.53
26.30
77.72
43.90
45.37
24.57
234.94
76.76
643.63
57.55
108.23
70.37
29.40
130.73
68.72
104.59
251.87
35.66
36.26
83.04
51.04
275.09
76.56
82.95
300.80
104.23
98.06
18.44
37.70
391.68
267.56
40.93
63.73
357.64
122.10
89.39
109.28
159.78
117.16
223.11
65.16
256.65
36.21
96.79
104.07
29.19
127.56
260.45
35.51
89.28
47.64
57.02
44.73
55.04
191.29
88.99
111.69
61.77
71.89
212.71
143.12
12.22
154.76
35.67
242.60
38.69
133.55
122.86
99.25
110.39
354.66
148.17
34.32
15.48
172.93
91.32
109.96
118.46
174.50
40.66
268.69
161.33
382.75
227.32
129.64
88.53
260.67
51.83
63.47
98.75
271.74
75.56
95.94
127.20
82.02
474.50
52.94
98.98
123.98
61.65
303.96
21.16
273.54
176.11
81.43
27.85
162.08
139.31
703.51
68.70
169.67
17.89
88.75
575.22
108.15
177.63
102.25
162.74
217.08
23.21
110.98
672.74
293.18
144.90
31.59
145.77
270.54
149.24
59.90
39.45
51.46
86.54
723.74
80.96
90.52
291.02
36.07
123.18
28.55
17.39
10.73
208.05
70.15
57.23
117.55
143.79
345.88
123.16
280.82
437.07
76.12
34.72
106.06
537.89
373.05
112.26
30.50
78.42
65.29
52.40
256.92
48.22
91.10
38.71
120.60
811.21
62.65
15.83
156.09
85.02
128.57
49.69
28.65
41.44
45.45
232.24
77.32
98.67
120.29
13.30
208.52
111.37
63.13
54.30
197.26
65.59
24.01
35.23
62.23
331.03
33.96
448.21
80.22
54.71
178.64
100.23
109.69
534.35
229.14
38.15
208.50
19.03
38.43
61.28
11.72
103.15
515.60
125.45
239.31
25.40
67.77
154.73
127.92
36.24
64.25
70.84
32.99
368.19
67.31
25.62
38.97
99.46
251.62
33.07
636.98
242.74
135.22
20.29
99.76
229.02
418.76
73.82
124.38
39.30
102.41
259.02
82.73
37.26
228.46
127.51
35.44
107.71
140.66
88.98
93.61
68.49
112.27
34.15
188.29
58.36
160.15
219.93
113.47
119.42
93.11
295.35
95.07
72.53
75.90
103.33
88.47
23.78
25.99
154.12
92.00
204.87
35.83
170.67
64.16
43.17
98.19
94.18
161.24
51.04
37.90
49.14
444.89
22.31
63.70
24.51
126.54
64.85
295.79
255.55
64.43
125.63
651.06
364.57
97.37
120.35
70.21
562.14
65.60
73.96
73.18
85.80
29.55
69.58
78.69
98.74
315.10
54.68
31.17
186.07
120.36
77.77
159.96
93.62
87.64
15.02
49.24
197.79
251.55
34.98
132.45
108.52
841.56
127.19
114.18
78.58
98.44
110.90
44.49
67.58
53.13
369.06
113.72
54.36
263.40
207.52
14.70
173.29
140.49
89.98
21.86
67.19
160.21
34.32
83.19
228.94
18.02
698.58
147.55
172.93
156.94
259.73
136.59
37.07
24.22
92.11
90.26
87.31
18.25
147.79
66.84
67.87
144.99
294.18
243.83
125.58
59.15
336.09
530.87
161.28
119.90
51.26
46.40
29.73
421.32
163.20
110.74
278.33
53.73
29.25
67.44
309.51
36.86
84.51
48.15
34.17
94.48
46.71
81.34
84.64
86.52
97.28
107.47
114.73
201.94
147.26
372.97
162.71
40.74
62.60
123.74
340.04
146.07
21.50
98.04
42.67
243.43
471.68
129.62
133.80
80.61
233.09
425.22
102.25
83.33
15.54
87.10
32.36
73.67
234.03
58.23
340.37
16.90
37.82
195.82
38.06
322.55
121.21
147.67
147.15
128.66
127.29
26.48
55.70
127.09
12.56
87.13
94.00
97.85
199.90
162.05
376.81
290.36
38.38
91.96
62.99
172.60
107.95
60.35
23.07
73.00
359.99
89.94
20.47
137.73
641.52
104.13
153.36
39.60
99.91
111.03
186.62
91.60
148.65
119.30
44.77
57.72
44.90
76.05
65.43
255.16
120.57
224.00
396.25
29.25
23.71
54.97
386.91
123.60
423.23
109.15
92.12
40.44
108.59
118.38
78.59
202.44
67.51
64.00
41.78
167.34
157.21
53.32
74.47
129.44
67.35
136.96
88.40
29.78
277.25
346.35
75.85
324.39
209.09
78.14
170.28
679.17
210.49
58.00
59.54
45.69
149.69
181.81
43.99
107.86
67.37
68.34
73.97
108.94
629.20
92.90
158.06
100.85
85.69
183.10
79.36
81.43
108.67
134.17
133.60
100.06
88.49
30.06
43.92
97.05
245.70
97.72
64.04
78.09
334.93
126.03
184.74
119.18
87.38
107.01
42.89
103.56
34.17
112.06
75.44
137.82
104.91
144.65
121.65
322.17
276.79
74.35
72.97
73.12
19.98
72.40
149.16
500.85
117.48
193.12
75.62
136.61
108.18
77.30
77.56
72.13
135.84
88.97
55.86
155.66
360.28
251.07
63.64
317.13
85.05
125.46
92.61
68.16
109.47
100.19
54.47
182.67
30.10
18.14
136.49
132.87
90.23
118.81
126.92
84.75
244.08
40.33
126.44
103.64
48.19
118.73
97.27
77.52
96.61
133.03
135.36
149.29
245.31
84.48
121.00
61.74
56.68
54.02
36.75
72.63
88.04
101.75
46.50
538.91
29.33
53.20
29.97
392.33
176.88
332.64
129.92
56.17
113.67
30.12
77.90
129.51
111.89
66.02
87.38
81.80
81.45
28.92
159.45
107.02
250.50
362.23
239.92
44.54
48.52
63.85
110.24
102.08
91.07
596.67
95.42
115.30
682.76
54.35
318.65
33.00
225.58
76.96
144.74
37.31
18.23
41.99
30.32
95.61
194.94
29.29
108.11
112.69
94.13
89.99
92.01
66.68
19.21
29.37
53.64
110.58
160.31
481.76
158.52
156.30
128.12
145.94
174.23
51.86
12.55
114.06
11.70
52.78
393.31
137.55
77.62
141.04
88.10
71.60
163.39
11.82
77.30
75.53
51.96
100.98
65.33
95.79
49.35
47.38
28.99
23.63
51.70
59.82
60.05
45.24
548.45
130.71
89.69
70.52
158.78
306.41
78.59
91.01
98.91
120.56
87.20
616.43
131.20
353.10
461.12
33.20
256.65
195.66
58.97
95.08
116.97
107.65
77.73
48.30
254.52
393.80
25.17
85.12
27.19
117.92
144.96
167.72
235.12
120.50
101.08
126.01
396.25
105.24
117.43
68.58
53.86
81.34
214.84
161.04
98.84
84.64
204.85
51.05
329.53
105.27
100.94
78.63
59.85
37.53
52.71
150.37
87.75
133.94
94.62
160.53
131.83
65.62
120.98
123.15
37.91
214.43
180.56
85.71
135.89
51.76
324.46
110.47
78.59
44.28
76.39
167.80
99.23
179.95
137.75
130.00
32.06
343.77
164.81
84.76
128.38
41.76
22.42
91.77
18.87
102.35
50.30
158.26
72.86
72.88
71.55
632.49
42.29
124.80
290.35
44.43
46.53
110.42
204.08
123.21
778.98
34.73
38.04
180.77
59.43
153.40
245.62
50.78
141.46
104.38
77.86
156.90
182.21
458.83
206.88
45.30
45.26
28.43
254.71
127.85
133.23
219.55
424.42
39.58
39.88
152.99
393.92
97.89
58.85
106.54
165.37
46.43
49.87
129.80
157.39
74.07
93.51
69.54
95.82
103.92
23.98
304.46
439.51
87.61
17.24
85.99
168.03
303.17
73.92
185.12
137.51
206.38
18.60
45.48
86.96
21.36
254.71
217.39
29.61
53.59
49.03
34.45
150.30
27.59
195.90
198.26
57.33
18.71
136.45
307.54
113.64
20.50
116.55
97.93
69.07
362.41
307.38
103.05
44.54
86.61
23.35
41.59
155.68
134.92
430.44
769.95
289.49
121.76
143.91
110.52
114.73
176.84
187.13
168.25
110.57
87.04
554.07
32.90
75.79
47.17
93.25
103.66
145.92
90.29
147.20
24.54
32.74
90.45
234.28
127.02
120.41
44.37
75.48
314.57
128.15
117.28
288.27
49.78
155.00
43.58
55.03
72.91
161.95
36.72
54.43
332.07
138.29
114.41
107.68
47.91
109.53
365.12
329.81
88.96
64.22
142.65
114.80
562.65
168.39
94.99
174.44
38.52
100.46
116.77
553.31
126.04
100.21
38.43
79.75
38.75
52.48
41.64
14.32
22.07
153.42
44.10
56.86
43.30
103.26
167.04
161.59
444.18
60.09
120.02
83.85
54.29
127.20
73.13
64.62
50.84
484.94
204.24
145.69
97.42
59.05
93.86
57.44
88.23
169.31
294.95
130.42
264.48
69.81
47.57
98.57
788.85
29.68
176.59
30.49
84.46
332.67
74.95
154.02
15.99
30.44
50.61
68.66
100.40
123.80
107.47
56.49
139.56
81.14
86.34
110.99
167.87
287.79
29.22
442.76
70.18
67.10
84.68
29.35
66.09
31.16
30.46
179.38
334.65
80.27
14.36
18.25
44.52
95.43
92.37
151.91
45.54
127.33
161.62
149.92
155.23
63.79
417.15
23.85
89.05
106.16
77.46
146.87
97.04
65.60
98.55
275.35
13.07
58.21
78.83
70.40
129.47
96.62
550.43
289.91
194.45
99.79
200.99
104.96
184.27
87.84
58.68
63.09
58.28
37.10
51.62
34.15
47.52
209.83
128.60
132.42
150.49
286.13
187.39
124.65
197.04
181.06
276.79
126.71
43.04
44.71
288.46
170.98
35.79
24.28
125.38
80.12
121.47
242.13
225.01
91.79
95.99
118.90
112.05
44.33
43.26
293.50
316.42
11.88
122.50
398.97
401.72
69.50
101.54
296.74
96.77
219.97
90.24
164.31
35.55
181.55
250.50
24.66
101.61
97.18
253.19
28.29
328.03
145.19
177.41
119.21
513.43
213.69
92.05
562.73
186.92
55.18
40.54
172.13
123.48
106.23
111.94
318.04
385.11
57.68
64.49
45.05
23.16
103.55
151.03
67.47
84.00
100.75
554.21
98.16
42.38
13.15
26.90
87.52
37.44
103.33
310.71
353.23
154.64
121.06
21.40
51.42
55.41
58.38
89.18
56.57
48.84
181.30
304.70
107.43
96.21
98.02
83.81
91.85
169.61
126.56
78.04
390.81
95.36
76.05
119.03
177.20
107.59
73.07
266.10
284.80
70.51
256.57
157.83
69.42
165.64
187.18
46.65
29.17
82.44
33.16
297.17
58.92
414.36
117.02
68.53
148.74
109.76
175.90
170.07
687.18
110.59
143.26
51.87
106.66
38.81
752.92
79.65
62.35
625.08
154.11
19.30
59.99
139.79
460.89
17.49
66.95
347.84
29.38
128.49
117.97
28.38
81.76
132.09
165.73
94.29
61.46
143.65
175.78
93.23
49.90
74.73
99.95
13.23
83.38
78.69
60.36
57.84
110.99
108.09
85.85
313.13
109.86
86.58
749.68
119.38
82.32
90.87
106.81
109.80
33.09
87.21
81.57
70.06
245.50
57.32
78.20
23.60
16.43
142.52
11.74
107.97
91.85
48.43
26.66
98.22
191.07
79.51
299.15
76.13
58.03
55.06
19.30
323.56
63.04
272.05
164.08
204.25
469.95
100.43
92.28
60.02
64.61
99.75
211.32
227.52
114.92
35.16
117.35
75.35
267.40
166.93
114.79
76.37
158.06
664.34
88.36
157.47
720.83
413.15
100.04
129.90
35.57
438.89
78.21
15.57
207.21
157.20
126.32
62.67
175.10
96.74
199.06
63.89
361.37
51.97
83.90
53.27
19.30
53.15
106.84
213.58
85.67
241.25
95.29
39.51
150.77
252.36
44.63
17.05
79.04
80.88
34.29
35.78
44.56
72.16
75.48
35.78
120.83
88.99
69.73
29.20
156.95
42.55
114.49
191.39
56.10
128.83
532.05
109.62
52.94
89.97
23.40
281.36
662.02
410.70
22.53
448.23
88.01
84.49
126.88
329.35
81.24
205.20
30.43
126.79
74.71
58.48
137.37
91.14
168.86
269.45
44.68
78.47
43.62
24.93
644.91
91.92
56.66
149.08
200.40
23.71
19.41
60.72
128.20
26.31
108.52
27.34
20.07
93.73
31.27
56.34
29.47
50.02
142.51
137.97
125.83
103.37
43.60
185.97
49.59
167.02
129.39
122.24
302.68
39.59
27.06
109.00
99.02
54.72
169.47
199.48
77.45
103.14
154.07
120.53
140.37
24.18
167.92
72.66
42.76
70.86
230.81
60.48
42.17
28.51
90.60
31.69
540.91
173.80
121.21
58.09
15.71
238.31
83.81
208.96
70.99
51.19
70.74
53.77
189.09
100.99
139.42
145.47
81.68
97.60
23.78
239.60
119.82
51.54
58.80
167.44
926.33
47.18
157.62
97.12
36.41
131.28
190.36
69.03
47.48
290.41
166.55
93.05
75.82
117.85
101.49
358.84
123.85
64.96
112.16
65.40
767.83
22.52
141.43
67.72
49.41
31.66
85.08
189.08
170.67
52.38
60.55
144.40
53.12
122.67
73.20
134.68
28.59
81.28
80.63
125.81
59.28
39.08
38.65
42.30
23.21
53.38
47.65
34.40
70.42
54.46
17.37
99.58
436.04
73.76
135.94
493.26
85.29
60.41
113.26
77.14
25.39
28.88
670.44
75.29
73.24
190.63
57.55
174.17
81.56
54.12
80.99
111.00
74.94
104.62
59.13
104.75
75.45
692.98
38.08
14.85
18.18
308.99
47.48
295.41
35.33
28.83
178.01
27.79
81.12
92.33
70.37
116.00
21.34
822.79
389.43
63.93
193.19
211.91
125.15
137.58
190.18
84.34
89.82
46.66
17.74
23.66
203.78
409.00
31.32
95.72
45.03
15.90
392.35
35.69
11.80
29.48
105.95
75.74
139.94
47.74
73.74
283.90
314.12
114.35
49.39
682.94
153.16
44.66
34.09
159.21
24.88
112.26
50.28
383.35
133.40
188.50
201.86
122.89
45.85
267.89
137.25
54.91
76.16
87.52
64.17
96.06
19.68
71.64
125.08
94.14
306.00
44.50
135.69
58.58
89.68
62.10
68.51
29.91
99.58
72.50
78.61
71.50
12.89
26.04
155.84
60.76
106.77
68.94
103.02
84.92
58.68
84.28
52.40
79.78
16.32
94.59
69.91
163.51
25.63
78.04
152.22
82.88
234.66
44.38
95.08
123.58
93.27
90.47
58.24
76.79
28.47
216.26
60.98
15.01
309.37
108.10
102.63
177.16
21.23
72.31
85.42
86.53
162.75
206.55
68.66
19.49
161.58
306.55
104.50
31.94
37.18
35.24
89.85
85.24
164.88
33.42
85.65
62.30
148.64
25.77
305.34
428.72
16.85
156.69
49.97
110.60
30.33
89.77
34.19
370.19
93.61
97.09
459.16
90.73
61.14
93.95
40.26
56.73
76.08
305.85
532.58
107.93
137.56
108.92
93.84
64.75
44.93
46.23
108.49
25.86
93.75
139.85
198.38
97.33
242.55
83.02
99.69
171.72
19.51
92.97
73.24
145.07
140.08
22.25
24.71
34.34
47.89
85.68
124.58
748.86
33.20
37.46
182.43
23.40
37.88
40.98
111.56
208.98
463.32
63.87
79.94
55.25
91.56
122.97
257.80
30.80
33.05
88.17
124.60
122.61
67.79
104.70
51.16
105.76
30.53
311.95
126.90
180.48
48.47
23.23
800.05
422.28
27.06
63.69
124.63
109.28
191.06
141.56
43.08
75.06
206.04
95.13
81.08
222.93
96.98
35.61
44.27
81.80
126.62
150.54
63.12
116.65
34.70
77.24
89.33
44.17
26.20
66.56
78.70
111.31
21.01
46.17
84.11
85.61
77.62
50.98
183.67
406.71
217.02
410.84
70.86
52.57
199.20
50.50
694.99
98.39
122.97
196.84
212.71
131.79
40.39
280.95
32.32
180.95
50.05
153.86
60.31
315.35
455.92
14.94
42.81
289.11
88.60
93.74
43.24
67.48
111.12
84.12
85.57
157.45
34.69
48.67
111.05
238.66
573.12
70.81
132.51
27.75
481.20
90.74
27.17
279.58
15.79
97.02
71.40
46.51
184.43
188.11
89.97
106.10
47.14
79.19
142.90
70.31
260.98
627.27
20.95
216.51
20.64
108.02
108.33
158.32
30.80
89.21
366.13
73.87
78.59
100.94
364.97
45.41
76.92
90.90
70.92
108.93
109.40
96.39
71.64
262.53
430.35
48.75
182.55
170.25
87.82
44.65
95.92
48.79
270.95
146.02
33.29
98.28
414.54
48.44
113.82
82.87
67.87
100.20
109.77
52.42
81.84
38.94
91.36
238.91
81.21
94.80
30.53
82.09
54.09
23.92
80.18
42.84
59.71
10.99
90.17
580.88
86.79
568.38
47.24
276.58
142.27
59.78
55.31
45.73
121.70
71.74
47.76
144.55
67.84
130.88
87.51
52.29
160.25
55.98
41.64
38.72
68.20
211.20
130.15
202.57
72.41
119.56
46.39
20.28
81.57
181.90
273.17
63.92
216.18
89.84
140.23
78.77
108.46
162.12
33.66
53.66
107.86
98.86
99.38
177.28
249.46
112.46
20.64
124.31
49.15
78.31
330.34
91.95
114.40
353.81
85.33
57.24
164.00
52.64
25.02
263.96
73.56
185.58
106.62
55.43
44.71
639.49
76.53
134.97
100.13
122.71
105.32
27.43
161.83
764.26
316.26
15.97
78.56
209.82
65.13
32.89
128.84
53.15
497.87
15.24
64.53
121.26
58.52
54.53
321.19
142.18
75.89
75.99
83.85
130.94
150.45
202.74
891.73
825.44
59.29
110.16
84.98
62.99
56.09
139.47
73.85
110.36
143.78
94.56
115.14
77.01
65.35
216.26
23.98
137.43
46.62
152.15
21.16
48.84
224.25
25.34
103.05
379.68
72.25
165.05
299.70
93.58
33.23
71.87
227.13
155.54
104.97
48.93
92.71
754.41
132.99
54.98
94.95
523.96
25.49
53.91
79.27
136.59
513.06
200.10
84.62
78.42
52.24
22.32
78.62
116.96
86.02
135.54
114.58
210.15
181.49
26.32
76.01
56.14
127.52
145.69
209.38
668.82
46.71
50.34
55.62
285.20
34.72
17.51
143.90
130.34
67.50
109.52
65.38
65.18
80.74
108.91
47.15
294.72
113.53
46.92
82.73
122.87
60.92
35.68
94.65
63.83
228.29
324.30
41.80
96.69
223.14
92.69
299.81
142.56
254.82
21.47
273.79
147.46
815.13
98.09
32.47
338.33
20.04
141.85
183.26
72.15
113.43
153.12
121.61
63.00
290.88
36.86
93.88
107.87
48.93
37.52
95.08
115.34
183.04
54.59
103.30
87.43
96.59
97.74
63.68
534.49
63.96
72.51
231.13
258.62
84.70
164.03
40.06
118.49
70.20
222.79
131.81
127.63
256.66
14.65
611.85
85.00
38.06
96.00
220.33
242.49
165.09
146.63
26.82
57.16
133.30
36.92
46.38
466.44
79.35
111.39
286.23
78.38
87.92
46.91
112.98
341.66
122.73
17.38
85.32
64.69
104.52
42.33
48.45
34.62
17.69
23.55
72.91
97.93
143.59
99.34
707.45
48.82
66.11
151.38
42.50
55.03
53.00
146.27
144.89
147.42
148.89
137.19
192.73
54.93
554.46
68.43
95.06
165.53
200.86
313.07
43.25
141.90
104.42
314.95
13.66
42.94
103.53
163.12
105.75
125.50
165.39
225.98
134.79
40.20
168.71
106.84
204.25
57.62
77.00
52.20
100.20
51.03
58.79
56.22
132.02
45.29
16.03
433.67
194.87
82.12
83.62
123.25
27.92
56.05
96.54
25.87
247.41
44.75
89.62
94.28
27.43
35.97
348.07
205.11
24.20
142.34
90.61
51.79
80.94
45.68
156.88
62.70
371.37
124.25
84.32
63.36
76.89
182.15
171.02
230.47
54.64
858.15
83.34
118.68
278.90
85.13
126.75
78.88
130.96
65.18
101.37
26.55
25.14
33.38
158.16
122.05
443.54
77.03
349.83
64.07
41.57
83.33
201.37
328.33
223.99
73.56
198.18
36.92
65.12
587.49
516.83
139.20
151.02
67.13
148.63
31.45
47.42
121.63
78.04
280.08
71.29
94.48
49.35
35.79
190.07
31.87
86.19
287.83
158.97
67.05
33.84
44.43
182.07
91.46
269.11
779.08
324.66
110.11
81.18
190.06
217.79
133.62
69.48
112.77
717.39
118.98
120.64
115.30
55.90
88.65
77.03
187.36
41.66
54.11
80.57
232.01
433.31
22.98
153.20
84.25
412.40
147.10
53.33
96.38
96.93
39.14
84.37
116.69
40.03
21.48
61.32
59.60
10.56
322.08
76.72
68.53
55.48
24.09
25.72
97.90
74.11
25.33
77.20
51.24
28.89
56.30
256.84
47.22
96.24
102.41
94.56
116.00
337.66
124.48
52.05
222.38
364.78
88.57
162.78
134.73
78.40
128.99
277.62
88.43
172.27
180.22
197.23
75.71
266.30
99.92
88.40
158.80
40.45
21.85
26.70
60.97
38.40
193.55
127.08
110.84
99.47
55.09
117.43
180.88
200.32
45.61
85.04
27.15
81.83
47.84
124.54
18.30
132.25
77.16
98.35
99.84
24.09
22.12
104.95
145.71
121.68
15.09
173.44
87.49
90.40
192.06
86.28
215.72
146.06
370.98
104.38
32.80
99.29
74.91
286.24
443.70
116.39
111.58
159.43
28.51
170.55
180.00
94.09
97.88
58.46
242.25
122.26
74.44
140.50
109.01
87.20
57.17
84.22
67.86
66.65
158.22
68.68
118.84
45.17
67.32
97.85
95.89
64.16
129.73
67.54
67.54
98.02
64.26
130.49
87.64
159.00
49.84
173.40
131.20
50.86
155.92
95.20
46.64
676.06
275.55
35.06
132.79
214.49
80.76
231.61
181.95
154.86
88.79
278.86
163.27
103.71
180.10
26.69
83.20
151.98
220.79
71.84
96.87
171.69
819.80
215.87
251.37
393.48
190.22
51.26
49.61
30.18
41.25
34.76
69.76
78.70
49.18
293.26
93.72
29.36
41.18
19.14
18.56
87.91
47.03
134.85
71.46
39.09
141.05
231.84
12.07
160.87
76.09
155.87
28.78
71.88
238.15
260.31
212.29
210.69
193.47
229.83
90.98
16.04
211.69
17.01
108.42
30.08
213.51
105.83
17.00
134.45
232.96
117.59
87.32
98.05
459.95
231.85
167.76
103.70
54.97
36.82
164.01
92.38
807.02
95.87
51.26
130.41
122.67
152.84
32.21
172.20
60.34
93.77
475.60
74.72
319.90
52.22
97.52
19.54
47.21
58.10
63.09
174.27
118.45
225.58
80.84
48.89
79.38
144.38
76.29
151.94
208.29
755.75
189.58
124.00
43.90
132.02
70.80
74.34
39.82
55.25
160.93
64.04
119.20
93.25
401.87
20.71
90.51
108.04
152.21
32.18
91.97
40.25
248.38
87.81
36.21
92.15
21.79
77.79
100.20
14.50
78.90
24.75
312.61
58.56
172.09
175.88
65.58
146.01
42.20
152.23
99.16
452.54
554.02
30.80
14.20
36.12
240.86
98.49
169.97
50.14
73.71
124.40
18.70
63.96
646.33
11.58
116.34
77.90
41.24
58.87
424.26
53.26
56.23
88.08
290.72
36.47
501.45
24.76
674.45
40.64
14.39
55.34
99.96
260.24
599.78
96.85
33.62
504.88
44.68
604.40
53.06
113.36
118.96
23.36
44.34
942.71
97.82
290.80
22.39
201.41
163.61
120.58
175.68
459.59
54.66
292.91
171.70
65.59
59.64
32.75
103.85
43.37
501.27
56.67
112.83
32.97
184.36
132.05
49.91
23.03
285.82
79.18
97.30
48.16
40.53
78.79
54.88
93.64
42.18
66.94
188.91
129.62
155.18
251.39
395.99
94.13
45.48
14.13
76.06
235.20
110.88
19.56
21.43
94.47
64.24
67.45
34.08
79.37
107.17
196.66
112.71
487.60
130.05
25.83
531.24
137.07
81.89
112.44
412.39
39.63
68.99
81.34
87.27
89.04
129.59
451.77
97.13
89.94
172.88
122.46
92.87
84.82
83.75
180.42
463.18
105.54
122.25
328.47
70.02
92.48
82.96
92.52
36.68
214.16
137.23
88.73
74.28
161.02
490.81
117.37
145.22
71.84
88.20
123.45
233.16
137.42
128.60
21.43
112.49
221.72
15.07
255.29
84.56
63.16
96.00
173.86
97.99
164.20
72.63
335.87
91.20
181.83
22.67
69.77
17.55
164.09
35.92
166.57
126.39
28.09
162.77
58.53
19.20
22.90
175.17
24.92
29.26
85.71
439.33
255.80
42.66
365.56
38.93
103.21
42.99
31.69
250.40
173.54
52.79
11.34
180.97
429.09
152.20
216.97
46.98
451.80
500.05
123.40
88.76
69.33
304.25
53.17
114.73
895.83
186.92
92.85
327.33
261.23
52.25
567.67
249.26
41.69
74.64
126.98
58.83
184.06
92.24
30.76
92.22
38.79
144.04
80.20
278.27
207.06
20.99
265.42
456.59
40.58
115.62
175.69
105.40
87.00
95.28
87.03
134.30
98.95
44.83
696.46
15.35
272.64
217.43
177.34
292.23
588.29
35.05
135.56
537.89
272.61
156.51
55.74
20.88
19.12
56.90
120.98
166.09
228.95
523.52
318.86
52.89
52.00
188.91
27.37
119.12
139.30
104.72
71.06
41.85
216.35
133.51
185.40
220.78
49.90
426.91
22.81
91.86
208.89
115.66
28.45
33.41
73.78
55.51
103.88
34.34
33.65
24.92
108.58
193.40
33.00
350.77
129.41
320.93
67.63
154.42
100.60
92.54
160.82
89.09
95.23
12.76
135.13
42.87
47.99
234.27
64.52
452.67
161.98
35.12
68.65
23.75
31.64
157.19
53.69
23.04
89.69
104.89
341.96
329.02
30.57
139.35
221.10
141.56
117.86
86.81
78.49
41.42
171.78
87.89
180.68
87.20
244.01
56.10
276.56
140.46
42.62
134.13
118.61
210.00
99.87
150.73
364.63
120.73
64.40
133.88
63.83
372.39
96.00
231.76
122.84
38.89
44.59
46.97
128.87
99.78
99.54
81.73
80.52
277.72
127.29
485.90
58.25
67.34
58.82
67.98
81.45
155.89
104.61
136.48
81.33
141.39
104.45
160.53
74.57
313.12
37.38
66.39
73.45
15.98
117.90
211.09
83.74
50.34
516.86
95.44
80.75
54.61
41.34
16.40
42.43
32.02
97.84
113.94
27.55
30.64
85.42
91.76
86.64
30.57
285.80
39.33
99.55
172.38
44.63
108.55
226.44
211.69
221.24
573.55
72.34
64.54
32.17
33.51
142.05
166.66
230.59
165.03
363.49
129.91
25.06
163.61
80.12
267.86
70.05
186.74
221.36
39.52
268.24
155.58
192.94
36.31
24.14
24.39
22.03
80.46
16.06
283.24
75.40
153.66
115.87
353.09
191.33
48.33
226.79
75.71
192.54
33.70
83.07
915.04
193.23
60.06
124.92
125.48
121.96
342.02
35.75
90.09
31.43
118.29
30.76
340.97
127.47
117.44
79.20
163.08
403.40
54.19
31.21
204.60
143.46
72.17
332.86
107.41
51.63
160.32
139.16
382.87
78.45
202.98
222.82
46.08
68.06
233.09
86.73
54.72
159.88
96.92
285.99
93.31
227.96
103.15
79.48
50.90
606.79
21.74
26.57
223.73
46.00
31.06
119.83
285.71
177.47
247.92
248.74
116.82
494.12
108.38
35.15
91.63
246.58
78.92
169.80
320.10
192.43
312.15
382.80
53.21
80.05
132.40
165.26
197.78
135.48
12.63
93.30
102.07
183.11
95.06
120.61
51.51
136.17
52.27
251.68
85.26
42.15
98.85
406.31
58.36
74.08
210.50
328.22
53.92
152.78
48.20
141.95
21.97
37.79
138.61
174.88
381.35
397.36
17.90
47.32
284.24
310.45
51.46
232.62
186.65
59.68
35.96
215.90
391.59
44.51
126.43
244.16
29.97
46.59
212.60
42.56
222.52
61.76
114.25
71.66
44.74
45.64
39.58
53.56
105.21
149.55
397.67
514.35
84.37
101.89
183.62
111.91
50.00
449.06
91.03
148.93
28.45
38.45
342.09
153.23
323.63
28.21
143.03
42.77
222.74
133.92
69.95
104.75
31.42
12.49
23.63
77.82
54.94
37.42
177.94
114.71
37.82
27.46
31.42
390.38
122.09
162.43
43.99
144.95
192.11
54.29
99.42
82.91
23.43
164.88
23.92
94.76
683.64
179.20
244.86
29.09
21.18
40.62
88.06
226.96
18.16
185.32
68.28
157.94
511.48
194.30
68.51
380.49
136.61
123.75
202.15
254.26
115.66
123.07
620.48
58.66
38.99
202.94
197.53
109.36
178.81
90.21
103.78
287.30
111.05
126.79
155.16
228.22
245.03
35.99
169.52
176.32
322.70
22.22
528.14
147.96
11.11
65.33
120.81
108.16
92.41
812.48
196.11
69.44
560.84
160.38
69.00
236.75
446.97
151.59
170.83
79.17
137.08
181.97
121.03
312.03
120.08
126.84
122.45
117.86
276.65
126.77
685.67
288.30
113.77
96.60
143.20
102.99
111.01
71.73
158.83
78.52
115.61
508.10
41.45
62.26
60.07
101.57
285.32
222.81
446.34
150.14
73.74
154.94
375.23
74.85
251.26
107.13
134.95
193.29
155.50
318.43
106.22
192.89
19.68
110.63
102.91
97.28
110.95
267.68
150.57
161.24
134.95
209.67
255.25
189.37
40.04
350.30
32.68
85.23
388.18
300.61
36.71
29.09
78.68
42.23
52.44
104.81
110.28
82.05
103.76
311.84
69.89
58.15
260.83
680.60
134.28
130.32
83.76
83.79
184.76
67.71
43.62
113.27
95.79
78.01
57.43
55.49
106.54
53.72
86.88
62.50
98.93
34.36
387.07
29.93
196.01
214.88
828.77
114.98
194.68
82.43
72.16
132.93
36.08
96.83
186.86
67.88
231.37
13.70
35.35
30.02
20.99
120.97
110.86
80.01
195.65
27.89
269.07
79.10
703.75
46.61
82.05
73.09
43.31
115.47
136.86
43.08
105.44
22.07
116.30
43.93
51.48
192.72
744.80
162.06
137.03
97.36
260.24
185.74
96.09
200.19
926.24
44.77
373.93
74.95
44.96
133.54
169.26
268.42
120.81
62.14
286.30
54.55
32.48
44.13
115.37
673.08
148.77
89.04
163.42
19.50
91.27
70.41
60.96
28.77
55.45
102.18
153.47
343.03
52.42
61.71
61.69
59.68
250.40
287.21
211.56
27.25
108.88
97.35
43.66
54.01
71.92
597.74
102.79
30.15
215.59
188.10
31.99
158.71
48.37
52.13
52.52
185.65
63.56
30.18
30.83
152.97
109.97
33.41
185.69
318.61
75.44
16.84
158.98
120.12
57.35
137.27
112.19
447.32
70.12
16.61
75.10
64.27
192.94
96.82
39.23
118.63
31.82
45.25
102.26
99.72
201.80
427.04
244.66
19.90
213.13
60.19
62.38
98.30
184.65
371.89
140.85
320.37
107.26
191.89
184.04
65.47
107.34
41.17
151.78
87.92
193.98
322.86
125.95
114.60
91.74
47.86
455.46
45.34
93.98
62.25
69.05
54.63
414.91
274.11
143.68
292.03
79.56
158.75
94.53
145.32
110.52
96.29
198.14
140.41
66.24
66.22
113.36
268.20
23.84
87.49
124.76
251.84
409.73
184.66
16.00
48.53
97.02
82.23
589.18
95.29
549.44
138.25
100.33
348.98
178.27
48.71
96.33
99.19
124.84
102.89
199.73
528.05
82.39
298.33
200.46
144.28
105.78
98.43
15.74
48.63
109.08
232.73
214.69
171.57
796.00
149.31
500.02
127.10
131.95
154.48
100.46
51.43
40.95
85.65
110.10
94.61
18.39
73.35
30.25
137.31
43.14
121.28
85.57
102.77
94.14
119.62
197.20
94.75
120.39
73.00
610.77
226.05
69.42
53.46
40.65
182.94
112.04
565.22
70.19
61.72
82.44
57.27
20.66
40.09
42.01
113.76
96.37
123.99
62.91
87.68
357.21
363.21
43.62
80.82
189.55
115.48
273.39
70.52
233.04
144.10
32.63
154.63
77.19
22.93
100.73
98.48
282.91
140.30
45.18
69.07
788.31
23.34
327.65
58.22
127.81
31.39
123.58
122.82
90.89
110.51
78.70
29.00
29.81
73.04
370.29
67.13
119.34
733.39
53.61
23.85
245.14
247.08
188.01
146.93
890.38
144.85
155.14
124.90
96.67
115.76
21.55
49.04
457.26
312.58
98.59
201.10
197.37
53.12
438.11
153.72
166.03
251.80
97.98
104.00
40.67
107.15
87.09
32.78
66.08
169.70
137.40
81.32
93.56
163.71
393.98
205.09
96.29
134.43
283.28
89.62
32.55
94.68
146.82
162.21
45.98
69.02
108.52
109.14
108.56
264.40
95.31
63.76
49.18
73.99
23.62
85.44
214.33
81.19
196.53
78.40
112.74
131.43
118.18
98.04
103.42
123.92
94.87
63.84
116.21
180.83
39.53
290.39
104.52
177.32
149.12
105.72
106.68
20.59
294.75
205.33
579.22
167.08
723.76
100.90
36.22
136.02
218.67
39.57
203.59
84.38
47.81
106.54
79.07
72.99
453.56
333.22
113.51
107.50
145.52
261.46
329.46
37.58
43.88
86.37
124.92
37.81
47.34
46.58
75.72
60.00
450.35
106.35
340.65
144.85
157.37
134.53
225.21
111.40
187.72
24.91
40.36
330.74
234.08
171.39
200.87
49.57
397.76
36.49
124.25
73.67
37.18
69.62
102.70
190.51
82.70
73.32
59.58
144.71
488.19
24.08
92.57
67.67
97.60
373.57
140.06
47.21
387.38
56.35
368.84
93.54
109.86
74.27
86.78
78.21
142.38
63.82
35.16
59.17
89.91
52.47
180.84
55.05
96.52
38.68
71.41
657.91
28.53
479.27
114.58
43.83
102.82
57.98
53.99
69.56
22.57
155.59
166.59
77.21
65.50
76.52
107.07
98.60
54.41
201.29
202.10
106.80
112.70
359.79
107.88
513.97
98.30
126.55
210.08
269.24
809.09
150.42
126.05
183.15
217.17
37.30
202.09
162.95
20.87
127.28
28.97
307.66
203.23
53.92
313.88
919.46
76.36
25.99
66.28
33.34
16.72
291.65
48.43
206.34
85.54
108.45
311.38
78.02
318.54
37.50
129.02
104.33
46.80
80.52
20.26
128.67
218.29
194.77
61.95
81.91
114.29
135.46
80.61
88.95
64.93
76.54
96.96
68.89
56.19
92.39
57.39
330.78
65.03
101.37
26.17
132.51
190.79
47.58
42.65
95.79
271.73
200.15
696.11
95.12
270.43
115.24
73.54
314.06
35.31
78.58
37.23
163.93
77.94
30.98
55.73
116.67
29.11
141.34
78.82
163.51
24.50
284.69
86.33
229.47
125.88
191.91
80.51
108.70
54.97
27.98
129.77
20.70
108.27
14.90
31.33
16.54
44.44
77.21
62.58
206.11
114.89
49.25
390.73
70.48
39.05
59.97
132.52
267.50
247.57
151.95
212.70
23.39
141.74
107.99
142.96
65.25
163.78
123.46
28.70
335.47
81.14
117.92
395.70
45.38
26.55
192.11
278.61
145.48
193.68
76.58
30.07
108.63
24.66
106.55
179.25
38.62
41.85
24.01
24.70
249.99
26.51
70.38
23.54
200.36
20.26
35.46
132.81
414.34
71.07
29.30
161.02
251.90
19.80
26.52
94.04
85.54
85.62
100.82
12.82
97.96
117.94
15.36
178.37
69.27
539.82
35.91
265.88
121.95
40.81
75.34
367.79
55.80
33.67
69.83
38.24
99.27
150.16
97.07
160.19
61.62
689.91
61.92
138.81
37.75
212.22
16.30
104.02
299.93
444.21
81.94
101.13
71.50
92.46
72.82
19.94
93.49
97.52
55.35
50.16
100.41
43.99
137.72
267.37
36.59
127.98
29.83
285.59
56.99
67.89
45.05
109.31
44.63
147.44
154.11
165.73
100.92
668.26
119.65
79.45
362.45
131.46
63.84
72.27
105.17
74.99
102.46
480.01
182.44
438.30
69.55
80.10
18.58
98.38
206.26
102.65
415.13
375.29
326.77
336.91
371.03
38.90
42.09
76.80
499.23
107.96
325.05
92.12
101.59
126.45
76.85
549.51
62.35
23.79
507.55
130.47
235.48
80.35
55.79
57.19
27.35
625.64
89.19
67.58
315.69
83.72
18.68
319.68
95.65
192.29
178.81
82.38
142.24
653.28
87.94
130.05
35.43
129.48
82.20
42.95
56.46
37.03
180.31
170.31
84.90
57.15
57.42
101.41
118.68
54.52
186.02
107.82
477.84
754.65
75.48
111.40
162.58
64.64
36.36
207.00
124.98
225.47
250.84
38.51
122.56
42.00
17.21
83.82
85.68
46.58
25.52
188.31
90.93
120.20
14.40
102.55
73.57
509.36
31.55
21.50
529.29
362.33
90.61
153.32
114.63
61.62
85.69
96.05
57.89
62.45
241.98
19.54
170.61
71.52
81.59
94.92
145.35
86.12
59.42
167.43
105.96
144.40
129.97
93.77
313.56
118.53
342.52
39.45
178.35
17.20
173.07
87.06
230.16
103.82
110.91
140.07
479.53
192.43
230.84
176.51
92.29
15.03
152.76
367.89
30.31
86.11
75.96
193.26
315.06
56.40
148.04
62.47
266.96
74.32
152.28
93.75
68.63
312.65
241.36
91.04
129.12
30.97
406.91
15.18
55.12
930.64
84.47
50.39
218.56
166.47
128.33
708.74
38.97
105.93
103.66
186.49
460.16
124.02
93.10
66.66
184.49
26.61
142.85
70.13
52.19
182.33
63.10
63.24
131.55
85.93
244.14
42.83
168.34
450.95
118.46
385.68
73.11
101.59
70.01
76.31
100.25
228.28
51.43
89.69
17.12
115.23
80.15
115.15
97.29
93.84
79.90
49.97
36.43
86.17
55.16
525.82
97.56
19.39
233.86
97.48
41.75
304.88
37.02
30.56
24.19
41.86
144.41
101.98
22.65
64.88
159.93
325.91
73.03
177.32
383.02
124.01
232.24
197.81
293.28
23.85
28.47
258.64
32.78
118.73
122.63
168.48
127.08
372.66
67.38
147.23
156.11
114.37
234.68
52.95
149.32
24.01
96.54
55.29
156.76
84.83
21.77
63.32
112.33
50.34
56.97
182.72
196.14
49.00
47.10
116.07
235.82
92.93
764.69
45.76
94.88
34.26
78.65
229.53
28.67
297.40
44.27
104.59
245.53
122.23
103.19
56.66
125.28
82.27
26.77
114.14
132.50
256.22
65.90
99.41
320.84
124.10
83.19
109.94
69.45
86.54
38.65
119.09
33.41
94.03
283.25
285.28
84.89
114.35
174.88
401.81
47.14
40.22
103.50
126.04
398.11
79.46
29.07
259.16
313.38
60.48
199.71
105.05
50.94
65.78
25.42
102.58
66.25
24.39
88.46
303.56
89.92
200.10
60.31
92.40
68.48
118.45
173.35
181.48
123.36
59.10
34.20
136.63
130.70
29.94
372.17
531.91
54.01
870.54
138.47
191.99
30.77
99.08
159.68
143.15
67.08
25.77
243.68
50.34
62.67
208.33
103.78
126.54
119.29
140.61
813.51
115.85
177.95
84.59
378.40
182.96
203.48
24.33
37.10
89.28
109.18
280.75
699.80
46.79
84.20
18.65
43.71
97.46
38.86
42.66
109.55
103.94
97.66
84.00
24.83
43.57
132.95
163.44
113.50
84.46
64.43
43.81
206.74
94.08
59.53
85.72
38.26
136.50
93.94
89.07
56.91
40.23
65.87
110.68
44.58
69.10
129.06
42.59
19.42
128.52
41.91
261.76
93.88
16.71
74.45
115.52
318.51
41.16
81.86
183.69
89.75
47.75
68.07
143.58
174.67
91.50
22.89
48.48
103.04
127.04
384.91
13.46
228.86
219.56
149.59
51.60
15.83
96.99
229.60
44.72
257.94
526.48
89.45
299.13
38.90
90.28
83.34
22.96
23.89
55.04
41.90
48.61
54.25
196.69
12.79
37.73
40.19
15.10
138.94
64.30
596.27
252.62
115.60
38.55
70.10
18.67
203.20
160.20
113.40
17.97
261.13
87.90
381.91
85.91
47.79
45.53
23.35
63.63
65.14
123.15
32.73
54.40
56.57
286.34
32.46
108.92
217.62
46.08
221.79
55.23
259.75
102.36
113.63
98.66
69.85
83.66
49.91
58.71
28.07
165.41
495.60
145.35
152.83
73.13
137.99
129.85
298.59
213.54
100.76
155.70
51.48
119.31
51.65
335.88
73.09
60.39
72.40
40.93
514.99
217.39
75.58
48.98
467.76
28.96
164.66
16.59
71.90
59.90
88.22
113.38
215.81
37.64
25.25
245.90
155.13
152.88
82.31
162.19
386.33
98.25
191.85
317.80
189.03
88.84
102.03
158.18
97.24
39.48
53.40
381.81
212.39
68.05
89.46
111.44
186.05
33.91
19.61
148.62
58.97
86.92
247.68
150.52
220.29
76.91
150.94
49.83
87.80
31.46
95.39
75.61
370.04
84.42
101.93
117.18
54.03
325.88
86.66
40.96
51.98
64.52
191.57
82.57
22.57
115.63
91.04
110.20
112.44
26.41
176.39
68.33
21.87
598.80
50.47
203.85
426.05
561.95
254.88
141.09
149.38
252.64
39.53
72.84
454.52
75.36
155.75
114.75
137.67
260.36
86.24
120.18
178.53
65.80
99.07
28.55
182.74
25.52
196.51
60.48
393.75
69.16
276.80
302.47
84.11
59.29
17.78
22.48
77.67
286.27
160.08
228.00
537.35
25.80
207.09
86.71
97.50
303.78
37.92
44.96
173.21
108.15
153.64
445.32
154.99
43.20
