183.54
132.14
289.06
64.71
106.19
156.56
80.85
104.89
59.85
44.76
116.66
106.40
54.01
80.16
88.67
146.09
99.10
59.29
171.97
152.00
72.39
204.12
23.42
265.82
375.16
638.70
60.77
344.64
36.62
177.45
92.82
33.11
44.97
191.53
58.69
134.46
41.99
48.16
72.48
207.70
17.48
21.64
235.73
68.72
92.53
60.12
203.76
109.01
103.53
108.18
33.83
304.84
236.80
59.03
85.41
53.20
48.47
311.79
93.36
59.66
76.80
51.24
24.88
19.05
131.82
30.00
83.96
200.41
237.19
407.93
176.57
47.62
280.94
137.76
209.54
114.38
22.92
33.95
255.27
172.98
24.99
19.02
129.36
13.47
90.34
106.45
38.95
101.52
59.44
120.21
116.27
145.10
17.20
171.37
120.85
194.70
15.26
61.41
58.14
252.97
645.61
528.69
116.23
70.40
128.68
409.42
169.49
18.16
277.35
74.89
31.83
179.92
89.75
150.26
174.95
122.87
105.49
871.90
332.73
105.09
41.47
16.71
113.07
75.16
83.33
72.60
40.55
71.83
241.88
70.63
419.61
43.57
79.68
43.34
170.74
583.59
134.70
24.61
169.05
150.23
192.26
157.59
58.08
42.54
69.11
77.29
14.58
110.98
88.39
128.23
63.84
56.79
100.46
580.63
106.33
38.82
19.75
30.94
477.07
119.42
100.27
64.15
38.05
45.19
69.51
22.31
69.35
118.44
149.37
172.22
107.54
41.41
44.00
182.37
77.24
143.99
172.56
58.09
79.37
82.95
57.45
57.03
90.97
150.76
52.24
53.00
184.00
127.55
116.97
51.79
304.75
89.85
54.75
41.83
41.71
85.10
17.98
37.66
20.89
52.29
167.18
83.94
76.46
201.37
103.42
662.09
186.09
189.30
25.95
55.37
170.86
459.63
131.03
205.36
122.44
75.47
55.10
111.68
197.06
42.65
75.81
292.84
293.85
144.08
79.84
122.46
46.36
63.23
36.85
301.86
436.87
68.53
66.98
29.78
474.19
515.73
28.76
86.31
41.91
471.80
101.98
510.62
76.37
31.75
188.85
37.28
182.58
100.69
214.05
94.29
50.90
101.08
149.35
179.83
85.94
159.15
104.77
161.93
26.30
112.03
52.03
309.15
160.04
375.34
92.21
114.02
39.08
85.01
54.18
91.25
29.32
58.38
123.71
23.82
95.67
45.33
86.23
32.81
145.58
107.50
206.20
99.11
588.99
89.75
210.27
37.40
82.80
455.74
503.82
80.24
147.67
23.16
72.27
591.97
344.12
82.90
53.10
55.85
218.16
87.04
329.48
187.29
30.53
218.14
106.88
498.11
189.58
52.07
108.59
80.62
48.01
19.86
130.58
152.65
102.97
43.04
115.95
60.75
106.74
276.97
157.12
180.44
176.66
13.43
79.43
38.41
37.94
175.41
56.89
170.91
37.47
126.21
114.37
79.49
11.58
224.74
50.86
201.68
220.76
530.05
132.69
15.49
85.71
220.88
322.80
86.06
123.81
66.00
92.37
468.37
42.82
278.22
246.19
140.95
70.92
270.74
149.47
73.25
146.23
157.00
130.42
23.87
239.44
181.11
81.37
55.97
78.74
184.01
561.58
308.90
395.61
33.58
108.44
168.63
158.20
167.97
164.64
45.27
321.83
244.01
146.46
82.55
86.17
165.93
83.84
124.56
20.56
40.86
88.62
63.74
52.97
385.51
147.65
76.43
45.45
181.23
19.00
109.04
558.71
148.48
35.45
98.24
10.56
49.88
176.41
132.51
108.30
34.67
103.95
121.78
162.27
32.81
129.02
74.33
17.83
470.08
52.11
219.03
206.27
41.57
30.37
43.95
45.79
271.54
167.59
166.65
160.43
163.24
202.25
221.25
41.61
78.51
32.76
470.73
158.63
26.45
93.84
280.53
70.22
165.37
463.74
66.96
246.75
300.65
42.03
137.05
55.42
675.36
83.57
115.51
53.76
197.20
116.59
44.32
47.97
492.87
328.78
269.74
23.72
18.49
87.50
67.46
135.16
108.42
105.63
164.55
140.07
29.21
162.54
39.30
49.29
122.11
86.89
11.36
119.93
253.59
79.98
14.11
923.56
39.17
128.78
308.56
376.49
38.67
86.26
74.09
70.10
156.49
175.61
127.38
25.01
103.30
79.21
74.89
231.43
78.89
85.53
57.15
253.30
37.85
255.95
163.85
108.39
278.15
41.07
72.69
208.91
606.02
35.28
107.53
82.14
96.38
152.72
223.48
162.67
127.13
118.25
243.49
42.75
28.82
405.64
57.91
155.41
88.75
71.68
210.44
75.39
152.04
311.24
61.35
58.79
85.62
229.17
66.10
159.64
123.18
38.06
81.17
83.08
330.51
70.21
16.49
39.31
56.68
149.13
63.22
259.29
54.75
208.72
55.32
46.27
612.07
201.13
276.87
42.65
170.14
35.96
57.82
190.95
93.29
66.43
72.46
496.66
131.60
44.58
202.55
57.01
80.42
91.39
51.91
42.00
341.73
193.00
36.68
36.66
17.06
137.67
56.53
96.76
104.15
41.18
72.07
118.74
78.93
116.45
56.38
86.89
123.43
99.44
662.65
145.08
107.30
271.53
34.56
87.65
40.18
100.07
100.51
763.01
114.38
76.25
42.50
59.43
35.93
15.07
287.23
107.07
69.67
126.17
76.81
182.12
38.97
108.26
15.62
42.45
89.60
47.69
126.79
56.86
97.57
174.08
109.17
62.96
189.60
290.48
72.34
500.81
34.75
26.89
95.95
67.45
85.73
80.99
75.84
97.48
147.42
62.72
180.43
64.56
385.55
50.41
85.52
79.69
31.74
190.69
78.26
365.52
82.78
508.20
171.15
328.79
66.81
91.75
268.54
74.11
100.82
220.07
93.34
32.26
26.05
30.08
121.78
119.13
449.94
113.94
214.50
212.79
34.95
141.76
104.70
80.69
355.79
88.46
75.17
73.81
90.60
65.42
457.06
26.72
39.50
122.21
97.80
69.33
57.16
30.83
25.13
175.46
129.03
197.87
136.25
10.77
87.13
367.35
44.89
102.22
366.00
164.27
77.86
49.60
636.77
128.67
100.26
84.92
89.46
292.36
140.63
279.32
150.28
52.36
406.96
47.80
133.47
25.27
166.82
44.76
71.76
100.26
25.16
441.38
19.75
201.50
89.28
81.89
123.51
100.98
85.93
108.63
180.58
400.02
329.66
27.08
40.71
18.48
79.32
177.87
85.32
35.10
24.40
82.64
72.42
85.18
17.91
498.15
184.25
195.36
180.42
168.96
35.79
78.73
84.39
31.87
25.18
218.58
100.34
724.07
72.06
760.12
535.75
84.06
93.15
14.60
76.39
131.06
716.81
81.58
168.16
119.77
233.98
98.22
63.94
76.72
163.85
95.46
40.09
51.16
54.62
23.48
141.66
102.82
59.04
45.40
63.06
61.49
29.03
88.30
96.37
86.27
238.71
315.20
24.28
172.00
111.02
293.48
455.43
26.36
101.90
31.14
295.79
24.73
40.09
224.99
70.89
88.64
133.67
26.59
55.93
57.19
58.00
72.40
84.38
100.81
25.15
78.58
61.13
154.32
242.72
59.68
58.11
301.05
122.02
207.09
99.10
25.08
42.87
186.19
104.09
74.25
183.56
62.41
94.69
94.95
116.67
91.46
159.57
47.73
43.46
92.68
96.87
65.17
14.52
287.95
453.35
56.41
223.07
156.49
52.13
146.74
509.96
35.57
65.39
66.32
62.64
163.14
75.43
112.92
121.58
133.49
357.33
87.71
394.32
131.33
146.65
292.02
226.34
59.93
246.18
182.68
91.06
88.86
70.52
86.51
421.82
22.85
15.88
278.36
241.96
121.18
83.99
246.85
176.86
569.84
73.94
121.73
110.68
58.60
99.08
139.96
91.83
44.49
386.37
256.87
86.27
185.39
84.83
239.76
31.60
440.72
126.81
281.51
68.72
80.01
105.03
241.53
113.96
72.92
160.28
108.59
192.70
408.98
396.32
100.31
90.52
106.97
92.01
116.90
165.88
53.91
240.15
296.17
155.09
211.07
15.54
44.71
109.74
126.14
52.46
138.29
599.66
346.10
207.82
90.35
275.14
39.57
305.21
88.23
43.25
121.38
255.05
129.58
30.27
103.63
62.57
146.20
24.36
31.96
163.99
219.48
19.23
247.37
19.12
98.47
423.09
26.01
43.50
66.80
110.80
235.22
141.97
72.41
20.98
176.57
191.65
125.15
143.62
21.93
47.26
386.29
91.91
73.38
80.50
135.65
27.03
103.86
176.76
559.49
47.33
17.56
109.52
52.67
129.80
95.75
146.04
903.61
396.14
19.78
146.50
178.41
119.73
572.02
33.13
48.29
50.03
57.39
729.47
166.66
77.38
108.04
95.75
88.11
48.18
107.57
92.61
16.63
165.05
86.45
58.16
100.33
39.85
37.23
281.40
82.30
106.98
94.23
66.23
48.59
128.57
23.36
112.82
66.83
334.78
427.04
95.53
49.54
464.02
156.05
32.82
286.75
83.97
73.90
38.14
25.98
503.22
108.61
78.75
37.56
100.81
55.36
92.39
39.03
144.09
83.47
104.61
77.31
110.33
65.81
70.46
129.18
328.83
48.96
87.51
22.25
44.71
79.57
158.23
153.66
44.81
101.37
115.17
318.32
75.18
86.12
22.38
47.33
14.22
135.55
98.00
180.51
87.54
30.94
201.83
91.27
239.66
55.21
94.66
31.65
76.66
72.41
121.86
70.80
70.21
354.51
45.15
245.65
71.95
532.29
339.99
41.85
383.44
145.43
465.37
122.85
33.26
97.12
150.57
146.12
408.33
92.98
102.84
46.54
387.00
167.15
162.43
82.43
115.36
46.16
373.36
59.59
42.11
24.90
43.88
115.84
383.55
147.66
73.60
149.50
17.28
50.20
135.86
296.09
64.46
41.80
137.08
125.08
95.05
387.84
70.25
32.34
43.19
26.42
177.23
55.95
119.03
481.82
61.58
46.80
71.02
11.39
72.87
873.42
167.29
23.70
89.53
36.91
208.97
314.49
61.83
46.76
300.99
184.06
39.83
40.15
33.92
401.22
323.62
238.06
82.73
76.02
166.45
52.27
101.28
52.64
212.26
26.21
355.05
166.20
180.78
159.98
102.34
326.21
250.82
183.51
246.32
21.29
236.94
311.10
596.20
69.88
158.32
72.50
50.42
26.54
96.07
45.33
289.34
41.23
15.54
398.28
219.61
63.49
378.95
61.38
73.99
190.11
227.15
629.65
70.87
71.67
72.54
86.52
48.94
55.50
198.28
274.48
147.10
84.71
61.04
38.34
26.80
79.63
228.84
348.56
285.88
153.68
89.63
49.98
72.14
15.15
27.95
19.48
56.68
68.38
80.27
74.37
86.47
100.82
473.10
77.82
127.05
56.51
147.33
32.35
153.71
274.49
129.96
56.17
157.91
160.45
117.01
91.88
301.74
202.29
263.98
225.29
38.04
46.57
129.44
136.38
73.58
13.32
222.42
122.43
80.65
109.00
306.31
132.34
92.82
36.88
22.39
421.08
175.01
194.30
206.17
62.90
71.21
171.02
68.23
14.76
109.70
87.32
191.35
219.02
92.65
105.09
380.84
407.85
42.14
125.82
46.43
126.22
56.79
43.87
87.20
139.71
63.74
162.00
126.42
99.97
64.87
210.46
153.15
145.01
44.59
37.57
186.11
192.59
110.67
442.79
131.60
87.07
99.08
180.11
98.00
226.83
104.23
370.11
123.46
411.87
204.15
101.75
139.59
166.56
256.24
108.07
125.35
141.68
104.11
113.70
76.66
91.86
103.92
97.36
100.39
57.93
53.81
58.79
112.32
110.07
154.46
719.58
115.59
170.86
82.35
128.61
304.57
526.32
170.89
47.50
115.40
104.65
91.73
23.90
576.53
168.70
32.81
166.41
170.49
42.13
135.37
71.00
398.96
54.13
119.08
176.36
37.08
110.00
159.32
902.30
18.89
72.65
234.46
67.45
66.40
75.76
39.15
92.57
132.86
46.60
16.64
44.87
356.15
31.40
19.94
70.34
142.39
56.21
84.20
34.37
51.22
55.05
146.74
91.85
478.73
653.31
112.45
431.50
50.54
19.63
57.67
188.79
39.21
278.18
112.50
88.28
289.00
350.52
371.59
51.54
33.69
26.27
60.02
19.30
55.61
311.91
67.12
44.65
90.97
62.85
173.83
245.30
652.56
13.12
13.75
322.07
58.41
273.03
68.11
66.74
87.13
27.47
116.85
149.80
335.52
64.01
151.57
30.70
138.32
380.14
214.85
102.11
75.25
35.16
64.46
125.41
62.55
123.73
88.34
95.06
90.06
174.59
87.13
37.81
313.81
47.16
15.81
39.73
112.38
50.01
101.45
93.75
27.43
106.63
35.49
108.09
47.41
48.72
254.87
30.28
33.73
128.26
262.75
97.70
75.50
90.81
51.06
80.17
233.13
155.77
90.00
30.03
66.13
141.93
113.45
77.44
116.57
80.81
93.57
138.22
24.80
31.69
197.32
102.69
181.62
43.57
63.44
75.32
111.17
31.71
131.92
30.93
131.18
16.03
209.42
99.67
75.91
61.34
697.31
41.30
25.08
47.34
191.74
416.59
83.88
23.04
223.46
300.91
13.05
42.24
255.97
97.72
218.30
11.52
139.78
159.84
39.72
539.19
33.65
81.10
15.68
159.28
138.19
115.79
183.97
345.02
82.71
305.31
142.74
57.28
111.59
107.38
30.29
166.33
130.78
109.42
77.55
93.12
54.67
251.35
186.67
34.57
53.40
98.16
121.09
468.90
45.47
361.17
38.92
74.49
115.58
135.31
183.06
113.21
125.47
204.50
50.44
193.57
29.75
167.79
113.77
64.39
112.31
108.75
123.27
180.96
44.15
18.99
27.02
41.70
67.54
135.49
78.26
324.50
77.56
277.92
99.85
134.56
318.00
48.24
54.00
111.89
109.46
120.96
48.14
14.96
51.12
75.44
75.58
71.84
775.76
323.68
76.28
78.98
433.05
32.47
76.62
89.79
77.02
44.71
78.69
36.90
194.25
33.97
61.41
69.73
82.25
204.87
92.30
88.72
115.17
44.40
166.75
144.08
201.71
215.93
237.14
49.07
65.50
135.57
345.41
18.54
193.82
188.63
63.11
122.80
31.16
77.69
24.03
217.92
64.61
127.16
156.33
218.43
93.26
91.68
153.32
91.74
43.60
33.77
76.59
41.51
31.79
70.75
673.14
216.98
175.08
100.35
190.16
136.03
209.88
87.75
79.55
195.65
25.77
391.36
277.02
211.83
90.77
87.84
170.81
192.96
100.15
87.07
111.21
75.49
172.17
45.26
37.77
262.58
290.15
35.86
118.99
125.11
75.91
45.91
181.14
136.90
72.33
94.52
19.46
98.82
182.90
68.57
64.08
124.48
98.02
78.95
102.42
96.41
88.15
751.24
174.86
124.03
122.88
323.49
644.74
75.50
42.51
146.71
302.41
269.42
649.56
41.79
113.25
56.64
46.15
71.77
48.49
191.58
29.72
18.67
353.79
55.72
62.48
507.28
64.36
219.03
123.79
38.19
105.74
480.82
123.34
65.15
61.50
143.37
193.50
69.82
58.15
61.69
95.15
96.75
13.40
444.80
56.46
81.14
241.06
231.81
123.66
123.10
18.27
45.33
89.49
101.52
101.73
126.24
94.04
71.36
126.51
39.57
130.48
43.46
87.02
25.28
211.42
498.03
257.96
225.27
76.85
122.31
273.82
257.08
223.07
269.17
19.32
69.71
139.67
29.21
113.07
111.86
97.03
284.43
127.07
199.10
90.79
58.42
97.78
97.48
46.37
127.36
248.05
129.78
92.42
35.22
81.28
53.21
38.66
70.87
90.96
233.80
129.43
75.23
290.24
48.29
44.83
308.15
32.37
205.37
59.54
125.98
440.93
136.29
112.72
733.36
49.14
45.12
73.07
273.74
34.08
95.90
48.72
151.32
44.97
14.38
63.33
98.76
15.28
168.98
336.94
165.01
151.87
24.57
87.72
17.01
113.36
54.54
14.22
121.15
360.10
200.98
362.77
330.83
51.08
133.73
137.08
316.49
75.52
133.39
53.31
17.51
90.62
426.21
44.33
11.71
105.51
18.52
126.30
30.42
95.98
26.51
155.21
47.79
107.57
66.36
204.20
49.13
87.13
60.40
116.08
173.27
107.67
25.88
27.60
117.62
73.87
67.79
369.58
110.44
23.59
21.90
42.96
106.64
161.34
58.52
126.92
131.59
31.79
68.17
20.62
102.47
23.69
93.79
115.46
43.35
85.78
93.20
53.72
290.97
230.66
492.59
78.00
33.32
96.51
63.41
124.74
776.80
139.61
117.76
118.40
483.19
49.19
74.61
64.62
81.13
107.12
293.99
107.10
105.68
63.75
99.10
15.22
98.13
101.41
92.28
83.76
73.97
77.18
94.33
25.78
71.48
553.41
346.20
208.34
111.96
163.59
403.14
74.87
92.97
205.81
115.90
82.03
74.02
334.19
193.61
48.92
195.39
114.77
37.43
86.60
473.95
176.16
245.04
81.55
30.42
175.38
408.35
186.17
11.35
13.35
51.17
435.40
124.22
76.86
123.68
101.03
160.96
113.23
119.76
87.53
133.52
94.97
38.34
99.54
348.70
60.07
125.42
111.00
50.73
17.55
59.54
25.09
693.94
60.96
42.99
17.15
34.10
56.11
220.31
59.09
770.78
86.90
67.20
210.63
122.55
119.32
26.38
80.85
14.41
80.83
150.62
55.04
193.39
160.75
119.71
63.31
152.90
128.21
99.79
214.88
107.66
65.09
42.46
82.60
225.72
92.36
148.26
129.93
202.20
62.69
112.78
98.23
13.76
73.08
52.89
74.41
593.23
116.06
45.01
42.35
77.15
243.31
62.11
30.71
203.10
285.64
404.22
202.57
30.18
62.95
176.93
61.96
23.55
256.10
186.76
108.94
86.40
145.60
417.64
26.14
84.77
729.30
59.50
142.30
239.17
331.16
72.19
33.16
250.94
85.17
31.77
98.30
76.14
150.20
405.65
137.65
102.53
182.17
28.61
78.68
89.92
49.49
93.19
198.09
14.66
267.70
33.66
77.05
110.57
67.96
65.96
261.96
86.13
29.05
71.62
71.25
67.41
97.86
40.77
148.95
92.94
153.47
89.97
22.06
155.32
99.05
77.10
109.03
558.20
169.14
730.67
89.29
85.20
204.78
139.74
78.34
290.92
136.97
41.56
14.97
77.75
61.78
97.34
111.39
21.56
159.29
134.41
122.15
98.44
92.11
82.07
159.72
137.04
88.77
35.31
193.62
123.80
42.96
100.83
70.75
146.94
94.55
97.56
24.59
78.50
121.43
198.14
166.12
96.40
217.92
18.02
26.24
36.04
219.13
42.58
178.44
84.45
86.82
51.11
13.43
157.67
72.48
274.32
403.01
261.48
125.62
350.70
81.62
43.56
285.26
35.07
112.33
116.10
191.75
54.12
96.62
58.87
320.18
30.57
15.65
354.28
113.72
80.23
264.70
100.14
105.52
179.20
92.69
124.77
142.00
47.44
381.12
58.99
23.43
143.95
96.36
87.87
31.23
32.97
41.71
61.06
191.15
19.91
228.99
222.16
332.29
35.26
36.38
111.26
294.86
146.75
30.71
124.44
88.35
28.67
102.38
619.58
314.74
77.20
112.16
50.11
275.21
46.78
154.44
70.70
60.04
66.53
37.32
120.82
272.56
67.20
19.92
131.26
142.54
23.62
103.38
127.96
89.46
69.09
129.05
167.33
51.41
208.45
190.30
156.35
74.22
107.06
106.69
26.08
159.18
53.50
43.76
95.68
115.85
55.23
135.33
48.16
792.13
31.29
32.62
52.80
181.93
258.12
38.15
232.19
165.94
312.25
316.86
220.30
139.17
187.32
154.62
68.23
31.47
115.78
397.14
99.31
95.62
34.63
45.00
115.30
49.77
36.09
141.96
35.96
24.29
59.05
112.65
115.14
312.16
52.19
14.39
150.24
131.12
83.27
104.42
131.70
36.00
39.88
237.27
114.64
152.13
49.09
32.73
112.95
420.31
63.80
108.68
124.43
41.27
144.31
410.17
260.91
27.69
565.35
56.04
80.55
91.42
19.90
77.10
46.07
98.93
38.85
44.09
131.94
230.32
111.88
105.52
161.32
28.38
252.82
123.94
128.80
16.74
40.77
262.52
186.77
73.86
41.69
604.80
124.97
161.28
117.88
218.80
810.65
21.85
146.45
101.53
176.54
31.69
145.39
128.04
145.18
45.40
621.38
51.76
68.08
732.46
32.86
124.82
40.98
126.05
43.31
123.22
145.62
162.36
280.77
136.71
69.42
266.10
196.33
220.99
104.85
38.06
42.69
70.84
105.21
179.16
108.86
340.81
260.68
84.41
20.07
22.67
84.90
78.10
331.52
84.31
183.79
155.15
88.58
43.71
46.85
58.54
34.06
349.41
86.75
58.07
92.89
350.23
102.23
136.58
80.14
254.17
124.09
126.65
119.11
98.17
77.27
402.75
146.76
123.78
69.83
311.76
33.52
52.25
130.52
109.95
84.58
49.38
45.15
29.83
276.25
123.09
471.45
186.10
171.88
99.77
133.57
42.17
94.68
205.84
101.42
56.49
221.30
115.45
380.32
131.15
26.22
76.75
233.97
56.20
299.71
37.93
232.71
299.72
34.11
68.37
77.89
124.18
83.71
63.47
30.69
41.61
73.65
56.16
140.94
38.87
93.41
144.90
91.42
104.84
26.17
35.64
74.50
74.96
76.29
88.45
333.14
597.64
220.30
154.51
388.03
127.04
27.82
31.27
143.90
165.94
35.27
14.00
267.51
95.78
42.33
187.64
33.80
122.11
105.18
153.86
132.81
17.78
100.16
24.85
68.66
202.63
261.11
200.56
123.29
45.89
18.86
67.21
189.31
147.35
177.99
167.95
140.63
58.74
77.34
50.04
30.23
80.25
39.49
63.08
53.92
114.95
96.88
245.40
83.09
60.89
136.94
18.26
99.97
51.53
336.23
51.41
56.31
370.74
133.57
51.36
285.10
77.19
120.01
165.68
137.73
17.65
156.43
96.08
230.46
32.70
106.96
401.27
22.34
46.78
130.30
114.60
45.06
472.38
102.40
102.89
44.07
22.15
84.50
85.91
50.53
35.94
76.33
167.12
207.80
77.15
72.21
115.62
21.05
104.82
264.09
205.84
116.43
27.60
108.20
117.86
394.67
167.96
57.25
100.11
74.23
103.95
29.94
122.27
784.73
24.15
172.28
469.48
373.92
15.49
151.11
171.99
91.07
126.44
571.96
47.34
296.06
259.49
51.49
73.15
530.08
39.52
349.02
121.38
52.04
56.37
39.52
416.55
96.62
134.53
51.45
23.15
153.04
122.93
61.74
287.76
293.79
79.30
272.61
32.56
281.20
43.99
97.59
400.04
122.63
44.37
625.45
180.50
114.69
213.10
373.24
101.70
108.63
194.66
444.27
20.93
31.81
270.13
42.10
72.33
47.11
71.11
526.64
94.37
172.54
408.92
82.26
97.59
136.54
351.62
84.58
161.96
133.45
39.56
76.92
38.40
69.86
107.01
124.53
186.19
131.44
143.80
249.91
93.38
132.48
103.85
203.60
99.17
224.92
19.09
320.79
373.34
356.77
47.38
78.65
14.70
31.06
25.78
197.06
74.18
355.90
60.41
97.31
381.49
95.51
191.91
139.13
44.85
52.51
24.12
53.98
204.58
114.15
208.43
93.89
97.60
65.52
73.64
234.45
131.79
118.13
532.86
436.25
29.38
38.61
69.47
78.90
238.47
58.38
50.36
63.92
34.06
137.44
107.75
128.40
135.85
219.46
66.73
63.86
186.87
340.94
43.80
151.53
22.76
61.37
169.75
40.22
31.27
383.16
60.22
48.35
120.70
55.42
276.07
136.09
82.74
37.91
56.55
39.37
133.76
117.43
104.27
79.04
156.77
12.84
92.68
184.32
18.54
551.82
447.27
123.97
146.48
21.72
131.87
179.49
505.47
39.38
12.15
74.53
65.03
225.71
34.58
260.26
77.02
76.73
142.23
19.02
71.25
399.85
41.86
138.16
90.14
138.57
119.96
24.36
495.12
173.80
44.76
33.70
205.85
179.51
39.99
15.33
117.39
32.70
35.00
110.06
100.04
148.99
128.03
160.10
102.50
147.12
78.86
35.76
170.24
103.65
54.29
43.25
271.88
343.24
101.50
115.84
72.23
23.60
47.88
112.19
126.88
155.74
132.84
135.34
49.15
49.96
185.24
131.24
133.26
561.79
24.98
16.48
120.34
374.52
142.93
128.89
114.83
49.79
169.03
14.30
120.02
542.22
167.20
40.70
189.38
116.02
82.86
117.65
99.12
36.40
52.08
83.07
365.42
113.86
67.41
205.67
61.80
39.52
203.72
53.09
29.01
44.94
141.52
78.97
164.24
188.23
71.24
89.82
132.54
123.68
159.35
73.79
89.99
90.38
24.69
113.17
368.92
150.61
116.32
88.74
275.83
52.56
116.91
188.63
62.57
138.06
49.25
151.54
15.08
65.36
69.93
36.79
111.81
92.04
117.11
668.57
47.49
32.32
118.94
54.39
114.92
82.48
65.40
78.50
330.53
32.39
166.73
64.08
468.79
456.77
296.70
33.13
34.21
230.72
77.57
16.50
132.61
145.54
66.86
122.90
120.99
86.52
68.94
251.01
25.73
32.68
99.12
303.31
367.83
223.40
13.62
92.27
42.56
155.91
16.54
23.10
65.52
41.20
90.38
205.41
88.74
74.52
211.29
19.57
106.66
125.18
353.06
235.87
140.62
54.22
121.44
63.55
44.83
143.64
75.00
51.41
81.86
56.12
60.34
34.11
295.36
103.01
96.70
52.04
297.76
288.66
261.42
511.49
70.17
100.49
45.49
149.24
445.44
36.39
113.37
184.79
232.35
30.84
103.83
61.09
20.33
86.73
69.30
28.11
121.70
122.39
391.82
401.34
227.97
271.11
59.93
240.51
246.34
191.81
157.33
96.08
47.68
329.56
370.11
99.43
64.03
176.11
48.27
44.60
321.97
33.44
174.67
97.67
68.42
66.16
68.57
170.36
98.96
89.29
269.14
139.64
104.01
48.63
46.47
197.15
151.07
122.96
51.12
124.44
145.62
43.05
42.23
599.75
116.39
176.00
73.93
230.06
429.05
145.49
89.10
90.65
200.32
155.74
14.10
75.87
23.36
65.93
143.17
90.13
39.45
214.81
34.80
305.89
67.49
461.10
245.88
373.25
40.73
35.26
78.38
29.53
313.62
150.82
126.53
238.51
232.41
107.60
199.00
76.08
104.40
60.79
119.67
109.94
58.15
77.46
254.81
115.87
71.32
50.76
21.18
146.44
35.51
276.85
20.52
134.48
113.03
238.00
96.11
80.20
30.30
23.18
87.74
86.95
92.52
56.59
365.51
57.59
581.44
78.11
86.87
16.23
97.87
87.45
245.09
23.76
35.01
375.95
302.34
13.51
101.25
115.74
169.98
64.41
101.88
278.54
336.06
318.56
219.14
156.43
164.23
67.10
37.75
88.03
159.16
15.02
110.03
172.32
155.88
61.24
16.12
84.18
153.51
94.12
99.04
88.01
175.27
95.71
288.13
115.08
105.79
80.95
395.63
107.32
96.42
114.74
46.55
74.81
84.31
79.28
132.41
40.91
207.71
56.84
153.98
297.59
64.70
64.41
47.49
536.28
277.75
175.58
80.92
94.71
195.84
50.73
112.58
30.02
98.76
127.00
38.42
94.12
82.35
41.37
173.67
39.01
330.09
99.97
111.55
171.09
111.04
55.84
23.64
268.59
177.37
259.88
118.71
40.37
38.28
107.78
75.30
80.23
27.98
156.95
37.72
57.87
38.58
56.88
201.17
377.47
103.96
241.21
403.41
17.41
109.90
253.01
66.96
266.22
15.38
32.34
41.87
200.00
204.40
522.70
191.01
346.35
172.18
40.18
38.68
276.45
27.49
173.70
61.73
125.45
332.15
140.78
248.03
89.14
127.24
500.43
348.61
76.94
327.62
158.55
58.48
194.90
93.18
126.44
74.55
144.29
196.81
76.54
179.50
116.39
275.18
97.45
107.43
62.64
477.81
67.32
115.79
35.99
25.74
267.01
126.71
152.43
156.36
89.46
77.36
272.24
69.60
246.00
60.50
127.22
554.84
199.76
69.58
90.57
48.12
145.97
92.52
94.59
51.69
161.18
42.73
57.23
90.57
88.71
287.72
32.04
80.79
46.82
65.67
32.18
189.21
171.63
202.02
234.03
44.03
30.90
163.13
44.14
40.91
75.47
31.63
49.96
24.61
241.64
165.39
140.16
157.91
108.09
495.57
141.63
42.11
77.37
100.57
130.39
556.22
59.16
858.91
203.59
34.17
263.73
58.30
336.18
109.44
41.51
101.30
132.40
45.86
28.01
31.99
209.53
15.29
817.52
40.30
139.66
57.42
29.09
110.23
191.32
90.47
76.02
60.82
69.65
228.25
116.41
263.08
105.31
229.71
121.43
513.35
76.55
72.70
121.30
110.30
113.51
57.06
176.82
74.57
32.07
122.02
40.23
72.62
73.72
178.65
202.40
92.21
106.85
27.11
52.67
106.65
73.28
544.24
85.63
202.02
92.57
60.64
83.59
70.37
29.15
126.62
208.47
108.95
41.02
73.56
202.65
259.51
56.26
134.51
65.28
47.96
61.42
87.05
60.37
170.34
76.39
113.12
246.93
62.25
86.91
50.26
138.95
22.97
203.23
149.48
43.79
48.91
144.04
47.18
18.67
89.97
88.57
76.27
23.10
129.81
161.20
262.05
368.62
152.03
84.44
111.34
62.01
39.38
61.91
232.26
211.86
141.78
262.53
95.50
76.38
182.78
88.91
401.48
413.00
164.98
305.72
290.82
520.02
102.49
99.93
102.67
292.55
135.98
146.06
14.16
96.92
96.85
125.28
173.68
450.72
318.39
229.62
20.72
650.98
16.82
58.44
127.56
275.20
86.20
119.82
100.41
59.28
227.09
627.57
157.44
437.87
21.25
96.39
40.09
327.20
205.55
458.27
52.15
109.02
575.24
356.11
114.08
22.97
78.10
33.22
116.15
239.64
204.29
74.14
181.17
168.44
69.10
724.77
145.35
69.05
164.65
110.35
415.57
82.05
96.14
49.35
40.67
211.46
80.35
85.10
101.37
510.72
99.54
39.52
170.20
147.09
106.50
260.11
182.97
93.13
20.37
50.74
95.26
82.52
223.50
63.03
33.06
234.78
480.84
48.03
206.70
41.65
99.63
17.42
57.47
79.89
49.69
43.47
56.39
18.74
96.15
47.02
12.49
119.86
75.21
440.69
93.62
59.77
88.45
285.59
189.84
50.79
31.88
34.51
208.40
279.25
152.94
90.64
34.31
240.51
79.30
282.78
139.53
61.33
135.16
90.82
193.16
180.64
87.87
130.96
159.48
71.08
187.10
614.77
47.02
92.66
80.34
135.80
76.26
125.49
61.26
39.33
101.20
44.29
52.20
238.60
143.33
52.77
575.75
311.05
133.43
71.42
318.62
70.23
67.67
238.12
111.78
79.35
71.08
62.02
156.17
124.05
69.02
43.77
136.30
182.73
83.88
158.25
99.61
105.86
467.85
718.00
192.79
266.36
215.81
142.66
83.55
17.50
105.56
127.04
173.45
52.15
39.19
30.58
20.66
153.90
68.53
20.45
211.15
40.10
24.11
60.97
47.15
105.54
60.12
47.15
67.66
71.72
40.38
118.45
246.79
462.53
85.95
50.74
77.44
71.57
167.69
51.16
332.66
137.56
307.53
130.46
99.37
39.62
132.53
206.18
44.95
115.66
80.32
89.17
444.20
121.87
36.16
94.05
19.53
164.47
277.74
235.99
73.28
111.02
230.61
259.12
110.21
27.77
56.56
173.96
81.59
66.91
85.97
160.07
81.24
149.08
30.20
97.55
109.67
545.03
55.04
145.97
21.19
42.47
307.43
171.34
77.77
60.63
35.95
47.99
80.13
69.97
17.01
35.36
80.90
105.53
79.02
71.26
99.90
99.52
38.46
238.79
117.81
126.78
183.15
99.16
114.68
343.75
327.90
102.57
253.82
103.80
346.08
128.40
78.57
26.47
139.22
125.71
103.25
99.39
45.64
62.15
31.41
83.63
96.10
21.17
51.63
58.78
165.87
30.56
51.66
356.78
346.49
29.25
19.77
148.40
216.23
91.83
89.74
143.93
164.77
225.20
161.10
122.10
171.92
106.86
351.18
19.03
68.96
102.92
50.46
34.36
259.06
110.14
90.80
86.14
15.45
55.24
68.66
40.26
45.29
44.70
24.16
602.18
102.47
103.20
96.78
38.10
74.87
240.98
114.01
428.92
19.74
68.69
58.78
127.68
66.05
94.72
215.64
17.55
63.43
34.18
97.65
47.90
45.94
124.39
271.14
205.62
206.02
287.54
659.01
53.69
44.08
716.63
72.27
574.53
68.60
78.82
91.16
109.67
95.79
212.52
50.10
100.49
231.02
488.48
110.56
104.77
145.38
39.73
177.67
28.18
185.86
52.82
330.37
24.63
181.27
59.82
123.51
22.98
95.12
479.38
253.64
50.37
70.33
50.64
228.75
70.06
53.61
239.13
207.89
646.89
128.45
224.86
100.00
58.87
204.82
160.33
114.06
95.67
57.57
79.20
94.88
82.44
319.12
102.32
60.43
927.34
112.31
122.31
14.94
25.71
17.13
72.01
113.61
17.76
18.73
113.46
26.31
105.12
41.90
182.15
38.08
300.91
70.10
61.37
116.34
15.21
126.46
29.97
123.47
358.20
77.30
67.17
88.74
167.99
48.56
54.63
201.39
38.85
12.14
49.99
177.89
753.26
140.97
114.58
197.43
110.42
204.82
231.00
65.89
115.77
41.43
45.76
162.25
92.88
80.32
65.58
57.60
23.80
349.91
47.21
60.32
144.61
57.31
65.40
142.14
248.88
196.81
115.34
36.10
437.99
34.15
72.79
82.11
155.64
45.22
107.31
59.46
39.13
49.82
119.93
98.23
79.18
162.08
21.07
91.99
117.26
92.80
42.82
90.19
105.03
89.55
65.85
222.12
103.96
53.79
68.95
72.52
122.09
93.05
44.99
109.23
114.25
16.34
33.73
108.93
47.96
48.18
55.87
71.97
82.94
78.98
748.73
70.07
198.16
148.77
179.15
112.12
96.50
76.75
129.40
499.35
130.63
171.20
77.76
50.31
285.96
22.24
25.66
208.77
434.36
17.62
20.63
128.66
102.41
12.97
407.57
60.95
240.10
598.62
71.57
16.36
73.06
108.89
149.09
11.73
71.35
535.18
107.05
99.70
331.92
17.80
23.45
203.43
19.69
302.89
120.05
386.16
848.58
33.51
331.07
310.90
123.56
50.56
149.97
121.82
106.70
223.17
195.96
376.63
44.14
90.24
140.50
124.27
34.66
154.16
80.43
58.26
134.97
112.91
262.65
24.05
159.47
74.05
177.77
58.25
214.83
346.64
161.09
96.37
96.82
230.43
151.09
112.64
285.03
211.97
629.36
135.24
85.87
115.69
68.48
144.92
194.11
57.70
33.66
50.36
45.70
326.90
67.80
199.10
213.90
99.51
301.02
244.56
205.91
63.08
142.50
100.87
16.95
49.30
399.54
107.91
110.45
50.18
88.24
25.64
335.53
113.26
46.10
419.67
343.73
241.70
100.15
116.12
267.94
56.03
111.52
132.88
133.66
413.69
97.65
90.94
212.82
74.44
102.81
143.45
170.71
196.45
148.60
43.14
112.34
136.53
254.48
66.21
29.01
62.33
101.94
38.98
167.65
43.14
145.07
90.19
573.27
21.45
306.88
308.57
79.69
572.39
48.14
91.75
232.06
183.48
102.08
129.14
112.42
90.68
79.07
200.34
64.88
38.39
25.20
24.88
26.58
78.19
263.31
47.26
208.36
82.51
45.36
39.79
29.07
38.93
33.81
879.63
350.59
308.20
26.95
36.50
34.82
115.61
23.79
81.59
96.02
283.98
49.77
61.70
103.43
45.13
109.82
68.69
52.90
58.32
380.77
55.75
113.03
47.76
80.06
603.37
345.09
80.01
182.20
205.64
260.53
62.75
187.41
85.12
23.98
106.03
150.59
38.00
86.06
93.16
20.44
28.96
483.79
300.35
71.79
383.57
28.51
244.90
29.41
126.80
141.66
143.73
115.22
45.60
288.51
56.37
36.21
189.46
283.37
322.08
44.46
45.97
155.95
116.84
40.71
115.95
554.85
92.49
48.47
68.53
538.10
694.56
38.32
92.74
92.93
109.41
55.84
27.43
116.65
30.50
57.37
150.16
98.47
149.96
67.03
66.81
90.42
124.33
85.85
45.74
54.05
61.02
156.02
63.31
27.28
186.53
98.73
363.78
78.77
42.74
79.68
214.72
123.53
109.29
313.42
212.97
71.42
142.00
277.16
71.94
16.58
169.68
226.82
126.90
160.75
25.68
186.52
110.08
97.47
89.17
53.90
77.80
109.69
827.60
214.54
245.39
28.24
81.86
73.77
30.38
121.97
194.94
236.73
236.08
53.52
86.59
192.35
48.20
95.83
99.91
66.86
25.26
399.49
23.31
174.83
173.62
264.14
127.09
152.42
123.07
47.03
400.73
70.96
426.29
78.94
52.18
26.60
237.63
17.79
39.49
28.72
90.97
164.16
677.33
247.68
149.80
47.17
140.33
39.04
222.90
64.88
71.81
16.06
133.97
161.96
131.16
135.44
89.07
139.37
208.73
241.64
507.66
91.25
106.33
71.21
475.51
109.74
194.95
35.58
144.43
62.75
61.05
253.62
42.74
264.17
45.85
73.33
30.84
136.43
131.51
74.67
90.97
84.32
171.85
286.12
40.49
118.43
257.12
95.86
62.70
118.07
94.28
310.93
41.33
67.70
49.73
105.01
184.56
100.93
125.03
35.57
150.04
109.66
446.97
102.68
62.79
156.93
153.41
93.20
38.30
99.81
189.98
100.17
56.79
377.00
69.64
77.71
149.45
51.92
189.49
58.81
530.39
65.09
61.65
67.07
283.63
100.89
76.02
49.82
50.38
42.45
98.85
207.58
174.28
145.51
143.52
68.75
90.96
56.13
86.02
24.64
117.34
50.53
117.54
136.75
74.71
157.45
127.49
176.99
97.04
137.44
176.15
93.99
223.69
142.83
69.06
400.90
629.27
56.75
199.17
734.20
83.46
26.13
120.68
141.68
559.72
245.75
137.08
325.47
102.66
51.64
149.87
70.88
92.74
157.75
36.41
44.78
348.78
23.26
221.96
104.92
81.22
289.85
39.65
132.44
125.51
321.29
31.49
50.99
285.22
15.42
75.65
20.69
98.95
552.16
463.48
23.27
114.45
314.80
149.39
142.76
120.52
107.08
47.82
83.38
66.64
147.19
169.08
86.97
75.42
264.46
157.32
163.15
79.01
243.55
675.77
53.76
44.42
186.64
137.81
47.71
143.79
118.09
232.37
112.16
277.62
128.30
261.23
83.02
204.30
26.90
160.43
177.13
66.08
109.70
64.96
61.51
35.06
510.91
112.31
131.23
174.55
371.31
208.84
182.36
245.89
62.28
446.37
59.62
56.92
180.84
61.11
70.10
131.05
58.77
153.29
90.94
132.15
540.75
22.57
271.68
66.75
51.33
510.45
74.04
29.84
367.63
124.67
704.07
31.36
59.79
89.05
521.78
263.23
89.17
105.12
127.18
87.46
123.84
96.42
91.85
80.77
92.71
465.15
44.83
556.05
126.13
48.59
148.33
87.39
28.91
86.02
254.83
15.33
59.74
200.36
167.62
150.69
30.15
94.36
56.42
97.90
89.15
96.79
36.29
94.17
91.34
47.76
74.99
252.66
105.30
97.50
237.51
32.74
274.35
132.96
120.62
12.60
369.15
59.92
100.52
234.95
194.37
857.17
51.14
88.67
150.99
131.39
126.02
98.26
216.85
77.01
327.44
47.11
100.22
153.38
358.45
88.95
66.00
213.32
31.57
22.34
27.83
30.08
915.11
39.07
100.62
110.84
203.37
34.33
72.10
245.72
340.38
71.52
100.52
87.91
52.10
244.70
300.94
101.37
67.86
29.61
61.03
91.86
79.57
81.09
12.67
16.64
61.93
80.78
321.93
49.78
93.05
785.48
107.04
42.72
385.91
157.20
123.05
145.46
68.99
95.71
59.62
139.57
172.45
230.49
11.12
80.32
638.17
101.95
79.70
53.86
18.15
50.34
215.56
107.41
57.28
45.67
121.26
112.19
29.23
64.48
28.64
89.54
33.00
189.37
120.66
62.86
72.83
203.23
764.64
16.01
275.26
77.65
160.15
212.78
137.64
173.63
119.81
348.30
51.60
68.67
57.34
47.16
104.40
369.61
94.93
116.20
138.27
208.39
326.10
120.89
144.85
25.53
146.81
66.58
60.43
58.58
61.23
79.97
282.56
153.13
46.12
98.74
164.03
138.84
153.55
293.26
199.51
693.96
84.40
155.36
27.92
86.51
121.01
209.88
158.00
146.75
29.24
87.87
78.07
57.29
31.07
198.62
148.68
123.92
129.04
497.92
100.20
102.92
91.11
96.66
252.25
144.80
171.85
40.29
317.54
71.54
136.11
149.82
82.34
210.03
52.70
228.94
30.21
73.97
26.69
76.76
40.44
375.26
160.14
430.87
87.69
122.29
180.80
133.86
201.40
157.34
51.68
58.26
202.36
19.51
169.59
110.93
421.71
342.85
238.51
29.62
145.84
358.06
76.05
146.80
95.59
167.58
64.34
56.72
12.00
355.68
278.48
115.68
34.25
46.19
879.28
191.74
187.13
12.89
76.87
41.88
115.79
16.04
45.95
169.37
140.34
55.49
85.30
259.89
104.11
552.71
31.46
63.59
356.15
263.67
233.76
25.20
52.22
265.41
78.13
215.47
341.55
178.67
83.73
39.97
302.02
92.74
101.01
18.93
105.94
205.05
44.79
27.49
265.47
105.48
187.29
57.61
78.67
62.57
30.69
308.80
26.48
109.91
63.53
94.26
71.71
152.62
11.16
56.50
11.60
323.70
62.85
92.72
461.64
126.22
63.42
102.87
51.10
79.09
45.83
102.09
421.14
71.89
71.47
445.02
29.64
66.29
89.05
45.54
182.78
105.91
72.50
46.06
172.44
60.40
34.50
16.63
13.81
397.18
61.96
27.71
216.50
79.85
37.98
156.40
75.38
19.75
126.79
93.69
54.25
362.90
170.75
76.36
114.49
78.65
90.57
265.99
300.10
91.65
66.87
25.70
117.84
25.44
115.95
215.06
345.23
58.11
55.92
22.04
90.57
265.87
37.96
43.45
114.16
19.82
55.32
45.12
364.71
194.60
30.33
67.30
71.67
49.62
44.92
154.68
118.93
248.78
16.38
22.79
153.66
286.83
666.52
212.52
70.31
251.05
262.75
242.06
271.26
332.03
55.55
564.66
42.77
102.35
106.10
92.71
363.63
239.04
33.84
29.02
71.83
74.27
118.27
88.37
180.86
68.43
38.11
64.79
75.60
235.35
104.67
187.75
45.66
32.36
291.66
136.57
48.84
47.09
101.72
165.30
202.64
67.00
118.53
529.75
93.22
142.87
114.61
68.07
68.40
26.62
180.20
28.76
60.12
200.97
130.29
324.20
91.59
24.89
161.93
275.70
72.68
40.57
492.92
162.26
95.09
54.81
41.68
108.99
51.00
110.48
155.63
508.52
196.57
418.28
245.00
109.46
182.78
47.59
153.56
90.10
643.54
241.92
52.05
369.81
126.81
464.51
142.92
60.49
85.65
106.35
130.48
108.86
22.49
90.85
182.87
17.06
471.53
143.15
45.62
90.12
46.44
615.03
187.70
434.09
802.63
53.74
88.20
93.11
13.22
433.00
102.86
59.17
64.66
255.58
30.21
66.02
198.55
147.36
219.12
666.40
651.53
319.51
228.03
76.73
37.73
15.63
156.91
95.76
148.72
92.73
79.39
63.67
37.45
83.25
196.54
40.72
227.05
60.82
38.86
147.65
224.79
67.00
541.21
15.28
100.93
110.70
92.53
36.10
111.09
91.92
139.57
46.63
75.76
14.97
14.79
94.30
169.67
102.84
145.37
357.01
84.75
92.71
17.19
101.42
55.97
77.39
256.30
17.34
127.95
169.35
190.17
64.01
191.59
147.50
108.04
65.86
85.06
211.07
85.31
100.12
124.39
17.78
92.00
209.39
29.82
155.44
29.80
81.26
65.54
22.76
262.72
357.95
63.45
77.20
244.30
110.82
104.98
43.71
242.62
104.11
122.41
158.91
29.32
99.18
40.87
77.32
244.08
716.35
80.33
174.57
11.26
110.18
28.61
103.22
20.90
255.70
27.05
68.60
57.74
80.62
112.76
41.23
124.36
418.91
71.68
262.48
55.26
67.83
166.10
44.25
609.54
106.16
164.92
68.09
77.67
90.79
124.73
47.54
18.04
98.38
263.39
36.21
176.88
143.83
109.56
138.03
119.37
72.59
29.80
91.13
99.01
78.41
130.56
122.48
25.98
117.77
40.46
87.33
503.68
24.98
78.26
430.76
104.98
28.54
211.26
24.72
144.28
248.68
162.46
180.62
80.56
156.84
114.10
87.14
128.94
37.79
487.38
61.52
87.44
68.71
81.94
96.25
74.27
109.80
22.07
84.25
115.32
46.04
130.45
551.04
192.61
22.27
246.50
221.43
121.21
68.23
147.36
19.80
43.67
114.71
61.94
27.75
34.26
87.30
45.12
446.93
24.32
107.69
165.31
81.44
155.64
85.95
419.52
24.39
33.08
18.15
65.27
122.72
77.48
35.07
101.89
17.11
112.28
121.70
65.66
142.99
68.30
215.94
105.66
62.26
339.28
68.07
85.93
31.00
679.52
36.03
153.81
236.65
104.76
110.69
263.09
297.05
340.40
217.60
44.93
77.28
139.54
47.17
246.04
117.75
115.10
198.18
107.85
69.61
53.61
550.33
146.82
52.92
111.53
101.65
127.77
26.64
47.40
399.74
626.02
102.89
25.75
50.97
45.43
121.17
126.75
72.79
99.93
77.99
71.98
155.77
30.88
65.94
72.07
29.87
233.24
84.08
79.90
657.33
156.06
75.21
103.21
677.41
256.30
157.98
378.83
193.57
75.13
128.44
39.78
101.71
71.37
224.98
36.38
131.91
46.14
187.31
56.20
114.68
90.24
145.16
140.94
338.22
36.71
103.94
306.28
132.98
83.52
466.45
113.03
30.06
99.72
26.52
226.07
98.06
63.07
76.52
89.41
141.04
76.83
74.29
16.51
122.94
175.08
94.58
108.64
127.49
196.70
257.96
84.09
653.28
53.02
16.77
100.64
112.92
58.78
352.82
254.77
63.56
90.46
414.73
99.20
285.82
140.13
314.37
106.38
206.73
86.42
123.32
687.21
358.38
61.43
79.98
122.00
57.11
138.36
31.44
553.71
278.80
106.89
107.10
114.47
65.53
37.11
54.39
118.50
114.20
14.22
77.40
42.69
54.37
143.86
278.73
32.90
93.95
25.43
156.10
133.16
140.03
66.20
118.29
102.83
442.36
102.71
308.43
538.46
78.96
32.76
164.30
384.07
90.73
13.07
338.28
105.57
92.14
68.69
19.02
128.92
72.92
116.37
448.13
24.51
56.20
58.58
143.89
92.92
133.06
51.74
176.10
66.50
105.23
191.08
94.99
123.44
58.74
46.98
122.01
430.23
117.00
45.30
42.87
117.99
178.23
35.93
78.99
77.42
160.53
68.96
90.78
109.34
147.29
24.59
183.47
98.65
28.43
35.00
51.83
65.18
433.49
191.55
60.83
249.45
31.23
41.83
37.14
107.40
75.88
84.63
80.45
50.11
77.49
135.59
104.91
55.84
56.79
277.18
202.25
202.73
154.62
69.78
501.52
60.64
185.37
44.56
249.13
252.01
223.82
102.20
105.71
54.00
309.72
41.87
78.54
170.28
62.96
145.31
50.71
179.75
72.75
209.37
221.12
43.57
382.62
142.51
39.35
198.20
91.56
116.52
21.69
179.06
153.24
99.73
81.71
581.90
170.42
72.91
648.54
222.65
202.95
15.39
119.68
141.86
80.91
108.77
30.74
171.47
12.70
179.51
54.73
483.70
74.95
66.98
11.01
101.95
27.14
34.36
107.85
60.86
128.90
200.74
154.26
578.51
73.15
137.52
117.72
277.43
119.31
319.20
63.44
131.64
332.08
97.31
99.99
116.96
47.81
20.87
65.34
95.06
39.86
212.67
107.88
24.19
130.01
40.30
32.62
67.07
90.35
47.62
50.19
44.64
89.97
266.91
127.02
29.40
71.32
346.72
126.45
218.87
77.24
129.80
68.62
78.36
111.01
97.34
50.58
62.48
254.12
192.82
95.24
82.59
114.27
53.90
314.89
22.90
15.36
52.48
46.43
97.86
69.45
111.40
56.74
60.36
513.10
740.16
114.89
37.10
130.47
51.77
66.11
86.42
27.87
98.88
136.74
96.32
119.09
524.08
119.35
226.61
44.49
86.63
81.93
72.88
108.06
41.15
27.83
77.01
108.44
55.25
109.06
12.99
81.77
115.18
128.32
74.71
56.14
32.26
199.59
143.40
44.73
70.20
52.30
81.47
178.50
68.56
74.02
154.24
28.19
195.25
105.67
289.50
103.65
104.95
73.96
194.45
25.34
277.31
57.27
31.96
75.79
113.69
363.23
159.01
94.47
61.49
114.77
120.89
127.96
26.99
49.79
92.10
60.27
100.96
572.78
12.44
58.86
87.76
101.43
58.44
41.28
145.96
61.14
76.40
78.72
17.49
55.72
30.48
72.57
502.93
262.40
84.12
26.99
108.07
51.49
251.57
128.15
71.72
73.26
910.62
82.38
111.99
60.14
136.71
129.93
103.73
184.00
16.88
51.25
93.44
113.74
100.31
67.41
54.82
43.52
460.94
129.82
148.23
33.58
32.24
18.66
17.31
18.62
59.53
246.77
80.79
353.29
196.52
75.43
60.26
90.64
110.83
31.58
123.98
238.31
309.65
119.93
36.69
92.37
171.34
48.06
141.35
13.78
128.99
84.39
126.70
132.19
109.05
38.59
441.07
40.81
109.65
20.06
66.89
69.52
134.16
140.31
128.43
130.10
11.24
120.19
104.32
79.24
52.81
47.08
41.70
98.45
16.80
160.32
161.37
103.69
108.68
93.05
46.93
196.03
87.08
128.32
24.87
471.95
187.75
97.18
58.80
296.33
155.40
67.67
28.08
55.01
99.32
372.65
41.93
83.75
80.51
24.11
122.76
318.84
275.35
222.30
44.31
59.23
113.45
56.70
33.47
134.69
71.51
252.28
46.69
23.83
106.85
75.19
37.52
114.81
705.21
292.73
100.37
498.01
43.50
119.54
33.20
135.59
69.75
83.55
244.57
598.52
65.31
112.79
130.81
56.95
268.30
221.19
99.38
93.13
119.42
190.53
179.47
69.94
128.59
138.13
74.66
62.53
73.87
248.57
84.61
740.33
40.14
133.33
84.66
775.69
162.45
39.19
75.66
27.99
58.08
143.08
51.95
83.42
50.29
384.17
18.74
104.56
30.63
516.58
90.50
137.85
96.26
530.01
142.60
122.28
28.73
38.13
207.55
76.73
135.22
284.83
114.85
251.04
196.04
242.63
368.46
138.40
57.68
92.20
89.83
51.02
146.28
207.99
24.50
169.65
37.57
54.53
379.32
14.13
93.81
34.49
22.76
58.16
40.38
43.13
25.86
74.55
421.69
34.97
27.27
36.72
205.30
48.89
84.69
401.59
119.15
68.34
73.84
31.07
80.00
69.46
214.98
115.52
137.24
150.86
106.49
43.27
36.44
97.61
55.35
191.58
210.79
109.79
412.86
70.50
44.25
20.49
106.89
289.41
67.66
277.63
113.92
48.88
297.19
100.13
86.84
428.30
195.74
55.77
566.84
102.72
57.91
53.42
55.45
85.39
87.75
94.61
37.87
104.31
62.01
27.69
39.98
25.53
20.27
340.94
171.06
173.68
249.24
120.17
209.43
24.29
38.30
45.09
305.57
61.92
107.90
141.25
94.67
186.99
58.97
44.20
229.34
298.66
27.82
16.16
47.12
56.42
56.81
99.13
118.45
55.57
142.18
68.76
169.54
16.22
164.50
424.38
174.09
93.94
133.94
190.42
74.36
315.62
150.20
71.62
164.10
293.95
158.67
69.78
119.72
67.21
58.45
113.66
59.40
142.76
126.74
151.95
82.02
41.85
30.79
239.56
63.26
89.43
94.64
72.46
51.63
59.07
78.30
70.41
76.14
48.73
58.30
42.03
122.23
200.02
38.59
98.66
45.59
230.07
349.75
83.26
85.11
282.45
36.22
135.18
133.54
82.02
149.67
73.75
556.10
191.69
250.54
77.70
15.21
285.33
155.39
105.55
103.24
57.03
37.91
93.55
85.32
152.30
45.63
158.87
257.65
139.09
605.67
68.14
108.23
84.98
128.31
132.95
32.04
17.53
59.53
88.99
77.25
221.25
175.69
45.54
71.89
190.25
250.67
330.11
80.78
440.75
60.50
91.00
38.48
62.41
151.63
88.66
97.25
37.47
211.85
86.52
125.76
549.65
28.11
223.95
103.16
44.72
131.78
26.19
475.73
194.42
215.71
179.68
112.32
338.09
114.40
92.30
88.54
65.62
82.78
27.53
40.43
220.81
159.36
28.11
36.32
51.04
56.12
259.38
38.10
124.79
117.43
79.58
140.34
73.85
94.63
299.04
82.78
295.39
77.58
157.46
100.83
99.72
82.82
74.04
16.34
101.98
39.53
47.24
211.75
43.35
212.62
75.66
892.57
70.77
41.77
75.33
79.00
149.91
91.49
110.13
37.09
325.84
140.82
529.45
52.29
33.89
228.17
37.10
236.85
31.03
212.71
55.00
116.45
79.29
41.81
45.01
47.16
107.29
66.96
254.86
73.49
146.20
24.36
563.76
201.89
20.62
88.22
93.65
165.02
13.24
95.85
109.71
124.95
349.29
34.62
100.64
88.70
135.77
34.00
65.41
111.07
53.40
31.41
98.79
61.89
135.01
285.33
600.52
158.89
337.63
19.81
50.32
129.92
26.53
65.78
39.78
86.04
90.19
21.24
568.46
104.90
61.91
197.84
263.63
71.73
108.94
201.85
148.57
133.91
45.54
111.45
80.63
214.66
73.75
71.84
547.26
97.97
395.53
35.93
116.34
57.73
189.97
240.37
96.98
58.69
73.36
176.96
107.98
183.41
95.20
63.22
112.85
389.83
76.68
34.05
16.43
421.79
67.10
138.20
119.97
196.08
130.06
540.77
50.43
198.76
128.62
26.40
218.40
44.24
42.10
602.45
32.86
34.12
157.37
45.07
30.94
135.76
87.96
37.96
46.71
59.78
243.22
61.83
100.70
80.30
50.64
185.20
166.01
130.69
107.00
88.32
144.41
136.36
25.72
279.29
62.20
80.16
64.21
76.05
75.97
135.27
134.03
326.48
132.01
140.39
106.33
242.80
164.93
51.01
482.40
16.35
382.62
142.20
180.76
85.97
213.64
73.12
664.49
29.59
94.29
40.05
64.25
32.65
184.72
69.50
127.76
232.44
324.98
150.08
35.02
42.72
45.84
131.21
46.04
106.38
99.04
222.36
30.30
85.40
89.44
62.30
121.85
123.55
177.83
27.45
183.92
182.91
166.66
60.04
295.68
260.22
64.18
69.27
345.69
66.26
112.23
103.40
63.16
59.32
154.67
27.91
97.74
18.75
70.12
315.11
69.82
12.25
186.72
48.05
60.34
93.91
54.41
126.20
97.49
164.91
77.80
52.12
290.67
182.91
180.72
147.20
87.65
89.78
59.71
60.78
60.96
56.58
65.74
90.99
34.93
77.67
49.07
103.24
90.04
144.76
58.94
96.31
157.06
17.94
85.29
89.83
68.94
128.41
72.40
92.68
21.42
33.47
197.65
85.21
74.72
25.81
31.26
125.27
57.81
196.00
129.58
170.10
151.31
15.35
256.74
132.80
68.20
71.64
128.99
106.27
54.66
113.45
375.70
111.35
74.14
206.42
91.44
63.82
89.10
182.54
275.71
88.82
17.78
155.30
127.31
124.06
50.71
75.39
37.11
27.28
23.80
102.61
150.15
324.71
168.70
22.59
88.37
234.42
81.78
570.22
85.14
65.79
50.67
639.46
406.17
66.28
58.75
279.05
41.85
112.06
74.14
60.01
586.03
131.63
177.30
54.13
775.66
184.42
94.57
65.69
39.82
77.02
204.44
382.18
78.10
102.27
105.46
96.13
182.33
70.12
225.60
25.30
556.94
52.20
177.63
159.01
52.72
268.56
17.24
228.23
93.99
35.92
101.48
83.63
544.65
136.14
51.32
83.88
57.10
97.72
32.29
143.89
40.45
75.60
65.05
209.24
56.63
727.11
90.49
239.50
83.60
126.63
126.69
106.16
107.51
38.80
25.56
92.54
138.18
145.38
105.13
75.23
230.71
739.49
31.37
39.50
183.49
71.79
77.06
165.38
26.08
43.69
217.92
265.07
143.57
30.31
217.09
143.88
145.62
96.11
78.25
49.16
39.15
80.44
130.25
218.62
101.16
31.18
135.81
108.84
208.15
119.43
142.47
56.37
94.59
290.92
145.52
67.85
72.63
108.62
160.73
39.47
74.77
383.25
289.18
78.86
260.65
113.13
73.29
33.94
23.60
178.48
35.33
105.79
29.13
110.52
127.99
32.31
176.14
49.54
71.31
129.07
100.47
316.72
450.79
275.85
39.06
239.78
135.62
53.75
18.31
38.85
110.30
74.33
131.34
204.96
622.03
79.99
165.11
293.85
75.79
22.73
29.01
272.90
20.24
114.75
44.88
215.03
126.58
108.20
537.21
286.71
35.03
73.00
85.51
36.26
99.82
147.01
73.96
15.95
309.12
84.87
482.77
79.23
70.58
120.19
329.92
68.50
36.69
68.45
55.89
40.82
84.33
56.91
23.56
271.67
26.90
129.66
84.49
564.69
326.94
59.63
47.03
202.46
49.63
149.69
455.50
122.83
213.68
511.02
171.47
118.21
167.99
254.90
30.10
109.06
16.61
109.41
140.12
18.79
40.61
37.91
59.99
99.02
27.13
22.16
57.63
149.28
186.76
28.16
196.75
84.28
205.09
42.58
43.73
224.65
282.72
92.94
466.96
63.74
103.51
138.64
109.72
419.80
107.31
69.91
76.87
83.55
53.37
56.12
47.72
241.56
659.79
67.60
168.82
304.65
244.24
317.39
71.75
101.13
88.58
180.21
11.71
831.55
315.18
407.11
115.18
769.11
38.21
27.85
90.61
109.05
273.72
34.98
25.01
57.84
100.99
115.07
73.00
215.00
158.35
412.16
127.27
150.98
121.75
103.65
62.10
133.07
39.03
113.51
196.21
290.57
66.04
127.70
50.43
725.19
36.71
101.34
122.68
93.97
740.97
81.31
134.57
170.89
30.75
92.01
150.59
165.36
184.11
148.84
53.22
16.23
336.91
70.89
366.09
320.73
181.47
139.67
522.34
65.61
32.45
102.92
137.44
61.35
236.85
177.17
204.72
173.34
87.43
109.23
525.71
79.40
149.47
63.58
361.95
69.42
103.55
97.83
264.95
29.09
54.83
47.61
64.01
123.18
88.29
900.18
60.64
463.58
85.47
122.88
20.15
22.05
214.13
39.73
198.87
273.66
176.06
279.54
52.94
161.51
188.07
100.08
88.15
69.15
56.51
19.04
77.09
102.45
299.25
207.30
78.47
132.86
43.08
77.73
61.15
142.82
25.71
83.06
17.17
121.17
278.00
108.01
417.99
16.05
376.63
189.20
223.59
224.46
13.48
118.63
186.53
190.46
75.07
70.95
32.70
39.51
121.68
262.64
202.60
66.96
126.44
536.37
88.83
150.28
267.49
77.17
367.76
151.53
93.12
47.63
65.49
25.60
253.14
40.83
77.09
95.61
58.08
97.22
315.75
52.96
82.55
46.07
160.30
26.69
95.97
79.49
95.24
409.92
62.67
81.67
395.68
68.40
27.82
130.01
62.82
678.45
111.93
516.40
121.86
100.75
24.13
479.19
36.45
102.88
183.05
54.10
53.15
64.52
97.72
88.64
268.05
87.78
128.70
180.77
55.05
42.61
184.41
128.97
21.33
637.19
115.80
53.39
78.39
36.56
41.60
29.46
319.81
87.04
102.62
73.93
99.45
103.14
20.54
231.37
26.37
269.02
66.41
142.60
369.93
151.45
22.60
75.10
130.41
74.51
158.27
74.41
109.19
51.79
92.06
70.05
103.45
26.42
104.47
150.70
215.46
196.46
15.24
138.36
130.84
50.12
18.06
64.17
160.35
284.21
316.20
54.02
62.41
53.36
93.46
41.16
28.90
47.35
401.44
61.73
47.78
145.25
266.11
79.82
43.79
174.39
59.31
15.84
88.74
314.31
95.56
77.33
78.51
234.33
585.87
518.01
211.22
77.18
121.28
613.90
61.28
23.18
75.75
55.95
255.02
54.71
151.80
107.61
207.80
62.72
60.41
57.57
86.40
125.22
81.03
53.86
515.95
60.62
434.75
41.66
19.79
154.33
66.55
201.84
48.56
99.74
144.71
205.44
103.95
99.72
93.91
197.66
71.06
70.56
44.63
44.71
270.77
273.47
348.02
137.65
74.57
17.58
242.74
30.64
98.49
322.68
116.79
389.37
114.93
116.79
38.91
89.75
105.69
145.57
25.97
52.34
225.70
206.79
109.91
74.31
131.82
81.38
103.54
238.99
150.28
156.29
298.78
571.85
40.63
20.43
243.96
206.19
27.65
27.81
68.83
56.48
206.78
16.89
147.78
32.90
64.93
27.61
71.44
33.08
81.93
230.20
91.14
83.79
587.72
112.06
260.99
186.28
104.94
193.60
39.25
127.86
58.76
42.76
55.89
71.59
92.24
116.65
87.78
169.37
73.58
55.45
175.41
56.29
98.96
31.28
85.55
68.78
114.97
153.17
268.40
178.88
863.51
111.28
157.27
142.91
96.85
118.18
88.97
59.89
86.83
205.56
179.99
13.10
26.15
191.61
67.53
241.33
157.04
396.34
117.32
122.09
297.55
132.34
21.65
44.82
455.44
37.32
117.84
223.99
53.47
44.47
65.79
29.53
73.03
72.03
69.36
273.21
83.99
116.07
195.24
154.40
39.82
119.99
142.40
33.55
424.63
199.31
277.09
23.72
400.26
67.59
87.43
106.18
19.97
88.78
42.24
233.69
237.33
75.59
157.66
39.99
168.35
60.37
73.35
160.05
185.75
113.19
45.74
59.97
214.00
630.56
30.20
586.45
161.68
278.80
38.38
86.08
474.13
98.91
71.45
102.25
20.84
96.06
147.63
121.21
60.13
53.10
34.29
92.50
98.07
49.43
18.94
84.29
137.95
337.48
167.94
103.15
59.96
46.53
746.11
171.87
45.04
161.23
171.55
183.63
70.76
99.02
110.55
54.23
82.41
163.55
62.62
73.34
42.03
123.61
84.01
273.77
471.29
38.72
17.70
795.87
124.04
62.29
176.24
24.91
192.47
48.24
148.08
54.83
45.15
429.87
150.08
257.59
98.07
394.13
23.83
93.45
38.62
45.69
110.87
181.83
365.73
79.06
70.49
38.92
155.20
32.69
106.37
328.47
214.48
74.82
100.82
93.36
49.57
25.71
201.38
113.30
116.70
28.90
42.03
57.28
70.30
166.05
460.61
73.32
75.17
95.35
53.94
89.18
152.39
371.58
79.10
188.75
498.82
248.00
88.64
110.64
99.49
511.63
104.35
72.61
239.60
72.83
94.88
47.79
98.13
39.49
16.27
175.67
64.13
181.49
147.32
94.08
50.32
94.68
44.08
213.11
53.83
43.56
129.99
250.68
27.70
37.59
79.92
49.77
172.46
328.53
139.72
85.85
116.91
94.42
315.37
63.71
86.59
205.23
53.91
112.43
67.06
100.11
97.00
238.87
52.04
349.77
23.40
48.56
15.85
105.18
38.44
185.48
235.58
191.74
172.62
117.91
38.80
104.44
62.77
93.57
131.16
49.94
108.69
158.60
39.60
135.78
174.98
82.52
68.73
56.21
63.13
95.56
56.82
18.61
130.40
25.50
32.48
173.20
86.96
289.05
76.32
279.59
271.54
32.37
68.32
109.34
148.30
65.34
94.17
25.95
27.22
45.43
171.07
136.56
58.43
119.52
360.73
24.65
153.54
227.05
327.61
297.95
129.25
71.17
120.85
366.98
30.37
70.69
65.20
70.84
112.19
86.10
96.78
103.92
79.28
17.53
25.34
34.77
78.38
120.52
91.71
200.65
26.75
190.94
154.98
891.29
120.26
21.59
62.82
115.21
215.95
89.77
62.49
78.32
551.64
19.28
786.97
54.68
109.37
22.80
134.77
461.63
164.90
42.21
161.29
50.78
85.65
515.27
706.77
111.98
125.14
46.89
131.88
43.39
109.18
337.20
10.91
64.77
38.02
182.92
65.86
36.60
106.80
118.70
81.99
24.31
183.25
122.38
40.16
62.28
28.10
306.70
479.40
139.46
83.58
43.25
31.03
214.22
18.31
130.93
52.43
127.14
108.05
279.12
19.54
84.06
20.83
300.38
125.69
122.34
153.85
302.61
96.82
71.76
214.29
106.96
287.27
136.17
192.75
197.70
59.98
47.48
401.73
70.33
20.60
89.19
139.21
243.75
71.68
17.39
100.00
93.93
118.32
502.81
84.24
110.84
99.85
321.20
181.92
91.82
59.96
654.95
33.13
101.25
29.73
136.68
165.63
17.65
100.75
109.04
54.75
35.45
73.36
44.36
122.44
223.06
110.71
269.21
428.62
89.46
184.99
81.14
60.06
57.45
78.96
347.77
515.91
90.21
135.31
407.15
91.37
87.45
137.84
180.62
612.53
241.55
98.87
163.71
791.66
142.40
174.12
44.51
108.29
655.03
98.02
231.24
166.30
36.21
90.80
172.62
132.26
59.16
144.71
57.91
726.33
187.10
149.71
173.24
60.60
245.53
43.33
258.22
293.82
207.72
61.29
36.36
64.88
62.67
49.92
199.39
16.78
19.73
58.23
110.84
234.79
18.87
139.88
170.62
187.39
47.54
85.33
38.83
66.13
181.37
36.42
66.38
46.52
69.10
238.70
47.85
287.15
252.12
109.11
147.23
392.72
13.46
131.50
176.31
421.38
116.80
123.21
120.24
366.57
63.57
65.72
89.85
102.57
73.40
170.49
40.80
110.31
94.95
39.06
229.49
71.60
76.34
106.66
433.92
393.14
77.77
43.93
66.90
43.95
56.79
63.55
68.68
362.62
110.31
73.63
42.09
57.67
114.19
107.20
182.84
326.09
94.28
107.01
255.52
290.99
451.85
121.27
33.26
29.81
88.16
23.34
63.17
56.23
286.00
48.60
185.54
34.79
178.64
217.11
39.88
127.96
47.60
149.73
115.02
410.04
95.19
48.79
37.24
46.63
242.03
130.99
28.61
18.00
82.65
31.61
72.41
236.87
97.25
55.45
310.46
85.55
479.52
966.76
50.13
108.36
140.22
44.34
547.71
243.27
220.14
153.03
95.45
142.25
256.16
58.09
24.13
84.96
582.39
23.39
112.08
100.74
50.69
32.57
94.86
120.79
653.46
127.67
199.24
47.46
40.18
152.60
138.89
33.56
557.17
286.69
243.68
235.51
94.68
78.99
20.39
206.70
83.42
187.46
154.18
91.14
136.96
90.39
137.39
107.86
65.73
76.36
83.67
71.99
86.27
91.89
200.69
264.25
111.11
106.80
64.93
175.30
115.49
119.19
631.67
318.14
85.86
84.62
277.44
243.63
65.25
133.62
70.96
194.27
71.68
37.10
78.82
50.71
70.17
113.47
121.53
173.52
29.82
247.06
52.51
50.79
135.87
88.60
199.49
29.70
110.36
219.66
88.88
110.71
85.79
37.25
65.20
67.81
127.08
89.72
46.04
88.57
48.41
351.10
76.83
113.96
95.02
115.84
329.94
202.23
29.29
257.19
435.43
130.98
88.84
27.53
104.98
33.57
100.41
72.30
126.99
356.13
256.60
156.96
125.31
389.89
259.21
30.83
71.44
48.95
537.82
139.85
92.97
320.65
317.20
52.42
88.85
395.70
40.75
100.92
140.74
378.17
146.01
203.01
21.09
190.82
80.62
47.85
50.42
49.03
168.76
149.76
61.13
107.63
44.48
248.09
31.89
48.81
71.90
58.67
156.49
103.07
94.46
130.01
107.92
104.36
30.33
120.23
132.51
140.46
29.18
77.12
230.48
144.53
145.14
236.81
135.86
13.68
170.92
139.84
279.97
126.33
315.53
249.04
27.81
97.80
186.66
152.56
111.00
191.43
227.35
100.95
49.07
34.53
24.36
44.10
273.55
178.61
100.78
16.05
197.89
79.44
218.02
25.42
112.98
146.58
74.72
71.61
168.33
498.55
157.49
68.21
446.66
40.03
611.34
118.80
144.15
170.06
43.84
48.95
52.49
83.00
103.82
156.94
246.77
234.70
100.85
101.69
95.41
162.99
108.03
151.48
103.24
75.42
221.21
20.89
20.16
176.28
111.27
55.22
25.28
424.29
547.69
77.13
41.33
264.25
165.83
61.05
61.32
851.36
118.20
93.26
528.18
52.78
192.21
39.89
102.18
405.11
134.74
71.86
59.51
208.63
116.34
41.43
397.83
78.67
159.18
72.16
56.24
23.58
66.39
318.14
34.16
212.84
77.73
610.41
357.46
50.03
116.42
80.80
14.18
40.65
32.68
48.40
51.98
175.99
18.04
111.24
115.89
120.76
106.41
91.79
89.48
78.55
140.49
85.94
377.85
85.09
26.32
86.51
276.10
73.50
99.32
109.64
54.31
42.53
98.56
29.71
268.29
125.36
196.74
109.54
116.23
30.69
49.89
110.26
69.17
381.37
63.47
431.77
63.04
62.13
97.32
49.99
227.63
51.44
83.30
103.60
271.07
371.90
86.28
189.77
115.12
90.67
180.34
10.38
64.19
523.53
26.50
63.16
83.37
59.27
510.36
79.33
49.53
16.97
129.93
93.38
30.94
164.10
117.26
43.17
200.38
217.10
106.51
51.74
143.73
53.87
136.87
148.99
25.17
83.15
24.40
77.17
326.15
109.70
67.50
65.24
568.56
270.83
33.62
88.66
95.45
69.45
150.79
32.95
61.08
68.73
344.38
45.36
49.94
116.33
100.26
132.80
110.09
81.28
594.15
101.24
182.98
70.44
13.14
104.23
363.18
79.01
176.99
160.99
69.53
105.97
157.66
51.07
92.65
356.26
198.83
159.08
68.68
93.10
36.77
59.32
221.37
121.65
91.55
25.09
113.55
151.36
17.07
187.67
42.80
63.31
40.06
32.21
99.06
112.61
103.11
225.66
239.26
69.46
108.64
102.70
131.52
24.79
43.58
114.35
37.21
267.35
415.92
169.44
490.03
206.61
177.39
32.32
43.06
86.44
30.65
66.99
27.55
255.33
69.47
144.37
38.30
139.19
17.20
39.74
67.36
167.36
75.99
35.98
111.94
186.21
280.66
112.51
200.96
253.23
267.22
124.41
77.49
69.75
47.33
42.54
145.07
32.93
262.07
212.41
93.94
262.04
58.95
87.08
106.15
116.09
60.78
131.09
98.84
186.76
155.77
20.23
84.74
456.84
141.35
166.92
87.80
320.74
100.47
91.46
69.06
27.44
42.93
14.22
31.19
156.39
56.23
64.69
88.27
499.35
35.60
89.06
69.40
71.95
112.79
36.75
547.53
81.18
71.15
72.37
169.71
122.81
492.27
176.64
71.71
37.37
51.42
69.05
34.35
18.43
119.66
565.20
102.81
194.75
193.75
72.18
163.58
47.37
22.97
323.63
187.39
75.22
61.47
62.66
107.12
58.83
79.12
142.99
289.45
29.25
57.73
20.95
445.50
122.18
90.66
240.33
298.38
213.65
90.97
158.70
121.66
277.49
482.27
87.72
94.31
178.89
62.99
35.56
29.40
160.64
120.87
114.81
152.05
169.11
111.59
106.26
52.52
122.32
390.12
147.56
208.02
64.52
128.83
188.39
75.13
46.04
541.00
53.34
229.58
14.77
40.49
38.57
338.87
22.19
207.13
65.37
174.60
122.31
107.13
65.89
25.17
57.71
137.48
33.40
48.34
14.20
79.85
49.70
38.59
43.65
823.81
60.87
19.27
200.22
73.72
27.74
77.27
48.00
405.67
836.21
95.33
104.34
67.86
455.07
37.62
99.11
333.78
105.54
499.22
37.24
78.59
283.28
118.65
68.70
294.24
338.51
156.95
21.95
159.62
27.92
32.15
150.43
185.68
55.26
372.81
283.03
220.53
163.71
19.83
80.54
132.03
200.25
126.02
159.93
103.57
267.63
71.48
524.86
64.29
110.55
210.97
75.02
60.37
132.84
52.52
484.44
326.73
80.87
218.82
99.84
282.81
81.83
72.96
194.76
70.60
113.17
68.19
135.73
827.41
324.99
94.17
464.57
264.51
87.52
297.78
20.13
271.91
23.32
367.42
52.59
99.15
105.96
75.09
640.94
22.28
71.00
11.88
208.23
123.43
200.28
186.54
113.29
236.68
77.54
96.75
56.17
303.32
50.02
105.69
192.84
116.60
54.32
20.33
49.46
113.15
139.63
137.36
509.90
32.90
24.86
22.40
192.15
133.77
34.08
119.08
204.11
238.97
251.12
86.11
47.26
236.28
47.94
630.11
57.23
508.64
95.93
108.05
93.35
40.58
252.45
70.36
136.82
175.18
17.59
155.70
193.33
14.62
72.50
106.93
602.22
261.37
357.37
29.98
63.93
509.58
173.60
143.59
149.50
40.14
120.35
155.10
84.12
94.16
75.66
100.91
45.45
90.25
96.65
77.26
526.88
101.37
142.47
705.17
76.87
138.34
20.27
32.70
245.19
84.33
46.91
272.06
178.85
135.76
29.81
80.61
25.70
17.84
85.16
21.78
50.49
78.44
158.13
53.48
81.49
27.50
114.10
18.18
106.68
49.22
137.70
73.76
339.69
206.96
15.03
118.51
215.99
58.32
114.60
95.73
72.50
180.30
112.14
32.49
141.35
411.96
157.39
163.92
250.95
102.79
71.32
91.75
106.30
55.09
175.96
119.71
122.92
132.66
96.57
41.70
197.69
72.99
483.92
157.53
100.29
72.47
152.42
133.72
48.34
336.39
58.54
208.39
201.32
118.70
118.31
124.81
49.62
33.85
390.09
29.75
34.50
55.70
54.59
182.99
16.47
89.49
176.06
74.25
23.62
482.39
64.96
146.49
69.21
136.81
110.57
12.19
90.77
89.30
85.29
74.86
91.60
96.40
46.50
347.13
163.46
78.99
137.51
12.95
54.67
123.17
83.32
69.97
20.38
18.58
57.66
319.95
332.78
320.38
54.48
95.80
458.86
36.72
225.01
138.31
70.89
148.33
633.73
87.98
65.15
38.90
137.25
102.69
130.94
116.86
29.92
138.12
211.91
36.65
120.42
208.74
78.95
85.61
514.62
207.08
100.39
27.25
76.85
12.48
188.11
146.79
177.89
50.42
52.40
100.60
184.75
219.14
88.96
481.57
106.34
156.28
33.00
23.40
120.86
241.08
96.60
320.72
194.72
28.37
40.24
127.25
82.79
114.00
160.72
73.71
111.05
44.41
116.93
199.20
41.28
63.29
68.23
24.21
460.52
395.82
69.53
86.53
85.75
153.40
64.67
47.66
41.24
113.57
95.19
155.89
40.93
97.25
75.82
145.17
304.27
286.29
41.02
70.67
334.76
123.43
17.50
100.40
495.68
79.09
60.86
82.55
193.38
144.63
116.46
128.85
156.92
87.03
151.44
74.56
55.81
183.62
197.25
47.73
141.36
10.78
91.72
30.85
93.26
18.88
87.75
67.34
32.81
16.19
305.63
112.41
107.68
90.18
178.90
92.00
119.17
43.85
98.22
290.47
149.26
82.61
164.78
473.64
168.40
41.88
123.89
79.65
81.59
450.21
337.96
85.65
43.19
129.19
206.32
134.34
55.93
184.41
77.51
211.56
620.46
87.81
198.30
117.24
290.49
57.44
45.00
110.95
71.91
81.61
103.95
310.99
407.58
44.73
58.55
53.00
54.49
76.12
21.04
64.54
94.01
513.11
77.56
142.12
14.07
53.16
19.11
79.08
169.17
73.37
110.82
419.10
63.44
271.56
42.44
56.23
33.03
61.92
58.45
190.33
61.33
122.50
37.96
169.95
38.61
100.99
59.90
158.11
258.62
344.61
148.85
256.69
59.26
609.02
75.05
151.12
699.79
206.44
446.77
97.99
36.20
210.81
66.88
147.52
53.00
70.72
207.29
157.22
26.25
260.10
100.50
49.83
290.90
114.58
280.17
142.87
112.16
63.69
299.43
79.05
24.54
14.58
14.69
137.76
253.21
73.58
79.46
192.21
91.71
41.03
27.80
190.68
79.95
237.77
256.90
46.57
111.03
85.22
28.06
90.00
54.94
237.78
40.10
538.31
138.61
88.19
22.00
30.86
247.02
76.76
88.51
106.64
45.20
197.14
75.31
259.94
122.21
72.60
39.25
86.83
153.53
194.44
30.22
103.51
291.37
205.04
241.95
286.82
19.67
71.24
113.26
62.48
124.56
331.74
157.08
166.17
104.24
64.34
68.55
75.85
40.21
176.65
56.44
54.76
110.18
47.70
74.04
99.24
97.55
45.91
120.31
28.86
237.86
231.25
49.96
65.47
189.64
70.70
285.00
149.84
29.09
34.67
89.97
18.13
23.29
131.70
30.05
224.52
90.25
229.46
181.61
66.40
51.33
46.90
99.19
62.11
32.92
179.10
103.87
108.06
77.46
34.22
139.35
82.22
103.35
40.14
97.12
106.55
186.08
128.55
215.89
87.39
18.04
123.15
22.85
185.84
14.64
12.42
86.22
81.15
54.21
149.45
153.28
409.44
73.59
250.20
708.35
177.45
110.90
197.86
61.34
95.59
83.79
303.36
122.72
420.00
72.58
23.23
275.61
92.81
84.40
418.09
78.06
124.25
480.62
100.17
131.42
120.64
498.69
80.01
84.00
87.95
88.98
35.79
45.13
180.06
79.60
21.81
95.98
187.08
888.89
192.45
14.69
150.44
24.85
157.90
101.67
77.78
50.48
118.92
48.75
161.20
51.61
28.76
141.40
93.60
92.92
177.52
115.97
81.89
117.00
60.91
118.41
58.09
60.59
56.84
255.10
377.05
217.38
20.59
139.39
80.59
20.69
194.73
66.59
126.41
93.32
22.42
185.43
104.80
205.96
40.58
98.16
49.60
140.12
80.67
122.14
143.23
100.10
131.77
48.70
116.46
506.77
25.49
124.42
207.35
203.30
16.27
65.55
127.61
44.29
232.22
77.83
58.89
155.21
26.42
113.58
90.45
39.01
63.18
269.80
152.47
35.99
65.79
72.27
171.03
112.02
49.29
414.31
105.99
367.05
247.92
21.12
78.87
256.05
85.78
91.99
28.45
35.26
228.71
205.77
110.98
77.28
235.47
316.58
120.94
95.20
143.12
107.19
160.55
222.20
85.65
108.69
98.38
29.93
83.86
99.00
236.88
55.77
66.92
61.43
328.11
47.00
118.18
140.43
205.44
41.49
48.40
47.83
154.25
193.81
95.38
306.49
99.44
205.02
38.94
126.59
147.79
18.28
46.69
93.76
83.26
38.88
85.72
115.39
82.44
96.57
160.31
217.51
118.82
238.19
127.53
19.37
50.55
117.31
22.07
24.51
151.98
77.02
140.51
38.26
93.94
113.48
106.33
59.47
195.02
632.98
175.26
151.93
88.26
97.05
145.08
770.18
53.86
296.05
70.54
47.77
268.90
115.17
316.88
41.49
155.45
75.60
30.54
131.44
174.80
278.88
15.40
29.42
218.92
345.20
159.69
120.68
270.48
118.61
102.28
32.60
230.17
217.24
53.66
120.49
70.31
735.80
304.45
51.97
181.49
19.52
92.98
210.47
81.56
388.59
171.07
73.69
277.29
632.68
118.47
13.38
412.68
14.11
329.74
151.56
133.41
103.87
101.14
276.62
98.64
40.74
182.78
85.68
128.06
25.52
146.21
150.96
434.82
90.59
137.71
104.10
394.61
597.85
26.20
61.91
244.27
53.38
75.30
126.21
77.41
87.78
92.41
73.26
42.61
74.13
75.47
127.18
108.38
262.99
319.63
141.99
138.40
173.99
97.31
55.09
86.51
69.09
101.36
250.54
149.86
300.01
124.79
98.51
143.86
56.62
148.68
103.67
188.73
604.04
162.99
119.91
26.01
351.21
51.41
159.98
468.09
26.23
35.67
62.42
44.13
27.43
250.62
20.29
121.40
104.79
38.42
192.11
127.47
222.05
210.67
68.74
259.75
50.98
433.13
422.07
96.99
126.43
47.63
49.04
65.02
67.85
181.62
56.15
95.97
35.53
157.45
40.43
26.28
118.57
47.24
47.62
300.99
94.08
109.57
466.00
433.01
48.74
95.62
92.69
61.15
120.32
66.70
126.75
180.45
89.21
473.94
345.30
20.60
94.95
81.27
427.74
201.15
100.30
96.04
96.76
222.65
102.31
28.73
74.46
29.96
280.37
22.59
149.74
357.39
354.48
182.02
250.69
14.93
136.09
246.60
237.90
169.01
33.38
29.69
39.72
139.22
107.86
23.35
119.07
39.83
152.30
92.49
97.91
198.84
41.16
373.18
81.56
110.92
100.79
203.51
59.55
147.52
274.76
237.61
98.15
129.15
49.78
74.69
251.87
91.57
91.28
102.57
226.99
133.24
99.55
82.90
568.62
36.06
71.55
167.76
141.69
50.19
636.45
48.84
76.13
46.92
74.74
53.96
192.41
35.78
27.75
81.82
61.01
105.97
115.36
20.59
43.04
173.57
464.05
91.83
42.30
122.25
57.98
441.82
78.23
45.23
88.13
155.69
204.29
84.20
34.16
81.72
95.55
238.18
121.68
119.76
867.11
63.95
200.35
113.47
89.84
221.78
75.05
112.99
268.46
510.25
96.51
135.95
85.31
56.00
216.60
36.51
97.76
168.15
527.82
126.45
79.25
38.98
51.00
82.52
243.85
32.06
73.20
319.27
203.18
59.21
111.22
30.45
185.58
50.94
15.63
31.00
33.28
93.41
83.70
538.77
275.62
92.49
154.80
156.97
67.86
395.62
93.46
126.22
62.83
112.44
155.93
48.26
204.08
184.95
282.20
56.01
63.68
648.05
56.06
106.55
60.84
158.49
24.64
169.31
210.93
201.40
81.43
164.01
244.75
54.63
87.30
215.12
60.11
102.65
103.57
204.26
126.06
46.94
102.91
78.80
293.39
60.24
22.03
433.97
105.50
38.98
16.48
70.65
154.35
88.74
47.46
74.87
166.08
104.67
27.42
248.11
295.50
76.96
109.52
604.56
57.57
100.95
132.60
125.28
43.35
184.64
174.78
160.86
67.47
85.99
140.25
312.32
29.05
361.41
125.54
106.83
86.42
161.08
74.32
235.11
89.23
225.10
143.02
264.78
94.91
66.40
92.52
732.97
174.49
22.68
15.45
81.00
144.78
89.93
336.73
90.26
39.99
25.94
143.05
50.96
52.41
174.35
53.15
148.45
39.56
29.42
25.04
40.30
30.17
360.43
153.27
49.45
89.92
41.13
138.64
175.94
103.86
90.07
326.76
108.69
117.86
153.96
51.92
61.17
103.85
98.31
303.38
136.75
117.01
755.22
92.82
144.34
354.76
79.96
53.92
106.08
144.43
19.24
50.56
129.21
104.27
86.18
64.93
29.32
63.23
15.85
44.63
703.20
93.67
13.87
128.60
170.61
88.80
28.63
145.10
105.02
115.68
255.65
148.15
39.99
76.06
342.75
54.78
169.96
48.99
174.91
427.33
32.11
58.64
158.45
125.17
103.15
510.15
152.15
133.47
54.25
113.86
87.61
17.08
273.26
298.49
22.61
80.05
134.83
48.35
113.84
113.08
75.10
61.31
20.37
88.79
19.39
399.30
54.92
23.24
265.81
129.66
160.26
381.39
162.01
21.55
45.67
211.14
31.68
160.51
159.73
151.69
101.21
54.65
119.05
75.84
127.92
153.05
67.87
167.74
185.16
66.78
422.15
143.71
97.47
175.71
79.01
38.04
68.51
539.83
298.08
222.19
121.56
268.77
50.79
234.48
241.51
318.74
51.01
117.91
127.33
80.92
159.09
79.35
126.10
68.66
44.67
53.12
48.93
714.84
43.06
82.36
50.54
113.65
122.65
121.35
100.36
119.62
93.23
38.97
202.59
65.09
152.63
88.38
105.21
141.79
89.25
316.12
68.30
440.88
89.88
84.03
120.07
358.20
154.40
120.24
133.12
490.50
511.85
185.68
165.04
74.88
40.86
225.07
51.77
37.65
43.71
63.87
252.32
71.38
113.38
185.23
36.95
215.06
72.79
137.10
311.33
136.06
101.33
366.86
168.52
23.13
48.74
319.38
108.04
61.06
308.02
115.87
101.39
139.96
83.31
42.47
76.09
155.67
51.72
55.31
323.46
58.64
71.21
455.62
264.22
34.69
486.40
92.78
111.76
743.50
254.11
384.46
271.20
173.80
127.47
55.92
78.42
56.10
33.48
155.62
123.57
105.25
41.08
204.39
135.32
65.93
72.03
53.96
135.45
13.07
102.27
90.82
65.49
197.32
93.79
120.85
173.40
18.02
613.26
22.29
90.67
152.84
44.30
91.76
78.30
61.11
457.06
32.64
186.79
34.46
234.61
282.99
19.15
56.68
15.89
161.52
64.46
154.13
209.09
37.67
70.95
93.26
42.89
135.37
156.49
170.40
81.63
245.81
308.72
386.69
47.98
116.87
104.32
15.23
109.85
75.75
50.99
146.52
346.03
187.14
94.12
44.02
67.30
27.92
152.40
25.28
42.24
46.78
65.66
63.91
28.16
224.53
89.43
126.74
231.24
234.05
51.06
121.80
36.40
54.44
55.24
203.19
139.18
18.20
896.37
297.28
31.91
146.97
96.45
556.54
16.44
180.45
28.61
60.33
435.14
259.80
150.29
177.52
61.66
51.48
103.23
726.26
20.89
255.40
146.45
368.44
44.81
101.08
334.88
108.10
100.72
63.95
291.64
17.95
250.92
67.74
237.18
46.95
519.88
94.73
53.94
34.96
157.37
154.84
100.04
76.39
100.53
516.12
12.56
29.44
148.59
782.03
136.92
43.50
120.30
92.15
87.50
109.62
40.80
71.87
82.33
43.95
236.77
796.29
83.61
104.81
493.53
77.25
143.25
71.10
62.00
965.58
101.68
94.91
66.60
111.88
136.76
190.71
43.85
36.78
96.30
327.91
128.97
514.36
589.90
68.40
919.23
100.09
45.87
103.28
87.70
61.22
222.95
688.01
526.68
65.73
506.93
274.39
264.93
39.35
147.17
85.87
23.67
192.85
108.42
555.08
301.82
78.67
37.22
25.63
83.26
100.97
452.82
19.47
189.99
218.96
121.25
79.26
514.31
34.66
455.22
371.54
126.71
202.01
207.38
239.39
78.89
250.99
16.88
43.78
150.93
288.67
50.63
122.29
59.00
17.67
94.22
384.03
235.55
94.96
146.75
103.82
86.48
243.19
303.67
172.16
96.73
24.60
57.98
76.13
104.13
128.65
58.83
60.92
155.55
120.08
164.51
379.21
116.28
108.30
26.91
163.58
71.31
23.37
144.98
40.15
101.17
21.70
111.24
399.13
163.20
100.54
53.87
310.53
180.39
156.22
147.82
195.06
24.91
38.96
48.08
340.94
230.82
141.77
96.38
109.22
19.68
370.84
34.18
141.54
131.28
96.14
79.68
385.34
102.66
120.60
103.13
166.82
18.83
192.37
41.40
52.55
676.76
249.69
113.35
83.19
147.35
53.74
311.17
89.58
54.86
186.45
78.50
185.46
121.62
375.78
120.35
252.52
95.51
343.92
53.52
98.72
37.40
76.64
69.28
263.83
62.95
73.84
725.20
76.49
235.08
267.37
64.30
205.93
245.97
222.02
38.77
257.85
67.03
85.49
250.79
108.35
384.69
497.89
365.80
131.59
49.60
493.78
25.03
44.90
55.76
69.87
69.19
30.19
136.61
230.77
26.98
59.73
165.86
30.22
587.09
126.40
139.11
173.76
60.02
75.87
98.80
106.65
115.98
184.07
186.16
119.98
14.90
112.39
165.08
204.62
72.05
63.82
122.44
94.17
184.38
40.46
