675 99950
244 99605
211 99451
7 99368
544 99361
743 99012
423 98971
656 98969
80 98831
359 98641
738 98620
607 98521
231 98492
537 98477
854 98461
212 97720
69 97371
914 97308
499 97212
90 96981
755 96975
566 96777
821 96600
899 96535
635 96304
8 95986
701 95818
847 95753
806 95549
519 95340
559 94981
284 94846
465 94689
360 94364
592 94344
561 93979
94 93823
199 93625
840 92686
553 92596
65 92512
323 92390
18 92185
347 91897
760 91795
748 91773
835 91508
819 91110
146 91023
697 91002
120 90929
623 90886
966 90565
911 90529
316 90076
172 89983
205 89983
16 89760
354 89612
919 88863
769 88603
370 88487
218 88278
727 87974
227 87922
160 87860
545 87773
330 87277
845 87171
694 87007
139 86906
348 86854
686 86599
638 86541
10 86364
708 86308
341 86266
570 86135
388 85852
202 85684
480 85622
401 85619
940 85604
346 85532
108 85360
668 85092
837 85016
97 84186
985 84043
224 84021
338 83925
689 83802
542 82928
64 82819
661 82450
528 82172
59 82125
634 82065
935 81778
869 81728
47 81451
964 81012
812 80838
178 80705
356 80545
299 79948
552 79948
809 79775
953 79226
328 78959
622 78905
608 78808
761 78471
891 78420
159 78352
129 78101
171 78062
929 78040
965 78023
918 77901
345 77507
715 77480
644 77159
70 76991
704 76766
327 76752
590 76236
620 75654
657 75355
5 75309
402 75232
932 74601
982 74440
602 74324
427 74240
572 73165
84 73048
36 73021
766 72987
85 72792
48 72524
173 72504
632 72382
287 72227
418 72044
247 71974
963 71886
826 71786
243 71468
562 71414
575 71329
372 71052
793 70238
614 69803
744 69216
750 69062
131 69054
24 69013
273 68980
252 68824
6 68765
424 68744
4 68575
736 68345
640 67964
155 67945
895 67822
493 67739
300 67717
525 67565
950 67532
941 67482
196 67177
26 67066
786 66872
952 66784
877 66723
832 66653
254 66611
646 66590
955 66350
169 65456
886 65393
188 65039
581 64970
573 64962
318 64905
506 64359
130 64351
422 64336
357 64323
53 64271
672 63715
221 63474
167 63361
479 62900
286 62415
283 62330
534 61546
280 61499
728 61482
588 61316
170 61306
420 61299
100 60747
326 60708
871 60564
563 60380
524 60167
551 60163
450 60116
917 60048
197 59732
128 59689
194 59519
882 59267
259 59087
494 58727
428 58701
691 58565
923 58528
647 58515
838 58450
2 58359
492 58154
27 58075
516 57970
158 57017
314 56909
720 56870
206 56794
527 56694
292 56614
81 56595
368 56496
57 56313
868 56114
332 56104
892 56094
175 56084
884 56012
213 55908
376 55730
945 55725
268 55063
11 54818
818 54784
859 54728
500 54663
808 54568
512 54519
517 54386
298 54229
874 54008
461 53912
37 53826
15 53805
739 53580
352 53476
116 53287
875 53247
73 53218
699 53158
122 52797
296 52555
888 52255
484 52251
944 52192
958 52187
470 52156
104 51906
210 51715
960 51666
530 51632
913 51466
539 51246
269 51171
959 51050
873 50422
282 50226
141 50188
25 50107
151 49975
238 49975
260 49975
375 49975
378 49975
468 49975
741 49975
771 49975
417 49955
889 49894
866 49560
121 49499
181 49022
900 48944
555 48744
458 48692
183 48614
723 48533
321 48487
678 48481
256 48371
863 48267
505 48231
230 48131
29 47952
455 47680
980 47627
702 47594
3 47423
669 47079
95 47016
369 46604
680 46432
825 46237
842 46196
355 46129
361 45773
335 45647
556 45502
374 45425
582 45410
903 45406
138 44990
679 44504
390 44381
503 44362
125 44275
735 43886
695 43643
411 43581
489 43576
89 43504
716 43429
510 43225
189 43007
482 42990
865 42969
533 42912
752 42794
383 42755
737 42198
207 41933
509 41924
905 41623
824 41485
379 41332
949 40980
731 40945
667 40830
478 40279
797 40012
219 39978
333 39905
976 39852
459 39833
242 39757
443 39589
894 39524
746 39361
529 39327
49 39308
222 39194
307 38981
239 38864
437 38669
813 38335
605 38296
579 38062
641 38056
659 37998
152 37913
304 37598
13 37488
391 37239
907 36996
276 36858
76 36783
275 36586
179 36512
751 36450
416 36326
998 36156
67 36083
948 36072
849 36003
393 35909
255 35729
820 35683
664 35665
118 35179
78 35177
520 35142
870 34866
554 34575
302 34270
339 34121
414 34029
846 33876
79 33834
861 33821
791 33737
878 33697
652 33664
526 33325
225 33273
106 33145
92 32884
578 32871
511 32708
46 32597
807 32571
596 32300
798 32218
149 32035
190 31922
938 31779
734 31772
51 31493
764 31312
721 31182
111 31122
430 31115
278 30832
822 30771
351 30758
86 30717
726 30648
267 30602
353 30530
147 30528
127 30496
234 30206
251 30185
670 30168
83 30135
295 29954
150 29357
145 29281
815 29254
993 29211
472 28795
432 28685
864 28656
389 28607
154 28565
749 28291
648 28226
421 28023
396 28021
110 27970
651 27844
730 27818
531 27642
943 27301
790 27174
105 27171
373 27152
161 27062
103 27007
789 26817
655 26790
843 26484
867 26181
471 25864
439 25670
920 25273
996 25201
968 25096
514 25033
583 25029
71 24987
142 24987
162 24987
217 24987
257 24987
262 24987
271 24987
290 24987
308 24987
313 24987
325 24987
344 24987
366 24987
367 24987
452 24987
454 24987
462 24987
469 24987
558 24987
658 24987
663 24987
703 24987
742 24987
773 24987
823 24987
831 24987
833 24987
879 24987
954 24987
974 24987
991 24987
709 24909
204 24747
453 24741
449 24740
445 24051
265 23995
371 23929
850 23885
434 23419
426 23338
220 22806
481 22689
117 22636
660 22619
446 22143
674 22073
137 22068
436 21529
758 21474
215 21206
270 21099
784 20959
836 20347
693 19960
264 19722
320 19435
61 19293
245 19267
102 18926
988 18825
625 18232
799 18184
19 17950
540 17878
297 17816
549 17701
504 17639
45 17503
928 17496
192 17365
685 17206
475 16924
754 16409
518 16165
682 16024
415 15895
54 15654
816 15571
406 15545
584 14619
828 14614
93 14281
486 14029
68 13939
851 13855
395 13695
997 13361
794 13335
176 13247
814 13119
451 13101
22 12493
30 12493
55 12493
63 12493
87 12493
91 12493
107 12493
126 12493
134 12493
135 12493
143 12493
156 12493
164 12493
166 12493
174 12493
214 12493
216 12493
228 12493
229 12493
232 12493
235 12493
236 12493
237 12493
266 12493
281 12493
288 12493
289 12493
306 12493
309 12493
312 12493
315 12493
317 12493
324 12493
331 12493
342 12493
343 12493
350 12493
384 12493
387 12493
431 12493
447 12493
448 12493
456 12493
463 12493
483 12493
487 12493
535 12493
547 12493
550 12493
564 12493
565 12493
606 12493
615 12493
631 12493
639 12493
643 12493
645 12493
662 12493
671 12493
676 12493
711 12493
718 12493
719 12493
753 12493
756 12493
770 12493
774 12493
783 12493
834 12493
852 12493
862 12493
927 12493
975 12493
990 12493
999 12493
425 12351
435 12006
403 11975
386 11647
924 11491
43 11243
855 11020
124 10627
163 10549
987 9864
844 9646
942 8953
132 8837
334 8795
610 8674
687 8541
310 8479
488 8275
301 8210
780 7934
729 7419
184 7305
977 7299
841 6899
495 6803
853 6480
380 6369
291 6299
14 6246
23 6246
28 6246
31 6246
38 6246
42 6246
62 6246
119 6246
140 6246
144 6246
157 6246
203 6246
208 6246
209 6246
223 6246
226 6246
233 6246
258 6246
263 6246
272 6246
274 6246
277 6246
279 6246
285 6246
293 6246
294 6246
303 6246
305 6246
311 6246
319 6246
329 6246
336 6246
337 6246
340 6246
377 6246
381 6246
382 6246
398 6246
399 6246
407 6246
466 6246
485 6246
502 6246
543 6246
546 6246
548 6246
567 6246
591 6246
598 6246
654 6246
673 6246
677 6246
710 6246
757 6246
767 6246
830 6246
839 6246
887 6246
902 6246
934 6246
951 6246
961 6246
962 6246
967 6246
983 6246
666 6224
740 6168
792 5707
322 5392
148 5125
1000 5053
123 4916
577 4756
438 4460
349 4431
603 4348
60 3123
165 3123
261 3123
358 3123
385 3123
599 3123
759 3123
772 3123
775 3123
782 3123
926 3123
979 2860
50 2790
532 2771
198 2748
946 2568
649 2544
574 2308
630 1592
249 1534
467 1187
576 1118
153 1091
692 939
39 887
585 809
460 565
409 232
9 0
12 0
17 0
20 0
21 0
32 0
33 0
34 0
35 0
40 0
41 0
44 0
52 0
56 0
58 0
66 0
72 0
74 0
75 0
77 0
82 0
88 0
96 0
98 0
99 0
101 0
109 0
112 0
113 0
114 0
115 0
133 0
136 0
168 0
177 0
180 0
182 0
185 0
186 0
187 0
191 0
193 0
195 0
200 0
201 0
240 0
241 0
246 0
248 0
250 0
253 0
362 0
363 0
364 0
365 0
392 0
394 0
397 0
400 0
404 0
405 0
408 0
410 0
412 0
413 0
419 0
429 0
433 0
440 0
441 0
442 0
444 0
457 0
464 0
473 0
474 0
476 0
477 0
490 0
491 0
496 0
497 0
498 0
501 0
507 0
508 0
513 0
515 0
521 0
522 0
523 0
536 0
538 0
541 0
557 0
560 0
568 0
569 0
571 0
580 0
586 0
587 0
589 0
593 0
594 0
595 0
597 0
600 0
601 0
604 0
609 0
611 0
612 0
613 0
616 0
617 0
618 0
619 0
621 0
624 0
626 0
627 0
628 0
629 0
633 0
636 0
637 0
642 0
650 0
653 0
665 0
681 0
683 0
684 0
688 0
690 0
696 0
698 0
700 0
705 0
706 0
707 0
712 0
713 0
714 0
717 0
722 0
724 0
725 0
732 0
733 0
745 0
747 0
762 0
763 0
765 0
768 0
776 0
777 0
778 0
779 0
781 0
785 0
787 0
788 0
795 0
796 0
800 0
801 0
802 0
803 0
804 0
805 0
810 0
811 0
817 0
827 0
829 0
848 0
856 0
857 0
858 0
860 0
872 0
876 0
880 0
881 0
883 0
885 0
890 0
893 0
896 0
897 0
898 0
901 0
904 0
906 0
908 0
909 0
910 0
912 0
915 0
916 0
921 0
922 0
925 0
930 0
931 0
933 0
936 0
937 0
939 0
947 0
956 0
957 0
969 0
970 0
971 0
972 0
973 0
978 0
981 0
984 0
986 0
989 0
992 0
994 0
995 0
