88 87155
53 84134
57 75708
85 75364
18 72496
41 48999
52 48118
23 43577
76 42878
21 37682
54 36248
60 35494
48 32119
37 31016
44 24499
71 24499
95 24059
3 21439
15 18841
22 18841
78 18124
89 14621
42 12326
39 12249
40 12249
38 12029
14 9420
31 9420
94 8290
84 8098
99 7551
47 4710
62 4710
77 4710
74 4145
75 4145
30 2355
91 2355
58 63
2 0
4 0
5 0
6 0
7 0
8 0
9 0
10 0
11 0
12 0
13 0
16 0
17 0
19 0
20 0
24 0
25 0
26 0
27 0
28 0
29 0
32 0
33 0
34 0
35 0
36 0
43 0
45 0
46 0
49 0
50 0
51 0
55 0
56 0
59 0
61 0
63 0
64 0
65 0
66 0
67 0
68 0
69 0
70 0
72 0
73 0
79 0
80 0
81 0
82 0
83 0
86 0
87 0
90 0
92 0
93 0
96 0
97 0
98 0
100 0
