94 94160
15 93409
36 88742
29 84868
50 84265
13 71891
22 71708
23 67015
90 61003
63 60567
44 58187
7 47080
55 47080
72 47080
91 47080
61 41463
46 33081
54 32901
92 27697
3 23540
42 23540
53 23540
70 23540
73 23540
76 23540
78 23540
88 23540
95 23540
98 23540
40 23140
81 14333
6 13848
14 13225
2 11770
11 11770
30 11770
31 11770
38 11770
39 11770
47 11770
48 11770
51 11770
74 11770
77 11770
79 11770
86 11770
89 11770
93 11770
96 11770
97 11770
100 11770
80 10416
75 7731
87 6924
9 6612
8 5885
10 5885
12 5885
43 5885
45 5885
49 5885
52 5885
58 5885
59 5885
62 5885
71 5885
99 5885
4 0
5 0
16 0
17 0
18 0
19 0
20 0
21 0
24 0
25 0
26 0
27 0
28 0
32 0
33 0
34 0
35 0
37 0
41 0
56 0
57 0
60 0
64 0
65 0
66 0
67 0
68 0
69 0
82 0
83 0
84 0
85 0
