66 99846
298 94250
182 90368
165 88658
290 88055
217 87894
173 87657
274 87511
230 86318
223 84633
128 82721
254 78932
44 76804
70 75846
10 71922
213 61186
60 60360
282 60225
186 57487
225 57074
53 55360
175 55336
159 55305
3 51328
153 50263
72 49977
76 49923
95 49923
160 49923
116 45184
87 44864
99 39466
248 37923
264 36506
141 33817
5 31687
101 28375
288 27573
208 25246
50 24961
75 24961
107 24961
189 24961
190 24961
219 24961
232 24961
178 23891
240 23737
283 22592
247 19733
15 18399
276 15224
188 14187
14 12480
31 12480
59 12480
62 12480
74 12480
78 12480
79 12480
86 12480
102 12480
112 12480
162 12480
180 12480
229 12480
233 12480
46 11296
115 10024
226 9866
299 9301
11 6240
22 6240
42 6240
51 6240
71 6240
77 6240
91 6240
92 6240
100 6240
103 6240
114 6240
118 6240
126 6240
155 6240
163 6240
171 6240
174 6240
176 6240
224 6240
236 6240
243 6240
246 6240
281 6240
285 6240
4 4584
7 3120
8 3120
12 3120
30 3120
43 3120
45 3120
55 3120
73 3120
88 3120
89 3120
94 3120
96 3120
106 3120
108 3120
109 3120
110 3120
113 3120
119 3120
122 3120
168 3120
183 3120
187 3120
220 3120
221 3120
222 3120
231 3120
279 3120
284 3120
287 3120
291 3120
293 3120
296 3120
297 3120
300 3120
2 1560
23 1560
38 1560
39 1560
48 1560
49 1560
54 1560
93 1560
97 1560
104 1560
117 1560
157 1560
161 1560
166 1560
167 1560
169 1560
172 1560
185 1560
191 1560
227 1560
242 1560
244 1560
250 1560
251 1560
253 1560
275 1560
277 1560
286 1560
294 1560
295 1560
13 780
63 780
98 780
105 780
156 780
158 780
179 780
184 780
235 780
237 780
238 780
239 780
245 780
249 780
252 780
255 780
272 780
273 780
280 780
292 780
9 390
52 390
90 390
123 390
164 390
289 390
6 0
16 0
17 0
18 0
19 0
20 0
21 0
24 0
25 0
26 0
27 0
28 0
29 0
32 0
33 0
34 0
35 0
36 0
37 0
40 0
41 0
47 0
56 0
57 0
58 0
61 0
64 0
65 0
67 0
68 0
69 0
80 0
81 0
82 0
83 0
84 0
85 0
111 0
120 0
121 0
124 0
125 0
127 0
129 0
130 0
131 0
132 0
133 0
134 0
135 0
136 0
137 0
138 0
139 0
140 0
142 0
143 0
144 0
145 0
146 0
147 0
148 0
149 0
150 0
151 0
152 0
154 0
170 0
177 0
181 0
192 0
193 0
194 0
195 0
196 0
197 0
198 0
199 0
200 0
201 0
202 0
203 0
204 0
205 0
206 0
207 0
209 0
210 0
211 0
212 0
214 0
215 0
216 0
218 0
228 0
234 0
241 0
256 0
257 0
258 0
259 0
260 0
261 0
262 0
263 0
265 0
266 0
267 0
268 0
269 0
270 0
271 0
278 0
