438 94010
359 92662
136 91259
482 91201
98 90776
397 89785
405 89652
75 89119
164 88276
328 87577
234 85158
165 81269
137 72817
439 72732
393 72398
258 72246
213 72186
207 70803
255 70495
183 70135
476 68034
72 67531
335 65809
141 65280
429 64798
336 64025
466 63944
76 62956
415 62631
9 62596
118 58262
232 57989
307 52703
48 51643
185 50750
399 50533
358 50425
492 50374
422 50051
337 50011
462 49641
64 49011
121 47788
205 47528
143 47005
239 47005
423 47005
484 47005
498 47005
347 46331
428 46331
330 45629
179 45600
222 45600
301 45600
91 45388
124 45388
204 45388
221 45388
305 45388
54 44892
115 44892
427 44892
33 44826
81 44559
295 44559
12 44138
174 44138
430 44138
66 43788
285 43788
304 43788
390 43788
440 43619
441 42882
73 42609
242 42579
407 42579
51 42331
431 42077
325 40998
125 40634
227 40634
267 40634
326 40634
417 40634
447 40634
343 39112
495 39014
108 38689
134 38221
176 36408
210 36408
310 36408
344 36408
486 36408
157 36366
202 36366
350 36366
11 36199
446 36199
193 36123
338 36123
265 36093
293 36093
376 36093
491 36093
296 35401
485 35401
57 35247
247 35247
499 35096
230 35067
410 34625
97 34218
74 33765
226 33259
425 33106
159 32904
47 32640
224 32640
314 32640
20 32399
156 32399
270 32399
40 32012
259 32012
421 32012
96 31972
225 31972
144 31478
172 31478
308 31315
203 29922
449 29811
102 29131
252 29131
62 28994
251 28994
297 28994
194 28905
154 28299
180 26351
478 26351
23 25821
129 25821
312 25821
317 25821
59 25375
254 25375
352 25375
8 25266
123 25266
238 25266
271 25266
280 25266
173 25212
445 25212
71 25187
199 25047
60 25025
272 25025
450 25025
77 25005
208 25005
212 25005
35 24820
78 24820
412 24820
453 24505
113 23894
206 23894
257 23894
316 23894
309 23786
148 23764
418 23764
395 23557
21 23502
49 23502
101 23502
140 23502
250 23502
342 23502
364 23502
385 23502
391 23502
444 23502
456 23502
303 23165
477 23165
100 22814
10 22800
17 22800
32 22800
153 22800
163 22800
197 22800
248 22800
345 22800
378 22800
404 22800
434 22800
481 22800
493 22800
19 22694
50 22694
86 22694
147 22694
324 22694
381 22694
432 22694
5 22446
241 22446
264 22446
104 22279
217 22279
268 22279
299 22279
420 22279
451 22279
4 22069
31 22069
158 22069
276 22069
2 21894
128 21894
198 21894
233 21894
263 21894
331 21894
363 21894
80 21809
85 21441
433 21441
191 21304
382 21304
90 21289
110 21289
142 21289
79 21038
408 21038
186 20902
346 20499
480 20499
38 20317
53 20317
63 20317
145 20317
329 20317
375 20317
414 20317
455 20317
487 20317
488 20317
228 19556
169 19507
261 19507
322 19344
95 19110
65 18204
135 18204
161 18204
168 18204
171 18204
300 18204
306 18204
386 18204
406 18204
465 18204
473 18204
474 18204
69 18183
93 18183
367 18183
416 18183
460 18183
45 18099
111 18099
401 18061
39 18046
41 18046
88 18046
349 18046
400 18046
419 18046
413 17850
333 17700
374 17700
127 17623
130 17623
354 17623
472 17623
443 17548
468 17548
387 17533
497 17533
237 16882
235 16629
22 16553
14 16452
166 16452
274 16452
500 16452
355 16320
458 16320
327 16199
403 16199
409 16199
365 16006
223 15986
379 15986
281 15739
366 15739
13 15657
195 15657
464 15657
160 15332
155 14961
209 14961
339 14961
340 14616
150 14565
175 14565
216 14565
442 14565
215 14497
452 14497
92 14452
380 14452
448 14452
37 13325
132 12910
177 12910
190 12910
253 12910
278 12910
291 12910
320 12910
332 12910
36 12734
277 12687
454 12687
26 12633
52 12633
89 12633
244 12633
287 12633
116 12606
146 12523
273 12523
402 12512
231 12502
389 12502
319 12410
457 12410
496 12410
489 12313
187 12252
219 12252
369 12252
107 11947
236 11893
361 11882
426 11778
7 11751
15 11751
114 11751
139 11751
260 11751
288 11751
341 11751
398 11751
467 11751
475 11751
133 11582
360 11582
373 11407
18 11400
28 11400
55 11400
105 11400
120 11400
151 11400
162 11400
178 11400
240 11400
262 11400
282 11400
323 11400
383 11400
394 11400
201 11347
392 11347
461 11347
25 11223
103 11223
126 11223
269 11223
290 11223
94 11139
318 11139
29 11034
117 11034
243 11034
292 11034
109 10947
181 10947
311 10947
357 10947
424 10947
469 10947
494 10947
30 10519
188 10178
42 10158
82 10158
245 10158
275 10158
289 10158
334 10158
370 10158
371 10158
470 10158
16 9672
67 9555
388 9555
3 9160
68 9102
138 9102
218 9102
256 9102
266 9102
384 9102
24 9091
396 9091
411 9091
483 9091
348 9030
436 9030
99 9023
246 9023
6 8925
83 8850
27 8811
170 8811
351 8811
435 8766
200 8441
46 8226
368 8226
377 8226
437 8160
211 7993
229 7993
196 7869
315 7869
479 7869
56 7480
112 7480
220 7480
34 7282
184 7282
372 7248
298 7226
283 6910
490 6662
152 6455
70 6343
189 6205
313 5973
58 5946
192 5875
131 5849
167 5796
122 5791
84 5673
249 5673
44 5473
356 5259
106 4611
302 4515
459 4153
149 4113
284 3934
362 3740
182 3455
43 0
61 0
87 0
119 0
214 0
279 0
286 0
294 0
321 0
353 0
463 0
471 0
