125 99673
433 99278
454 98992
860 98476
649 97169
990 96898
50 96324
336 95529
47 93706
541 93540
475 92977
794 92470
312 91484
760 90532
456 90469
889 90410
95 89567
448 89311
984 88914
901 88845
666 88696
260 87796
15 85988
228 84991
263 84563
829 84527
31 84345
310 84260
675 84250
597 83966
717 82562
536 82057
874 81804
201 81454
943 81095
344 80760
928 80093
684 79848
179 79220
478 78669
104 78616
750 78201
615 77470
778 77030
542 76797
838 76203
224 76015
225 75837
698 75514
517 75360
243 75348
565 75347
765 75206
43 74759
951 74177
198 73763
205 73694
608 73445
978 73355
826 72483
687 71582
174 71542
792 71099
341 70549
553 70137
549 70055
531 70028
748 69830
726 69804
457 69717
682 68932
879 68733
665 68698
217 68551
927 68515
641 67699
320 66996
997 65348
14 65282
668 65272
554 65077
87 64724
171 63956
52 63794
745 63666
374 62878
292 62346
139 61882
965 60846
652 60364
718 59447
197 58369
784 58324
168 58176
632 57964
453 57941
236 57057
558 56357
631 55277
178 54905
166 54818
515 54787
264 54650
345 53984
891 53172
411 53106
946 52912
744 52686
324 52168
79 51458
381 51218
2 49836
4 49836
6 49836
7 49836
8 49836
9 49836
10 49836
11 49836
13 49836
17 49836
18 49836
19 49836
21 49836
22 49836
23 49836
24 49836
25 49836
26 49836
27 49836
28 49836
29 49836
32 49836
34 49836
35 49836
37 49836
38 49836
39 49836
40 49836
42 49836
46 49836
48 49836
51 49836
53 49836
54 49836
55 49836
57 49836
58 49836
59 49836
60 49836
62 49836
63 49836
64 49836
65 49836
66 49836
67 49836
68 49836
70 49836
71 49836
72 49836
74 49836
75 49836
78 49836
80 49836
84 49836
85 49836
86 49836
89 49836
91 49836
92 49836
96 49836
98 49836
100 49836
102 49836
103 49836
105 49836
106 49836
107 49836
109 49836
110 49836
111 49836
112 49836
115 49836
116 49836
122 49836
123 49836
124 49836
126 49836
127 49836
128 49836
129 49836
130 49836
131 49836
133 49836
134 49836
135 49836
136 49836
138 49836
140 49836
141 49836
142 49836
143 49836
144 49836
145 49836
146 49836
147 49836
148 49836
149 49836
151 49836
153 49836
154 49836
155 49836
156 49836
157 49836
158 49836
159 49836
160 49836
161 49836
162 49836
163 49836
165 49836
169 49836
170 49836
172 49836
175 49836
176 49836
177 49836
180 49836
181 49836
182 49836
183 49836
184 49836
185 49836
186 49836
187 49836
188 49836
189 49836
190 49836
191 49836
192 49836
194 49836
195 49836
199 49836
202 49836
203 49836
204 49836
206 49836
207 49836
208 49836
210 49836
211 49836
212 49836
214 49836
215 49836
216 49836
218 49836
220 49836
221 49836
222 49836
223 49836
226 49836
227 49836
229 49836
230 49836
231 49836
232 49836
234 49836
235 49836
237 49836
238 49836
239 49836
240 49836
241 49836
242 49836
244 49836
246 49836
247 49836
248 49836
249 49836
250 49836
252 49836
254 49836
255 49836
256 49836
258 49836
259 49836
261 49836
266 49836
268 49836
269 49836
270 49836
271 49836
274 49836
277 49836
278 49836
279 49836
280 49836
281 49836
282 49836
283 49836
284 49836
285 49836
286 49836
288 49836
289 49836
293 49836
294 49836
296 49836
297 49836
298 49836
299 49836
300 49836
303 49836
304 49836
305 49836
306 49836
307 49836
308 49836
309 49836
311 49836
313 49836
314 49836
315 49836
316 49836
317 49836
318 49836
321 49836
323 49836
325 49836
326 49836
327 49836
329 49836
330 49836
331 49836
332 49836
335 49836
337 49836
339 49836
340 49836
342 49836
343 49836
346 49836
347 49836
348 49836
349 49836
350 49836
352 49836
353 49836
354 49836
355 49836
356 49836
358 49836
359 49836
360 49836
362 49836
363 49836
364 49836
366 49836
367 49836
369 49836
370 49836
371 49836
372 49836
375 49836
376 49836
377 49836
378 49836
380 49836
382 49836
386 49836
388 49836
389 49836
390 49836
391 49836
392 49836
393 49836
395 49836
397 49836
398 49836
400 49836
401 49836
402 49836
404 49836
405 49836
406 49836
407 49836
410 49836
414 49836
415 49836
416 49836
418 49836
419 49836
420 49836
421 49836
423 49836
424 49836
425 49836
426 49836
427 49836
428 49836
429 49836
431 49836
432 49836
435 49836
436 49836
437 49836
438 49836
440 49836
441 49836
442 49836
443 49836
444 49836
446 49836
447 49836
450 49836
451 49836
458 49836
459 49836
460 49836
464 49836
466 49836
467 49836
469 49836
472 49836
473 49836
474 49836
476 49836
477 49836
479 49836
480 49836
481 49836
483 49836
485 49836
488 49836
490 49836
492 49836
494 49836
495 49836
496 49836
498 49836
500 49836
501 49836
502 49836
503 49836
504 49836
506 49836
508 49836
509 49836
510 49836
511 49836
512 49836
513 49836
514 49836
516 49836
518 49836
522 49836
523 49836
524 49836
525 49836
527 49836
528 49836
529 49836
530 49836
532 49836
533 49836
534 49836
538 49836
539 49836
540 49836
543 49836
545 49836
547 49836
548 49836
550 49836
551 49836
555 49836
557 49836
561 49836
562 49836
563 49836
564 49836
566 49836
569 49836
570 49836
571 49836
572 49836
573 49836
574 49836
575 49836
576 49836
577 49836
578 49836
579 49836
581 49836
582 49836
583 49836
584 49836
586 49836
587 49836
588 49836
589 49836
590 49836
591 49836
592 49836
593 49836
594 49836
595 49836
596 49836
599 49836
600 49836
601 49836
603 49836
604 49836
605 49836
607 49836
609 49836
610 49836
611 49836
612 49836
613 49836
614 49836
617 49836
618 49836
619 49836
620 49836
621 49836
622 49836
623 49836
624 49836
625 49836
626 49836
627 49836
629 49836
630 49836
634 49836
636 49836
637 49836
638 49836
640 49836
643 49836
644 49836
645 49836
646 49836
651 49836
653 49836
655 49836
656 49836
657 49836
658 49836
659 49836
660 49836
662 49836
663 49836
664 49836
669 49836
670 49836
671 49836
672 49836
673 49836
674 49836
676 49836
677 49836
679 49836
680 49836
681 49836
685 49836
686 49836
688 49836
690 49836
691 49836
693 49836
695 49836
696 49836
697 49836
699 49836
700 49836
701 49836
702 49836
705 49836
706 49836
708 49836
709 49836
710 49836
711 49836
712 49836
714 49836
716 49836
719 49836
720 49836
721 49836
723 49836
724 49836
725 49836
727 49836
728 49836
729 49836
730 49836
732 49836
736 49836
737 49836
740 49836
741 49836
742 49836
743 49836
746 49836
747 49836
749 49836
751 49836
752 49836
755 49836
756 49836
757 49836
758 49836
759 49836
761 49836
762 49836
766 49836
767 49836
768 49836
769 49836
770 49836
771 49836
773 49836
775 49836
776 49836
777 49836
779 49836
780 49836
782 49836
783 49836
785 49836
786 49836
787 49836
788 49836
789 49836
790 49836
791 49836
793 49836
795 49836
800 49836
803 49836
804 49836
805 49836
806 49836
807 49836
808 49836
809 49836
810 49836
811 49836
812 49836
813 49836
814 49836
815 49836
816 49836
817 49836
818 49836
819 49836
820 49836
822 49836
823 49836
825 49836
827 49836
828 49836
830 49836
835 49836
836 49836
837 49836
840 49836
841 49836
842 49836
843 49836
844 49836
845 49836
846 49836
848 49836
850 49836
851 49836
853 49836
854 49836
855 49836
857 49836
858 49836
861 49836
862 49836
865 49836
866 49836
867 49836
869 49836
870 49836
872 49836
873 49836
877 49836
878 49836
880 49836
881 49836
882 49836
883 49836
884 49836
885 49836
886 49836
888 49836
890 49836
892 49836
893 49836
894 49836
895 49836
896 49836
898 49836
899 49836
900 49836
903 49836
904 49836
905 49836
906 49836
907 49836
908 49836
910 49836
912 49836
914 49836
915 49836
916 49836
917 49836
918 49836
921 49836
923 49836
924 49836
925 49836
930 49836
933 49836
934 49836
935 49836
940 49836
944 49836
945 49836
948 49836
949 49836
950 49836
952 49836
954 49836
956 49836
957 49836
958 49836
960 49836
962 49836
963 49836
966 49836
967 49836
968 49836
969 49836
970 49836
971 49836
972 49836
974 49836
975 49836
980 49836
982 49836
983 49836
985 49836
987 49836
991 49836
992 49836
994 49836
995 49836
999 49836
1000 49836
253 49730
5 49639
16 49639
49 49639
56 49639
61 49639
69 49639
73 49639
76 49639
77 49639
81 49639
88 49639
90 49639
93 49639
99 49639
113 49639
118 49639
119 49639
120 49639
137 49639
167 49639
173 49639
196 49639
209 49639
213 49639
219 49639
233 49639
262 49639
267 49639
275 49639
291 49639
295 49639
301 49639
319 49639
328 49639
333 49639
338 49639
361 49639
365 49639
379 49639
384 49639
387 49639
394 49639
396 49639
399 49639
403 49639
409 49639
417 49639
430 49639
445 49639
449 49639
452 49639
462 49639
468 49639
471 49639
484 49639
486 49639
489 49639
493 49639
499 49639
505 49639
520 49639
526 49639
535 49639
544 49639
556 49639
560 49639
580 49639
598 49639
616 49639
639 49639
647 49639
648 49639
654 49639
667 49639
689 49639
694 49639
703 49639
704 49639
707 49639
722 49639
734 49639
738 49639
739 49639
753 49639
763 49639
772 49639
781 49639
798 49639
799 49639
802 49639
821 49639
847 49639
849 49639
852 49639
856 49639
864 49639
876 49639
911 49639
922 49639
931 49639
936 49639
937 49639
938 49639
955 49639
959 49639
961 49639
964 49639
976 49639
979 49639
981 49639
986 49639
993 49639
117 49638
83 49496
101 49496
334 49496
434 49496
470 49496
497 49496
507 49496
552 49496
628 49496
633 49496
715 49496
731 49496
735 49496
764 49496
824 49496
831 49496
832 49496
834 49496
859 49496
863 49496
871 49496
887 49496
913 49496
926 49496
998 49496
909 49442
36 49238
44 49238
82 49238
368 49238
546 49238
650 49238
272 48584
932 48449
733 47077
114 46834
412 45599
797 45144
947 44949
461 44692
559 44592
322 43031
692 42690
357 42251
953 41976
973 41552
585 41360
385 41012
351 40449
383 40348
941 39764
45 39747
839 39700
463 39069
491 37912
193 37655
373 37642
568 37083
422 36956
12 36681
661 34412
796 34166
3 33715
537 31863
678 31448
33 30454
713 29758
801 28801
897 27494
276 27158
942 27122
929 26995
245 26851
30 26828
920 23281
606 23223
94 22564
482 22522
302 21576
152 21386
988 21245
567 20999
132 20879
875 20693
408 20372
465 19196
602 18831
257 18825
121 18558
97 17475
635 17190
642 17144
265 16367
108 15742
989 15313
868 12817
977 11871
290 10554
487 10545
939 10145
833 9921
200 9868
164 8842
754 8313
683 8254
902 8050
413 8048
41 7730
455 5581
287 5224
20 4595
919 4059
439 3324
519 2552
774 2476
273 2400
996 1143
150 442
521 426
251 384
