251 99864
745 99044
87 98573
18 98021
485 97375
340 96580
659 96475
113 96341
798 95709
243 94918
706 94555
303 94530
696 93562
467 93461
364 92968
66 92354
597 92283
883 91623
610 91229
938 90589
853 90137
5 89658
948 88940
670 88615
702 88456
377 88032
326 87943
909 87376
735 86949
144 86722
242 86243
849 85344
539 85312
569 84880
272 83439
389 82846
563 82598
851 82244
672 81918
586 81546
933 80946
363 80504
820 80083
308 78026
932 76859
213 76457
741 75422
420 74753
198 74526
422 74399
987 74339
404 74035
789 72962
980 72734
771 72378
35 70439
292 69684
553 68527
335 68192
50 66030
705 65737
953 65666
310 64961
714 64762
990 63618
802 62804
985 62652
23 61934
855 61727
82 60995
26 58875
151 58256
895 57109
840 56875
778 56763
259 56666
107 56564
559 56374
295 55422
544 55035
368 55002
300 54994
699 54824
373 54569
353 54166
3 52752
450 52594
240 51164
380 51000
57 50452
184 50082
775 50069
2 49932
7 49932
22 49932
24 49932
25 49932
27 49932
28 49932
30 49932
31 49932
39 49932
47 49932
54 49932
55 49932
58 49932
59 49932
61 49932
62 49932
63 49932
70 49932
71 49932
74 49932
75 49932
78 49932
86 49932
89 49932
90 49932
91 49932
92 49932
93 49932
94 49932
95 49932
102 49932
103 49932
105 49932
106 49932
108 49932
111 49932
112 49932
114 49932
115 49932
117 49932
118 49932
119 49932
121 49932
122 49932
123 49932
124 49932
125 49932
126 49932
127 49932
128 49932
129 49932
130 49932
134 49932
135 49932
138 49932
139 49932
142 49932
143 49932
171 49932
172 49932
174 49932
175 49932
176 49932
177 49932
178 49932
180 49932
181 49932
182 49932
183 49932
185 49932
187 49932
188 49932
189 49932
191 49932
192 49932
194 49932
195 49932
197 49932
199 49932
200 49932
201 49932
202 49932
203 49932
206 49932
207 49932
235 49932
238 49932
241 49932
244 49932
245 49932
246 49932
248 49932
249 49932
252 49932
253 49932
255 49932
256 49932
258 49932
261 49932
262 49932
263 49932
266 49932
267 49932
268 49932
270 49932
271 49932
288 49932
289 49932
290 49932
291 49932
294 49932
297 49932
298 49932
299 49932
302 49932
304 49932
305 49932
306 49932
307 49932
309 49932
311 49932
312 49932
313 49932
314 49932
315 49932
316 49932
317 49932
319 49932
321 49932
322 49932
324 49932
325 49932
327 49932
328 49932
330 49932
331 49932
332 49932
333 49932
334 49932
337 49932
338 49932
341 49932
342 49932
343 49932
344 49932
346 49932
347 49932
348 49932
349 49932
350 49932
351 49932
352 49932
354 49932
355 49932
358 49932
361 49932
362 49932
365 49932
366 49932
367 49932
369 49932
370 49932
371 49932
372 49932
376 49932
378 49932
379 49932
381 49932
382 49932
383 49932
387 49932
388 49932
391 49932
392 49932
394 49932
395 49932
399 49932
400 49932
402 49932
407 49932
408 49932
410 49932
411 49932
412 49932
413 49932
414 49932
415 49932
416 49932
417 49932
418 49932
421 49932
423 49932
425 49932
426 49932
427 49932
428 49932
429 49932
430 49932
431 49932
432 49932
433 49932
434 49932
436 49932
437 49932
440 49932
441 49932
445 49932
446 49932
447 49932
448 49932
449 49932
451 49932
452 49932
454 49932
455 49932
456 49932
457 49932
459 49932
460 49932
461 49932
462 49932
463 49932
464 49932
465 49932
468 49932
469 49932
471 49932
474 49932
475 49932
476 49932
477 49932
478 49932
482 49932
489 49932
495 49932
498 49932
499 49932
500 49932
501 49932
502 49932
505 49932
506 49932
507 49932
509 49932
510 49932
511 49932
513 49932
514 49932
516 49932
517 49932
520 49932
521 49932
523 49932
524 49932
525 49932
526 49932
528 49932
530 49932
531 49932
532 49932
534 49932
535 49932
537 49932
540 49932
541 49932
542 49932
543 49932
546 49932
547 49932
548 49932
549 49932
550 49932
562 49932
564 49932
565 49932
566 49932
567 49932
574 49932
575 49932
583 49932
587 49932
588 49932
589 49932
591 49932
594 49932
595 49932
596 49932
598 49932
607 49932
608 49932
609 49932
611 49932
615 49932
622 49932
623 49932
625 49932
626 49932
631 49932
634 49932
635 49932
636 49932
637 49932
638 49932
639 49932
640 49932
644 49932
645 49932
654 49932
655 49932
658 49932
660 49932
661 49932
663 49932
671 49932
673 49932
675 49932
676 49932
677 49932
678 49932
679 49932
703 49932
710 49932
711 49932
726 49932
727 49932
737 49932
738 49932
740 49932
742 49932
743 49932
751 49932
753 49932
756 49932
757 49932
766 49932
767 49932
772 49932
773 49932
774 49932
782 49932
783 49932
791 49932
799 49932
806 49932
807 49932
815 49932
822 49932
823 49932
831 49932
838 49932
839 49932
846 49932
847 49932
850 49932
852 49932
854 49932
862 49932
863 49932
866 49932
870 49932
878 49932
879 49932
886 49932
887 49932
903 49932
911 49932
918 49932
919 49932
927 49932
934 49932
935 49932
942 49932
943 49932
950 49932
951 49932
955 49932
958 49932
959 49932
960 49932
961 49932
964 49932
965 49932
966 49932
967 49932
974 49932
975 49932
982 49932
983 49932
998 49932
880 49807
438 48841
205 48658
754 48371
79 48171
85 48120
755 46667
994 46460
444 46394
713 44892
480 44659
836 44639
209 44624
872 44545
453 44064
405 43704
963 43044
581 42956
719 42618
397 42368
681 40402
15 39595
99 39506
375 38775
554 37696
902 35946
318 35925
493 35691
939 35383
293 34981
359 34634
131 34429
173 34257
281 33601
717 33352
556 32816
6 32480
824 32279
512 32265
861 32067
769 31896
409 31270
68 29944
37 29532
225 29105
956 28382
921 28172
133 27516
905 26418
357 26404
336 25769
264 25573
491 25507
29 24966
38 24966
46 24966
60 24966
88 24966
104 24966
109 24966
116 24966
120 24966
132 24966
179 24966
190 24966
196 24966
204 24966
237 24966
239 24966
247 24966
254 24966
260 24966
269 24966
296 24966
301 24966
320 24966
323 24966
329 24966
339 24966
345 24966
356 24966
360 24966
374 24966
384 24966
385 24966
386 24966
390 24966
396 24966
398 24966
401 24966
403 24966
406 24966
419 24966
435 24966
439 24966
442 24966
443 24966
458 24966
466 24966
470 24966
473 24966
483 24966
486 24966
487 24966
497 24966
515 24966
519 24966
527 24966
529 24966
533 24966
538 24966
551 24966
561 24966
582 24966
590 24966
606 24966
612 24966
613 24966
614 24966
628 24966
629 24966
630 24966
647 24966
657 24966
662 24966
674 24966
687 24966
694 24966
695 24966
736 24966
739 24966
750 24966
758 24966
759 24966
814 24966
830 24966
865 24966
867 24966
868 24966
869 24966
871 24966
926 24966
962 24966
999 24966
503 24770
236 24334
522 23418
479 22816
265 20026
599 19946
494 19884
231 19722
518 19462
646 18095
844 17661
393 15617
800 15404
790 14325
627 14199
810 13330
686 12582
162 11514
841 11126
718 10636
621 10565
991 8908
152 8478
14 7603
954 6631
734 5724
643 5107
490 4800
691 3984
894 3329
424 2413
215 1688
110 50
4 0
8 0
9 0
10 0
11 0
12 0
13 0
16 0
17 0
19 0
20 0
21 0
32 0
33 0
34 0
36 0
40 0
41 0
42 0
43 0
44 0
45 0
48 0
49 0
51 0
52 0
53 0
56 0
64 0
65 0
67 0
69 0
72 0
73 0
76 0
77 0
80 0
81 0
83 0
84 0
96 0
97 0
98 0
100 0
101 0
136 0
137 0
140 0
141 0
145 0
146 0
147 0
148 0
149 0
150 0
153 0
154 0
155 0
156 0
157 0
158 0
159 0
160 0
161 0
163 0
164 0
165 0
166 0
167 0
168 0
169 0
170 0
186 0
193 0
208 0
210 0
211 0
212 0
214 0
216 0
217 0
218 0
219 0
220 0
221 0
222 0
223 0
224 0
226 0
227 0
228 0
229 0
230 0
232 0
233 0
234 0
250 0
257 0
273 0
274 0
275 0
276 0
277 0
278 0
279 0
280 0
282 0
283 0
284 0
285 0
286 0
287 0
472 0
481 0
484 0
488 0
492 0
496 0
504 0
508 0
536 0
545 0
552 0
555 0
557 0
558 0
560 0
568 0
570 0
571 0
572 0
573 0
576 0
577 0
578 0
579 0
580 0
584 0
585 0
592 0
593 0
600 0
601 0
602 0
603 0
604 0
605 0
616 0
617 0
618 0
619 0
620 0
624 0
632 0
633 0
641 0
642 0
648 0
649 0
650 0
651 0
652 0
653 0
656 0
664 0
665 0
666 0
667 0
668 0
669 0
680 0
682 0
683 0
684 0
685 0
688 0
689 0
690 0
692 0
693 0
697 0
698 0
700 0
701 0
704 0
707 0
708 0
709 0
712 0
715 0
716 0
720 0
721 0
722 0
723 0
724 0
725 0
728 0
729 0
730 0
731 0
732 0
733 0
744 0
746 0
747 0
748 0
749 0
752 0
760 0
761 0
762 0
763 0
764 0
765 0
768 0
770 0
776 0
777 0
779 0
780 0
781 0
784 0
785 0
786 0
787 0
788 0
792 0
793 0
794 0
795 0
796 0
797 0
801 0
803 0
804 0
805 0
808 0
809 0
811 0
812 0
813 0
816 0
817 0
818 0
819 0
821 0
825 0
826 0
827 0
828 0
829 0
832 0
833 0
834 0
835 0
837 0
842 0
843 0
845 0
848 0
856 0
857 0
858 0
859 0
860 0
864 0
873 0
874 0
875 0
876 0
877 0
881 0
882 0
884 0
885 0
888 0
889 0
890 0
891 0
892 0
893 0
896 0
897 0
898 0
899 0
900 0
901 0
904 0
906 0
907 0
908 0
910 0
912 0
913 0
914 0
915 0
916 0
917 0
920 0
922 0
923 0
924 0
925 0
928 0
929 0
930 0
931 0
936 0
937 0
940 0
941 0
944 0
945 0
946 0
947 0
949 0
952 0
957 0
968 0
969 0
970 0
971 0
972 0
973 0
976 0
977 0
978 0
979 0
981 0
984 0
986 0
988 0
989 0
992 0
993 0
995 0
996 0
997 0
1000 0
