897 99227
971 99041
130 98980
145 98924
260 98265
869 98126
437 97201
617 96901
489 96803
823 95741
13 94402
598 94400
252 94278
712 93871
462 93738
581 93700
47 92936
822 92525
551 92351
179 92300
399 92261
371 91877
526 91531
92 91392
307 91203
492 90862
682 90833
672 89948
504 89711
79 87912
253 87864
44 87717
461 87399
570 86485
278 85879
825 85692
384 85289
993 85126
882 85106
798 84106
440 83482
819 83375
480 83352
156 83346
808 83292
106 81904
216 81085
63 80829
1000 80827
587 80697
308 80616
816 78987
59 78566
537 77794
797 77371
781 77205
74 76398
879 76361
120 76138
835 75723
895 75631
168 75491
793 75466
321 75041
564 74862
610 73999
898 73956
416 73637
118 72929
785 72507
790 72367
589 72250
686 72243
711 72060
58 71653
567 71084
906 70829
893 70344
304 69991
530 69764
607 68386
438 68351
656 68154
147 67649
815 66938
670 66687
391 66552
96 66394
36 66105
661 65970
94 65625
806 65504
50 65432
469 64485
218 64157
2 63800
737 63769
941 63726
117 63201
663 62947
403 62603
298 62525
124 62376
256 61932
177 61753
836 60812
383 60333
580 58602
958 58535
89 58159
535 57536
802 57270
582 57258
821 57032
500 56124
752 54349
188 53037
718 53028
475 52921
241 52889
642 52840
481 52359
413 51835
72 51479
348 51444
109 51306
878 51275
688 51147
691 50641
544 50491
99 50419
3 49613
6 49613
7 49613
15 49613
19 49613
20 49613
21 49613
27 49613
29 49613
38 49613
41 49613
45 49613
55 49613
61 49613
70 49613
73 49613
77 49613
95 49613
97 49613
123 49613
133 49613
142 49613
153 49613
157 49613
165 49613
166 49613
169 49613
172 49613
182 49613
189 49613
192 49613
194 49613
200 49613
209 49613
213 49613
261 49613
266 49613
271 49613
273 49613
275 49613
276 49613
279 49613
289 49613
290 49613
300 49613
302 49613
305 49613
317 49613
326 49613
331 49613
339 49613
353 49613
358 49613
359 49613
360 49613
366 49613
370 49613
395 49613
397 49613
400 49613
404 49613
407 49613
409 49613
412 49613
415 49613
418 49613
447 49613
448 49613
455 49613
456 49613
458 49613
472 49613
473 49613
488 49613
490 49613
495 49613
501 49613
508 49613
509 49613
512 49613
519 49613
527 49613
534 49613
545 49613
552 49613
553 49613
566 49613
571 49613
572 49613
579 49613
586 49613
593 49613
597 49613
608 49613
613 49613
614 49613
615 49613
625 49613
628 49613
632 49613
638 49613
645 49613
648 49613
654 49613
669 49613
671 49613
677 49613
681 49613
687 49613
693 49613
699 49613
700 49613
701 49613
710 49613
713 49613
720 49613
723 49613
739 49613
741 49613
754 49613
768 49613
783 49613
807 49613
812 49613
824 49613
826 49613
829 49613
834 49613
837 49613
849 49613
859 49613
863 49613
871 49613
886 49613
888 49613
892 49613
900 49613
903 49613
914 49613
927 49613
931 49613
945 49613
947 49613
948 49613
956 49613
959 49613
960 49613
961 49613
964 49613
968 49613
970 49613
974 49613
975 49613
981 49613
983 49613
984 49613
988 49613
994 49613
998 49613
8 49520
9 49520
12 49520
14 49520
16 49520
46 49520
48 49520
51 49520
68 49520
81 49520
82 49520
86 49520
87 49520
116 49520
125 49520
141 49520
146 49520
161 49520
174 49520
175 49520
199 49520
208 49520
211 49520
212 49520
219 49520
229 49520
237 49520
249 49520
268 49520
274 49520
277 49520
280 49520
282 49520
294 49520
297 49520
299 49520
301 49520
309 49520
316 49520
324 49520
325 49520
332 49520
338 49520
341 49520
345 49520
386 49520
387 49520
410 49520
433 49520
441 49520
452 49520
463 49520
465 49520
470 49520
487 49520
494 49520
496 49520
517 49520
532 49520
549 49520
558 49520
576 49520
585 49520
592 49520
605 49520
629 49520
630 49520
637 49520
639 49520
651 49520
652 49520
659 49520
666 49520
678 49520
695 49520
696 49520
702 49520
704 49520
706 49520
714 49520
733 49520
744 49520
748 49520
750 49520
780 49520
784 49520
796 49520
799 49520
800 49520
803 49520
817 49520
858 49520
875 49520
881 49520
883 49520
890 49520
899 49520
921 49520
922 49520
923 49520
925 49520
932 49520
938 49520
943 49520
944 49520
952 49520
962 49520
963 49520
973 49520
985 49520
990 49520
991 49520
995 49520
999 49520
26 49490
52 49490
67 49490
75 49490
78 49490
85 49490
102 49490
108 49490
127 49490
134 49490
135 49490
143 49490
144 49490
148 49490
158 49490
159 49490
162 49490
202 49490
204 49490
228 49490
234 49490
240 49490
244 49490
248 49490
263 49490
269 49490
286 49490
287 49490
288 49490
303 49490
320 49490
340 49490
346 49490
351 49490
354 49490
361 49490
363 49490
375 49490
378 49490
379 49490
380 49490
382 49490
388 49490
392 49490
402 49490
434 49490
451 49490
464 49490
468 49490
478 49490
485 49490
503 49490
510 49490
520 49490
525 49490
529 49490
536 49490
543 49490
557 49490
561 49490
563 49490
569 49490
574 49490
583 49490
590 49490
600 49490
621 49490
622 49490
636 49490
653 49490
675 49490
676 49490
679 49490
684 49490
685 49490
721 49490
743 49490
746 49490
759 49490
766 49490
773 49490
775 49490
818 49490
831 49490
856 49490
868 49490
887 49490
907 49490
915 49490
928 49490
951 49490
965 49490
978 49490
987 49490
516 49478
25 49462
33 49462
40 49462
53 49462
60 49462
71 49462
88 49462
91 49462
98 49462
100 49462
107 49462
128 49462
132 49462
167 49462
180 49462
205 49462
210 49462
217 49462
225 49462
236 49462
270 49462
284 49462
295 49462
315 49462
323 49462
336 49462
347 49462
349 49462
365 49462
381 49462
406 49462
428 49462
435 49462
439 49462
442 49462
460 49462
476 49462
477 49462
482 49462
491 49462
539 49462
546 49462
550 49462
577 49462
594 49462
596 49462
601 49462
606 49462
609 49462
620 49462
624 49462
627 49462
641 49462
664 49462
729 49462
731 49462
732 49462
734 49462
772 49462
778 49462
787 49462
791 49462
820 49462
839 49462
853 49462
860 49462
866 49462
870 49462
876 49462
920 49462
926 49462
937 49462
972 49462
989 49387
333 49319
662 49250
4 49132
18 49132
35 49132
37 49132
66 49132
114 49132
115 49132
122 49132
138 49132
164 49132
178 49132
186 49132
193 49132
222 49132
255 49132
264 49132
291 49132
310 49132
311 49132
313 49132
318 49132
319 49132
334 49132
369 49132
374 49132
422 49132
426 49132
446 49132
449 49132
453 49132
474 49132
499 49132
511 49132
518 49132
547 49132
548 49132
556 49132
559 49132
562 49132
658 49132
668 49132
673 49132
705 49132
738 49132
745 49132
747 49132
786 49132
805 49132
814 49132
832 49132
840 49132
847 49132
850 49132
872 49132
873 49132
884 49132
891 49132
894 49132
896 49132
913 49132
930 49132
935 49132
949 49132
967 49132
17 49063
62 49063
76 49063
129 49063
136 49063
140 49063
187 49063
191 49063
201 49063
220 49063
272 49063
281 49063
329 49063
330 49063
352 49063
362 49063
364 49063
367 49063
408 49063
414 49063
421 49063
424 49063
432 49063
484 49063
486 49063
493 49063
498 49063
513 49063
573 49063
588 49063
591 49063
633 49063
643 49063
722 49063
758 49063
761 49063
770 49063
792 49063
795 49063
862 49063
889 49063
908 49063
933 49063
936 49063
939 49063
955 49063
980 49063
982 49063
992 49063
946 48977
838 48673
337 48635
28 48600
31 48600
54 48600
80 48600
84 48600
155 48600
207 48600
233 48600
238 48600
292 48600
296 48600
312 48600
343 48600
344 48600
356 48600
372 48600
385 48600
394 48600
401 48600
411 48600
459 48600
466 48600
507 48600
560 48600
575 48600
623 48600
644 48600
647 48600
667 48600
683 48600
698 48600
724 48600
756 48600
763 48600
771 48600
813 48600
854 48600
855 48600
877 48600
986 48600
11 48550
39 48450
110 48450
151 48450
232 48450
245 48450
250 48450
444 48450
497 48450
611 48450
634 48450
735 48450
828 48450
904 48450
942 48450
997 48450
528 48424
23 48401
30 48401
90 48401
111 48401
197 48401
203 48401
214 48401
221 48401
393 48401
405 48401
483 48401
505 48401
515 48401
554 48401
657 48401
726 48401
804 48401
810 48401
950 48401
445 48317
49 47870
101 47870
137 47870
163 47870
181 47870
258 47870
259 47870
283 47870
314 47870
390 47870
396 47870
457 47870
542 47870
578 47870
603 47870
604 47870
618 47870
690 47870
760 47870
769 47870
776 47870
777 47870
782 47870
801 47870
811 47870
827 47870
911 47870
957 47870
966 47870
976 47870
844 47531
246 47298
227 47201
342 47201
595 47201
715 47201
757 47201
874 47201
909 47201
65 47200
223 47200
265 47200
328 47200
429 47200
565 47200
692 47200
845 47200
916 47200
924 47200
22 47139
83 47139
150 47139
226 47139
335 47139
373 47139
427 47139
436 47139
450 47139
742 47139
755 47139
969 47139
979 47139
479 46935
649 46935
764 46935
794 46935
842 46935
861 46935
953 46935
996 46935
43 46889
368 46869
650 46869
660 46869
767 46869
919 46869
93 46850
538 46850
631 46850
730 46850
841 46850
717 46689
112 46594
56 46468
206 46468
423 46468
431 46468
584 46468
851 46468
251 46262
506 46262
105 46175
104 46150
355 46150
602 46150
736 46130
954 46130
230 46119
417 45979
912 45938
646 45765
725 45765
254 45746
262 45720
121 45696
626 45574
910 45162
154 44541
880 44413
689 44007
789 43678
152 43468
149 43026
665 42983
171 42787
857 42609
306 41839
419 41827
376 41803
917 40798
788 40385
727 39639
929 39492
235 39446
64 39434
709 38416
865 38336
69 37547
934 37522
257 37280
749 37164
160 36904
762 36674
242 36627
224 35802
119 35788
616 35586
848 35313
707 35068
42 34999
765 34443
467 33343
885 33012
139 32854
521 31889
852 31814
902 31308
443 31139
694 30559
703 29565
846 29548
655 29231
680 28938
514 27148
183 26546
555 26313
901 26197
619 25779
5 25670
740 25137
322 24922
126 24241
640 23126
239 22925
327 22800
185 22606
977 22265
541 21717
389 21230
697 21230
905 21005
190 20738
24 20594
599 20587
864 20448
635 19993
10 19855
918 19523
833 19004
843 18841
502 18306
293 18033
196 17896
568 17893
131 17526
420 16797
34 16778
753 16470
751 16211
522 15998
533 15813
103 15192
524 15051
612 14712
430 14681
377 13716
425 13503
454 13477
719 13046
350 12979
247 12144
471 11780
398 11114
231 10905
184 10576
830 10242
531 9828
779 8114
195 7920
113 6820
57 6349
940 6102
215 5836
170 5571
32 5563
716 4958
198 4904
357 4735
173 4634
176 3740
809 3488
774 3087
674 2868
523 2668
243 1704
867 1665
267 1097
728 935
285 442
708 316
540 242
