62 99978
7 99867
116 99297
541 98564
336 98401
792 98156
441 98136
219 98036
876 97913
33 97905
777 96994
232 96687
362 96561
145 96534
205 96517
760 96490
644 96189
828 96047
120 96031
827 95906
140 95800
595 95500
759 95474
327 95381
859 95316
941 94690
622 94637
437 94454
588 94352
845 93741
539 93613
290 93212
659 92939
189 92679
837 92643
995 92147
731 91496
814 91143
601 91012
359 90704
866 89370
404 89329
94 89285
931 88873
239 88866
329 88720
391 88689
255 88675
79 88408
58 87144
133 86926
569 86386
903 86335
559 85616
956 85455
148 85445
802 85342
582 85240
185 85168
11 84511
878 84488
998 84234
774 83735
288 82615
115 82595
780 82161
551 82106
377 81945
354 81901
733 81406
662 81083
253 80769
108 80596
881 80322
873 80255
481 79903
28 79716
849 79651
356 79359
284 79050
982 78838
388 78250
295 78162
855 77888
977 77753
268 76653
89 76537
103 76294
29 76281
531 76098
927 76058
627 75631
905 75563
634 75192
155 74872
776 74480
431 74330
886 74069
890 73839
902 73341
407 73010
621 72976
572 72859
969 72693
26 72688
251 72595
495 72362
526 72296
65 71775
516 71366
985 71247
278 69984
829 69151
739 69033
708 68628
100 68461
70 68450
472 68066
180 68057
912 67985
833 67704
324 67205
261 67094
448 67039
384 66683
583 66235
612 65201
220 65114
44 64940
874 64539
654 64400
532 63746
690 63693
772 63470
52 63363
576 62973
22 62790
476 62352
725 62268
765 62000
383 61975
60 61955
83 61519
692 61419
345 61299
701 61149
730 60458
363 60376
401 60250
598 59686
91 59516
712 59478
571 59443
35 59199
408 59073
538 58810
988 58650
365 58523
680 58109
668 58043
594 57961
48 57958
222 57941
611 57833
328 57822
240 57459
631 56273
38 55558
624 55347
717 55180
491 54709
676 54696
632 53933
514 53372
258 53036
104 52953
287 52907
786 52724
896 52609
18 52555
924 52460
937 52418
30 52224
319 52014
259 51809
915 51748
414 51477
656 51030
743 50921
719 50565
24 49989
27 49989
31 49989
92 49989
102 49989
106 49989
107 49989
119 49989
127 49989
138 49989
175 49989
176 49989
181 49989
182 49989
187 49989
194 49989
195 49989
238 49989
260 49989
262 49989
276 49989
291 49989
302 49989
303 49989
343 49989
372 49989
387 49989
389 49989
399 49989
415 49989
439 49989
467 49989
502 49989
503 49989
567 49989
606 49989
640 49989
672 49989
686 49989
703 49989
735 49989
740 49989
751 49989
753 49989
758 49989
798 49989
830 49989
846 49989
847 49989
853 49989
862 49989
863 49989
870 49989
887 49989
911 49989
926 49989
935 49989
950 49989
965 49989
966 49989
456 49967
2 49933
547 49763
586 49259
270 49189
280 49143
809 48948
574 48811
782 48612
562 48526
352 48089
992 47943
766 47146
252 46936
757 46801
518 46613
46 46162
793 46056
375 45478
860 44703
718 44695
88 43949
217 43747
410 43715
900 43278
403 43217
797 42648
474 42503
241 42454
648 41829
707 41801
679 41757
105 41745
463 41545
928 41321
17 41075
996 40231
987 40074
305 40000
310 39855
505 39768
398 39556
177 39400
999 38969
167 38763
37 37765
10 37754
975 37040
875 37027
121 36321
806 35558
694 35061
12 34937
865 34463
39 34239
15 34233
14 34140
493 33990
226 33773
726 33743
944 33635
256 33326
244 32931
69 32567
6 32269
161 32142
382 31755
812 31172
736 31123
446 30958
914 30387
921 29956
510 29798
994 29668
96 29637
581 29306
55 29037
320 28805
257 28635
301 28437
653 28351
436 28270
796 28137
470 27960
483 27729
939 27625
646 27624
364 27215
761 26642
224 26390
492 26339
831 26271
4 26112
762 26050
989 25917
715 25907
344 25577
506 25559
471 25398
321 25146
25 24994
54 24994
59 24994
61 24994
63 24994
71 24994
74 24994
78 24994
87 24994
90 24994
95 24994
109 24994
110 24994
111 24994
112 24994
113 24994
114 24994
117 24994
118 24994
122 24994
125 24994
126 24994
128 24994
129 24994
130 24994
131 24994
132 24994
134 24994
135 24994
139 24994
142 24994
171 24994
173 24994
174 24994
178 24994
179 24994
183 24994
184 24994
188 24994
190 24994
191 24994
192 24994
197 24994
198 24994
199 24994
200 24994
202 24994
203 24994
204 24994
206 24994
207 24994
235 24994
236 24994
237 24994
242 24994
243 24994
245 24994
246 24994
247 24994
248 24994
254 24994
263 24994
273 24994
274 24994
275 24994
289 24994
292 24994
293 24994
311 24994
318 24994
326 24994
334 24994
342 24994
350 24994
351 24994
355 24994
357 24994
358 24994
367 24994
369 24994
370 24994
371 24994
373 24994
374 24994
385 24994
386 24994
390 24994
400 24994
406 24994
422 24994
423 24994
424 24994
430 24994
438 24994
447 24994
449 24994
450 24994
451 24994
453 24994
454 24994
455 24994
465 24994
466 24994
469 24994
478 24994
482 24994
485 24994
486 24994
487 24994
511 24994
519 24994
527 24994
534 24994
535 24994
542 24994
543 24994
544 24994
546 24994
548 24994
549 24994
550 24994
558 24994
561 24994
563 24994
564 24994
565 24994
575 24994
590 24994
591 24994
607 24994
615 24994
623 24994
630 24994
639 24994
643 24994
645 24994
647 24994
655 24994
657 24994
658 24994
660 24994
661 24994
670 24994
673 24994
674 24994
675 24994
677 24994
678 24994
695 24994
702 24994
711 24994
720 24994
727 24994
737 24994
738 24994
741 24994
742 24994
750 24994
754 24994
755 24994
756 24994
767 24994
773 24994
775 24994
783 24994
790 24994
791 24994
799 24994
815 24994
822 24994
823 24994
838 24994
839 24994
850 24994
851 24994
852 24994
854 24994
867 24994
868 24994
869 24994
871 24994
879 24994
894 24994
918 24994
919 24994
934 24994
942 24994
943 24994
951 24994
955 24994
958 24994
959 24994
960 24994
961 24994
962 24994
963 24994
967 24994
974 24994
983 24994
990 24994
991 24994
353 24525
281 24472
687 24270
201 24185
249 24116
101 23642
566 23518
84 23396
124 23294
312 23134
938 22672
462 22408
277 22255
231 22150
638 22059
279 22023
895 21963
395 21532
892 20548
663 20292
93 19777
530 19555
925 19384
468 19290
123 19231
585 19185
981 19094
164 18845
23 18675
807 18613
745 17884
427 17779
614 17418
347 17359
3 17286
669 16582
930 16265
710 15666
165 15477
156 15210
233 14881
216 14339
825 14148
452 13658
335 13431
592 13204
43 12446
769 12350
997 12065
435 11645
536 11395
348 11324
75 10847
158 9437
172 9212
671 8818
53 8551
366 8168
196 7995
494 7242
229 7073
970 6960
86 6924
250 6862
445 6026
166 5698
964 5511
749 5304
271 5068
910 4955
620 4697
891 3372
298 3293
230 3267
599 3008
523 2819
143 2087
322 2041
444 1942
945 1935
897 1836
85 1814
21 1352
499 1269
479 791
294 780
47 690
954 525
734 289
5 0
8 0
9 0
13 0
16 0
19 0
20 0
32 0
34 0
36 0
40 0
41 0
42 0
45 0
49 0
50 0
51 0
56 0
57 0
64 0
66 0
67 0
68 0
72 0
73 0
76 0
77 0
80 0
81 0
82 0
97 0
98 0
99 0
136 0
137 0
141 0
144 0
146 0
147 0
149 0
150 0
151 0
152 0
153 0
154 0
157 0
159 0
160 0
162 0
163 0
168 0
169 0
170 0
186 0
193 0
208 0
209 0
210 0
211 0
212 0
213 0
214 0
215 0
218 0
221 0
223 0
225 0
227 0
228 0
234 0
264 0
265 0
266 0
267 0
269 0
272 0
282 0
283 0
285 0
286 0
296 0
297 0
299 0
300 0
304 0
306 0
307 0
308 0
309 0
313 0
314 0
315 0
316 0
317 0
323 0
325 0
330 0
331 0
332 0
333 0
337 0
338 0
339 0
340 0
341 0
346 0
349 0
360 0
361 0
368 0
376 0
378 0
379 0
380 0
381 0
392 0
393 0
394 0
396 0
397 0
402 0
405 0
409 0
411 0
412 0
413 0
416 0
417 0
418 0
419 0
420 0
421 0
425 0
426 0
428 0
429 0
432 0
433 0
434 0
440 0
442 0
443 0
457 0
458 0
459 0
460 0
461 0
464 0
473 0
475 0
477 0
480 0
484 0
488 0
489 0
490 0
496 0
497 0
498 0
500 0
501 0
504 0
507 0
508 0
509 0
512 0
513 0
515 0
517 0
520 0
521 0
522 0
524 0
525 0
528 0
529 0
533 0
537 0
540 0
545 0
552 0
553 0
554 0
555 0
556 0
557 0
560 0
568 0
570 0
573 0
577 0
578 0
579 0
580 0
584 0
587 0
589 0
593 0
596 0
597 0
600 0
602 0
603 0
604 0
605 0
608 0
609 0
610 0
613 0
616 0
617 0
618 0
619 0
625 0
626 0
628 0
629 0
633 0
635 0
636 0
637 0
641 0
642 0
649 0
650 0
651 0
652 0
664 0
665 0
666 0
667 0
681 0
682 0
683 0
684 0
685 0
688 0
689 0
691 0
693 0
696 0
697 0
698 0
699 0
700 0
704 0
705 0
706 0
709 0
713 0
714 0
716 0
721 0
722 0
723 0
724 0
728 0
729 0
732 0
744 0
746 0
747 0
748 0
752 0
763 0
764 0
768 0
770 0
771 0
778 0
779 0
781 0
784 0
785 0
787 0
788 0
789 0
794 0
795 0
800 0
801 0
803 0
804 0
805 0
808 0
810 0
811 0
813 0
816 0
817 0
818 0
819 0
820 0
821 0
824 0
826 0
832 0
834 0
835 0
836 0
840 0
841 0
842 0
843 0
844 0
848 0
856 0
857 0
858 0
861 0
864 0
872 0
877 0
880 0
882 0
883 0
884 0
885 0
888 0
889 0
893 0
898 0
899 0
901 0
904 0
906 0
907 0
908 0
909 0
913 0
916 0
917 0
920 0
922 0
923 0
929 0
932 0
933 0
936 0
940 0
946 0
947 0
948 0
949 0
952 0
953 0
957 0
968 0
971 0
972 0
973 0
976 0
978 0
979 0
980 0
984 0
986 0
993 0
