168
59
-209
-124
0
12
-150
-136
86
119
-62
-136
209
0
77
-148
90
-161
124
136
-77
269
-209
-124
95
269
-42
-82
-166
258
-166
-42
127
207
0
0
-71
168
0
258
-124
136
0
59
0
127
119
-168
124
59
-209
209
311
0
65
-119
41
-207
0
209
136
0
-49
0
-145
119
83
136
41
0
7
0
-85
0
41
-269
-71
124
0
209
-83
0
-42
0
49
0
90
-150
-83
-207
-150
41
127
0
-209
49
-133
-136
101
41
-318
-209
0
0
-136
-59
-269
124
-124
-269
269
119
-59
209
-60
209
0
0
-209
41
-209
207
124
0
59
71
127
-119
49
41
0
-210
78
119
0
-269
-119
150
-42
-41
3
228
-42
-49
0
0
0
-62
119
207
207
-119
127
127
0
0
-12
-124
-249
59
127
0
-142
-101
-256
59
-269
-269
-60
42
-8
-136
41
-41
207
0
-2
0
207
207
18
-136
-42
-60
90
269
59
-178
-41
269
-101
-65
207
0
269
-49
124
-5
228
3
