-97
10
-8
470
-351
85
261
20
-265
-94
233
-38
-70
77
567
158
309
-260
-5
-310
-7
194
-241
0
12
-4
255
261
-155
189
-46
-80
74
396
-94
-73
139
-350
70
293
261
165
422
303
119
132
-3
19
-303
232
224
492
370
368
-374
163
-446
-168
191
-235
120
-22
351
34
-279
-89
314
113
-13
8
-241
357
-92
-274
-12
351
285
-359
245
-205
422
233
-408
-51
66
31
340
-149
118
414
89
241
291
88
-3
399
433
-308
488
63
365
87
549
-304
-55
9
61
50
415
-157
-82
-62
142
12
304
555
173
82
451
309
-425
359
-428
351
378
-60
62
178
-48
-304
-419
-325
-305
-446
-112
329
-361
406
-203
294
157
-105
62
421
-103
489
-53
55
-463
89
-396
-104
0
-400
-289
260
385
-23
396
-346
105
-390
68
440
408
142
-25
379
0
405
425
109
-101
92
57
-278
334
-314
365
-304
-1
-520
-316
-633
182
301
-169
-48
-195
114
-72
252
-370
0
-519
8
0
389
-105
407
301
-446
22
-173
184
156
0
11
180
-145
485
-206
-29
387
-489
-70
415
497
-211
-481
393
-388
-367
-542
-260
109
607
-264
-58
86
-352
-194
-299
-87
184
16
0
-202
304
-33
-109
-61
4
-535
273
-380
379
-62
-140
3
-358
-69
41
-348
-350
-13
390
374
303
-420
-33
-87
-316
-169
0
-218
-44
353
-397
-201
574
-366
5
-383
87
285
-51
411
286
-82
-28
374
0
570
-158
401
142
305
-473
-370
427
-561
159
0
158
-77
-180
333
-270
379
-9
1
-481
323
72
171
-50
-108
-16
365
241
-72
61
-535
-476
29
-45
-8
245
-202
131
-387
-419
496
-122
-71
-529
142
-106
-227
409
-298
128
23
-444
94
172
-507
-16
114
281
-132
153
-399
-120
-481
19
-120
97
-110
403
427
-26
-41
-425
-162
-351
266
110
-370
-279
67
-447
-398
-282
8
-373
-252
348
-390
-393
97
376
-497
-300
-185
178
265
187
-30
-26
187
86
255
-542
-324
-436
74
-502
-12
488
-366
-180
-154
-8
-389
178
-555
-244
0
-89
385
24
63
446
-34
-159
-398
-201
0
-300
-271
-348
-16
-32
-472
-467
459
42
-485
309
-388
264
359
-380
492
344
380
535
-223
297
201
-103
309
319
-174
135
-157
-410
315
9
-80
588
248
-53
468
77
-312
-304
-53
-113
-18
-328
-37
548
350
25
69
62
379
-49
-87
-386
-78
34
51
53
-480
-104
71
16
155
-88
476
25
-244
-171
227
387
-429
-56
419
493
-383
-467
377
607
-91
-213
-322
-289
165
235
34
123
-448
277
-431
-114
-148
-278
-132
-23
-551
-191
-62
-48
-419
-329
-496
-278
-399
57
-344
-478
224
343
-129
316
-52
-48
310
62
78
-216
78
387
366
189
25
29
-523
-13
446
319
-544
85
-219
529
-502
178
271
-108
232
102
-461
261
-463
275
-177
-421
-2
366
-387
110
-187
-47
0
9
-286
-317
386
-151
-306
21
-319
-84
-323
224
315
-89
203
-89
-273
97
-198
97
108
-94
-229
327
257
0
66
-50
-2
-292
-132
28
30
326
386
350
190
-294
9
117
216
-16
194
-142
-249
-289
-367
0
-8
508
-316
11
-100
295
-277
-6
-16
24
0
-112
-89
-151
-42
221
-398
-32
23
117
214
-478
39
-422
120
66
-248
-386
292
387
464
86
121
252
-129
-31
0
98
113
134
-271
-97
-485
-529
328
96
41
-115
88
-177
313
26
272
9
-72
140
-224
473
451
402
-440
-77
-353
322
-409
-7
-289
-463
-492
-23
-205
-451
462
373
-266
451
157
438
108
-96
348
-217
-123
-195
-61
16
310
-433
-89
-314
178
-195
-472
-461
-169
145
-448
-207
472
-69
-567
382
123
-71
-24
340
-75
431
-143
-386
23
-62
256
-264
-400
362
-109
-137
-45
430
198
-354
-88
282
561
60
-85
305
184
-460
123
444
405
-82
-56
-151
-195
-414
-126
-57
-145
-35
-154
-299
-20
-28
-100
0
319
569
17
288
-77
13
97
12
420
402
169
151
410
338
-496
-100
19
211
-423
386
-9
-317
-321
-344
-283
-99
-51
209
-66
-105
-314
72
-353
77
-132
-48
328
-471
-270
463
-50
-485
-482
140
-57
125
202
464
-364
72
97
-510
269
-40
-50
32
-52
-388
440
-270
75
277
321
190
-86
-3
-324
-12
-535
-347
78
386
143
0
-317
-438
69
-283
159
165
282
228
-105
150
-172
48
215
-45
283
294
-124
-69
-219
-19
489
26
-476
104
149
396
-485
385
-362
370
-351
293
48
201
0
551
-32
472
8
315
-392
0
262
448
-224
408
32
334
86
-9
45
-397
-311
89
-407
78
309
-283
257
224
11
-440
-164
-75
390
-79
281
379
-9
-348
100
106
-155
286
121
305
-105
22
399
19
302
-45
-73
26
342
-502
-333
-146
-48
410
303
366
-113
60
268
235
-42
118
-87
-80
65
13
243
-126
-400
-446
-7
261
45
383
87
206
-338
84
342
-69
-267
-527
-372
-89
0
-472
-169
-146
-202
377
-156
-253
132
-385
109
382
-440
471
-373
259
266
319
20
0
419
433
-494
-366
586
-48
-448
37
75
-280
-337
-380
-269
-542
-358
-502
-325
211
42
-235
-91
-154
430
169
277
-489
-203
172
82
-94
19
447
166
