92
-170
206
-120
-192
219
-127
31
218
0
257
-82
118
-134
118
46
82
-320
186
-65
-122
68
0
-138
215
-271
120
-100
90
83
191
193
49
84
-275
357
-181
-24
-23
-120
-23
0
-272
0
0
26
237
100
-292
73
456
-35
235
0
151
-11
136
-57
-82
134
20
-57
195
0
-359
-32
-103
-284
-237
-213
-219
-68
-155
53
166
262
-92
185
-1
69
0
263
81
-312
-245
-179
76
0
204
-146
164
-375
134
-13
-123
-34
-264
-65
-159
-193
164
-258
-120
264
248
0
-229
44
65
-120
88
-162
132
-13
-326
-218
90
86
0
136
225
-2
-32
226
-146
-237
-226
3
-51
-9
-88
73
108
69
200
0
11
0
164
218
110
69
0
281
104
82
341
264
-272
258
154
120
0
-304
39
-167
-154
-183
-196
14
-192
-239
-219
53
-255
-11
203
207
237
-92
-120
157
18
138
13
-136
-241
-42
270
-169
-205
-205
-39
351
-98
-81
26
52
-127
22
352
0
422
-26
203
-219
-225
181
64
11
-57
111
115
0
-39
-93
-111
-180
90
-152
154
34
154
168
0
-39
306
134
-88
254
243
371
-83
-317
-271
-100
85
-218
-164
20
29
-205
-181
-87
-115
-61
34
0
0
-154
281
-57
-110
-123
-87
29
-3
-164
-339
-68
-5
-213
70
-22
-205
117
421
102
306
-193
290
170
-88
296
-122
-110
339
75
-68
7
445
67
0
-186
170
57
63
-123
-123
-34
-169
76
309
136
7
229
69
26
0
21
154
82
-140
-154
68
243
-12
-205
-42
265
-73
-49
53
135
122
-202
70
82
107
223
-116
143
430
153
108
119
245
22
341
82
-100
-11
68
387
170
309
-128
-32
-114
205
0
-33
-23
20
234
-245
-154
148
-51
-98
123
-154
-26
-63
57
76
-26
-252
101
-306
26
136
-306
120
-153
341
294
-170
56
181
-140
87
-223
-387
-75
114
133
-228
32
-102
13
112
-32
71
-110
225
81
-418
237
-16
-138
168
188
-112
82
42
39
-198
224
135
-193
-42
-274
-139
-230
34
116
-38
-225
193
252
163
264
156
177
244
0
0
-218
-205
77
-185
-55
0
-164
46
-14
135
0
375
-102
49
84
-57
-22
-57
-91
-160
-276
248
216
-154
-96
33
-320
198
0
271
0
64
-148
0
348
38
0
-246
0
82
-349
-112
101
136
-92
-88
-37
-183
-146
347
136
13
39
-146
-186
87
-170
11
90
-186
-73
-7
-13
25
62
347
225
-33
-304
274
13
-280
-271
-32
116
257
122
-48
-38
123
-499
-158
0
23
-48
275
-87
200
15
-339
-167
135
-200
51
-272
-258
134
347
46
148
-306
205
79
-111
154
182
43
180
-111
-73
-101
-156
-34
13
-58
-12
132
39
-93
0
122
-69
21
-243
-9
34
-146
-79
19
0
-19
-78
233
62
258
-76
45
-50
-92
-203
140
205
-122
-13
-93
111
141
251
175
0
10
-116
208
98
13
177
-12
-100
99
39
306
0
55
76
0
-252
-32
-158
80
71
223
-25
-228
-219
-61
97
106
-44
229
-273
0
-235
-7
66
190
85
-68
215
-220
136
134
140
-13
34
40
-297
320
-176
19
-145
10
239
169
23
164
-258
-340
251
-278
138
-109
-440
106
238
136
-39
0
-147
-235
-183
-29
349
-84
280
90
269
-180
-63
114
3
146
-78
-183
341
-57
-141
24
35
0
121
-104
108
315
19
-276
347
-19
236
0
-98
56
228
147
24
-55
13
55
-18
-203
-73
258
111
65
-46
39
-136
-271
-102
-111
-179
363
-146
-352
115
-306
-115
-282
237
0
306
-183
212
132
-252
-69
118
134
-188
-158
-87
-57
-146
70
56
-13
186
-13
258
-34
-77
71
-284
59
-57
47
-65
85
25
-367
226
-104
-101
144
-122
-146
-60
26
0
-19
-271
-229
0
-155
-223
170
23
274
73
0
244
-3
-42
323
20
-30
-140
-40
186
0
0
-28
69
164
112
428
-70
0
-77
2
-219
-386
69
40
-272
205
382
-101
-196
-218
-237
174
-26
-136
16
-89
-71
374
135
-258
-50
128
73
-121
64
-218
162
-205
-164
-10
213
-241
38
-217
-430
0
-69
161
-146
102
-144
193
-178
-69
101
202
-338
164
70
-45
22
252
-141
-22
141
82
-149
179
-146
-3
-76
261
-148
-203
145
203
-204
170
-310
-75
-151
-250
35
-70
-58
-303
-122
121
-46
164
25
89
-101
243
-124
22
0
-141
392
180
270
-57
0
-4
-80
-176
-282
-82
199
19
72
-103
0
7
68
135
68
-35
229
203
-68
125
-167
50
-70
-62
-193
15
-271
-136
66
-136
79
22
-201
-138
0
-84
121
-123
-44
-228
3
61
-61
19
-68
-200
-123
156
13
258
-205
-22
0
-349
-203
181
-111
354
-44
-51
-120
27
-81
-71
180
193
205
-19
-77
34
0
13
257
167
28
-183
-200
329
13
0
260
82
21
-10
-212
23
-175
22
212
-24
35
205
70
83
-24
23
-149
-136
336
179
418
-148
-95
-219
218
-32
-179
33
-335
-164
122
-8
-93
68
-137
107
-292
146
201
157
84
0
111
0
-68
67
177
302
-61
225
186
88
68
-183
-83
-148
-57
43
-116
405
82
0
186
-13
-252
68
281
-195
-77
65
-13
