248
-171
189
102
228
343
-263
-113
-21
-51
-207
-154
56
120
-323
-110
367
93
-183
37
97
-145
-224
-26
101
-390
-196
238
-51
13
-182
-123
226
150
365
376
-217
-381
-22
9
-429
-344
75
447
-33
67
-102
272
75
-158
-428
-130
-110
239
136
60
-376
-224
-247
421
284
275
35
35
192
-102
-113
-66
-170
-289
356
-96
-100
-126
-324
-429
-155
-419
-246
248
61
94
316
487
216
54
-345
200
-155
380
-126
-70
-71
-143
-224
201
174
-83
-32
284
60
95
217
184
134
-171
-232
-225
-256
-122
191
-204
-62
318
-17
191
-527
24
-26
158
-324
-216
-99
-17
-346
-51
-3
-31
70
558
67
-142
-299
9
-92
81
-322
-36
331
-236
-142
126
-105
-34
132
-314
-86
100
-269
236
-227
122
-185
-77
-81
-252
-93
-491
-7
7
-602
-274
30
346
-208
142
-315
225
-221
-323
267
-174
214
181
-136
-46
200
111
25
-144
-181
-102
157
-164
-248
664
-101
-289
308
-187
256
321
-178
-5
-112
0
-3
-230
142
719
201
-317
297
-77
-128
156
194
-111
641
77
310
-294
51
-455
-620
-45
-156
-270
-74
552
343
-465
226
9
-8
-221
-50
-184
90
294
12
176
-205
257
206
-207
-125
143
-27
-42
-128
-502
576
70
146
317
-227
-174
248
111
241
400
215
-21
234
-114
292
-211
-560
141
-121
178
58
140
-105
266
-66
21
-153
249
416
300
230
181
-245
226
521
418
192
-284
110
171
302
-195
276
-335
173
59
218
-135
-400
330
89
-108
-442
-100
-169
349
27
-271
134
-334
43
-62
-286
78
73
0
72
-137
119
446
-281
-279
380
1
347
-230
-392
-388
-245
100
-101
437
320
49
-228
136
-27
0
-243
213
446
67
-178
-36
307
-616
1
372
57
-288
-44
-174
0
272
221
-93
357
-195
-279
498
-155
571
-12
-42
405
-298
136
-145
-35
-365
52
-592
109
-78
79
183
-417
145
70
-139
63
-291
-3
316
325
-314
322
-75
23
4
-332
-523
281
134
249
16
53
-399
82
-301
323
-616
5
-375
381
9
-78
645
-301
-530
23
433
-254
-76
-11
75
-291
-91
-401
340
401
399
437
-431
217
-53
169
-38
-402
269
-109
138
340
263
-196
-228
-10
-51
66
-525
-441
-406
-307
21
293
-110
-378
-412
-112
53
-34
-64
-273
-410
-27
-189
164
89
106
-192
58
283
267
83
320
68
-273
143
57
92
-334
59
159
256
-18
-103
-12
336
-152
-294
258
-70
-121
144
4
-111
-286
-11
31
-261
62
-26
-302
387
-252
-325
-222
-24
-50
-137
141
-69
-270
83
409
-134
-190
347
286
-120
-342
-453
-98
208
60
160
130
154
-201
221
241
-77
-14
350
394
-367
17
195
473
-174
-545
200
-236
-158
531
360
-219
178
-327
-212
250
165
-43
39
-522
-150
58
513
26
-80
-246
169
85
-315
390
-43
-114
-167
-239
-73
-156
148
-63
55
294
1
326
-214
-162
247
-7
-299
-1
-261
-597
-201
-119
-237
83
28
-99
-14
31
27
-122
-413
-156
-258
67
144
-375
410
-41
269
-471
-496
-291
-129
-488
158
-169
-120
-186
583
-368
-94
-72
-391
111
-147
8
-197
14
-164
516
-33
-161
272
-277
65
310
209
331
-245
-142
117
-34
-82
-259
-58
81
321
-368
403
-315
-488
6
279
-284
-103
79
185
70
75
-76
43
-322
-24
-115
-88
80
-335
-6
17
132
323
370
-172
-143
-95
-261
529
-192
-59
-285
189
-170
7
-337
-289
65
-177
-308
-538
-287
-196
-227
24
69
365
16
-232
-233
-216
-65
-37
-264
60
142
316
-499
-22
-214
-154
208
202
-311
241
234
239
227
-395
80
-92
134
-74
122
-255
-6
-359
-147
491
287
-70
112
-365
-239
487
-174
-58
-274
-348
92
464
-44
-320
77
-38
528
-290
138
-326
421
187
-3
281
340
194
-65
-660
198
227
273
142
413
34
-106
-4
532
114
295
-158
143
207
-229
30
400
15
-69
518
37
-244
413
1
-246
47
-197
186
-591
641
379
-642
415
-192
126
282
-35
-89
-277
351
151
-295
327
-484
-153
-186
-385
261
-386
-30
-143
487
418
-116
423
272
-362
-78
217
21
-306
-356
-282
352
-587
202
206
-82
97
167
234
63
304
-254
-196
188
-306
162
0
-21
-202
-170
-15
123
466
-21
-52
-68
-46
-207
284
142
357
-300
375
77
-210
-37
-12
548
-323
-84
-137
188
-381
-30
171
-378
-247
-342
-157
377
178
-383
75
9
-233
301
101
281
-88
-157
-143
-98
583
-389
-60
301
724
317
-85
291
133
-94
-533
-5
-36
540
-102
-223
-455
-304
74
225
58
-233
-160
43
-129
284
194
197
-238
77
-464
-98
356
-73
230
-146
10
125
66
-525
76
0
-40
19
353
-147
-67
-27
44
-489
97
-409
32
-22
285
27
-419
31
-81
-399
-51
-48
-65
-258
-200
-125
214
-244
459
-299
-377
-352
-15
-272
385
-65
-350
-168
-305
-314
-102
-222
153
288
-221
134
120
155
305
-3
-186
-136
-102
328
70
33
-271
9
-416
231
212
-389
-167
-379
-61
-98
340
-88
-360
166
269
-208
-172
227
-27
50
49
263
365
-95
-163
64
-36
-283
-73
270
17
196
-40
-259
246
-231
222
-257
211
309
239
-247
247
49
195
64
-199
125
-174
-65
117
-183
221
304
-325
-276
-62
17
-227
89
-35
-264
-179
-376
-71
354
706
-318
481
8
-311
320
125
626
141
-403
44
106
-213
8
-172
-27
-134
-253
-304
602
-190
-197
-343
162
87
155
-82
-442
267
127
-78
182
-264
259
-419
110
252
-278
-272
148
258
192
87
-63
-448
-197
429
311
-104
276
-138
189
-140
349
133
-76
-87
-183
-472
233
14
-264
10
-527
-114
-44
-229
-128
-90
-345
66
-22
230
-81
-111
-106
48
331
36
-24
-211
265
446
6
-495
109
-37
-678
139
-115
57
489
-226
-76
-107
-147
-156
-196
-237
-230
164
14
-462
-299
524
92
-89
625
-391
68
-446
-194
96
-294
-72
-72
-299
-69
393
392
-15
215
186
-213
-72
339
-16
-162
-26
-72
537
-184
-134
-58
332
191
-410
556
-94
-444
-2
498
252
-449
0
28
-104
179
-694
9
239
315
-32
-104
30
-64
264
193
221
399
-61
-234
-479
-412
-66
-282
218
470
-99
206
-273
200
-59
223
678
-24
315
274
380
-96
-274
-243
-330
-55
-666
-53
-289
140
319
-126
123
77
323
-199
-626
-82
-331
-245
-102
-88
-171
49
-332
321
170
53
164
36
161
411
12
139
523
-700
-97
254
-333
-407
-43
-312
377
-249
673
275
-112
-1
-373
83
121
163
-208
-200
57
108
226
-283
-126
232
35
-38
34
-617
-319
154
-38
-74
397
-337
-240
-279
-634
116
-420
-79
334
-48
-206
-365
-384
173
-78
-211
151
-14
506
196
-135
-43
470
-286
-349
-266
213
-212
420
109
-475
169
-546
-36
-58
367
-160
-239
-391
-62
-253
214
44
317
50
385
-244
38
31
144
72
-16
-164
28
214
-62
-25
399
155
214
-191
-356
-74
119
-348
-219
42
-503
-70
-64
-130
-153
-65
-215
-315
98
-223
1
-414
233
47
-10
-129
26
511
312
-503
-67
375
80
-33
549
-357
171
14
175
50
182
-33
-320
-248
202
163
278
-100
-336
184
-430
415
20
-195
-213
149
294
106
-126
475
183
0
-218
407
-125
-66
355
106
-361
-41
112
260
368
62
52
15
50
207
273
-201
-97
265
234
-412
-231
233
114
-319
-385
74
185
145
171
329
277
50
-153
-105
127
-99
-108
-357
-279
-93
498
-154
175
-175
66
54
333
265
280
-14
2
-228
-68
-525
255
166
1
643
315
336
-80
236
179
409
-79
195
613
-312
-232
-433
-142
226
239
116
-87
369
298
250
76
134
-63
82
-21
-191
-152
-382
275
349
-128
-169
86
-65
215
-247
268
186
-283
276
714
227
165
469
-440
106
-6
-439
-335
-460
126
-411
-249
379
-106
-393
-24
156
-95
433
225
205
53
347
-56
483
-157
116
-449
76
532
-161
-159
98
-358
-251
-267
183
-206
-212
-190
-285
272
-31
-125
-237
215
-109
26
17
-154
-106
300
-36
294
-261
-486
49
-30
143
69
328
-302
-102
-169
-23
681
132
235
1
166
-26
211
176
279
109
-30
252
213
-189
-226
38
217
318
-264
-8
39
-345
-41
-87
-29
-57
-278
-103
-91
396
-360
-98
188
-98
-314
393
-196
104
153
-231
68
-371
16
342
-168
324
-281
-163
-135
-375
-238
441
-235
105
-299
-20
-151
74
220
289
-353
115
105
-225
70
-275
198
169
-28
-235
12
-21
76
30
-559
-59
-110
-350
-86
-150
22
-39
-176
-513
136
-45
69
-530
-372
-222
-246
36
-162
24
107
-155
123
101
105
120
571
74
-470
260
-2
-269
-138
50
368
307
283
68
148
-491
-128
78
78
-262
106
210
143
37
-464
-339
-106
-249
-117
-193
-334
-171
-128
159
338
-484
-52
-380
-65
-352
-248
174
-289
398
42
1
-328
117
-117
137
92
-79
376
-147
110
-27
-172
-88
23
115
448
-230
-356
-143
-26
184
-59
155
53
-164
90
-159
168
-117
-147
-72
73
-514
47
549
462
-300
201
330
67
-281
152
-35
-60
129
42
-170
386
-358
12
-199
-93
-41
-67
-253
77
71
163
-162
-222
183
-337
126
-375
90
302
719
132
-380
-35
417
-209
522
132
128
311
266
-314
-68
196
1
471
81
-140
-148
346
-36
-10
323
398
170
-155
47
14
6
603
-244
-273
102
-140
130
335
-236
-79
321
256
26
133
-89
63
218
28
571
-169
-138
-22
141
-74
152
-221
112
-53
-193
-81
-290
62
136
18
436
78
175
-170
399
-496
-442
84
119
-125
55
-167
394
177
-263
532
245
449
280
68
117
-168
-419
15
177
38
104
181
39
94
425
357
613
-267
146
-612
-33
33
99
40
-171
-251
269
168
335
-182
34
-19
85
454
237
272
77
68
-212
27
-240
-9
21
433
144
-570
34
-34
-218
-274
-73
24
182
242
-114
-298
-513
100
-69
-205
-403
72
451
2
-173
-114
360
71
-211
234
517
337
-287
36
-337
257
549
230
-438
-221
-135
-153
295
-56
-113
-14
-245
-72
-328
447
221
-394
278
163
132
-162
6
166
14
-224
-131
24
-540
-133
-105
104
-333
-80
-403
266
149
-4
523
174
-128
-261
245
319
-367
253
-232
36
-311
-395
-146
376
-34
-7
-57
-318
-200
60
298
93
100
171
-69
-110
36
5
-104
-374
192
-76
-128
326
-298
238
169
-78
-318
-576
-296
-86
-66
228
259
455
-37
-285
-189
341
-256
-160
-196
-146
353
-434
-345
103
150
-144
83
26
340
300
9
188
-1
258
138
-77
556
-74
49
-567
-439
-203
24
-248
-258
390
-174
159
127
438
446
251
-415
313
512
192
310
360
-460
-55
-192
109
-34
141
-128
-29
-156
374
-78
143
-234
-333
-77
33
-209
-37
163
-185
-10
-317
2
-542
61
578
196
50
-126
-144
61
207
273
10
612
154
96
-152
41
424
120
-28
-208
-157
-58
-283
-47
-389
123
190
-191
-346
91
0
-284
191
-24
-385
-312
-104
-378
-162
309
292
276
-321
-268
248
-168
163
65
473
147
-210
-71
-414
-212
158
-336
174
-326
-46
-232
-349
-513
-4
22
290
727
-224
-141
-198
242
-126
-178
-496
-359
-185
-200
388
2
-38
-206
-136
-54
210
31
-120
-427
-94
77
-448
138
-202
12
426
-52
44
116
256
187
293
196
76
-108
204
125
-62
-28
-103
66
216
49
45
-379
16
-72
-328
159
-283
393
348
23
80
129
354
-111
149
83
-47
-257
308
69
-112
-436
-82
128
107
214
147
477
236
0
70
247
181
-246
-87
-382
-241
-58
323
10
-25
-181
-42
-216
66
55
149
291
-98
-407
45
222
-283
346
69
396
264
-268
120
227
250
89
-81
172
-490
99
-71
-3
112
152
-352
182
-307
190
-203
-157
-370
-16
298
-134
-271
372
-235
70
683
8
239
237
-208
-164
-256
-395
460
-115
430
104
371
92
-85
-21
-547
202
-366
-543
135
-267
124
-558
-318
24
273
-420
-185
-178
-2
-173
-263
-458
-462
281
-291
156
183
101
-41
-111
88
90
-36
108
205
42
-55
-240
308
203
127
-481
222
-216
250
99
530
-269
-145
12
-133
-69
187
337
-211
4
466
49
-48
304
-362
-131
-285
-178
255
50
-306
-105
-16
-14
-312
159
198
-355
-174
-36
490
92
-66
-295
252
-34
-367
11
9
-133
348
1
40
-112
-22
-133
100
206
385
-432
-339
-138
-141
289
-143
-84
-14
-268
-194
-123
34
250
-32
-202
-434
-137
-100
-53
-121
-80
313
-19
-329
-144
-402
-409
68
161
-649
274
-71
-332
-104
-484
-130
77
11
81
-138
421
-91
417
133
-316
-152
-240
58
130
-49
-110
205
-725
-656
466
208
300
463
-20
199
353
276
117
114
-28
19
125
316
-90
57
13
89
52
177
231
227
-287
-82
143
413
177
608
11
20
228
-254
143
197
-464
-141
-118
-517
-93
479
-466
139
-239
38
543
73
151
-95
374
-62
101
-188
132
-257
104
-45
-288
338
-59
-312
-357
173
-37
42
-51
111
-25
-190
-13
-99
-149
265
110
550
262
94
141
87
-449
298
-60
25
-151
222
66
340
-412
96
-69
-97
339
-75
3
-149
-102
-128
155
-148
-317
-14
502
124
229
-205
-45
-92
-155
81
-35
46
60
-41
-376
39
137
-25
132
91
-187
291
-331
-400
-247
117
284
-203
-73
-8
-90
45
208
159
-2
-86
-277
-236
-296
257
237
398
377
430
152
156
-274
-76
558
-118
115
-476
-129
-19
-112
96
-100
-146
168
-48
192
94
221
-123
156
160
15
-46
269
72
-94
-23
-417
367
152
-183
-343
255
-275
-158
71
127
-113
-325
106
18
-126
96
348
368
200
-167
-92
160
405
-622
-662
-105
201
313
94
-273
238
-226
141
47
0
-113
-53
343
-20
541
-177
255
85
-212
-308
-110
56
-64
-79
-71
-402
-30
-196
-279
-71
-11
-59
-606
214
293
99
-64
-55
231
137
127
-44
-134
252
-158
-144
100
264
92
94
-207
-45
-436
-168
-55
-258
161
405
243
73
140
-75
87
230
-289
-186
-422
-191
218
-132
147
-211
-440
-225
213
68
-29
-212
-385
-116
-309
8
-427
221
-42
147
-90
-310
-39
11
-343
-47
310
-188
-253
181
-327
-104
-156
-187
207
-197
-152
17
-603
60
-99
-211
114
-506
17
101
328
104
-319
-282
-466
-297
47
86
-48
-522
410
-706
224
250
262
-25
-72
-116
104
209
-724
-321
64
-153
-61
-99
-190
-82
-109
-121
73
-12
-261
-38
-515
173
-328
-120
335
-67
-289
105
270
-179
-253
-20
229
-213
59
250
178
381
-160
-279
-86
72
170
-433
76
144
-215
-136
-339
-166
542
191
307
83
-10
-46
291
294
-5
85
241
-138
-27
59
37
334
179
809
69
227
409
-61
338
162
-1
3
29
128
-65
-223
-332
-120
-308
149
4
29
-170
411
146
47
-151
-86
-34
-168
184
-76
-177
198
224
-24
-16
-10
242
446
-247
-501
-270
-160
-321
-56
-175
-110
-272
302
-394
246
186
-10
71
77
43
15
33
309
201
181
370
92
73
-135
-193
-153
-142
316
-279
188
218
-395
338
-415
76
224
1
-229
-360
127
231
-65
41
24
-206
144
10
-240
229
-239
-205
320
-310
-46
-92
-145
18
-210
-223
-404
135
-92
-215
244
-15
176
-69
-325
9
-205
547
-117
-108
-232
-360
-452
128
-453
199
191
-103
117
-135
-40
69
-494
-137
-38
-50
221
104
118
-290
-12
94
-21
66
-346
-315
-497
117
405
55
-339
28
57
136
44
-573
-30
447
-30
186
181
-208
26
-165
97
116
-432
-2
100
79
26
-18
-308
77
-181
-318
-194
285
120
256
6
-17
301
304
-95
525
55
58
-69
-435
-224
178
-331
0
-172
269
-479
63
436
72
389
127
522
-43
92
-21
248
190
428
-331
-346
70
146
143
28
65
76
-34
-316
23
-600
468
-269
-124
196
-168
-231
-210
-25
-155
42
-153
-88
-92
-352
-207
69
-123
46
-616
115
268
-113
486
132
-272
-82
139
75
-515
3
-8
-116
-219
-429
135
-358
62
279
-138
-77
140
-604
-433
411
-196
133
-251
16
405
-119
-47
-70
129
-364
292
327
-395
285
-46
-132
-54
-31
133
332
129
-214
-248
418
-124
-283
-230
-8
147
8
-114
267
274
14
-31
400
-160
15
157
-268
18
-66
432
-159
45
-85
-77
-120
-118
524
-333
-330
260
-156
192
320
251
99
84
79
114
430
-219
-30
-166
-393
178
-286
-316
100
-446
-64
-36
-204
-253
-359
-70
-169
-108
-16
-190
-343
250
50
306
292
-173
294
-450
-43
18
129
-689
-145
68
-219
12
165
-348
36
-215
-244
-70
-219
422
-200
-281
331
65
17
452
377
398
498
79
33
-203
8
139
-66
233
282
208
-169
362
-193
-304
-15
139
23
62
277
-342
197
156
-430
93
-311
169
30
-191
-163
270
22
-64
-98
-118
-78
238
59
89
-281
28
77
-361
87
47
202
-89
-75
-139
258
-60
334
-200
208
-382
94
-35
423
72
234
-267
-371
713
-475
236
-83
363
-186
530
96
450
-201
-30
375
91
-292
165
123
-1
168
216
-134
-336
145
46
-263
64
-318
-73
-49
189
281
118
107
101
-491
-142
158
-250
332
565
314
271
-389
4
-182
-98
-76
-323
2
235
132
275
63
-284
5
-439
275
86
-51
-184
41
-261
-266
274
-487
217
456
-176
10
320
9
53
224
-384
-4
-39
-52
269
6
-217
363
-72
-60
53
240
-357
-22
451
200
-145
200
131
161
46
158
456
-251
0
14
181
-138
308
-81
278
70
89
301
316
108
-337
113
-283
-414
-170
291
43
78
-91
-44
-225
291
116
-119
-182
-555
230
-242
-11
-233
319
-12
-114
-250
28
-286
-191
-83
-289
70
672
47
197
191
0
3
53
357
53
-113
469
-264
-247
-472
140
-266
298
85
320
-208
373
216
203
-349
111
-199
83
-10
-92
383
-81
-367
487
-102
80
2
58
-6
-456
-13
341
117
433
-374
-237
-256
216
19
151
13
466
156
357
260
-55
-48
-78
50
-152
51
475
-77
629
139
260
-47
-49
-251
-41
-268
63
1
-23
-137
-64
295
-143
-162
26
494
197
-558
-65
-162
97
42
248
-267
-82
65
-197
18
73
-171
55
470
-319
-125
382
278
478
-169
-132
-393
520
459
130
335
417
-260
-576
46
58
-180
230
510
-244
208
-140
-56
-248
-263
88
273
-254
90
251
-15
148
-50
86
-522
-259
-432
261
251
195
-215
-372
6
146
-104
308
-270
-625
-598
342
-67
-73
133
182
104
366
446
-41
26
-92
-353
-563
115
32
35
-66
52
-186
342
84
9
30
-356
489
-59
-58
-188
181
525
-485
-356
23
-126
-403
100
-279
177
-160
-340
86
384
-610
16
270
55
-61
82
-3
234
142
-367
-246
-24
-243
139
-176
-79
-101
-698
-345
178
-234
41
269
-232
-57
142
-170
152
76
-218
-205
-382
153
73
8
-115
-77
381
-270
388
-53
-249
114
18
-30
-218
-86
-213
-208
158
-490
85
-501
-82
-45
-30
-308
398
360
-453
-31
83
46
-162
136
-270
67
-329
-192
372
-352
66
-92
493
67
-217
76
-141
-345
162
-275
-76
138
-128
166
-35
-360
104
-37
-53
332
-124
380
-254
-469
-60
-79
-512
-438
165
-182
138
-372
458
-68
164
-191
410
89
-328
130
-211
163
275
107
-14
136
-289
15
-137
243
-200
171
-71
137
-90
175
29
-302
-96
-45
-151
158
-97
-540
-10
61
-259
239
150
-276
95
701
-441
137
-387
604
-5
277
198
247
143
167
373
23
258
-228
62
193
-267
-43
164
174
11
-16
359
-87
-157
40
-188
186
-352
21
-270
27
153
91
-78
242
-93
139
-11
-4
103
-228
-205
107
-19
-347
-54
-217
357
-86
-298
-20
160
-149
704
-350
405
-286
270
112
322
416
204
-528
-9
267
-92
238
345
-223
100
-85
131
-496
77
-76
-281
-153
-369
-686
149
-432
324
-74
280
76
78
-222
-126
-367
197
-120
-91
495
357
164
236
186
132
101
102
27
33
-149
-130
75
415
-335
307
7
314
-567
63
-42
-348
101
276
186
219
742
58
72
-71
244
-313
-369
-47
-68
189
34
-8
-132
117
190
-38
124
105
-1
90
342
-415
-39
146
-408
69
-5
64
46
-110
350
-192
-34
-307
147
-37
-130
-622
-10
177
-157
69
-163
89
302
482
-169
-67
-25
29
174
64
-33
459
207
-411
-45
-125
269
463
-76
-57
-330
581
151
-11
580
16
171
-155
-297
15
-406
-348
-98
318
-78
-323
519
308
-128
-115
-456
-32
81
-150
255
243
-56
-147
2
108
141
-29
112
50
176
32
-576
76
-161
-333
-67
-31
123
147
-125
297
64
-104
82
95
126
-474
-191
-183
240
324
17
-170
-30
-281
-457
79
103
-331
133
-262
250
31
-222
-308
-77
144
-206
28
332
-114
-238
-11
20
8
36
-243
435
65
-141
71
-24
219
-207
176
-32
341
-20
-5
-102
-203
-94
-164
-54
-434
202
325
231
35
-253
45
-6
186
-370
290
196
97
152
260
321
17
-5
95
-358
-458
406
67
-125
-28
-25
-7
-71
-221
7
-230
-319
-305
551
68
375
-86
163
185
63
-200
-165
-629
-204
-8
-425
251
291
-55
139
817
116
253
269
-46
111
59
-320
-477
-175
110
31
404
-62
310
-275
15
358
374
161
-185
-13
-319
-3
-365
453
-67
-430
-117
362
134
-157
352
65
-65
9
152
146
502
127
0
128
-134
-405
-75
-259
-158
-253
-201
4
125
533
-206
-42
-538
-36
-123
-475
-379
-188
247
-279
-388
-368
-229
-215
-71
-132
-133
-316
-42
-16
-132
113
-40
148
-170
158
-300
-150
-523
-204
123
331
-20
31
-516
-103
-106
-143
-405
-173
-449
350
-180
3
-382
-314
245
-144
-202
-77
410
379
200
27
78
223
15
-247
-220
-466
17
79
-66
375
-135
235
-91
59
-386
-83
-46
-253
-438
37
-73
310
-197
-66
-369
42
83
-556
131
408
-309
-168
375
141
-142
8
50
247
-114
356
-40
-209
-19
-451
222
-192
-20
21
292
108
-210
-616
49
-111
-136
18
-273
412
174
394
-313
497
60
-96
188
247
-246
189
-117
-265
132
27
245
0
40
82
122
-280
-88
124
-159
-534
-186
597
322
118
553
-115
-416
4
237
550
-33
347
37
-115
268
-45
100
141
244
132
-635
202
-167
-29
132
40
-85
103
145
-152
73
-253
-101
-277
-258
231
7
-322
7
145
-95
155
272
-48
-522
-58
198
-208
-132
-189
-156
-54
-69
275
-450
129
-304
-358
-143
82
-100
-197
-395
103
74
-287
-177
75
230
-204
-260
140
-247
-243
-198
-206
444
249
297
118
-120
-368
-243
-135
-162
-91
-36
127
-192
-83
-171
-10
-100
-66
81
7
-163
10
98
207
-207
-392
527
156
-197
123
65
-201
-91
-255
86
18
-249
-273
-421
-129
-32
-332
-296
-63
-13
505
132
-33
-55
-444
179
-311
-161
-745
232
0
117
-71
-464
146
-55
126
-120
136
5
96
205
246
272
-297
-89
-138
-194
140
93
191
-428
-76
185
-53
220
-299
82
114
80
261
48
-161
378
100
-139
-170
213
67
15
-278
-165
44
59
206
64
134
-274
319
81
-295
34
-2
186
243
243
-500
307
303
-51
-307
458
-156
52
-274
-236
-282
128
158
-305
10
190
545
653
49
97
-215
191
335
-277
-290
49
-177
-392
-556
72
306
-232
-33
6
-124
-154
-63
194
259
-243
157
-544
238
164
-305
-178
115
371
89
187
-479
-51
-116
-88
45
334
-95
279
149
316
303
-224
135
221
-309
-474
287
18
-17
-29
-17
296
103
108
175
87
90
-99
289
498
-142
-368
-297
-495
-95
413
35
-10
-7
123
307
161
-70
-421
173
470
130
-107
92
68
326
-72
-98
-322
-90
-226
20
59
362
-123
103
-94
-412
-99
164
22
-100
36
383
89
-308
-123
325
344
186
590
-200
63
375
-174
-3
-13
-343
109
-151
-52
158
-135
-515
-357
-166
126
199
-192
-146
91
-92
-367
-66
-134
117
-270
-178
-6
-305
121
-55
417
347
84
307
354
246
-426
132
293
-159
274
262
-196
138
260
343
-85
-223
-288
-150
360
-279
-92
-92
66
-153
-23
197
450
125
-163
363
-240
-117
211
682
-48
31
171
293
-106
-121
-75
-215
-328
254
-141
453
-147
-376
43
-259
-425
323
-68
-350
-338
47
151
352
213
247
-24
74
58
-187
371
325
-143
-301
348
-217
286
-448
-91
-478
-398
272
-85
87
-183
278
126
-148
-21
482
219
-17
-215
234
2
-101
30
-337
447
369
34
225
65
120
-191
75
0
-93
-69
307
-368
12
-508
260
169
3
-293
382
183
246
-159
-235
189
-647
-126
116
-356
-372
-57
-413
-48
94
269
-132
-202
-218
401
109
247
460
-108
175
-45
-13
238
-159
8
-121
-62
-32
143
-103
44
-56
-15
-303
-134
92
34
498
-257
-493
347
193
-221
-63
-213
38
174
283
155
-216
265
-345
435
84
-211
147
-423
146
-117
398
-42
-436
-77
195
-255
-53
22
289
479
-318
78
235
-26
130
-277
-166
24
-382
-85
-48
-453
147
22
94
-333
108
173
473
-17
-393
279
22
-35
374
335
155
-48
-66
-368
-186
-169
71
118
-252
-445
-35
-94
-111
44
-80
-276
333
-155
-250
-251
-166
-332
385
131
-592
-54
485
-165
214
-342
54
-52
91
95
350
55
84
78
-165
-92
-87
-277
-43
567
-140
-33
377
97
181
225
22
-362
-408
-446
-202
-267
-325
26
-1
115
-69
-297
-58
525
101
-320
293
6
108
15
-74
-330
-180
172
78
-53
345
536
16
18
343
-32
105
-236
384
120
117
-292
-270
-189
23
42
-466
-248
-196
-104
-294
413
-214
280
201
-48
254
-334
-179
113
-169
-161
111
-18
-187
347
246
434
-524
-118
-382
92
-35
414
171
208
-83
-54
145
-263
269
306
-3
-43
-389
49
379
-343
176
-212
-17
211
380
212
-26
-287
60
-295
-79
30
-26
32
-75
-154
-193
-6
135
-238
-193
-81
77
259
-137
66
253
445
106
-159
367
-519
63
173
-46
-263
8
-92
-9
-77
315
113
178
7
-206
-147
163
-111
109
259
-161
22
355
-1
-142
-79
-321
-2
-204
-693
196
-81
175
164
-34
189
353
-3
-86
-667
165
59
309
140
-555
-282
35
511
100
-111
239
-178
225
-391
-18
571
149
-258
-339
133
378
65
-197
121
520
-32
269
139
-283
32
-155
-382
214
-305
-32
-39
-117
-3
-210
334
-740
528
107
-128
-13
-229
-264
-69
95
244
0
10
-254
29
73
-517
-142
-35
161
151
-295
243
194
56
0
286
-153
-171
10
-176
-473
-169
-428
264
-5
262
-180
74
-174
-371
524
-146
-430
86
-121
320
189
-334
-495
349
92
85
129
-37
4
-444
-79
360
119
-191
149
107
-70
-282
-369
266
-96
-456
-126
198
13
508
9
304
-219
-619
-232
-127
-49
-309
-368
-377
521
-181
280
295
-61
-51
376
145
-383
99
-34
11
110
-559
243
198
-52
-22
-82
136
198
-29
99
-363
106
-225
-18
236
-18
500
-67
-415
-14
-282
-188
121
426
296
94
4
-158
344
0
28
107
-275
-227
15
-219
-339
32
-209
166
-268
33
388
-323
-30
-369
533
-265
-337
54
25
-144
78
166
22
-418
-3
91
-306
-156
-16
-28
-13
164
30
-130
364
227
541
287
19
-582
5
544
300
-128
-123
9
-114
-123
-346
-14
-335
-550
293
-194
-397
41
206
-259
-333
222
-136
80
334
-106
103
660
-217
-83
-220
286
295
218
-181
35
-67
35
-200
161
10
129
230
404
44
384
100
186
-442
-172
-97
18
588
-178
-224
27
-198
-153
234
105
-481
20
-286
-61
-173
-143
166
-476
72
115
245
381
96
-13
14
-56
265
216
-249
228
138
-455
51
-6
-156
191
-9
107
593
-177
250
259
430
-224
-233
-81
-167
-260
-538
265
19
-499
381
-292
413
-47
-368
479
-284
-11
-327
-262
-450
-217
320
-19
-87
44
266
-243
300
51
146
-256
23
-53
-288
464
-152
148
555
-381
30
66
35
-290
158
-47
242
-356
-110
-146
-224
-484
-105
-321
-92
2
-362
241
-168
117
-4
54
-108
-157
41
186
-66
-27
41
31
60
-297
-89
53
331
-81
-221
-51
191
-106
-30
-12
111
-137
159
-88
-49
-165
51
-3
-407
39
127
524
396
-372
-246
-438
153
-267
-39
3
-54
-29
244
-127
197
40
172
568
-83
-555
256
227
-256
-191
-405
126
228
19
-205
626
-96
-23
-202
177
565
-182
-59
330
284
-8
193
297
211
-371
-175
99
256
22
-10
-29
292
104
415
-126
-155
248
154
-98
-176
-88
-117
43
-429
546
458
-522
15
467
-415
63
395
-179
396
-101
-231
7
-83
14
298
-40
-166
-169
96
75
-61
-238
183
-263
277
52
-146
-140
-6
-326
-250
-432
196
57
128
-268
518
233
13
-147
285
30
-570
174
37
-238
45
-327
-336
-26
11
-40
31
41
196
-14
27
-199
-460
171
-165
-337
-340
113
555
-201
17
-367
118
-389
-159
-358
-29
282
125
136
-346
373
394
67
595
-13
469
289
286
59
12
-287
114
-36
185
89
-239
-236
123
21
-387
69
49
-406
153
193
254
2
-96
-312
-155
-288
32
-43
198
-304
-518
-261
-235
-445
-18
299
434
-94
259
-195
248
152
-122
-329
-255
-59
-385
244
-354
-212
430
84
-120
-272
-81
-242
232
1
-104
-50
-240
-72
204
253
516
-211
-290
41
228
-196
299
4
-7
592
97
-356
5
86
113
175
-67
38
-136
-59
-70
-528
61
-137
245
-81
169
341
-179
-131
278
-322
-54
-84
-97
288
-19
349
-376
691
-307
342
183
-189
292
-128
23
-197
-108
418
-30
-386
305
43
-391
328
-287
-406
88
258
-427
43
-1
-38
-258
102
-263
183
96
-108
-454
210
330
252
39
189
173
375
-223
179
-265
288
194
-85
320
-137
-80
-4
288
230
380
261
-242
-142
-290
-294
28
372
-435
-38
186
21
274
-185
104
-168
-5
-45
296
-115
102
-92
-63
525
-163
-561
-271
-303
331
52
-425
211
-508
663
-540
540
271
276
-198
-25
-40
-111
138
460
-141
-259
-14
-103
-236
38
-50
-523
-562
287
203
260
183
-40
57
352
26
12
-158
-201
119
316
133
136
360
31
-116
-379
227
285
429
-271
50
-67
-106
261
-409
-535
-251
-233
20
278
123
119
233
-252
374
-7
516
-666
-41
230
430
-229
-157
11
59
270
-172
28
464
131
-495
218
53
-252
0
39
-56
141
386
68
-272
31
-280
-249
236
-142
-608
-19
68
148
414
-392
-45
-203
231
217
36
389
341
208
374
27
-410
-156
-7
423
-215
-136
49
-43
-89
-109
263
-255
-568
-177
30
40
72
-166
-127
154
-203
91
194
360
-72
66
-498
-338
556
159
65
536
-138
-144
-147
278
-172
-49
159
54
-65
-45
-91
109
-27
-50
172
181
539
221
24
94
-41
-109
-236
-309
266
112
190
201
-301
39
-9
353
-179
248
-436
59
39
-158
-112
-200
244
-244
200
-86
16
-28
85
81
84
-221
578
-466
184
11
-94
159
-480
-224
210
-27
41
-38
230
-307
401
-279
-182
332
-221
338
11
304
-91
-323
2
-253
174
32
393
174
363
-418
-148
-259
-329
-199
-425
-279
130
85
-189
310
642
-45
-168
-503
162
409
239
-15
-12
69
-91
309
-379
-123
40
-153
-169
247
518
-124
-21
608
-34
25
117
-412
177
-366
-176
188
126
-477
-345
352
-163
-46
50
-275
-294
-140
-329
58
-205
25
39
241
138
60
195
24
-61
110
-450
47
-263
-243
204
85
-540
-384
204
-205
58
372
52
-261
83
-142
221
65
-72
-547
-77
-162
-163
-168
-398
210
-56
-185
361
-130
-250
-368
-118
-308
208
-619
-366
-185
121
-26
193
422
-160
-68
101
6
-136
240
150
-172
-137
32
-123
36
-351
262
-93
-139
60
117
-180
-55
-143
-474
-213
63
-65
-16
-67
-160
313
39
2
505
261
788
8
-99
565
123
559
-142
-188
255
-604
109
142
-255
-141
-95
56
0
-96
139
-417
121
-180
-38
-455
47
659
322
123
-21
-31
-141
-114
21
339
56
128
-56
176
-273
-209
182
-44
132
-131
66
-304
-83
-88
257
-486
552
229
66
96
-352
17
-171
472
-463
-22
-62
167
-352
28
226
398
-261
251
-246
-477
-159
13
-106
-276
-28
-278
182
182
-415
-35
-469
-272
-57
109
-677
356
221
-8
153
-218
146
-288
168
335
-15
-21
-176
-194
272
-80
396
-169
41
91
-179
-150
-223
-414
232
-121
287
297
-44
-17
-202
221
-160
184
289
117
-240
-196
148
-244
82
86
244
-467
499
94
154
-380
-95
66
-135
62
-354
122
385
149
-230
-318
79
524
47
-245
336
284
-120
-7
-45
-301
291
336
290
-149
73
-166
278
-452
75
-48
-496
-618
59
-206
-127
-370
26
463
-495
-415
-334
450
-422
-155
-146
10
156
547
131
-26
-317
146
-82
27
171
-45
-303
-368
111
-4
61
62
309
26
-212
409
205
-48
111
275
-172
-226
-532
130
-120
-171
-58
241
48
-387
-80
-1
-191
-132
368
47
-457
-11
254
194
28
-712
-269
341
104
533
-41
175
-53
165
-34
-230
-157
224
510
54
63
-221
17
195
566
-196
-398
259
-77
-97
-66
-220
-267
349
232
-168
218
-343
1
480
18
346
-36
157
-471
155
144
-188
89
63
-42
465
-8
546
-149
193
-280
-82
269
-96
65
-229
385
495
214
-144
253
217
-58
-252
377
238
198
-4
71
244
-453
210
-277
8
-213
-54
-196
-165
323
-63
250
272
-236
-441
371
-219
-309
-330
473
-434
10
-309
-234
-189
290
161
-103
122
411
-39
833
176
114
438
63
209
-50
-324
-233
-473
431
-90
-646
129
-343
128
78
-226
427
16
174
119
100
88
-29
-16
273
15
214
-83
90
-144
31
655
57
-30
-406
-149
-44
-65
352
178
-118
236
27
305
-62
170
-307
-365
-460
205
-116
-570
-122
-265
-303
-168
-196
167
-339
-501
-13
-95
-149
-45
-172
-67
-186
95
-190
-372
-168
610
323
87
-42
209
-78
-48
-81
207
-205
254
184
-388
212
242
-220
394
101
-51
-68
-540
-39
321
-419
342
-30
-79
-192
9
-403
203
118
-347
607
-116
265
-493
0
207
269
-309
263
-96
52
138
171
117
-307
-305
-217
-130
-29
-7
122
-412
482
53
-27
-309
12
-100
-29
-267
-66
-167
-260
-267
-142
-55
149
0
-307
-197
156
9
-4
-310
430
-187
-137
13
415
17
722
20
-277
-385
196
319
177
-316
-281
189
-278
246
-130
687
-162
-103
266
-29
-536
0
-421
-358
-87
309
-447
5
-82
-4
-223
-260
-8
-90
112
485
249
149
273
61
13
63
-312
575
203
245
-56
509
-311
-211
-28
265
302
135
15
505
73
422
-217
293
75
-646
-95
-99
-4
199
-39
-27
-92
159
212
-39
356
-47
110
491
-466
-115
-152
55
117
178
232
197
73
572
-247
-84
-178
171
149
593
82
-414
-134
-364
-273
-45
-96
52
113
-107
195
105
341
-386
-484
185
15
319
-189
565
660
307
295
1
-208
453
-120
78
-297
-86
-68
406
-275
-198
-182
81
-136
-236
-43
61
-74
-30
473
-304
126
85
-252
333
-37
265
-29
-37
-125
-220
-266
-161
122
-73
605
347
-184
169
-158
-334
283
348
-419
-28
98
157
-211
-278
448
222
34
-300
-265
9
-249
-108
49
254
154
-142
67
141
-257
-374
-203
-172
-40
-220
148
-409
144
239
63
47
-187
-244
18
31
-117
66
-95
-88
-135
56
-26
262
158
302
128
180
-61
-163
283
-363
179
-20
-65
57
-530
55
-13
142
-85
26
-274
366
495
56
461
-228
36
-440
-119
269
-192
125
-247
-107
318
-373
4
69
65
6
38
171
-529
-413
488
100
122
-352
-139
117
-214
-170
633
218
-53
103
-313
38
305
131
105
258
103
-300
171
58
92
-213
-286
4
-261
-510
-35
-225
-92
314
-358
33
-14
-146
-29
-351
390
34
-446
18
-317
-149
213
-21
137
-44
-345
104
212
-226
19
69
58
280
124
26
98
-3
45
188
308
195
-46
-230
68
225
148
-6
141
-259
180
-126
-93
108
154
-262
-410
129
-1
40
38
261
-151
-403
-595
-253
50
191
-71
270
-309
-466
-296
209
194
252
222
-296
-17
113
-271
114
134
-136
-40
124
63
-235
-86
-42
-102
279
-463
-126
-514
-4
-68
370
-304
-83
-177
219
159
-451
562
312
-108
-47
-128
-394
-360
134
-466
176
-151
-238
221
223
-324
238
-247
419
-364
224
-227
-224
47
-368
247
-32
662
-130
328
-216
9
-267
-52
102
-57
-357
424
545
483
59
306
-105
-44
-530
-303
454
364
319
-65
-449
-174
-39
-348
-335
-153
-211
-336
305
121
-223
180
-93
86
-56
-159
-127
-132
-141
233
91
-169
72
53
102
-65
-156
-49
-238
15
-387
150
110
16
-126
-37
46
-75
19
27
-515
189
43
216
4
-267
615
-418
-135
-39
-313
-256
-193
322
-147
-283
350
-550
59
-580
46
307
-377
202
-98
28
85
-93
55
-115
146
311
-481
-217
0
450
275
-176
-129
-203
237
-14
39
409
-496
-426
80
-9
-58
-320
-103
-117
-119
25
225
-30
-315
-188
-183
331
-62
382
-370
-353
-205
-210
-140
274
-23
-127
203
211
-382
-95
-199
93
-149
-252
140
-41
517
28
433
-24
538
-66
247
20
275
-102
167
9
-289
-273
45
-24
-348
-420
276
-364
-134
607
-159
636
7
13
-366
377
200
157
-210
85
303
164
-302
33
-11
118
549
-380
-388
-127
-269
-100
415
-145
138
244
71
405
21
26
-163
-263
-325
26
261
-35
-128
-323
-211
257
-88
131
360
502
170
26
-58
-61
-181
-330
9
310
237
181
-199
95
103
318
-246
-130
-253
-118
64
251
205
583
-262
100
344
-147
190
-405
-260
116
290
-197
-323
221
-83
-263
358
-176
-46
-271
158
-547
158
-72
358
-107
-205
218
16
-239
-22
-184
169
237
20
90
-119
-500
41
66
-132
405
23
142
-141
-109
-178
-267
-74
-623
-323
174
224
342
559
459
187
97
-31
292
78
490
118
-354
540
31
496
141
-61
-35
-182
21
-53
-149
-369
112
188
40
346
-609
-16
210
324
89
385
225
138
237
32
-79
-18
-139
39
109
370
134
75
-47
280
-548
-63
45
553
-55
-62
471
212
195
-150
-319
-209
-81
117
238
203
-71
33
80
-68
-118
-36
-113
204
-259
-386
259
-19
403
204
344
-334
-315
-197
376
19
69
161
-28
-119
49
-43
-581
492
78
81
-149
-5
-22
399
-324
364
-436
214
-557
-588
-263
-382
-36
325
-320
-139
-244
334
54
230
322
209
-112
442
85
80
-32
-87
11
351
-172
-323
53
328
139
207
-54
293
-292
-14
152
55
-278
29
45
-39
-317
-47
-278
-74
324
-160
-381
41
124
-73
20
255
-163
-332
-101
-109
-395
307
-361
-313
18
-135
308
-122
-72
150
47
22
66
170
202
-426
346
-39
200
132
-46
-103
-17
115
274
-65
209
222
238
-109
-64
30
-203
-60
413
-208
73
77
-256
-271
-59
-575
-443
94
83
198
-259
-245
333
164
-473
-487
206
-297
-78
348
271
-31
-3
34
-267
-482
-128
-9
-409
37
144
-322
-145
-54
-27
151
420
103
85
-183
-136
-276
-431
31
149
-256
133
192
-230
-119
689
-337
279
-154
-111
145
-406
287
53
57
-398
-221
-243
-318
306
258
-167
-56
-1
95
-175
-198
-219
-96
-256
-253
295
-2
87
12
7
144
-331
-392
138
51
-23
703
222
-155
180
-292
-12
105
130
-161
305
-83
250
-27
-112
-87
337
215
-199
-140
-262
-3
-116
-118
359
5
-262
354
342
323
-385
-382
41
-279
110
-437
-514
-235
-32
226
54
416
163
111
-18
-211
140
-80
-317
-260
-489
432
262
67
-131
-338
103
-195
351
-113
-137
298
-55
191
-12
249
-302
126
-266
31
223
-64
-181
232
254
-17
280
77
-70
428
-805
47
367
-128
-345
-142
-351
78
71
67
361
215
-296
-194
423
165
27
-389
-93
137
-299
-502
-162
-245
-661
-212
105
-34
233
-260
-236
-300
393
508
-110
-27
-331
27
226
129
-42
-321
-213
52
-81
-87
-95
-71
-508
-42
-116
-118
-140
-490
-348
-339
103
226
487
-352
416
240
-45
-300
129
-69
156
97
33
-2
282
231
705
-295
-72
-347
8
-41
-465
-117
-193
-48
-100
70
288
66
-396
-311
-280
69
-18
-159
163
263
-187
278
23
-60
0
-157
163
-51
303
-30
-667
381
-192
239
7
-153
143
69
-290
-18
199
318
33
532
92
171
-370
-202
-446
-50
58
-244
-270
-102
195
-59
89
-220
136
-51
-457
56
-77
194
458
251
-122
227
168
-122
-309
375
54
-292
-109
87
456
398
-32
236
-313
-83
-482
-317
-171
210
25
-21
511
-149
250
332
6
98
-226
67
-75
214
-162
-232
-453
74
31
-22
78
-66
145
-217
8
322
-102
-357
229
-142
-120
515
-266
218
374
238
294
-182
-265
245
91
162
492
74
-383
-120
277
229
3
272
-338
-107
26
-362
248
-12
-137
119
-60
-232
-1
-167
-253
-161
159
597
110
127
-11
283
111
-433
256
-34
-105
-387
666
255
197
-50
8
17
-199
-157
-401
43
262
-231
-275
179
-234
262
-12
270
-395
-80
-216
3
258
276
128
392
108
-3
262
277
28
-15
91
-142
-250
-218
-98
296
-172
-351
7
166
436
104
607
86
-272
-62
135
331
-361
3
-90
552
254
-60
60
-4
-216
-297
-385
79
109
-168
254
-396
35
-134
48
-242
-275
182
-146
251
210
26
-330
118
-145
88
-305
78
-418
32
-15
337
-301
131
370
451
251
181
93
72
316
-437
-381
-262
34
-2
-252
126
-97
-197
-143
-249
-152
65
-185
-138
262
447
215
121
-89
289
244
154
-235
-355
56
-273
216
97
-139
-144
-559
-58
149
159
418
144
-312
556
84
-89
372
251
-19
-326
-13
97
92
41
-296
-322
-295
-142
-122
-208
-154
-355
277
-176
66
-147
-342
-66
-178
-31
130
205
-88
-298
218
248
-325
-239
-199
-89
-305
27
-278
-392
-170
83
361
-344
-260
-93
361
31
135
116
108
94
-157
28
0
-91
-205
164
248
43
66
71
8
232
-4
-545
-176
159
-125
-150
166
-597
115
-455
-214
225
-495
-194
18
72
-56
354
47
-125
-276
95
-560
174
206
24
-144
309
-351
-333
-109
-92
14
-79
45
-29
143
335
293
-318
493
-69
237
-12
-75
28
54
-208
-288
94
-18
-140
159
353
91
-85
341
-232
561
-256
-71
7
-171
8
113
-535
-196
183
655
27
-52
-145
45
35
24
289
-401
-654
540
-150
-259
-166
-51
-306
128
292
16
-402
-7
-458
-16
420
-115
20
167
532
149
262
-100
-334
-139
212
315
-104
-415
260
-274
31
-228
-485
-187
-129
128
167
-130
-62
163
-70
-228
-138
243
-85
23
292
-231
-46
-7
231
363
78
494
160
-55
184
-189
-317
512
33
-121
174
250
137
-33
-60
78
32
14
91
-101
73
-231
141
61
141
429
-278
-290
-343
-159
-104
-44
102
112
464
-226
-378
347
-331
242
294
55
213
-323
450
238
308
297
714
26
-437
-249
210
58
-130
-283
428
-21
-130
-457
74
-24
-199
195
32
-184
-25
71
-90
-187
-79
117
312
-31
27
217
250
117
-96
-193
314
250
-384
-329
-414
-234
30
52
147
82
161
-2
546
-32
-52
-261
337
-117
486
-112
127
174
255
64
-254
72
-214
233
-164
37
228
394
186
346
17
-157
114
-418
-130
275
-181
-505
-228
213
73
69
-137
-475
49
-37
23
80
-11
-38
-134
-268
500
284
-195
34
93
-60
-323
-113
-77
-42
85
119
-411
34
403
142
83
-238
204
125
188
-107
-653
-176
-206
-70
35
224
250
-220
184
-161
428
-10
49
597
66
-73
-56
302
-90
299
115
5
-190
-161
-3
62
-425
-69
257
242
-240
18
490
36
-1
-83
186
-198
-227
-151
-277
51
-42
24
-128
-87
83
-439
-129
-393
-270
-236
-403
171
133
-54
433
-309
-215
95
8
-66
221
123
274
170
-5
-417
376
49
134
122
-139
-230
14
-218
-557
129
-356
-355
-137
-280
54
-641
-266
140
-358
103
127
267
-356
469
-92
-163
79
112
438
43
-31
-5
527
489
-129
89
550
118
266
-66
378
98
-107
299
-312
-42
-349
-182
99
254
-364
-237
103
138
177
102
-122
218
558
-130
-145
149
101
473
41
-734
-174
230
123
-11
233
-408
317
-394
-295
-755
264
66
331
281
458
-89
122
225
53
56
-1
204
608
22
-82
-223
-486
-362
288
508
328
118
-506
-312
-28
212
112
-7
-17
343
-103
432
-136
473
-126
-162
-24
-71
-132
-171
177
627
205
614
-169
193
212
306
83
-363
-25
88
-79
190
596
403
-245
-100
-1
162
57
134
-50
250
20
36
397
205
143
-26
20
-179
188
-277
55
-377
-191
10
220
-81
-441
-157
-357
-207
375
333
38
-26
-173
-322
505
-257
-333
-235
-7
-188
-59
-328
526
50
-197
-317
467
353
-82
-21
269
237
-362
336
-341
444
-33
-121
175
10
-149
207
-204
-397
-113
-251
497
417
156
-291
-27
64
-535
435
624
566
107
683
-188
35
182
-122
-193
140
-188
301
275
197
202
-195
-76
441
-288
299
53
406
122
96
160
-249
-154
542
-132
-31
21
327
106
-180
1
288
13
29
-333
258
-32
-228
-18
-44
27
-100
212
-32
-177
52
-42
4
217
-154
-103
223
-47
-397
302
323
-380
-267
-409
-21
21
266
-81
159
-104
-400
379
216
-143
-20
705
69
-678
178
-269
-161
-86
248
163
-158
258
72
116
171
17
227
-138
60
-191
-92
-144
394
-279
81
58
110
-39
270
221
89
488
-50
-45
284
-108
-49
212
-264
88
-126
-235
50
23
81
352
-155
-178
31
374
354
-25
202
-299
-312
51
-136
445
-301
-146
320
-103
184
-354
-152
291
-5
233
288
-524
-90
-81
-186
-152
-7
-165
105
525
447
3
-226
-10
117
354
-229
-378
-133
-137
-116
141
-193
102
25
-6
-279
50
-41
65
-233
-108
-17
130
-581
23
-77
-295
144
-68
-17
-164
-181
-448
-32
133
-223
-143
-14
391
346
-14
130
-314
-372
213
107
-171
-183
114
-15
179
42
58
38
-266
-107
407
32
-338
76
-225
-387
-325
183
-76
7
-84
168
192
124
-9
-33
409
-112
153
-213
454
-168
369
-192
-84
-188
485
4
312
-248
-298
75
22
-434
-222
-102
-73
-114
234
96
354
194
-95
83
-81
-3
223
262
229
-37
583
-51
-208
-399
-333
120
91
-76
152
199
-515
180
156
191
88
-129
145
-187
-84
-596
1
240
303
-94
361
37
-78
374
-487
-260
-111
533
-63
-29
-66
-153
-492
-250
-102
74
61
-138
45
237
-156
-195
130
276
-110
-520
7
59
-145
214
425
246
-9
327
-159
169
99
-504
-490
-414
521
-811
-465
-418
466
380
38
-67
140
173
78
-46
-84
321
-367
-28
-389
-100
252
-101
-310
264
7
-12
239
-58
429
597
193
-29
92
181
71
200
66
27
281
-42
-244
-209
546
-354
-82
-207
191
197
51
158
80
-427
-359
-333
325
-490
33
-105
-39
28
69
51
-72
198
-335
206
-119
-45
-509
238
-180
-369
-37
-614
236
35
-173
335
-169
-142
357
-163
258
189
364
-304
215
-33
482
225
-230
286
-207
-519
325
-429
-263
297
-267
-592
371
293
318
-314
166
68
-1
-245
-278
387
114
-130
-12
284
120
41
-62
359
561
-114
44
-120
-261
152
11
-6
114
269
-57
305
-104
176
-176
94
-38
-41
-48
2
153
-500
-123
139
31
-503
60
187
24
155
-361
148
-226
346
-28
175
-420
-139
-395
-3
431
226
-188
364
-33
361
-21
112
-82
413
-70
-70
-387
150
-61
71
-222
-276
-213
5
-169
261
-269
-117
238
-216
634
3
-37
427
-11
220
1
-148
-109
-376
172
29
88
-53
401
184
404
367
80
222
254
-596
-469
-282
218
-15
-136
319
-118
438
-156
150
353
100
24
7
113
5
116
211
-265
210
290
-164
4
283
-332
122
-194
-356
111
323
-273
65
-225
-83
129
101
126
263
395
117
-212
-87
219
12
66
57
-291
243
-74
-86
-182
184
-178
-85
176
-392
-161
342
-341
-141
239
160
175
-176
-54
194
307
66
-95
177
-255
-214
-190
224
167
61
205
-316
-27
26
-97
183
-389
185
184
-56
433
-45
-824
298
492
78
-99
-112
2
-22
-164
-17
-190
84
357
372
-367
33
117
90
119
74
-503
139
-133
-470
-22
9
94
-11
16
217
-216
-91
492
201
-37
-348
327
59
-152
464
-94
-299
194
85
177
220
210
-149
329
350
0
-492
278
79
-181
8
112
-217
146
-9
238
62
-132
-300
-207
192
651
-296
314
438
107
119
-501
76
38
-119
365
131
-585
346
127
165
-130
350
67
308
-36
-343
144
-26
216
31
-125
-12
-65
-82
-233
-21
41
577
-534
-212
97
36
74
66
181
240
-340
374
-19
-438
-44
346
44
-343
30
-155
81
-204
-82
-212
-116
-167
-127
205
-155
-240
-14
-290
240
-47
320
60
477
-105
-164
170
-57
-315
4
0
403
149
217
177
-497
522
251
95
354
-261
372
70
-420
44
-212
-196
47
28
239
37
102
56
451
432
-4
221
236
379
-378
-77
183
-443
-195
-229
-287
-89
-61
172
-21
527
-163
-227
95
-427
-233
-318
-36
295
-222
522
639
158
-683
-151
-198
-17
-187
-146
-153
-195
222
71
-140
110
-65
429
197
-393
-507
223
142
-53
-183
-41
395
-363
314
-140
203
117
-388
628
167
101
532
179
-217
305
409
-289
-197
-508
60
-178
493
194
475
402
82
240
170
112
238
187
-115
25
289
30
92
-259
-244
-4
-39
218
13
-27
-288
93
5
-14
64
218
227
267
-265
-51
-30
-437
244
-363
37
416
11
-203
16
-92
264
302
-48
-508
-124
137
393
-134
-218
749
352
130
64
547
-344
-174
56
-255
209
-88
431
-73
483
96
69
133
-198
155
289
-169
-517
-91
486
12
-300
-171
57
-103
148
332
57
325
426
188
402
60
392
-74
178
47
-318
-163
254
-245
19
-47
-24
231
-228
-94
267
-168
325
72
84
-22
-647
23
-389
72
95
140
-284
421
65
-159
62
-475
299
-180
-3
61
214
78
-115
-255
37
-430
-108
221
346
9
-92
-193
-232
166
288
265
-89
-191
330
79
-318
283
-122
-192
173
54
454
-48
114
158
166
176
238
-452
336
-170
237
33
-72
-14
-123
-7
-56
170
-78
-76
-344
-111
-158
325
-323
-80
44
242
440
33
-285
107
240
-138
118
-209
-76
338
232
57
-311
-276
-146
454
211
14
345
-146
112
94
-97
244
217
484
-338
436
187
-147
274
39
-114
196
-525
-283
432
39
398
-89
316
337
-16
271
-96
-144
348
-411
159
21
55
67
67
-111
224
497
-183
-101
477
-354
392
330
-44
193
515
37
215
-21
421
-73
-150
-100
361
-231
195
64
-493
123
227
-143
-129
204
-80
280
128
-81
-231
-441
-202
89
-379
-60
74
-48
197
-194
-100
-455
197
263
180
45
-273
-74
-26
77
350
15
-38
246
162
-420
17
294
40
205
-4
-532
223
-450
160
31
239
-426
213
473
2
-253
-385
161
215
187
41
-159
-202
-262
-29
-193
-14
49
-225
421
701
-50
67
550
-130
-113
362
-438
101
-76
67
-267
155
263
-151
-160
160
255
-107
64
13
-197
-87
-173
338
-49
-140
400
-31
-69
394
27
44
286
158
-188
-226
-100
71
-131
258
151
380
-326
-154
-277
-12
-278
192
-158
30
-318
-133
-196
79
31
-333
-268
8
458
-272
42
190
354
279
288
52
281
-284
603
407
-261
183
-222
-172
-150
220
-473
11
-485
567
70
366
323
-210
-244
-271
-116
17
104
-43
99
73
-360
0
-163
-70
-85
245
411
267
-140
54
-306
303
-112
157
-147
269
-219
30
73
-286
239
163
209
44
129
-48
-55
-255
-262
-279
228
-192
42
-157
-162
-505
-299
468
-116
298
-177
-73
-156
100
-176
465
-247
151
143
-112
-152
97
154
69
344
-131
-425
-500
227
-136
-70
-281
221
491
-419
382
61
-418
-66
76
-158
203
-154
-241
-13
237
446
-155
102
231
-126
-28
-376
390
-30
51
206
186
9
-391
91
-8
5
832
105
-48
210
-112
-146
52
-191
203
225
-74
-140
116
116
-225
19
-274
-17
101
121
23
-204
44
100
95
-16
-149
79
-265
-168
128
-389
127
-25
399
-97
-47
79
39
334
93
-357
95
312
-641
795
169
79
478
-180
309
152
-60
390
473
-258
313
132
79
-191
52
-15
16
-182
130
-15
408
256
-234
-304
170
-183
230
-350
-632
300
