9813943800
9837161826
9781484352
9415763244
9629487468
9813872200
9657552114
9477754650
9319898000
9859275184
9895971780
9900241719
9943361466
9678820200
9662971332
9883897515
9846759186
9896023080
9548458644
9835463780
9642812235
9860884426
9855298288
9799895781
9815716750
9782625183
9726063225
9755887248
9523515326
9481924180
9606964528
9926628736
9651223275
9845044528
9937777292
9881673394
9747745845
9877278240
9687835913
9773150788
9810686445
9893674326
9667841700
9822678710
9509339136
9523379600
9633945696
9856712605
9741559080
9573894033
9709499300
9928121319
9946067124
9786938205
9916014070
9751153160
9801428302
9677045760
9759855735
9701287639
9444348886
9858030878
9077265833
9939358806
9698249880
9663061320
9720441850
9750839688
9760099710
9980101158
9911656006
9464033570
9793832010
9899139425
9754737960
9735419762
9209601687
9929691863
9850493331
9249429847
9678539466
9013485951
9790220672
9937890637
9349445045
9590574303
9797780635
9422863456
9896154918
9426596550
9795748347
9918143764
9042997700
9896767650
9943074501
9746815852
9952131278
9712010895
9039125394
9984006144
9643977216
9931499693
9976003375
9585678960
9627533916
9821415206
9896596500
9248814152
9693482618
9729735954
9795547566
9931182770
9760708404
9727400800
9621077682
9635869782
9947361242
9506164151
9935102600
9745960404
9790885558
9669336864
9795599504
9904503168
9809020334
9920547795
9720937927
9947101578
9829619224
9393379632
9372311640
9358075058
9781235730
9819683258
9657644150
9699758215
9537890173
9587861272
9655882005
9907315748
9890646943
9851944480
9787764561
9785717493
9334731560
9802152000
9604557384
9551455365
9298848862
9755115015
9888282975
9265724460
9940484960
9914551350
9164727315
9893603433
9823185408
9560351506
9556454004
9915353855
9597792210
9894074217
9818214010
9851234016
9008158792
9743206421
9241344972
9710902656
9919440608
9563658968
9438388054
9879364176
9908371466
9869681480
9700345494
9715317866
9695922291
9760045400
9831183878
9193629860
9599917184
9701488440
9542933634
8922709415
9873591430
9845677275
9845030600
9676531470
9822953940
9770262355
9977409048
9615948819
9604905560
9489871110
9776545996
9944063271
9760478728
9547267800
9562195292
9627314988
9949962370
9651143820
9967426373
9485829484
9325519320
9843438887
9596709474
9942125488
9172725120
9924571484
9554767920
9835580748
9532344658
9769145802
9811888288
9827133186
9727022240
9628341120
9499664102
9379393320
9778038231
9891470430
9622615991
9925539065
9763487492
9716832107
9808313370
9603580140
9699172560
9515660346
9450089640
9802280400
9763292899
9848446605
9662869620
9794523826
9895466832
9769336086
9847819680
9089134254
9903608595
9478493976
9674507590
9925539029
9908006391
9669133824
9871935256
9705559155
9742160250
9786604674
9824374428
9789886449
9547436272
9956814615
9852719019
9645081284
9703725834
9256174254
9479437488
9470984746
9815631059
9990801216
9619809628
9851733960
9829121855
9975114744
9473396625
9655871841
9822462960
9508356099
9918714573
9667667975
9707845750
9481110857
9811728732
9946471383
9890403432
9252701757
9952227537
9839692640
9567578340
9844617616
9814845978
9884806876
9693674736
9961325010
9901142550
9834633450
9847389068
9499163175
9686270661
9664451895
9930503680
9837061360
9333235377
9748147208
9745903056
9762909174
9751533810
9898629164
9118904949
9578642476
9837304404
9602095862
9915914814
9519626935
9912690594
9067352946
9786806248
9507143060
9647289288
9441566400
9618410796
9929382320
9545104388
9649351747
9875274480
9703388695
9375947613
9895958860
9805112696
9439607250
9285139728
9675792342
9869977580
9659959290
9819008274
9883918560
9860199592
9847562725
9747474924
9594522480
9845675670
9849600364
9581170336
9679854320
9920592214
9926968310
9930117600
9923518465
9939283767
9806429244
9708919168
9149446040
9531811905
9867029760
9806925128
9962032964
9770578350
9782924400
9864651632
9845818496
9781841839
9754746943
9925131021
9768274856
9522535620
9558569280
9599701797
9810458944
9581494272
9653699281
9062938160
9615721563
9816988865
9866781936
9764402940
9769839200
9861492036
9714055896
9909486756
9417725442
9708929275
9571753950
9882656343
9690345984
9664545920
9588292406
9764752400
9896016384
9799325463
9786572694
9737022582
9733412318
9781296018
9334553848
9669293040
9687676800
9899410752
9899037538
9829592478
9672359312
9283261462
9695342769
9824839014
9734527775
9704593934
9863919366
9633570840
9600739540
9322883581
8871554898
9306457090
9603299492
9944776212
9660645640
9750642916
9677351567
9942364600
9699753752
9312632406
9846178560
9388942563
9968307566
9848590698
9594397825
9966626445
9845591789
9633264570
9645159426
9333691055
9853831860
9322136220
9224413728
9740983840
9728136000
9624958155
9573450046
9825784944
9747238032
9133791184
9950561254
9704034860
9695233116
9778676860
9746513560
9758775416
9679398040
9655992474
9902041065
9764848899
9828325178
9715546485
9911034809
9953628860
9612171660
9949621068
9962419468
9714118410
9623379198
9659608542
9800090388
9788708930
9620941176
9786577722
9484769185
9664069572
9498051960
9085262703
9847414434
9677957355
9990802035
9763380756
9679817204
9806633280
9803042392
9971901108
9624777435
9529403940
9774299289
9636550396
9984001071
9528212652
9104032559
9948861692
9753234988
9613043640
9383578072
9874690722
9770136192
9877273438
9559287738
9818998992
9417067814
9486101343
9262631092
9800786492
9696296337
9707212008
9591737650
9873046304
9782393662
9921109800
8564294700
9769423848
9861478800
9991801320
8547928752
9852472672
9382147632
9608278680
9908557596
9915962841
9880551745
9224354455
9941770930
9686365548
9858001804
9555895647
9911893362
9427281864
9536958420
9754003433
9962627225
9556211500
9606862260
9500390458
8547848346
9450748658
9820371078
9601821920
9659709864
9850831340
9834446430
9447169306
9624591515
9685283900
9359926514
9828774984
9476336902
9868696180
9790000902
9653782536
9710372757
9845417590
9918715086
8991620268
9986803956
9707516829
9636354720
9777059145
9816865108
9819709424
9582708330
9834292220
9765248630
9624070404
9680570792
9515143682
8887757777
9360723621
9650010896
9420625104
9922649913
9718934625
9459458196
9839836012
9283858993
8831217135
9869882220
9671825691
9340949454
9564010392
9428050965
9931590246
9464898394
9800727510
9637970500
9761399298
9759081340
9130158180
9356817717
9935316146
9935270007
9696634752
9878706663
9922317465
9614553324
9799980106
9838850512
9751395360
9513981836
9663396008
9924413850
9365781712
9904821445
9783534150
9776158392
9873869606
9871043427
9810207000
9853474248
9861978375
9812833620
9486965884
9968905820
9704919231
9899354490
9729062595
9442154010
9656975230
9689873024
9635371092
9793799931
9234800004
9774604748
9699685325
9808151808
9479530080
9611995740
9926734013
9642083535
9796329114
9624314562
9774184140
9887328960
9817903627
9784328831
9688066714
9541702296
9642669963
9856465039
9885624210
9877033632
9823265006
9585185820
9816118070
9969109828
9621647904
9759438819
9779084644
9524237895
9421742389
9688549887
9814956830
9623886123
9887404140
9591540000
9883222960
9804544443
9696239568
9900913570
9695958762
9644737281
9824277546
9934303260
9471748373
9563370360
9944217325
9930022200
9861874008
9926835360
9631065675
9540465636
9814317480
9230405831
9787330095
9361417014
9640327130
9827322427
9473179647
9458419230
9564413835
9648825261
9854532630
9792026554
9492986703
9908708046
9836077160
8766419872
9927132600
9945252875
9853730194
9674934120
9894549184
9735257466
9866822199
9828625400
9445520295
9297288653
9927510453
9717097408
9903048980
9909293230
9606201920
9681647027
9495854922
9482916430
9750871240
9864868847
9859966068
9852308479
9912435819
9509270484
9703184160
9716206640
9677818752
9922004310
9517944417
9983603808
9515177067
9914082138
9264050400
9342135327
9883543640
9779819973
9344128625
9686682216
9649077204
9715144131
9696013630
9751658496
9386394212
9902750733
9827358849
9940448804
9908493452
9924330185
9807677209
9468461205
9737399536
9683298448
9212030380
9781605280
9958242592
9248598394
9434021780
9886574399
8955499310
9607432156
9856868435
9579002412
9955546536
9781692734
9775531844
9814473750
9856847532
9564600001
9597609594
9933941370
9923371172
9654014049
9677837470
9932015910
9551834214
9620368550
9556310340
9670164210
9527938170
9781308438
9450269115
9471162438
9814281135
9919546025
9439636533
9768653090
9546586368
9861615024
9794881022
9946910710
9283670666
9699488398
9427961557
9835816975
9975802097
9710828160
9700104048
9870510312
9986104558
9408921680
9557975408
9362439576
9638231800
9379564776
9714956500
9967226847
9662150122
9229095510
9979510504
9417666258
9879918540
9453365636
9459548280
9747698520
9112866708
9886683023
9044907672
9953126934
9763554185
9902295720
9516154902
9762622568
9546758878
9431997492
9771886025
9755077423
9934292865
9565182972
9334418391
9739647806
9949553250
9964828476
9833450667
9741481408
9703968772
9478869270
9762093000
9573138918
9281048291
9838492634
9553261056
9808425030
9265758159
9057165556
9667936985
9930717705
9877258118
9750851660
9818861398
9716800644
9663614415
9711746136
9725007138
9713923992
9707763137
9864545970
9620223669
9949163714
9672813330
9615997020
9629558358
9921741343
9601974068
9927624764
9360866560
9703348149
9553802751
9799980096
9752456481
9944168614
9726572402
9629794089
9954819035
9613561032
9661903578
9814651136
9891441180
9914648373
9886094712
9857409390
9952651944
9948366802
9841565461
9537887168
9883971240
9782832930
9844762235
9896353878
9878767360
9839227047
9278694430
9595774448
9725412428
9565081020
9735516805
9614948670
9645964528
9932972760
9760274550
9825463692
9701552698
9294036180
9834634000
9808116071
9400255074
9499637978
9528392907
9862856960
9299029152
9950953628
9761825600
9850137425
9931517624
9852688893
9748957878
9692745374
9160609186
9606511126
9243628736
9646697683
9767862900
9668915865
9458243727
9620018835
9160128468
9351244404
9726876936
9942636573
9519341156
9784964961
9669133538
9819318006
9855519849
9723725080
9568642420
9911493849
9850404194
9425136458
9861209667
9543946230
9804748614
9703466640
9774977774
9753201522
9817339256
9565254900
9620119570
9319267102
9536205682
9833494540
9563113350
9933201995
9500657559
9794405065
9690050538
9617939325
9619684879
8957806752
9578591540
9389888046
9960232877
9431093936
9643418176
9607625962
9719061102
9782129547
9723814858
9401789930
9653414442
9457779807
9827549892
9571722160
9610498898
9882640400
9887889096
9791099899
9791777606
9583707594
9687470451
9537512498
9611261550
9832900321
9972716376
9662152464
9598984560
9531254544
9857151855
9133135926
9890678103
9817537216
9671662986
9828993550
9789679911
9405994050
9751605552
9580122082
9693624448
9617133547
9839488812
9325673703
9465463926
9708010768
9862506850
9710933205
9461281368
9772407718
9855814156
9615959685
9631483246
9792580000
9817487944
9803655915
9607120110
9758480454
9768554871
9552823317
9622382336
9738249560
9611524417
9716718390
9490062660
9335388200
9384174430
9826669284
9752351840
9917606904
9864927500
9796956960
9594605309
9599565700
