938912
958216
947322
921564
865824
926376
979080
902379
974169
907124
929040
957406
983072
945646
963340
893000
936036
930020
856320
943680
988032
914836
948595
992015
931000
968207
963322
969030
989000
989000
999000
846945
955374
962345
970216
947660
936828
926224
904162
982017
939858
903144
964299
915785
974069
909030
961140
931056
983070
898655
983072
936855
997002
989024
894291
964035
907254
966264
931848
855429
824600
952176
950301
936056
933816
856550
897714
859313
880780
964308
935186
896745
903501
890967
990009
973072
842708
938840
959310
951000
892038
953540
951558
965174
958320
791811
977102
959364
942057
923472
925900
814925
991018
891055
904280
841883
958360
850035
953370
899580
