97535151
96272469
98297308
96722736
93672414
91659360
99370950
97229350
94984227
93892230
94109401
96274944
99670062
94518730
98812418
98283171
96669500
94957969
99060273
96706532
96275020
95627160
97255566
96942432
99760119
97397136
96982879
93112388
97002440
97471640
93052945
94225624
97861536
95843956
97759234
97802100
90649080
96884453
96814354
96471395
97121021
98921395
92582523
92833144
99380232
93586155
98475796
88264405
97781376
97870824
94391052
98932212
97966923
93756264
95872480
93943296
96754354
94117980
93237111
95131638
96155640
95843259
95873264
82951050
93486348
99420832
98912950
94526528
94019356
99520287
95188784
94616424
94740992
97863705
99080516
93750206
98198148
99480676
95042040
97444350
97695330
93490858
97977222
97157424
98732392
96832788
93886240
99430812
98624760
95735520
99130486
97920830
99130770
95086784
92058984
99490000
95618124
97821234
99440300
97189932
96544008
92771484
98355616
92831682
98841428
98632530
99760108
98750366
96409736
92600448
90976392
97135830
99171260
98981305
96851462
94550700
95684160
96450360
96076900
96863443
99510048
88093860
98067809
96979623
91078911
99311058
99082112
98440155
95867620
99320756
93063984
97643340
96498990
94660818
99620297
94060200
97535351
97050492
99221472
97016416
95088672
85569765
96579783
96501146
95865575
96167840
94540752
96382636
97139440
96061780
98262385
97094427
96514480
93741120
96770856
95652328
99070522
96549315
97381286
97086206
97734510
97657486
98097398
95482002
96654732
92486160
89648040
99151344
94116552
98743485
95965566
96422370
98310978
95947692
98047755
99530462
97489152
98500149
93939154
95301040
92736884
98176116
94356158
95175945
92994012
97258944
94808145
93599849
94099590
97071684
97346453
94429650
88679160
98284587
97630236
96960146
97673064
96392763
98554704
90401766
