9520081747
9886913025
9684164490
9672283432
9774849735
9723439044
9617457486
9688842045
9689119512
9433718676
9751643160
9629176458
9798132736
9787820392
9899923780
9232999760
9771936240
9820619394
9772096572
9378122532
9907758140
9670165190
9761279448
9818527172
9634364124
9863192755
9446229639
9135224540
9963203927
9727348257
9753577298
9525218400
9767865789
9796973556
9939942120
9979810176
9600559702
9549253323
9855509640
9728271324
9689440850
9793357273
9614141808
9345082339
9794227914
9698838789
9880149537
9679275295
9806839200
9903035520
9889763026
9406866000
9646034940
9834981582
9339177848
9954313600
9670191897
9752420496
9828378828
9822607080
9775148960
9720530274
9795850995
9505308764
9129216460
9923935360
9699150064
9919310775
9757621122
9646464360
9857898762
9945702156
9847416030
9568470128
9170616960
9638999919
9789113799
9562888712
9638029940
9168924180
9755656960
9911894166
9861374408
9151493556
9888609166
9864677576
9412741445
9754546422
9616278837
9936829100
9699193080
9875044881
9791389293
9782289740
8769422728
9492441273
9270872376
9814658784
9860562568
9512462124
9826766805
8887414848
9820582560
9979308456
9853742850
9870401475
9966704160
9871812080
9486356948
9826948992
9480979155
9900905910
9729059592
9811382880
9622914570
9823144444
9688930524
9833739864
9852127672
9247012595
9819607370
9867141795
9566452256
9569995827
9867834945
9832979520
9942781152
9920211420
9876407328
9660678456
9764305380
9603157585
9848137380
9661890172
9600173410
9602728870
9949456440
9765377024
9923101136
9660734908
9785285500
9883613412
9741890333
9883230669
9484505313
9749744680
9224730312
9631131876
9677639536
9830026902
9813236163
9581472069
9872115318
9889105525
9956216985
9765194592
9808465680
9880142157
9713343352
9607462000
9728562921
9527485250
9672635280
9750549592
9387766920
9842857470
9753514092
9759646552
8538651144
9661603586
9734173825
9285320838
9671481192
9909329387
9746638794
9888997702
9755585832
9604195517
9684128220
9838975024
9977207067
9721839348
9845418746
9762313781
9602953471
9032225472
9769926549
9287181624
9909608055
9837924821
9416408018
9731584800
9886551228
9409657480
9550586423
9424491348
9466249078
9778801948
9674139202
9874693500
9684667371
9280015360
9876332848
9616573980
9890685174
9511372620
9624935488
9497949544
9777614715
8936124876
9925925760
8831925128
9941485800
9347947362
9513271287
9674811245
9787336506
9382240065
8813998368
9002347200
9691247670
9889944860
9238031224
9516294340
9826232220
9917558248
9901115425
9653526366
9839547536
9774276776
9605940660
9907912970
9941077616
9873081736
9784275200
9880307146
9499130592
9833493996
9509990630
9631011344
9575926245
9697217192
9480070458
9764325264
9223569048
9609657171
9755851815
9659041145
9549802795
9819041562
9717660837
9739291068
9794507814
9882941320
9621488754
9855650192
9860940066
9479094810
9227307456
9957144204
9879924032
9619725498
9987302550
8648487168
9434789043
9269986532
9643514862
9884927888
9380379832
9907129568
9750104762
9917064084
9478719432
9298194282
9447840255
9455108260
9192470716
9679454561
9874292974
9897215941
9098553786
9546137458
9449726468
9651843829
9673584414
9680283360
9621836606
9932964380
9774124200
9671705667
9014482816
9718104174
9795456640
9885224772
9823835532
9492981399
9747207575
9746740272
9732429569
9942423895
9735773014
9950219976
9169173363
9909804942
9248649190
9865214540
9550363502
9834049794
9863287828
9272878801
9787179696
9517903331
9621203710
9755296320
9546802362
9673582309
9690385639
9762657620
9260495727
9959228391
9755282725
9684244845
9778731821
9788502456
9601538976
9737741559
9832582530
9558858634
9717699492
9669347913
9339571101
9763824888
9978600424
9660398246
9717211530
9887716069
9830411136
9867500958
9858326130
9990501750
9300632820
9695946828
9637895540
9558963296
9446723472
9516747942
9653542782
9357557825
9739296880
9775571062
9179956368
9440648085
9380833038
8966998612
9900845640
9736579225
9591404034
9853284096
9502750280
9769767714
9503916597
9982202296
9858943674
9463956375
9842582700
9821010114
9940132818
9796290670
9502786416
9638894105
9858002254
9728050790
9847981208
9565292853
9691318402
9467964037
9509577048
9903690195
9757854624
9886068920
9361732353
9847717973
9184426030
9295080857
9641145780
9789720655
9632728656
9947701560
9854227782
9928422360
9741457632
9822591856
9462377560
9951059349
9959439688
9729680163
9753520440
9649224650
9794747990
9759135072
