9599310259
8202886750
9650798852
9595895593
9755286200
9418778496
9747607760
9531488040
9829315680
9518625855
9782206836
9906143610
9564609805
9623606751
9916461828
9609766870
9625534418
9918909611
9795481500
9665445744
9795313900
9520566440
9872417668
9689866786
9425163458
9500718960
9919543088
9873103152
9975805425
9679607850
9565241400
9759431925
9846585528
9688131015
9941977080
9695755180
9548945840
9946341292
9872657904
9825204624
9297189540
9876634468
9868832564
9728638400
9480170628
9672294150
9876765024
9125133362
9577288512
9488666725
8954136980
9994300540
9775619943
9674738170
9610917912
9758796840
9674918568
9407834811
9597714395
9863162910
9784458243
9731001294
9826677910
9765155231
9847572904
9737670264
9363452916
9772346124
9645283271
9592218000
9890019438
9872411202
9945059241
9808885413
9600797810
9179172503
9786027950
9824060664
9783363720
9593468420
9667576215
9937630780
9907196061
8751575824
9781489378
9817473230
9909725904
9887343372
9644272254
9591621600
9653810536
9705080608
9529819650
9579671377
9682343884
9850955394
9828296044
9956941184
9263580914
9497026693
9634476335
9867044885
9707311602
9138857298
9760102336
9798277676
9916701528
9451186643
9813719700
9901809664
9772932137
9621078075
9927753676
9937050825
9820408563
9725966952
9562389456
9733010876
9564181182
9793965780
9603688080
9885198980
9832500225
9784230656
9566845119
9660957346
9657135617
9713647040
9678197856
9495049047
9896793305
9684866100
9678768000
9432733996
9843734567
9734419695
9742407459
9839803152
9451371232
9771508496
9525299904
9477876096
8668282115
9352471296
9681657908
9563696370
9433548812
9846579570
9716922324
9943765436
9904827465
9700076880
9711694992
9879340140
9605131977
9388220160
9700078698
9482436590
9361281840
9894577830
9903374231
9276580039
9911282574
9811739448
9842454560
9839558025
9844078185
9944965394
9157280132
9931326486
9916666824
9858101760
9675682917
9720415710
9901787775
9839236849
9558855941
9733782604
9505396575
9957737250
9568014168
9934691553
9471047300
9964305130
9551901741
9482139350
9738113543
9925041400
9618171200
9843649648
9737088264
9850087104
9572776017
9927123424
9892960660
9783449676
9038364334
9846492110
9797159970
9859018942
9814309157
9201854640
9889786624
9140450904
9857746944
9624484730
9848713080
9883087968
9803715200
9278733854
9843318571
9937632319
9864959004
9684255888
9880558792
9099061096
9978707682
9618848876
9562166354
9721784379
9783510128
9782773143
9699597774
8981302275
9818788434
9088971100
9946507294
9956910150
9615248163
9737128720
9718577232
9716709738
9795335680
9698527880
9709197018
9542890434
9972807260
9229924876
9530730940
9692927634
9404265995
9817966227
9835942996
9861862639
9644261620
9746909812
9807444488
9413263613
9924044624
9949660588
9955240375
9679966425
9914580036
9653909520
9806174504
9867864576
9760648991
9978404775
9799678032
9728305335
9796147050
9716720622
9849269212
9775679144
9907387740
9856517363
9537879516
9899288367
9494866808
9962618840
9784274950
9923130000
9757731612
9561372282
9845933400
9804485679
9977611760
9898033232
9459109088
9828617799
9870124452
9764698365
9834119886
9821290365
9592636818
9903328110
9692418776
9510270000
9659743212
9913779399
9915557320
9856438043
9618840090
9813115565
9849122910
9685220625
9741713096
9711863700
9814213368
9822094560
9580038050
9763937090
9849268986
9921608503
9698059318
9537796019
9824107328
9738884514
9499691232
9804450604
9624898059
9797290400
9853411548
9805636522
9831277008
9931294000
9880708763
9899440488
9261047262
9941376830
9709864864
9610931538
9965007216
9800008729
9773938860
9912888972
9930122484
9967620619
9788697666
9803426094
9753722125
9801841050
9764962528
9437307285
9473920200
9788682475
9969922650
9980800191
9645609090
9818770019
9837937880
9831344990
9645955995
9564644176
9779490160
9644945229
9862557500
9774782050
9581271960
9855425844
9739427712
9806958799
9774445545
9778318854
9720099507
8966406160
9809286220
9809526420
9617234328
9648913640
9805712576
9870206275
9666001408
9297391329
9816050132
9282886352
9798021171
9727567217
9699122790
9841832600
9879855696
9770781422
9637781510
9550041610
9731883420
9506053553
9707049888
9848823768
9591449754
9568227162
9410784075
9503486707
9510131112
9492475560
9821013850
9328545147
9666255391
9785933440
9626537349
9301020160
9654290134
9924826002
9414801300
9726827418
9579221072
9599755077
9700192246
9574327576
9914914395
9711111616
9125300212
9603577438
9843400896
9682866967
9811888242
9786232672
9636443166
9314584268
9771093216
9908106658
9848769357
9757863360
9702968010
9587612270
9805206715
9805406304
9713175300
9633357475
9866448731
9793216476
9320952584
9780612640
9926232370
9896948607
9748488750
9906057614
9952255440
9678234987
9864102192
9898614294
9572997624
9757142114
9595767656
9631961122
9781100296
9763708626
9289778370
9447562271
9994300806
9180062352
9541686099
9890202011
9799910848
9743478188
9740997953
9668977817
9731811051
9645838125
9935451888
9778719544
9797137218
9756704862
9893662480
9882487385
9690934848
9752242955
9938171610
9640998371
9639810600
9878138352
9701594493
9489581472
9512086739
9910195776
9806732572
9690115328
9230914620
9799683509
9815361416
9160156310
9970321452
9674393466
9426460825
9759195232
9724484960
9772682424
9437817977
9864905414
9515591172
9456881756
9913519368
9831912272
9925612674
8898284255
9704139676
9424128675
9528424554
9452503200
9732914205
9518265444
9525211590
9922327912
9397652616
9489152155
9565020250
9783147508
9800401653
9864501790
9826566804
9665819344
9693981081
9247776755
9863426920
9806122755
8760607110
9877567195
9305433090
9595945800
9783204928
9892846215
9832900643
9734088336
9906993131
9504037974
9676315352
9692500644
9684266070
9627984806
9667406553
9944675945
9785917944
9670062754
8901990097
9953419320
9744572465
9390572784
9666639744
9958840672
9924856695
9662930940
9606679404
9215427286
9576427221
9643135794
9757396704
9858526720
9713282886
9655148076
9871991857
9882932248
9893863980
9549032751
9680292280
9820807296
9753942680
9284336940
9850586200
9882605326
9893659440
9582430196
9940874847
9914554960
9780380791
9924833135
9698100698
9149160965
9531286956
9485263584
9551230344
9793806120
9807721680
9480564478
9634913582
9436796850
9867822928
9880757523
9638341480
9631533870
9713184688
9600187912
9326850400
9928328097
9985005561
9869391100
9495544982
9921654044
9822478770
9813194490
9845338035
9800269770
9794096208
9927497544
9585011740
9844860964
9898259956
9618943662
9666101445
9757923480
9922584876
9904607748
9972718170
9400658949
9577424828
9704410880
9926733600
9904310738
9857182572
9942755022
9957320142
9844179561
9865979298
9814535112
9717213376
9605750997
9761503644
9786606784
9843232035
9967020984
9393053890
9246471030
9726163878
9895291290
9650787120
9992001024
9802058230
9626970094
9591659154
9625815582
9675144350
9306749442
9694175120
9979108850
9905682654
9635028480
9438985436
9348564649
9645988275
9533021837
9543917349
9755939245
9057751426
9848259002
9960820992
9596403882
9409085322
9761926815
9926228340
9797382035
9355679955
9915178861
9831223035
9381984000
9898012280
9775980260
9747352800
9867930716
9452285485
9549477728
9223600640
9965728656
9103856647
9497079683
9800732370
9766267729
9836429097
9546808400
9713962725
9712690260
9798062708
9788824026
9803325828
9324403944
9944576586
9439136640
9960833375
9600371452
9821478664
9783799542
9852288072
9651193584
9526936730
9713777917
9466675808
9898950411
9859537028
9938984588
9686420859
9538799208
9596786183
9656567063
9938195788
9961622223
9539490108
9769963784
9458725920
9939890585
9500043296
9800813835
9880749323
9627230234
9426751890
9712648456
9780880725
9933360372
9611016939
9794563506
9951328842
9559495694
9651686405
9578039238
9930119584
9599004272
9887940108
9732326793
9935595996
9772540596
9868516308
9603558696
9684834719
9581808396
9689234022
9798727257
9827781054
9860650686
9787422645
9424302940
9638005320
9730046656
9708626773
9969318160
9917667983
9975015429
9770430320
9376910490
9761484744
9869510565
9833197246
9465993216
9703965170
9769621530
9907514700
9779321678
9800478716
9174789654
9858801862
9682727970
9913885640
9728074112
9510680559
9796742202
9623351936
9851065593
9734444928
9279388806
9939091729
9913642324
9840397920
9731248128
9922207820
9824179205
9820400608
9555723720
9294462661
9080104488
9463183400
9516438953
9409983408
9871384336
9921722688
9746215776
9333054440
9581293449
9847090978
9315098789
9947961054
9331654804
9414682236
9642827836
9304956664
9792103595
9492047903
9653577984
9769422868
9623278646
9306254901
9826843598
9598218168
9701798070
9418078108
9886715454
9423302427
9814746924
9866830848
9717023040
9938575924
9236889816
9834123624
9863347916
9637817520
9768016191
9948818447
9863642575
9947618468
9922479255
9625852152
9758188656
9518971392
9429620879
9765005040
9815359704
9609355635
9806273343
9913177344
9067671733
9301441620
9823919406
9946447488
9185439652
8868207992
9862424116
9876792333
9647942076
9912694869
9899537256
9692096400
9441748800
9734174888
9960617493
9666392386
9433155270
9700452223
9846650718
9667346130
9517054002
9844877196
9731994900
9561292800
9052500600
9933408030
9899447616
9803574900
9804557152
9805151552
9622162368
9881051525
9831894647
9807090561
9743815488
9581325096
9655676082
9599348112
9689664250
9482110976
9538034572
9686906304
9976114008
9611440035
9783002388
9698787712
9873691422
9809102468
9678137202
9863562060
9846490700
9892983002
9489307800
9857878785
9817510560
9567470070
9715265211
9754634799
9835779044
9417922635
9931766670
9887645145
9495150720
9877642710
9688661697
9783434304
9826452706
9724778250
9768431880
9513704679
9441713852
9626960870
9352276380
9849444120
9947822752
9899200000
9450052648
9775770851
9662957001
9763605440
9784966100
9453938912
9200492650
9762186714
9898049672
9240513423
9541737216
9828952814
9535416375
9401505273
9723042374
9940055031
9923445565
9401088804
9738427472
9233087548
9692097480
9697239630
9966027219
9579465360
9744831266
9544098360
9897616944
9630994401
9710740452
9726198006
9854873815
9806581082
9573620692
9602404098
9380721634
9787111698
9940177044
9763796460
9242047552
9795115524
9671677964
9913977297
9663079545
9621838863
9693859696
9668690136
9599685459
8844163380
9483952446
9770979790
9896731516
9956447460
9653869634
9855483160
9853435155
9868176405
9784535499
9795161925
9413911168
8976470580
9915637459
9939762510
9323765010
8760719000
9690519740
9540557712
9294368540
9714267604
9935988440
9700153230
9661233743
9719148771
9644350040
9387115136
9891189380
9948552264
9925070929
9768368148
9886119152
9730441440
9840447470
9442779444
9612471330
9539734050
9793988288
9374402262
9711481950
9920356992
9748988769
9787191192
9331975870
9762291808
9253232736
9868937832
9752461272
9841756668
9845730432
9798022099
9758562578
9461499216
9715003980
9952501416
9570946460
9540980925
9910302030
9638724824
9797928888
9609041920
9616349841
9694663044
9889292149
9705979228
9963812880
9743303304
9691906158
9643327280
9552516896
9731127406
9487022013
9739937916
9827792832
