9832994003
9645750989
9833185296
9749436279
9951955948
9956833660
9936292352
9386881620
9937491569
9897563376
9239957757
9810376072
9689485581
9863363748
9716671548
9674615626
9804880488
9822801510
9885341070
9593027111
9657677380
9921927281
9921774030
9804034752
9856180098
9726409693
9637054236
9808107408
9430181404
9869712300
9798744475
9344603834
9679347282
9704315748
9794343888
9850233680
9400699446
9761104759
9124026000
9872580590
9845341660
9460050365
9061697380
9882272475
9454461260
9646022200
9498098610
9614650136
9655187850
9660897564
9841547213
9631050144
9857708275
9907121720
9903095349
9656111862
9858143982
9447993590
9763642784
9745592780
9409635864
9696389616
9741701886
9551597412
9867985204
9754786250
9898467095
9840143500
9927404076
9745071965
9477725190
9847956888
9112087551
9695835270
9915900000
9748986705
9906694185
9808438780
9376508250
9783225258
9811790310
9792811665
9777351874
9878336766
9667093590
9333901444
9373653669
9557074815
9859297558
9165900845
9816046250
9902613440
9867905019
9817532140
9696946048
9884778480
9940887216
9766205478
9869512114
9830742970
9431147763
9912177220
9908664449
9809508624
9698198114
9812859264
9883529607
9359168247
9952818060
9898563516
9933123384
9740897500
9962333552
9939262832
9749940928
9859228740
9803646776
9969521186
9767458822
9758451261
9114467170
9831781572
9530981691
9821781144
9927824520
9816309186
9920843406
9853756512
9685641416
9757962250
9733231134
9618744322
9709097280
9740135790
9528820455
9890192276
9780897802
9833993462
9959640723
9673113879
9635570308
9820878340
9867938805
9623614347
9017368839
9554963152
9429055381
9665317805
9624866498
9906537799
9952100954
9896940590
9883706033
9451378780
9927323087
9381840279
9890632183
9776659685
9730168500
9640231344
9753654915
9742997916
9735684720
9564307116
9873255240
9533053415
9891437855
9808492160
9531369891
9496834100
9718505146
9708308652
9641109636
9854043840
9937536894
9930500000
9293342688
9761637600
9795136614
9748845404
9884310150
9884367960
9842761320
9766874574
9116526173
9200455431
9907000750
9748035534
9846713716
9588943188
9820409379
9743213095
9736354688
9472390480
9718269500
9920534068
9420153194
9592331763
9903040538
9766623046
9566442402
9543119772
9908548104
9782251212
9621694866
9545564196
9949462488
9545656468
9834725584
9748078941
9631072352
9882035712
9916764285
9841328092
9657595440
9492966400
9435792392
9775496808
9923523456
9627904105
9528328282
9914656350
9915775780
9392489400
9859649820
9921554280
9526052460
9544594340
9933453289
9643913622
9809246724
9881435608
9749445192
9557335664
9293143059
9794148993
9390912020
9754575010
9800328186
9675219253
9911391207
9804337770
8952572578
9739500104
9602183610
9606867149
9543318536
9973807945
8724582738
9794419410
9906211875
9823045100
9627728525
9922621426
9733274472
9384662575
9852937920
9826772220
9927630000
9598703488
9880653154
9841739982
9790124202
9818083180
9894453920
9691207911
9931662208
9836270059
9345201585
9617209322
9942082336
9441447512
9806264933
9918381900
9849823030
9911650650
9613093800
9844602059
9629653560
9812881919
9756061429
9847377731
9706319320
9873010576
9740814675
9895854259
9461740300
9704678673
9681258132
8787637656
9599309345
9617876148
9884701152
9885927125
8799794940
9361555848
9398929540
9855227460
9784551864
9678892509
9805598562
9926129928
9786632903
9783644688
9896156878
9919855350
9455418221
9864443040
9560462208
9949258116
9183861489
9872050881
9467677791
9799170992
9489193966
9806763750
9933495760
9914210214
9846105984
9408308356
9912148231
9780704910
9807132237
9945366970
9529824432
9867148461
9729536000
9926645885
9744143640
9956502574
9771391000
9416876703
9732892010
9944065856
9805495527
9816027584
9286674460
9720071882
9522820344
9911462293
9542867890
9718156143
9792147320
9637168002
9839881350
9837670752
9550742541
9669837145
9972700542
9615273304
9898543320
9943671603
9807962015
9567635358
9788770986
9710098200
9834297840
9761639370
9972813455
9922414642
9771110720
9566972226
9809991540
9843938013
9815244033
9576322551
9848809212
9777250919
9569735642
9689830869
9771756450
9671661390
9335706013
9524961552
9883365372
9780112030
9807494620
9628730022
9803292896
9866951864
9484979266
9958734986
9793141137
9611302939
9839420308
9872888850
9919637200
9829016750
9769154840
9925525205
9760338224
9784002864
9095472923
9372987090
9457562491
9959840397
9744058319
9795985407
9613017072
9808107408
9910899020
9556086478
9652395168
9756745035
9692206251
9279416848
9030270935
9431806050
9806582556
9095733012
9602686242
9848735443
9898835786
9756076629
9801853964
9903434247
9683962792
9943336900
9759674916
9927395076
9717392906
9988902774
9450672716
9634903563
9255804445
9472642641
9603618401
9740102358
9874770446
9701652609
8857660141
9733221188
9473595240
9973317172
9893772214
9649724600
9945454648
9659151548
9788448744
9565414755
9677944584
9686528428
9250072160
9961904784
9793740627
9694954893
9636977529
9682322875
9639569298
9808865798
9727963486
9856094216
9969707700
9809902224
9843481854
9857069568
9585999225
9774951222
9930221158
9713068704
9982807315
9851015538
9891176400
9695420280
9944875600
9759058239
9496913424
9774659208
9709807785
9748401531
9677384827
9731526132
9601742048
9420894662
9926434800
9522380007
9703489940
9668365665
9102461424
9794145252
9289377540
9581529698
9813575626
9917465870
9976011799
9207522120
9795797920
9760449909
9863557353
9725006115
9776115840
9476186000
9979510396
9689275585
9743302044
9782841866
9901939122
9769850160
9891047040
9324595399
9905116000
9476534116
9476065935
9923446472
9691196028
9757687275
9745594760
9693689960
9658340505
9969423400
9851142147
9837263393
9873600660
9795938592
9882349785
9883423008
9686062386
9928867687
9426367704
9751724754
9695748000
9910199364
9560719385
9930800691
9564897652
9740015383
9812831400
9612401924
9731257542
9736458790
9761341167
9814960062
9828192040
9946419383
9364528480
9788697149
8943501908
9615109315
9725262799
9828436020
9750850956
9855223642
9896088264
9714569889
9733368666
9261896598
9371631060
9345166388
9593667600
9780627450
9776815203
9566103610
9736554912
9520101780
9845493041
9947169804
9642354873
9521366810
9788329596
9714662469
9687567252
9632689968
9812181008
9673015150
9893085852
9713834228
9806612823
9731906525
9654417581
9824521224
9792447304
9703006560
9673484352
9839535258
9713448990
9598908618
9506495761
9551170810
9659588532
9089988336
9878314500
9866040348
9917751519
9860758146
9861747088
9827238592
9912078540
9935304300
9957024616
9644965656
9663627411
9682358301
9548820072
9932010088
9899985258
9764382909
9874782503
9741819150
9438744029
9845191185
9844567720
9703219515
9938466975
9805176304
9987600708
9899055075
9742222735
9683118130
9856837683
9914270664
9855960114
9756584148
8994244952
9819622274
9445128150
9947150778
9930022200
9797125574
9921752703
9910377885
9721996592
9788122022
9717750144
9782553440
9804939375
9639693888
9711215500
9818243554
9143985750
9881926320
9704990770
9838577628
9870990048
9419221602
9954736050
9791397872
9838089091
9833467920
9181427456
9791134110
9648131778
9509942540
9828642934
9917203296
9700374684
9380907495
9191023044
9883184004
9904122440
9760215627
9293991567
9884863452
9952612069
9941853705
9623312042
9689197131
9883636182
9511535396
9943054000
9804081936
9682899655
9820204716
9930719568
9609600000
9696302668
9975808712
9532954368
9685114688
9638721885
9699073890
9657675102
9720264132
9393237770
9760151736
8995831740
9789816190
9476058478
9648734536
9766278494
9849940440
9128628936
9730531902
9785947041
9890697055
9563029560
9975711456
9812181450
9846395764
9433730584
8953350946
9898148178
9292574179
9756709884
8963142207
9805998663
9856368270
9799146257
9430390926
9742768924
9730374850
9833683956
9579220110
9739420032
9758575917
9891951550
9953245540
9809328295
9832470800
9611907732
9425316852
9980508954
9879017890
9853284096
9849270130
9913476580
9659989256
9634808070
9787561580
9916721905
9676026360
9966228440
9726420029
9754979256
9891690493
9867450250
9545885406
9667412293
9303191787
9976403520
9548992420
9066169505
9538828510
9707215860
9478387380
9887068224
9785359584
9700138554
9322276510
9921354707
9871569996
9874143872
9628571456
9958315416
9800238106
9918857586
9836411040
9666808944
9118037376
9905416946
9768933860
9944069184
9644676000
9728299034
9865121560
9861165660
9724421616
9870410520
9814908510
9779050050
9468390036
9835242176
9978308692
9651857615
9323922819
9528513900
9950461468
9965620559
9584202208
9822671528
9884967518
9683782233
9891864197
9959217900
9859050120
9701356380
9865140882
9542550240
9569979260
9567357954
9879181125
9837658896
9753629718
9671342816
9234473688
9728999457
9849096960
9696628848
9765963440
9907223040
9851852520
9832971220
9499174704
9560335306
9495974127
9836149659
9762549604
9929522493
9846065956
9672125685
9775474520
9946654905
9842490745
9898300677
9839089636
9579534408
9692716780
9692626560
9836864037
9810063891
9874022600
9605342120
9953154984
9918557055
9869467472
9911561484
8950543343
9153971508
9824635080
9457541856
9673700249
9388772815
9560963040
9804759861
9890214105
9735396426
9779678376
9821111540
9812261079
9709813406
9747739540
9469031425
9914681886
9263447104
9902325330
9726144780
9930235365
9735521385
9924597774
9559960144
9418422872
9102572020
9547767020
9565815485
9747208416
9467466105
9554468456
9584131050
9343727460
9865174607
9771793092
9553422000
9896021712
9765746880
9683196840
9950207712
9479767904
9806934630
9669978648
9623563344
9175709829
9536433084
9721461750
9333510030
9808553888
9614744840
9897481600
9775965696
9619030848
9897530814
9644048268
9929993094
9686451456
9899323368
9774356288
9300779523
9773652387
9826336996
9626748795
9852051216
9958320822
9579824600
9937497944
9411800670
9886265528
9429074629
9677811132
9683935118
9829131403
9632534226
9666732816
9812742720
9602040811
9898180011
9865536318
9551997367
9453316442
9892654100
9650151165
9680887242
9724164940
9887514170
9893233325
9575452824
9929521905
9529528053
9596108974
9795355650
9157910190
9174601769
9708773076
9627260871
9792390272
9837422534
9930895380
9505343043
9793173726
9387167580
9829583572
9804891360
9685822883
9721007850
9681329507
9515188144
9445106655
9815662936
9896624240
9654608297
9653789265
9694634040
9604431954
9846289299
9420386220
9803688454
9930106890
9872545806
9738617600
9613788660
9846520539
9612026017
9892412320
9896261564
9480161399
9635483395
9087325116
9814259775
9740988114
9651967130
9833513245
9593085818
9854912295
9547731844
9847980725
9737238123
9969508004
9815018520
9446622390
9580631564
9247839138
9603411280
9856179216
9205308795
9173113320
9780886386
9493088150
9788861848
9881178464
9916671954
9618999696
9843740672
9864559558
9698869248
9648238325
9732825518
9932068076
9931608564
9756499025
9452408302
9919581066
9543904825
9853705632
9868651936
9741643292
9442006400
9583418534
9886588782
9845419929
9705817176
9571380084
9858944128
9905617488
9576763768
8856872040
9461244964
9618630000
9901651095
9451901816
9902230691
9498368792
8528288517
9793071399
