9818860662
9614417157
9065664192
9660639905
9867315830
9978806747
9777960201
9725095632
9159189567
9917578044
9928769252
9416848134
9757989867
9671524835
9460219230
9848245896
9736101753
9850390620
9703585377
9759035075
9719670852
9686858104
9480359175
9930813420
9807618622
9894622626
9776150704
9871802400
9542586490
9619489757
9704466688
9861084940
9865004041
9949824976
9949442693
9929664368
9561392814
9833740930
9656506692
9704624581
9872308017
9880438520
9582523080
9861029482
9770908677
9852249010
9640585208
9172139262
9433260980
9885530620
9501272748
8784698832
9430825224
9765763072
9693278670
9798807579
9517440163
9660620302
9651950274
9701151030
9420198480
9132617252
9458811664
9891495680
9765284268
8759944212
9703710126
9865046008
8421066670
9677652730
9695308812
9645670701
9627330240
9851751327
9699647023
9894695400
9694941816
9682025639
9243861106
9898842592
9681380598
9594135232
9501065646
9656566959
9791745424
9749173169
9822855350
9931598124
9971715052
9993000441
9902761544
9850814372
9485312452
9814571897
9975912070
9331246584
9528666616
9669083710
9866767824
9841823547
9627053312
9592149729
9865439010
9402742290
9944062271
9479982720
9284550564
9765583380
9809880341
9819046384
9427116440
9322259804
8972170848
9749939724
9449981541
9762991200
9606044770
9689409456
9891672864
9774204512
9478407645
8975132882
9764500178
9915478440
9393275574
9830617200
9698193050
9762841416
9897214600
9988501824
9902511242
9679123678
9236772600
9720601378
9812777975
9377230920
9721530477
8831216938
9702728464
9681719316
9696127320
9133621080
9686547514
9203565483
9912090618
9827943360
9771816376
9750717060
9437534894
9743950656
9941311340
9673327730
9605827272
9176357016
9763277888
9462810018
9738326920
9861877000
9744680364
9940089744
9959133810
9154372270
9587346936
9819905910
9788889786
9842260166
9442855482
9708071187
9930222060
9550747823
9845071233
9837273342
9586350750
9837211830
9821650618
9960018975
9635270679
9664359154
9644864697
9716713314
9497424937
9478490466
9620516470
9352724724
9055750092
9943928280
9934806590
9925736863
9807564294
9742249448
9953946650
8950650560
9623530278
9244134585
9918465612
9626734962
9895766686
9644772060
9735965757
9536780650
9357576126
9787823850
8662692225
9813472785
9825483120
9621434750
9352760703
9557712080
9433449060
9743643440
9797719700
9857613520
8909052300
9766570616
9500245062
9650658419
9721635917
9672784940
9881254590
9946100538
9730522270
9700468056
9877509736
9662480928
9517165215
9702982016
9684316881
9850338288
8998819848
9632325240
9792471208
9837473880
9395149245
9985305402
9818529500
9792090261
9927431950
9184260145
9815096832
9561560202
9887615845
9353608628
9720859386
9833625666
9829241424
9452548556
9788063480
9792883281
9870981120
9735669108
9367846352
9735639078
9789042340
9585368317
9700486649
9728682574
9762391038
9936899180
9623454906
9883428068
9769600000
9847476984
9826744131
9903017136
9587683664
9797533584
9459373750
9650913804
9960937408
9327657300
9551790485
9883819008
9593299320
9687866748
9088867632
9930713848
9230883936
9813446993
9947736162
9400336400
9527191136
9899424525
9433479405
9683447925
9424913124
9711707980
9933300740
9895374860
9845890080
9913387680
9954128178
9610623162
9865748490
9896944455
9364511376
9578791347
9282709044
9830546055
9661294926
9897644664
9567768449
9813673792
9808227912
9976612848
9468272766
9839920806
9603635080
9815938188
9299166460
9518774229
9700612250
9619893171
9796094610
9040321620
9803267676
9849114000
9317365196
9589630050
9758562907
9950860320
9828570266
9821084456
9728664356
9789342414
9543705876
9841584924
9174271556
9831231090
9849974625
9428181516
9642642888
9831160500
9835399907
9668586564
9662100552
9946671000
9774626568
9496890216
9944170464
9766281870
9747833184
9741895218
9956900858
9623719132
9905071110
9811443915
9819441936
9004590668
9709154150
8694909762
9419761560
9602308094
9689808810
9840936672
9665180784
9873940097
9375266306
9518743272
9554279352
9621636912
9820111080
9921429720
9644374136
9545783380
8916459426
9649681766
9729342072
9649882260
9546232738
9587059056
9281540655
9861196800
9760680726
9848719912
9746348394
9639346352
9020449904
9684167438
9968224840
9855194496
9561922825
9866204872
9534073965
9931898857
9585681424
9965720670
9909220428
9546721626
9853026614
9628998108
9845402175
9543344857
9871273680
9327758084
9774539289
9607743882
9696808450
9363249975
9595094814
9252266628
9704281697
9889861855
9508599744
9651561260
9749300078
9673620444
9487986120
9483801744
9599643288
9077193179
9754546095
9737877402
9329240676
9915800000
9272114500
9432240659
9835648420
9777653350
9828351882
9253755900
9598934724
9630268500
9414599125
9554865977
9687077713
9931218650
9830929879
9929181360
9251539318
9255303928
9784248656
9529235375
9937900000
9763392760
9683384874
9699576480
9875822859
9853024810
9887093410
9615642048
9785417096
9920095484
9817426535
9606150588
9799223256
9561120936
9799575772
9507612133
9293775568
8884702575
9579300454
9769612366
9056847100
9890939712
9760676160
9937179170
9847380827
9934392412
9552662121
9954626880
9652853680
9914454200
9845712051
9717155415
9957039169
9578105048
9729552560
9664125768
9755987612
9362257125
9507147174
9873691128
9852994775
9857881144
9763143818
9783378177
9802210036
9616211232
9358358256
9985305330
9788427126
9688624512
9687082229
9768981966
9720661420
9713046588
9589377090
9903499362
9189632970
9863763632
9756061372
9675515068
9700179611
9147365268
9738387960
9920006336
9798550838
9802864578
9844098026
9866869104
9934302612
9861576630
9851105940
9227826130
9641293701
9390275874
9531191514
9977807965
9825226680
9093643247
9753159020
9514458615
9744354482
9817070540
9796570000
9348091995
9813847981
9868356076
9562033152
9752962296
9707460776
9637493400
9280797405
9647060020
9915969320
9949731032
9571682041
9928562526
9945738180
9954409135
9755314461
9892869207
9915926664
9801701656
9752448594
9881883816
9708949107
9495515481
9907102884
9934703565
9225418224
9873594560
9645692016
9599546196
9505252364
9523077164
9751006006
9823900372
9803677544
9796417879
9599940190
9240503948
9718114798
9458695565
9190714675
9406773425
9619921836
9825963347
9507354721
9525696120
9917017180
9939569750
9638576640
9985201876
9821593600
9934380522
9952344450
9717482160
9032490360
9892978902
9726632561
9571869671
9415250596
9634455593
9677146870
9664139322
9879741554
9507250058
9807064977
9332537340
9823413561
9849463902
9852316320
9253787958
9614428131
9048261614
9835579810
9729001692
9507351145
9761830163
9564592442
9612026930
9688366414
9190852440
9706274655
9843031650
9445873668
9260278745
9413615673
9816403216
9924665953
9696535725
9874892764
9582082403
9871335952
9522910350
9169817600
9938892852
9525663988
9955748682
9666229168
9756093746
9376487156
9709136024
9784774961
9917170625
9649727278
9985603420
9793336796
9152105622
9779896980
9579422094
9902190371
9846737537
9748153960
9541572722
9917270550
9325865214
9604926856
9575307900
9433976968
9667047584
9654520832
9752004492
9825214540
9649215380
9647379599
9239049225
9686921166
9961833232
9846815004
8964879231
9875265615
9825770253
9742181250
9846111303
9476430128
9864108525
9752833493
9453780030
9084180637
9867431652
9822688298
9943655499
9478286853
9975604480
9827713194
9979107840
9316715376
9278697876
9554573054
9669359916
9455758257
9836743313
9873396747
9783062362
9783632134
9809539564
9657947299
9457640568
9736800084
9622175142
9935734456
9957843152
9797570280
9156691662
9831192496
9637043013
9919414632
9766077948
9890059501
9523653504
9806569556
9734427495
9873314421
9098335760
9788104984
9781362815
9579514329
9909065649
9749198760
9836980410
9006842061
9762499488
9845256942
9471999984
9567961728
9795798387
9941281395
9347973120
9516536988
9809612030
9834194625
9601490864
9655888660
9621621856
9880526401
9676138260
9800410404
9929571586
9336834750
9673476916
9845171329
9889698240
9872315180
9855823212
9774462789
9863291790
9586269980
9187586328
9806186166
9024542856
9662043636
9661048816
9483814854
9691957560
9745657983
9709216122
9810131809
9860474040
9946666665
9036741596
9773033237
9838076979
9743365788
9644856345
9446231245
9662252768
9460299150
9480987032
9920631600
9889933032
9800055782
9672200940
9739469634
9960913414
9714001239
9799808592
9242793276
9979207452
9894353212
9773818322
9689063584
9539549370
9763452942
9444114720
9609757430
9749798347
9898644996
9766344987
9680208402
9488136666
9091755040
9929679804
9144596406
9773295111
9704011968
9851290467
9252388089
9269673308
9894171978
9854525844
9704097183
9828173288
9743357280
9903281375
9945323500
9586585096
9319476976
9498227004
9782083608
9753006569
9903390992
9606803598
9237944400
9494772752
9866943486
9369641155
9712559853
9691784268
9655675232
9660997268
9829621291
9603765585
9667407546
9637655968
9444237780
9774810668
9768018496
9770844960
9874879714
9711822048
9620568588
9795436504
9884734596
9915529124
9460262560
9824120153
9728152770
9790051835
9914680500
9876469018
9834755128
9178127856
9931417936
9585362129
9839043260
9325270066
9898258164
9496639648
9918056520
9697345335
9683531246
9790904537
8610071066
9538824616
9422160575
9721646400
9819651191
9492036462
9923247600
9203252428
9734004840
9665131730
9794367130
9339554250
9657378704
9943724720
9958824480
9803828160
9426302550
9872676176
9575526750
9687861104
9552596375
9310761411
9680489412
9750464957
9956148180
9846880492
9743724034
9000271486
9225710046
9616371912
9796889080
9750177840
9599210658
9938643624
9915759670
9857007710
9813721788
9770903802
9716878700
9877940358
9734723176
9382991013
9369475682
9772548786
9421600420
9610795720
9774641556
9574166946
8514035367
9188003616
9750399828
9807537792
9719438820
9236152529
9131394630
9928032256
9587221254
9490843672
9803848424
9915874240
9476235795
9691256328
9119841925
9587813150
9623750400
9952456563
9889903920
9556205202
9966627745
9707173776
9925238690
9620541750
9692428832
8939374120
9673503691
9576089600
9884057616
9656286116
9810697512
9208005666
9584912436
9915072384
9834028161
9824647420
9433515245
9769347792
9579517731
9796872336
9880182759
8995101421
9816137846
9822891204
9844356396
9094355334
9861173527
9662398000
9749304390
9391996224
9671487202
9742269213
9897330971
9765476700
9822866088
9784814408
9688433580
9735324011
9717533070
9627919056
9910987252
9631658916
9738142112
9447150533
9949164120
9560156760
9723330248
9548008686
9431549597
9631494006
9740812179
9928727224
9606987840
9588002192
9818287875
9949202515
9690036498
9763792164
9730539750
9878530914
9091973709
9821223424
9377298944
9667098456
9446723275
9758759248
9568354883
9502455172
9335947072
9850490601
9857884160
9910767409
9662766260
9617976309
9929923200
9895554504
9715943880
9550170225
9755449320
9697159584
9348085154
9880008094
9064578880
9706611785
9463558288
9810310158
9863857653
9879067422
9652989632
9573583509
9854662695
9249047803
9765687740
9433330200
9654858528
9723106015
9357847712
9932359122
9687702732
9671524330
9908803373
9536987234
9845360560
9766159567
9635971088
9643757373
9920210980
9498399219
