9731598360
9951840657
9874324460
9863027100
9615958632
9902626480
9876973584
9753867619
9963821097
9384722361
9401993406
9980905814
9318323352
8716608076
9761014362
9751382240
9897162660
9227265232
9881429930
9575058288
9932012280
9919720800
9689646047
9698164178
9820304804
9930819412
9684528075
9892879153
9331738072
9813001430
9659641950
9940978764
9467128227
9232973454
9475923150
9910240298
9846481460
9915789750
9810207602
9929719280
8791776976
9566284198
9503120652
9707960172
9545319756
9768212832
9882686505
9810784818
9247095936
9788165159
9941382602
9816232514
9879858720
9665732354
9928327512
9369093825
9954746332
9737112304
9787204377
9842237966
9749003022
9699351608
9837130864
9849171824
9908386345
9828081923
9836859945
9708696634
9974112480
9795369651
9807427058
9884406750
9830025270
9903256060
9930291176
9814761000
9796229807
9091732463
9897375760
9578794512
9277184010
9972918250
9851058484
8591235568
9897029029
9636508122
9049791561
9489004712
9560320677
9598664196
9920136591
9569807858
9428668083
9658714317
9173200680
9911994432
9724589912
9864661025
9422176460
9762945788
9432002392
9587242338
9915417102
9704547580
9605960019
9388099313
9928906287
9915970352
9727501206
9741525508
9870811983
9841276809
9180902502
9454553262
9835187670
9633520378
9811845693
9575662208
9832745544
9749375721
9764909388
9942100578
9616735095
9103000139
9893644089
9935681483
9749721530
9249729160
9730657941
9867245234
9614032896
9865945537
9766572947
9504787424
9425014676
9446913840
9705357312
9953710536
9918704640
9805419360
9114242913
9931915497
9303177113
9543785550
9800111916
9672055125
9395527956
9824157963
9322115238
9649056964
9822667491
9281709697
9873397296
9910935412
9856055320
9536555076
9141988320
9529159003
9686837552
9616424340
9722340243
9778624608
9339366600
9866467785
9736708046
9769239314
9676146460
9670340854
9819599636
9888190399
9675550680
9873887400
9815446795
9774699858
9857636355
9785338728
9720799902
9562138614
9741887400
9698134914
9602062540
9738431010
9898125078
9798172027
9373285386
9797806335
9448947837
9785289165
9754347036
9756065928
9917826276
9436210412
9328399771
9372631764
9897012216
9032561281
9539021961
9983505084
9970319796
9383956582
9614978407
9527298863
9865842525
9881029900
9411874488
9788720100
9884470915
9729280320
9571229857
9585975000
9856116243
9828078664
9759739302
9861207174
9860835220
9391621512
9758641382
9635382791
9926461440
9856173152
9786133242
9856110077
9594044000
9546224292
9629981550
9700556666
9951259136
9604209141
9804267090
9911856702
9575854080
9739848720
9696801764
9404391240
9683965600
9928614234
9942782010
9919314202
9901637256
9822226066
9747881472
9560378426
9930012939
9829885545
9507191712
9786046398
9926135456
9927577814
9569305440
9318160336
9912367121
9927534996
9767183139
9880589820
9558457005
9036186650
9993100770
9788134104
9503957116
9870897204
9740702736
9695427958
9326186191
9756003334
9938900000
9906425424
9942253937
9684809433
9690744122
9891160898
9267661728
9817341386
9688660681
9455859276
9492551757
9934207164
9651772020
9855424458
9830325708
9648000081
9638576302
9853498200
9736240500
9913836686
9717376068
9888953760
9732637881
9861202047
9655778370
9925130016
9387834560
9669751880
9704777550
9848468854
9909390740
9267652761
9892873728
9744123984
9917257768
9711658392
9361765762
9684477936
9757389380
9838952912
9501019950
9806356758
9741912607
9769370820
9414331660
9909451140
9769261320
9292030668
9562589740
9929314707
9688754604
9897833110
9804826970
9711946110
9386111812
9379516139
9776816724
9760065224
9689095372
9771915488
9297395784
9852452119
9951455080
9274732038
9883178040
9823541732
9827334528
9911596224
9342525234
9586267576
9991701072
9803346125
9616402096
9803838268
9907563744
9480681696
9588887329
9735469812
9817338820
9930599586
9514438164
9814831776
9761740222
9369329733
9701041467
9855477664
9552130144
9502446824
9541605600
9642438706
9489910296
9710967068
9546835578
9845152990
9783313021
9994400300
9861029482
9955826341
9064823450
9533411038
9965621840
9938889280
9738429390
9877278534
9844270140
9259232590
9563003505
9893683648
9706827382
9365883450
9887999026
9526820748
9796130140
9862836095
9807277367
9485502960
9969111660
9741869480
9308113768
9889765854
9869289149
9942762900
9876984282
9732899308
9949662208
9464727680
9842987088
9995400240
9649645446
9124531783
9336846267
9993501026
9593212720
9636049476
9579372168
9689227870
9907607480
9605539840
9829425310
9775863680
9867912174
9777512283
9951043896
9670416353
9672466272
9740110239
9439942275
9716874680
9899475392
8763934753
9417132340
9615570000
9748927500
9510494131
9719000600
9831617736
9840649176
9871496748
9378746412
9166354050
9763511370
9946350922
9935800710
9710441083
9794897152
9543876880
9623203915
9843390630
9574176304
9486400365
9510093078
9836253791
9951658275
9643631995
9864878553
9723662832
9646707924
9936193708
9743404440
9843639820
9489451050
9684431225
9655613569
9231439810
9137943808
8522530092
9872431275
9647948394
9774775536
9676826655
9738446764
9849826780
9299132300
9815096574
9362760092
9732924792
9721974872
9898910112
9662397514
9777620160
9973204267
9852335157
9889556754
9629695920
9829761642
9810703377
9562285488
9690183360
9126789204
9529410112
9836179596
9712227849
9851546496
9544187274
9637361635
9403275708
9346065690
9562053536
9908503902
9815052432
8935437070
9686416894
9824995954
9902481272
9500147930
9687621846
9902861332
9980307252
9927232588
9924033860
9604485314
9867238227
9746662959
9663038201
9652074549
9433140040
9973507050
9900673250
9875567229
9908365442
9922059075
9835507738
9621124615
9816834300
9813481945
9524474889
9586638655
9595352655
9763588560
9614848992
9967020984
9445858234
9611645445
9153716787
9944018375
9889968620
9781339157
9471953055
9836490071
9791337242
9336770709
9886424324
9801570905
9018001216
9766452960
9610258496
9764200246
9934876347
9362505258
9748323804
9712486095
9609928978
9893991961
9622208000
9476130384
9798371880
9747052854
9711318928
9907090284
9875176960
9320245784
9488726408
9456106092
9880155948
9528296544
9843238650
9734233905
9240687600
9825505525
9735169493
9344361168
9905186421
9784459452
9735914705
9421727721
9367248052
9563816779
9877589062
9576440734
9877175487
9997900080
9574889970
9867441384
9370429839
9722778514
9902829248
9945871677
9952355826
9839219152
9761772624
8721654048
9782993619
9881246441
9775637494
9655212673
9729749838
9601602978
9542808000
9829281735
9827532532
9549824195
9834765420
9872699850
9572699178
9724643155
9769936518
9780307460
9913748208
9905511992
9688406736
9643748940
9730517632
9773579444
9889502820
9609508320
9759463956
9559459861
8803306771
9663603939
9729940050
9592692704
9896824853
9857447652
9305189727
9846523037
9949758422
9829703078
9724491728
9646491473
9693189755
9442162437
9954910650
9764274625
9883919955
9744955840
9559449324
9498926250
9730781032
9894833208
9768896100
9560839596
9793986132
9650014098
9877109760
9924501675
9791050396
9902358465
9829775956
9954052416
9941973048
9773715266
9695543832
9785123136
9546056488
9843117138
9797809788
9914016800
9712977391
9958427388
9875982528
9790211898
9581492468
9948658653
9806322080
9801088080
9714933648
9717974028
9644776128
9777597895
9890314777
9627679516
9532120122
9783712460
9932736780
9829981236
9580393810
9907609900
9536007870
9877178831
9977811592
9874694460
9859617533
9136326150
9822433805
9728606803
9624644952
9697477790
9582709862
9597725424
9787632246
9854929455
9803044326
9731448120
9810244444
9566974297
9311871004
9754493766
9166517700
9668534150
9879815290
9916885440
9305854200
9688575562
9744630000
9944075036
9859157060
9583906464
9840484680
9312021014
9717865150
9678200112
9879346144
9939417280
9422487360
9690093550
9552913392
9793949308
9757124160
9322953350
9714347820
9517237020
9383390720
9977010725
9796758664
9449417456
9702717840
9700455305
9720803778
9723842699
9982306272
9833478160
9794691565
9977212800
9749732727
9766107494
9371818350
9879297527
9631556448
9526569828
9831489705
9552027934
9878571486
9759384090
9849856120
9841403580
9591258600
9580417116
9773357048
9920461683
9800795917
9825161890
9579586305
9593036401
9709921296
9877952920
9425762696
9887584226
9729938538
9488880962
9074177130
9882830076
9693294837
9865664700
9892984172
9411127000
9733499440
9863390034
9703135426
9640877415
9897926100
9838913688
9262369916
9779653191
8826015822
9930619826
9799765380
9868532870
9741235100
9370915632
9798635812
9508256664
9014048204
9759763783
9950860372
9719509850
9742755138
9791009880
9898527420
9824763584
9661442733
9266857186
9455403760
9767195844
9606989567
9895270725
9830375205
9511922430
9793873260
9939354670
9587893436
9328847855
9551860200
9889158256
9361399296
9864884440
9812991475
9837069075
9731430720
9872896104
9451200132
9498607979
9347986921
9862919780
9582156362
9907501722
9879429392
9771024470
9636651622
9705531750
9854253705
9661762920
9846974940
9540228200
8953586161
9788429772
9874567808
9679175088
9836717988
9852644208
9373935152
9894070219
9641453085
9376306624
9509724000
9817819171
9687783538
9769210911
9863093162
9632193030
9832797278
9898955612
9234524380
9855812322
9875858003
9672718275
9863990232
9935398332
9852650150
9729087200
9752809625
9727039035
9945673983
9811792710
9768153690
9675035520
9511857100
9547611264
9774863451
9604672642
9814302400
9815119056
9845784834
9437776530
9694808256
9841230870
9936675525
9935699963
9490086948
9901940760
8946513870
9787835260
9401756700
9124057192
9810192132
9608943448
9689436186
9110894671
9692299080
9300298392
9315116013
9933302720
9861867881
9728607240
9829566600
9666835400
9817989846
9805117056
9520961688
9945069225
9600518094
9837457240
8922095675
9938493903
9847783255
9919712320
9773943890
9473518524
9864335690
9804218652
9697800798
9854990250
9947863896
9975401205
9382224544
9974511564
9520223424
9470802750
9963233280
9865262400
9893840175
9643655190
9766824588
9484040682
9907613969
9703125495
9878040990
9850358376
9939168850
9876422524
9759613400
9798879600
9701832595
9863768520
9825882416
9566482530
9886201699
9868474032
9452626752
9674470487
9619457868
9775671855
9710528516
9265337688
9710720127
9479336243
9751344421
9982101530
9775193956
9977005304
9766466793
9938691545
9859428630
9968504784
9486076572
9479448924
9788666340
9762276030
9490630288
9782309439
9860188320
9652676982
9681225572
9923730048
9848607981
9888176718
9786207366
9369658920
9261722756
9752728492
9769070637
9671925623
9253234976
8902683164
9943563036
9451429842
9484262920
9748742940
9910027600
9696703590
9314662500
9858191226
9704366538
9725757372
9503289204
9621286024
9234157374
9425492625
9644432676
9918408060
9748145949
9761620835
9905050901
9912981090
9948606513
9440001570
9476191728
9648433968
9985500564
9729495080
9863757414
9791688465
9920930572
9781017279
9678622551
9766998185
9687107376
9897954826
9835503888
9481782277
8865905832
9723465611
9715457103
9690301854
9326221632
9873946063
9411908376
9879358629
9805601255
9937072981
9771284005
9835074348
9810572570
9936301136
9743969380
9764163747
9368022930
